update-alternatives 2024-08-27 15:37:14: run with --install /usr/bin/awk awk /usr/bin/mawk 5 --slave /usr/share/man/man1/awk.1.gz awk.1.gz /usr/share/man/man1/mawk.1.gz --slave /usr/bin/nawk nawk /usr/bin/mawk --slave /usr/share/man/man1/nawk.1.gz nawk.1.gz /usr/share/man/man1/mawk.1.gz
update-alternatives 2024-08-27 15:37:14: link group awk updated to point to /usr/bin/mawk
update-alternatives 2024-08-27 15:37:18: run with --install /usr/bin/which which /usr/bin/which.debianutils 0 --slave /usr/share/man/man1/which.1.gz which.1.gz /usr/share/man/man1/which.debianutils.1.gz --slave /usr/share/man/de/man1/which.1.gz which.de1.gz /usr/share/man/de/man1/which.debianutils.1.gz --slave /usr/share/man/es/man1/which.1.gz which.es1.gz /usr/share/man/es/man1/which.debianutils.1.gz --slave /usr/share/man/fr/man1/which.1.gz which.fr1.gz /usr/share/man/fr/man1/which.debianutils.1.gz --slave /usr/share/man/it/man1/which.1.gz which.it1.gz /usr/share/man/it/man1/which.debianutils.1.gz --slave /usr/share/man/ja/man1/which.1.gz which.ja1.gz /usr/share/man/ja/man1/which.debianutils.1.gz --slave /usr/share/man/pl/man1/which.1.gz which.pl1.gz /usr/share/man/pl/man1/which.debianutils.1.gz --slave /usr/share/man/sl/man1/which.1.gz which.sl1.gz /usr/share/man/sl/man1/which.debianutils.1.gz
update-alternatives 2024-08-27 15:37:18: link group which updated to point to /usr/bin/which.debianutils
update-alternatives 2024-08-27 15:37:18: run with --install /usr/bin/awk awk /usr/bin/mawk 5 --slave /usr/share/man/man1/awk.1.gz awk.1.gz /usr/share/man/man1/mawk.1.gz --slave /usr/bin/nawk nawk /usr/bin/mawk --slave /usr/share/man/man1/nawk.1.gz nawk.1.gz /usr/share/man/man1/mawk.1.gz
update-alternatives 2024-08-27 15:37:18: run with --install /usr/share/man/man7/builtins.7.gz builtins.7.gz /usr/share/man/man7/bash-builtins.7.gz 10
update-alternatives 2024-08-27 15:37:18: link group builtins.7.gz updated to point to /usr/share/man/man7/bash-builtins.7.gz
update-alternatives 2024-08-27 15:37:19: run with --install /usr/sbin/rmt rmt /usr/sbin/rmt-tar 50 --slave /usr/share/man/man8/rmt.8.gz rmt.8.gz /usr/share/man/man8/rmt-tar.8.gz
update-alternatives 2024-08-27 15:37:19: link group rmt updated to point to /usr/sbin/rmt-tar
update-alternatives 2024-08-27 15:37:19: run with --install /usr/bin/pager pager /bin/more 50 --slave /usr/share/man/man1/pager.1.gz pager.1.gz /usr/share/man/man1/more.1.gz
update-alternatives 2024-08-27 15:37:19: link group pager updated to point to /bin/more
update-alternatives 2024-08-27 15:37:30: run with --quiet --install /usr/bin/pager pager /usr/bin/less 77 --slave /usr/share/man/man1/pager.1.gz pager.1.gz /usr/share/man/man1/less.1.gz
update-alternatives 2024-08-27 15:37:30: link group pager updated to point to /usr/bin/less
update-alternatives 2024-08-27 15:37:32: run with --install /etc/newt/palette newt-palette /etc/newt/palette.ubuntu 50
update-alternatives 2024-08-27 15:37:32: link group newt-palette updated to point to /etc/newt/palette.ubuntu
update-alternatives 2024-08-27 15:37:32: run with --install /etc/newt/palette newt-palette /etc/newt/palette.original 20
update-alternatives 2024-08-27 15:37:33: run with --install /bin/nc nc /bin/nc.openbsd 50 --slave /bin/netcat netcat /bin/nc.openbsd --slave /usr/share/man/man1/nc.1.gz nc.1.gz /usr/share/man/man1/nc_openbsd.1.gz --slave /usr/share/man/man1/netcat.1.gz netcat.1.gz /usr/share/man/man1/nc_openbsd.1.gz
update-alternatives 2024-08-27 15:37:33: link group nc updated to point to /bin/nc.openbsd
update-alternatives 2024-08-27 15:37:33: run with --install /usr/bin/editor editor /usr/bin/vim.tiny 15 --slave /usr/share/man/man1/editor.1.gz editor.1.gz /usr/share/man/man1/vim.1.gz --slave /usr/share/man/da/man1/editor.1.gz editor.da.1.gz /usr/share/man/da/man1/vim.1.gz --slave /usr/share/man/de/man1/editor.1.gz editor.de.1.gz /usr/share/man/de/man1/vim.1.gz --slave /usr/share/man/fr/man1/editor.1.gz editor.fr.1.gz /usr/share/man/fr/man1/vim.1.gz --slave /usr/share/man/it/man1/editor.1.gz editor.it.1.gz /usr/share/man/it/man1/vim.1.gz --slave /usr/share/man/ja/man1/editor.1.gz editor.ja.1.gz /usr/share/man/ja/man1/vim.1.gz --slave /usr/share/man/pl/man1/editor.1.gz editor.pl.1.gz /usr/share/man/pl/man1/vim.1.gz --slave /usr/share/man/ru/man1/editor.1.gz editor.ru.1.gz /usr/share/man/ru/man1/vim.1.gz --slave /usr/share/man/tr/man1/editor.1.gz editor.tr.1.gz /usr/share/man/tr/man1/vim.1.gz
update-alternatives 2024-08-27 15:37:33: link group editor updated to point to /usr/bin/vim.tiny
update-alternatives 2024-08-27 15:37:33: run with --install /usr/bin/ex ex /usr/bin/vim.tiny 15 --slave /usr/share/man/man1/ex.1.gz ex.1.gz /usr/share/man/man1/vim.1.gz --slave /usr/share/man/da/man1/ex.1.gz ex.da.1.gz /usr/share/man/da/man1/vim.1.gz --slave /usr/share/man/de/man1/ex.1.gz ex.de.1.gz /usr/share/man/de/man1/vim.1.gz --slave /usr/share/man/fr/man1/ex.1.gz ex.fr.1.gz /usr/share/man/fr/man1/vim.1.gz --slave /usr/share/man/it/man1/ex.1.gz ex.it.1.gz /usr/share/man/it/man1/vim.1.gz --slave /usr/share/man/ja/man1/ex.1.gz ex.ja.1.gz /usr/share/man/ja/man1/vim.1.gz --slave /usr/share/man/pl/man1/ex.1.gz ex.pl.1.gz /usr/share/man/pl/man1/vim.1.gz --slave /usr/share/man/ru/man1/ex.1.gz ex.ru.1.gz /usr/share/man/ru/man1/vim.1.gz --slave /usr/share/man/tr/man1/ex.1.gz ex.tr.1.gz /usr/share/man/tr/man1/vim.1.gz
update-alternatives 2024-08-27 15:37:33: link group ex updated to point to /usr/bin/vim.tiny
update-alternatives 2024-08-27 15:37:33: run with --install /usr/bin/rview rview /usr/bin/vim.tiny 15
update-alternatives 2024-08-27 15:37:33: link group rview updated to point to /usr/bin/vim.tiny
update-alternatives 2024-08-27 15:37:33: run with --install /usr/bin/vi vi /usr/bin/vim.tiny 15 --slave /usr/share/man/man1/vi.1.gz vi.1.gz /usr/share/man/man1/vim.1.gz --slave /usr/share/man/da/man1/vi.1.gz vi.da.1.gz /usr/share/man/da/man1/vim.1.gz --slave /usr/share/man/de/man1/vi.1.gz vi.de.1.gz /usr/share/man/de/man1/vim.1.gz --slave /usr/share/man/fr/man1/vi.1.gz vi.fr.1.gz /usr/share/man/fr/man1/vim.1.gz --slave /usr/share/man/it/man1/vi.1.gz vi.it.1.gz /usr/share/man/it/man1/vim.1.gz --slave /usr/share/man/ja/man1/vi.1.gz vi.ja.1.gz /usr/share/man/ja/man1/vim.1.gz --slave /usr/share/man/pl/man1/vi.1.gz vi.pl.1.gz /usr/share/man/pl/man1/vim.1.gz --slave /usr/share/man/ru/man1/vi.1.gz vi.ru.1.gz /usr/share/man/ru/man1/vim.1.gz --slave /usr/share/man/tr/man1/vi.1.gz vi.tr.1.gz /usr/share/man/tr/man1/vim.1.gz
update-alternatives 2024-08-27 15:37:33: link group vi updated to point to /usr/bin/vim.tiny
update-alternatives 2024-08-27 15:37:33: run with --install /usr/bin/view view /usr/bin/vim.tiny 15 --slave /usr/share/man/man1/view.1.gz view.1.gz /usr/share/man/man1/vim.1.gz --slave /usr/share/man/da/man1/view.1.gz view.da.1.gz /usr/share/man/da/man1/vim.1.gz --slave /usr/share/man/de/man1/view.1.gz view.de.1.gz /usr/share/man/de/man1/vim.1.gz --slave /usr/share/man/fr/man1/view.1.gz view.fr.1.gz /usr/share/man/fr/man1/vim.1.gz --slave /usr/share/man/it/man1/view.1.gz view.it.1.gz /usr/share/man/it/man1/vim.1.gz --slave /usr/share/man/ja/man1/view.1.gz view.ja.1.gz /usr/share/man/ja/man1/vim.1.gz --slave /usr/share/man/pl/man1/view.1.gz view.pl.1.gz /usr/share/man/pl/man1/vim.1.gz --slave /usr/share/man/ru/man1/view.1.gz view.ru.1.gz /usr/share/man/ru/man1/vim.1.gz --slave /usr/share/man/tr/man1/view.1.gz view.tr.1.gz /usr/share/man/tr/man1/vim.1.gz
update-alternatives 2024-08-27 15:37:33: link group view updated to point to /usr/bin/vim.tiny
update-alternatives 2024-08-27 15:37:40: run with --install /etc/vtrgb vtrgb /etc/console-setup/vtrgb 50
update-alternatives 2024-08-27 15:37:40: link group vtrgb updated to point to /etc/console-setup/vtrgb
update-alternatives 2024-08-27 15:37:40: run with --install /etc/vtrgb vtrgb /etc/console-setup/vtrgb.vga 20
update-alternatives 2024-08-27 15:37:49: run with --install /usr/bin/pager pager /bin/more 50 --slave /usr/share/man/man1/pager.1.gz pager.1.gz /usr/share/man/man1/more.1.gz
update-alternatives 2024-08-27 15:37:56: run with --quiet --install /usr/bin/pager pager /usr/bin/less 77 --slave /usr/share/man/man1/pager.1.gz pager.1.gz /usr/share/man/man1/less.1.gz
update-alternatives 2024-08-27 15:37:58: run with --install /usr/bin/editor editor /usr/bin/vim.tiny 15 --slave /usr/share/man/man1/editor.1.gz editor.1.gz /usr/share/man/man1/vim.1.gz --slave /usr/share/man/da/man1/editor.1.gz editor.da.1.gz /usr/share/man/da/man1/vim.1.gz --slave /usr/share/man/de/man1/editor.1.gz editor.de.1.gz /usr/share/man/de/man1/vim.1.gz --slave /usr/share/man/fr/man1/editor.1.gz editor.fr.1.gz /usr/share/man/fr/man1/vim.1.gz --slave /usr/share/man/it/man1/editor.1.gz editor.it.1.gz /usr/share/man/it/man1/vim.1.gz --slave /usr/share/man/ja/man1/editor.1.gz editor.ja.1.gz /usr/share/man/ja/man1/vim.1.gz --slave /usr/share/man/pl/man1/editor.1.gz editor.pl.1.gz /usr/share/man/pl/man1/vim.1.gz --slave /usr/share/man/ru/man1/editor.1.gz editor.ru.1.gz /usr/share/man/ru/man1/vim.1.gz --slave /usr/share/man/tr/man1/editor.1.gz editor.tr.1.gz /usr/share/man/tr/man1/vim.1.gz
update-alternatives 2024-08-27 15:37:58: run with --install /usr/bin/ex ex /usr/bin/vim.tiny 15 --slave /usr/share/man/man1/ex.1.gz ex.1.gz /usr/share/man/man1/vim.1.gz --slave /usr/share/man/da/man1/ex.1.gz ex.da.1.gz /usr/share/man/da/man1/vim.1.gz --slave /usr/share/man/de/man1/ex.1.gz ex.de.1.gz /usr/share/man/de/man1/vim.1.gz --slave /usr/share/man/fr/man1/ex.1.gz ex.fr.1.gz /usr/share/man/fr/man1/vim.1.gz --slave /usr/share/man/it/man1/ex.1.gz ex.it.1.gz /usr/share/man/it/man1/vim.1.gz --slave /usr/share/man/ja/man1/ex.1.gz ex.ja.1.gz /usr/share/man/ja/man1/vim.1.gz --slave /usr/share/man/pl/man1/ex.1.gz ex.pl.1.gz /usr/share/man/pl/man1/vim.1.gz --slave /usr/share/man/ru/man1/ex.1.gz ex.ru.1.gz /usr/share/man/ru/man1/vim.1.gz --slave /usr/share/man/tr/man1/ex.1.gz ex.tr.1.gz /usr/share/man/tr/man1/vim.1.gz
update-alternatives 2024-08-27 15:37:58: run with --install /usr/bin/rview rview /usr/bin/vim.tiny 15
update-alternatives 2024-08-27 15:37:58: run with --install /usr/bin/vi vi /usr/bin/vim.tiny 15 --slave /usr/share/man/man1/vi.1.gz vi.1.gz /usr/share/man/man1/vim.1.gz --slave /usr/share/man/da/man1/vi.1.gz vi.da.1.gz /usr/share/man/da/man1/vim.1.gz --slave /usr/share/man/de/man1/vi.1.gz vi.de.1.gz /usr/share/man/de/man1/vim.1.gz --slave /usr/share/man/fr/man1/vi.1.gz vi.fr.1.gz /usr/share/man/fr/man1/vim.1.gz --slave /usr/share/man/it/man1/vi.1.gz vi.it.1.gz /usr/share/man/it/man1/vim.1.gz --slave /usr/share/man/ja/man1/vi.1.gz vi.ja.1.gz /usr/share/man/ja/man1/vim.1.gz --slave /usr/share/man/pl/man1/vi.1.gz vi.pl.1.gz /usr/share/man/pl/man1/vim.1.gz --slave /usr/share/man/ru/man1/vi.1.gz vi.ru.1.gz /usr/share/man/ru/man1/vim.1.gz --slave /usr/share/man/tr/man1/vi.1.gz vi.tr.1.gz /usr/share/man/tr/man1/vim.1.gz
update-alternatives 2024-08-27 15:37:58: run with --install /usr/bin/view view /usr/bin/vim.tiny 15 --slave /usr/share/man/man1/view.1.gz view.1.gz /usr/share/man/man1/vim.1.gz --slave /usr/share/man/da/man1/view.1.gz view.da.1.gz /usr/share/man/da/man1/vim.1.gz --slave /usr/share/man/de/man1/view.1.gz view.de.1.gz /usr/share/man/de/man1/vim.1.gz --slave /usr/share/man/fr/man1/view.1.gz view.fr.1.gz /usr/share/man/fr/man1/vim.1.gz --slave /usr/share/man/it/man1/view.1.gz view.it.1.gz /usr/share/man/it/man1/vim.1.gz --slave /usr/share/man/ja/man1/view.1.gz view.ja.1.gz /usr/share/man/ja/man1/vim.1.gz --slave /usr/share/man/pl/man1/view.1.gz view.pl.1.gz /usr/share/man/pl/man1/vim.1.gz --slave /usr/share/man/ru/man1/view.1.gz view.ru.1.gz /usr/share/man/ru/man1/vim.1.gz --slave /usr/share/man/tr/man1/view.1.gz view.tr.1.gz /usr/share/man/tr/man1/vim.1.gz
update-alternatives 2024-08-27 15:39:22: run with --quiet --install /usr/bin/pinentry pinentry /usr/bin/pinentry-curses 50 --slave /usr/share/man/man1/pinentry.1.gz pinentry.1.gz /usr/share/man/man1/pinentry-curses.1.gz
update-alternatives 2024-08-27 15:39:22: link group pinentry updated to point to /usr/bin/pinentry-curses
update-alternatives 2024-08-27 15:39:22: run with --install /usr/bin/mt mt /usr/bin/mt-gnu 10 --slave /usr/share/man/man1/mt.1.gz mt.1.gz /usr/share/man/man1/mt-gnu.1.gz
update-alternatives 2024-08-27 15:39:22: link group mt updated to point to /usr/bin/mt-gnu
update-alternatives 2024-08-27 15:39:23: run with --install /usr/bin/gnome-www-browser gnome-www-browser /usr/bin/firefox 40
update-alternatives 2024-08-27 15:39:23: link group gnome-www-browser updated to point to /usr/bin/firefox
update-alternatives 2024-08-27 15:39:23: run with --install /usr/bin/x-www-browser x-www-browser /usr/bin/firefox 40
update-alternatives 2024-08-27 15:39:23: link group x-www-browser updated to point to /usr/bin/firefox
update-alternatives 2024-08-27 15:39:24: run with --install /usr/share/gnome-shell/gdm-theme.gresource gdm-theme.gresource /usr/share/gnome-shell/theme/Yaru/gnome-shell-theme.gresource 15
update-alternatives 2024-08-27 15:39:24: link group gdm-theme.gresource updated to point to /usr/share/gnome-shell/theme/Yaru/gnome-shell-theme.gresource
update-alternatives 2024-08-27 15:39:25: run with --install /usr/bin/telnet telnet /usr/bin/inetutils-telnet 150 --slave /usr/share/man/man1/telnet.1.gz telnet.1.gz /usr/share/man/man1/inetutils-telnet.1.gz
update-alternatives 2024-08-27 15:39:25: link group telnet updated to point to /usr/bin/inetutils-telnet
update-alternatives 2024-08-27 15:39:27: run with --install /usr/share/icons/default/index.theme x-cursor-theme /usr/share/icons/DMZ-White/cursor.theme 100
update-alternatives 2024-08-27 15:39:27: link group x-cursor-theme updated to point to /usr/share/icons/DMZ-White/cursor.theme
update-alternatives 2024-08-27 15:39:27: run with --install /usr/share/icons/default/index.theme x-cursor-theme /usr/share/icons/DMZ-Black/cursor.theme 30
update-alternatives 2024-08-27 15:39:29: run with --quiet --install /usr/bin/editor editor /bin/ed -100 --slave /usr/share/man/man1/editor.1.gz editor.1.gz /usr/share/man/man1/ed.1.gz
update-alternatives 2024-08-27 15:39:29: run with --install /usr/bin/lzma lzma /usr/bin/xz 20 --slave /usr/share/man/man1/lzma.1.gz lzma.1.gz /usr/share/man/man1/xz.1.gz --slave /usr/bin/unlzma unlzma /usr/bin/unxz --slave /usr/share/man/man1/unlzma.1.gz unlzma.1.gz /usr/share/man/man1/unxz.1.gz --slave /usr/bin/lzcat lzcat /usr/bin/xzcat --slave /usr/share/man/man1/lzcat.1.gz lzcat.1.gz /usr/share/man/man1/xzcat.1.gz --slave /usr/bin/lzmore lzmore /usr/bin/xzmore --slave /usr/share/man/man1/lzmore.1.gz lzmore.1.gz /usr/share/man/man1/xzmore.1.gz --slave /usr/bin/lzless lzless /usr/bin/xzless --slave /usr/share/man/man1/lzless.1.gz lzless.1.gz /usr/share/man/man1/xzless.1.gz --slave /usr/bin/lzdiff lzdiff /usr/bin/xzdiff --slave /usr/share/man/man1/lzdiff.1.gz lzdiff.1.gz /usr/share/man/man1/xzdiff.1.gz --slave /usr/bin/lzcmp lzcmp /usr/bin/xzcmp --slave /usr/share/man/man1/lzcmp.1.gz lzcmp.1.gz /usr/share/man/man1/xzcmp.1.gz --slave /usr/bin/lzgrep lzgrep /usr/bin/xzgrep --slave /usr/share/man/man1/lzgrep.1.gz lzgrep.1.gz /usr/share/man/man1/xzgrep.1.gz --slave /usr/bin/lzegrep lzegrep /usr/bin/xzegrep --slave /usr/share/man/man1/lzegrep.1.gz lzegrep.1.gz /usr/share/man/man1/xzegrep.1.gz --slave /usr/bin/lzfgrep lzfgrep /usr/bin/xzfgrep --slave /usr/share/man/man1/lzfgrep.1.gz lzfgrep.1.gz /usr/share/man/man1/xzfgrep.1.gz
update-alternatives 2024-08-27 15:39:29: link group lzma updated to point to /usr/bin/xz
update-alternatives 2024-08-27 15:39:30: run with --install /usr/bin/editor editor /bin/nano 40 --slave /usr/share/man/man1/editor.1.gz editor.1.gz /usr/share/man/man1/nano.1.gz
update-alternatives 2024-08-27 15:39:30: link group editor updated to point to /bin/nano
update-alternatives 2024-08-27 15:39:30: run with --install /usr/bin/pico pico /bin/nano 10 --slave /usr/share/man/man1/pico.1.gz pico.1.gz /usr/share/man/man1/nano.1.gz
update-alternatives 2024-08-27 15:39:30: link group pico updated to point to /bin/nano
update-alternatives 2024-08-27 15:39:32: run with --install /usr/bin/ftp ftp /usr/bin/tnftp 120 --slave /usr/share/man/man1/ftp.1.gz ftp.1.gz /usr/share/man/man1/tnftp.1.gz
update-alternatives 2024-08-27 15:39:32: link group ftp updated to point to /usr/bin/tnftp
update-alternatives 2024-08-27 15:39:33: run with --install /usr/bin/sar sar /usr/bin/sar.sysstat 0 --slave /usr/share/man/man1/sar.1.gz sar.1.gz /usr/share/man/man1/sar.sysstat.1.gz
update-alternatives 2024-08-27 15:39:33: link group sar updated to point to /usr/bin/sar.sysstat
update-alternatives 2024-08-27 15:39:33: run with --install /usr/bin/open open /usr/bin/xdg-open 50 --slave /usr/share/man/man1/open.1.gz open.1.gz /usr/share/man/man1/xdg-open.1.gz
update-alternatives 2024-08-27 15:39:33: link group open updated to point to /usr/bin/xdg-open
update-alternatives 2024-08-27 15:39:33: run with --install /usr/bin/infobrowser infobrowser /usr/bin/info 60 --slave /usr/share/man/man1/infobrowser.1.gz infobrowser.1.gz /usr/share/man/man1/info.1.gz
update-alternatives 2024-08-27 15:39:33: link group infobrowser updated to point to /usr/bin/info
update-alternatives 2024-08-27 15:39:34: run with --install /usr/share/icons/default/index.theme x-cursor-theme /etc/X11/cursors/core.theme 30
update-alternatives 2024-08-27 15:39:34: run with --install /usr/share/icons/default/index.theme x-cursor-theme /etc/X11/cursors/redglass.theme 20
update-alternatives 2024-08-27 15:39:34: run with --install /usr/share/icons/default/index.theme x-cursor-theme /etc/X11/cursors/whiteglass.theme 20
update-alternatives 2024-08-27 15:39:34: run with --install /usr/share/icons/default/index.theme x-cursor-theme /etc/X11/cursors/handhelds.theme 20
update-alternatives 2024-08-27 15:39:35: run with --install /usr/bin/pybabel pybabel /usr/bin/pybabel-python3 200
update-alternatives 2024-08-27 15:39:35: link group pybabel updated to point to /usr/bin/pybabel-python3
update-alternatives 2024-08-27 15:39:36: run with --install /usr/bin/jsondiff jsondiff /usr/bin/json-patch-jsondiff 200
update-alternatives 2024-08-27 15:39:36: link group jsondiff updated to point to /usr/bin/json-patch-jsondiff
update-alternatives 2024-08-27 15:39:46: run with --install /usr/sbin/iptables iptables /usr/sbin/iptables-legacy 10 --slave /usr/sbin/iptables-restore iptables-restore /usr/sbin/iptables-legacy-restore --slave /usr/sbin/iptables-save iptables-save /usr/sbin/iptables-legacy-save
update-alternatives 2024-08-27 15:39:46: link group iptables updated to point to /usr/sbin/iptables-legacy
update-alternatives 2024-08-27 15:39:46: run with --install /usr/sbin/ip6tables ip6tables /usr/sbin/ip6tables-legacy 10 --slave /usr/sbin/ip6tables-restore ip6tables-restore /usr/sbin/ip6tables-legacy-restore --slave /usr/sbin/ip6tables-save ip6tables-save /usr/sbin/ip6tables-legacy-save
update-alternatives 2024-08-27 15:39:46: link group ip6tables updated to point to /usr/sbin/ip6tables-legacy
update-alternatives 2024-08-27 15:39:46: run with --install /usr/sbin/iptables iptables /usr/sbin/iptables-nft 20 --slave /usr/sbin/iptables-restore iptables-restore /usr/sbin/iptables-nft-restore --slave /usr/sbin/iptables-save iptables-save /usr/sbin/iptables-nft-save
update-alternatives 2024-08-27 15:39:46: link group iptables updated to point to /usr/sbin/iptables-nft
update-alternatives 2024-08-27 15:39:46: run with --install /usr/sbin/ip6tables ip6tables /usr/sbin/ip6tables-nft 20 --slave /usr/sbin/ip6tables-restore ip6tables-restore /usr/sbin/ip6tables-nft-restore --slave /usr/sbin/ip6tables-save ip6tables-save /usr/sbin/ip6tables-nft-save
update-alternatives 2024-08-27 15:39:46: link group ip6tables updated to point to /usr/sbin/ip6tables-nft
update-alternatives 2024-08-27 15:39:46: run with --install /usr/sbin/arptables arptables /usr/sbin/arptables-nft 20 --slave /usr/sbin/arptables-restore arptables-restore /usr/sbin/arptables-nft-restore --slave /usr/sbin/arptables-save arptables-save /usr/sbin/arptables-nft-save
update-alternatives 2024-08-27 15:39:46: link group arptables updated to point to /usr/sbin/arptables-nft
update-alternatives 2024-08-27 15:39:46: run with --install /usr/sbin/ebtables ebtables /usr/sbin/ebtables-nft 20 --slave /usr/sbin/ebtables-restore ebtables-restore /usr/sbin/ebtables-nft-restore --slave /usr/sbin/ebtables-save ebtables-save /usr/sbin/ebtables-nft-save
update-alternatives 2024-08-27 15:39:46: link group ebtables updated to point to /usr/sbin/ebtables-nft
update-alternatives 2024-08-27 15:39:47: run with --install /usr/share/gnome-shell/gdm-theme.gresource gdm-theme.gresource /usr/share/gnome-shell/gnome-shell-theme.gresource 10
update-alternatives 2024-08-27 15:39:50: run with --install /usr/share/plymouth/themes/text.plymouth text.plymouth /usr/share/plymouth/themes/ubuntu-text/ubuntu-text.plymouth 50
update-alternatives 2024-08-27 15:39:50: link group text.plymouth updated to point to /usr/share/plymouth/themes/ubuntu-text/ubuntu-text.plymouth
update-alternatives 2024-08-27 15:39:51: run with --quiet --install /lib/cpp cpp /usr/bin/cpp 10
update-alternatives 2024-08-27 15:39:51: link group cpp updated to point to /usr/bin/cpp
update-alternatives 2024-08-27 15:39:55: run with --install /usr/share/plymouth/themes/default.plymouth default.plymouth /usr/share/plymouth/themes/bgrt/bgrt.plymouth 110
update-alternatives 2024-08-27 15:39:55: link group default.plymouth updated to point to /usr/share/plymouth/themes/bgrt/bgrt.plymouth
update-alternatives 2024-08-27 15:39:57: run with --install /usr/share/icons/default/index.theme x-cursor-theme /usr/share/icons/Adwaita/cursor.theme 90
update-alternatives 2024-08-27 15:41:22: run with --quiet --install /usr/bin/pinentry pinentry /usr/bin/pinentry-gnome3 90 --slave /usr/share/man/man1/pinentry.1.gz pinentry.1.gz /usr/share/man/man1/pinentry-gnome3.1.gz
update-alternatives 2024-08-27 15:41:22: link group pinentry updated to point to /usr/bin/pinentry-gnome3
update-alternatives 2024-08-27 15:41:22: run with --quiet --install /usr/bin/pinentry-x11 pinentry-x11 /usr/bin/pinentry-gnome3 90 --slave /usr/share/man/man1/pinentry-x11.1.gz pinentry-x11.1.gz /usr/share/man/man1/pinentry-gnome3.1.gz
update-alternatives 2024-08-27 15:41:22: link group pinentry-x11 updated to point to /usr/bin/pinentry-gnome3
update-alternatives 2024-08-27 15:41:23: run with --install /usr/bin/x-terminal-emulator x-terminal-emulator /usr/bin/gnome-terminal.wrapper 40 --slave /usr/share/man/man1/x-terminal-emulator.1.gz x-terminal-emulator.1.gz /usr/share/man/man1/gnome-terminal.1.gz
update-alternatives 2024-08-27 15:41:23: link group x-terminal-emulator updated to point to /usr/bin/gnome-terminal.wrapper
update-alternatives 2024-08-27 15:41:23: run with --install /usr/bin/x-session-manager x-session-manager /usr/bin/gnome-session 50 --slave /usr/share/man/man1/x-session-manager.1.gz x-session-manager.1.gz /usr/share/man/man1/gnome-session.1.gz
update-alternatives 2024-08-27 15:41:23: link group x-session-manager updated to point to /usr/bin/gnome-session
update-alternatives 2024-08-27 15:41:31: run with --install /etc/pam.d/gdm-smartcard gdm-smartcard /etc/pam.d/gdm-smartcard-sssd-exclusive 50
update-alternatives 2024-08-27 15:41:31: link group gdm-smartcard updated to point to /etc/pam.d/gdm-smartcard-sssd-exclusive
update-alternatives 2024-08-27 15:41:31: run with --install /etc/pam.d/gdm-smartcard gdm-smartcard /etc/pam.d/gdm-smartcard-sssd-or-password 40
update-alternatives 2024-08-27 15:41:31: run with --install /etc/pam.d/gdm-smartcard gdm-smartcard /etc/pam.d/gdm-smartcard-pkcs11-exclusive 30
update-alternatives 2024-08-27 15:41:32: run with --install /usr/bin/gstreamer-codec-install gstreamer-codec-install /usr/libexec/pk-gstreamer-install 80
update-alternatives 2024-08-27 15:41:32: link group gstreamer-codec-install updated to point to /usr/libexec/pk-gstreamer-install
update-alternatives 2024-08-08 14:56:52: run with --install /usr/lib/shim/shimx64.efi.signed shimx64.efi.signed /usr/lib/shim/shimx64.efi.signed.latest 100
update-alternatives 2024-08-08 14:56:52: link group shimx64.efi.signed updated to point to /usr/lib/shim/shimx64.efi.signed.latest
update-alternatives 2024-08-08 14:56:52: run with --install /usr/lib/shim/shimx64.efi.signed shimx64.efi.signed /usr/lib/shim/shimx64.efi.signed.previous 50
update-alternatives 2026-03-27 23:25:37: run with --install /usr/share/icons/gnome/scalable/places/start-here.svg start-here.svg /usr/share/icons/gnome/scalable/places/debian-swirl.svg 30 --slave /usr/share/icons/gnome/16x16/places/start-here.png start-here-16.png /usr/share/icons/gnome/16x16/places/debian-swirl.png --slave /usr/share/icons/gnome/22x22/places/start-here.png start-here-22.png /usr/share/icons/gnome/22x22/places/debian-swirl.png --slave /usr/share/icons/gnome/24x24/places/start-here.png start-here-24.png /usr/share/icons/gnome/24x24/places/debian-swirl.png --slave /usr/share/icons/gnome/256x256/places/start-here.png start-here-256.png /usr/share/icons/gnome/256x256/places/debian-swirl.png --slave /usr/share/icons/gnome/32x32/places/start-here.png start-here-32.png /usr/share/icons/gnome/32x32/places/debian-swirl.png --slave /usr/share/icons/gnome/48x48/places/start-here.png start-here-48.png /usr/share/icons/gnome/48x48/places/debian-swirl.png
update-alternatives 2026-03-27 23:25:37: link group start-here.svg updated to point to /usr/share/icons/gnome/scalable/places/debian-swirl.svg
update-alternatives 2026-03-27 23:25:37: run with --install /usr/share/icons/gnome/scalable/places/start-here.svg start-here.svg /usr/share/icons/gnome/scalable/places/gnome-foot.svg 20 --slave /usr/share/icons/gnome/16x16/places/start-here.png start-here-16.png /usr/share/icons/gnome/16x16/places/gnome-foot.png --slave /usr/share/icons/gnome/22x22/places/start-here.png start-here-22.png /usr/share/icons/gnome/22x22/places/gnome-foot.png --slave /usr/share/icons/gnome/24x24/places/start-here.png start-here-24.png /usr/share/icons/gnome/24x24/places/gnome-foot.png --slave /usr/share/icons/gnome/256x256/places/start-here.png start-here-256.png /usr/share/icons/gnome/256x256/places/gnome-foot.png --slave /usr/share/icons/gnome/32x32/places/start-here.png start-here-32.png /usr/share/icons/gnome/32x32/places/gnome-foot.png --slave /usr/share/icons/gnome/48x48/places/start-here.png start-here-48.png /usr/share/icons/gnome/48x48/places/gnome-foot.png
update-alternatives 2026-03-27 23:35:09: run with --install /usr/bin/editor editor /usr/bin/code 0
update-alternatives 2026-03-27 23:35:13: run with --install /usr/bin/editor editor /usr/bin/code 0
update-alternatives 2026-03-27 23:40:25: run with --install /usr/bin/mailx mailx /usr/bin/bsd-mailx 50 --slave /usr/bin/mail mail /usr/bin/bsd-mailx --slave /usr/bin/Mail Mail /usr/bin/bsd-mailx --slave /usr/share/man/man1/mailx.1.gz mailx.1.gz /usr/share/man/man1/bsd-mailx.1.gz --slave /usr/share/man/man1/mail.1.gz mail.1.gz /usr/share/man/man1/bsd-mailx.1.gz --slave /usr/share/man/man1/Mail.1.gz Mail.1.gz /usr/share/man/man1/bsd-mailx.1.gz
update-alternatives 2026-03-27 23:40:25: link group mailx updated to point to /usr/bin/bsd-mailx
update-alternatives 2026-03-28 00:15:04: run with --install /usr/bin/pager pager /bin/more 50 --slave /usr/share/man/man1/pager.1.gz pager.1.gz /usr/share/man/man1/more.1.gz
update-alternatives 2026-03-28 00:16:13: run with --install /usr/bin/editor editor /usr/bin/vim.tiny 15 --slave /usr/share/man/man1/editor.1.gz editor.1.gz /usr/share/man/man1/vim.1.gz --slave /usr/share/man/da/man1/editor.1.gz editor.da.1.gz /usr/share/man/da/man1/vim.1.gz --slave /usr/share/man/de/man1/editor.1.gz editor.de.1.gz /usr/share/man/de/man1/vim.1.gz --slave /usr/share/man/fr/man1/editor.1.gz editor.fr.1.gz /usr/share/man/fr/man1/vim.1.gz --slave /usr/share/man/it/man1/editor.1.gz editor.it.1.gz /usr/share/man/it/man1/vim.1.gz --slave /usr/share/man/ja/man1/editor.1.gz editor.ja.1.gz /usr/share/man/ja/man1/vim.1.gz --slave /usr/share/man/pl/man1/editor.1.gz editor.pl.1.gz /usr/share/man/pl/man1/vim.1.gz --slave /usr/share/man/ru/man1/editor.1.gz editor.ru.1.gz /usr/share/man/ru/man1/vim.1.gz --slave /usr/share/man/tr/man1/editor.1.gz editor.tr.1.gz /usr/share/man/tr/man1/vim.1.gz
update-alternatives 2026-03-28 00:16:13: run with --install /usr/bin/ex ex /usr/bin/vim.tiny 15 --slave /usr/share/man/man1/ex.1.gz ex.1.gz /usr/share/man/man1/vim.1.gz --slave /usr/share/man/da/man1/ex.1.gz ex.da.1.gz /usr/share/man/da/man1/vim.1.gz --slave /usr/share/man/de/man1/ex.1.gz ex.de.1.gz /usr/share/man/de/man1/vim.1.gz --slave /usr/share/man/fr/man1/ex.1.gz ex.fr.1.gz /usr/share/man/fr/man1/vim.1.gz --slave /usr/share/man/it/man1/ex.1.gz ex.it.1.gz /usr/share/man/it/man1/vim.1.gz --slave /usr/share/man/ja/man1/ex.1.gz ex.ja.1.gz /usr/share/man/ja/man1/vim.1.gz --slave /usr/share/man/pl/man1/ex.1.gz ex.pl.1.gz /usr/share/man/pl/man1/vim.1.gz --slave /usr/share/man/ru/man1/ex.1.gz ex.ru.1.gz /usr/share/man/ru/man1/vim.1.gz --slave /usr/share/man/tr/man1/ex.1.gz ex.tr.1.gz /usr/share/man/tr/man1/vim.1.gz
update-alternatives 2026-03-28 00:16:13: run with --install /usr/bin/rview rview /usr/bin/vim.tiny 15
update-alternatives 2026-03-28 00:16:13: run with --install /usr/bin/vi vi /usr/bin/vim.tiny 15 --slave /usr/share/man/man1/vi.1.gz vi.1.gz /usr/share/man/man1/vim.1.gz --slave /usr/share/man/da/man1/vi.1.gz vi.da.1.gz /usr/share/man/da/man1/vim.1.gz --slave /usr/share/man/de/man1/vi.1.gz vi.de.1.gz /usr/share/man/de/man1/vim.1.gz --slave /usr/share/man/fr/man1/vi.1.gz vi.fr.1.gz /usr/share/man/fr/man1/vim.1.gz --slave /usr/share/man/it/man1/vi.1.gz vi.it.1.gz /usr/share/man/it/man1/vim.1.gz --slave /usr/share/man/ja/man1/vi.1.gz vi.ja.1.gz /usr/share/man/ja/man1/vim.1.gz --slave /usr/share/man/pl/man1/vi.1.gz vi.pl.1.gz /usr/share/man/pl/man1/vim.1.gz --slave /usr/share/man/ru/man1/vi.1.gz vi.ru.1.gz /usr/share/man/ru/man1/vim.1.gz --slave /usr/share/man/tr/man1/vi.1.gz vi.tr.1.gz /usr/share/man/tr/man1/vim.1.gz
update-alternatives 2026-03-28 00:16:13: run with --install /usr/bin/view view /usr/bin/vim.tiny 15 --slave /usr/share/man/man1/view.1.gz view.1.gz /usr/share/man/man1/vim.1.gz --slave /usr/share/man/da/man1/view.1.gz view.da.1.gz /usr/share/man/da/man1/vim.1.gz --slave /usr/share/man/de/man1/view.1.gz view.de.1.gz /usr/share/man/de/man1/vim.1.gz --slave /usr/share/man/fr/man1/view.1.gz view.fr.1.gz /usr/share/man/fr/man1/vim.1.gz --slave /usr/share/man/it/man1/view.1.gz view.it.1.gz /usr/share/man/it/man1/vim.1.gz --slave /usr/share/man/ja/man1/view.1.gz view.ja.1.gz /usr/share/man/ja/man1/vim.1.gz --slave /usr/share/man/pl/man1/view.1.gz view.pl.1.gz /usr/share/man/pl/man1/vim.1.gz --slave /usr/share/man/ru/man1/view.1.gz view.ru.1.gz /usr/share/man/ru/man1/vim.1.gz --slave /usr/share/man/tr/man1/view.1.gz view.tr.1.gz /usr/share/man/tr/man1/vim.1.gz
update-alternatives 2026-03-28 00:16:20: run with --install /usr/share/gnome-shell/gdm-theme.gresource gdm-theme.gresource /usr/share/gnome-shell/gnome-shell-theme.gresource 10
update-alternatives 2026-03-28 00:16:34: run with --install /usr/share/plymouth/themes/text.plymouth text.plymouth /usr/share/plymouth/themes/ubuntu-text/ubuntu-text.plymouth 50
update-alternatives 2026-03-28 00:16:36: run with --install /etc/pam.d/gdm-smartcard gdm-smartcard /etc/pam.d/gdm-smartcard-sssd-exclusive 50
update-alternatives 2026-03-28 00:16:36: run with --install /etc/pam.d/gdm-smartcard gdm-smartcard /etc/pam.d/gdm-smartcard-sssd-or-password 40
update-alternatives 2026-03-28 00:16:36: run with --install /etc/pam.d/gdm-smartcard gdm-smartcard /etc/pam.d/gdm-smartcard-pkcs11-exclusive 30
update-alternatives 2026-03-28 00:59:07: run with --remove gnome-www-browser /usr/bin/firefox
update-alternatives 2026-03-28 00:59:07: link group gnome-www-browser fully removed
update-alternatives 2026-03-28 00:59:07: run with --remove x-www-browser /usr/bin/firefox
update-alternatives 2026-03-28 00:59:07: link group x-www-browser fully removed
update-alternatives 2026-03-28 00:59:24: run with --remove gdm-smartcard /etc/pam.d/gdm-smartcard-pkcs11-exclusive
update-alternatives 2026-03-28 00:59:24: run with --remove gdm-smartcard /etc/pam.d/gdm-smartcard-sssd-or-password
update-alternatives 2026-03-28 00:59:24: run with --remove gdm-smartcard /etc/pam.d/gdm-smartcard-sssd-exclusive
update-alternatives 2026-03-28 00:59:24: link group gdm-smartcard fully removed
update-alternatives 2026-03-28 00:59:26: run with --remove x-session-manager /usr/bin/gnome-session
update-alternatives 2026-03-28 00:59:26: link group x-session-manager fully removed
update-alternatives 2026-03-28 00:59:26: run with --remove start-here.svg /usr/share/icons/gnome/scalable/places/debian-swirl.svg
update-alternatives 2026-03-28 00:59:26: link group start-here.svg updated to point to /usr/share/icons/gnome/scalable/places/gnome-foot.svg
update-alternatives 2026-03-28 00:59:26: run with --remove start-here.svg /usr/share/icons/gnome/scalable/places/gnome-foot.svg
update-alternatives 2026-03-28 00:59:26: link group start-here.svg fully removed
update-alternatives 2026-03-28 00:59:30: run with --remove gdm-theme.gresource /usr/share/gnome-shell/gnome-shell-theme.gresource
update-alternatives 2026-03-28 00:59:32: run with --remove x-terminal-emulator /usr/bin/gnome-terminal.wrapper
update-alternatives 2026-03-28 00:59:32: link group x-terminal-emulator fully removed
update-alternatives 2026-03-28 00:59:34: run with --install /usr/bin/x-terminal-emulator x-terminal-emulator /usr/bin/kitty 20 --slave /usr/share/man/man1/x-terminal-emulator.1.gz x-terminal-emulator.1.gz /usr/share/man/man1/kitty.1.gz
update-alternatives 2026-03-28 00:59:34: link group x-terminal-emulator updated to point to /usr/bin/kitty
update-alternatives 2026-03-28 01:00:32: run with --remove telnet /usr/bin/telnet.netkit
update-alternatives 2026-03-28 01:00:59: run with --install /usr/bin/telnet telnet /usr/bin/inetutils-telnet 150 --slave /usr/share/man/man1/telnet.1.gz telnet.1.gz /usr/share/man/man1/inetutils-telnet.1.gz
update-alternatives 2026-03-28 01:01:07: run with --install /usr/bin/lzma lzma /usr/bin/xz 20 --slave /usr/share/man/man1/lzma.1.gz lzma.1.gz /usr/share/man/man1/xz.1.gz --slave /usr/bin/unlzma unlzma /usr/bin/unxz --slave /usr/share/man/man1/unlzma.1.gz unlzma.1.gz /usr/share/man/man1/unxz.1.gz --slave /usr/bin/lzcat lzcat /usr/bin/xzcat --slave /usr/share/man/man1/lzcat.1.gz lzcat.1.gz /usr/share/man/man1/xzcat.1.gz --slave /usr/bin/lzmore lzmore /usr/bin/xzmore --slave /usr/share/man/man1/lzmore.1.gz lzmore.1.gz /usr/share/man/man1/xzmore.1.gz --slave /usr/bin/lzless lzless /usr/bin/xzless --slave /usr/share/man/man1/lzless.1.gz lzless.1.gz /usr/share/man/man1/xzless.1.gz --slave /usr/bin/lzdiff lzdiff /usr/bin/xzdiff --slave /usr/share/man/man1/lzdiff.1.gz lzdiff.1.gz /usr/share/man/man1/xzdiff.1.gz --slave /usr/bin/lzcmp lzcmp /usr/bin/xzcmp --slave /usr/share/man/man1/lzcmp.1.gz lzcmp.1.gz /usr/share/man/man1/xzcmp.1.gz --slave /usr/bin/lzgrep lzgrep /usr/bin/xzgrep --slave /usr/share/man/man1/lzgrep.1.gz lzgrep.1.gz /usr/share/man/man1/xzgrep.1.gz --slave /usr/bin/lzegrep lzegrep /usr/bin/xzegrep --slave /usr/share/man/man1/lzegrep.1.gz lzegrep.1.gz /usr/share/man/man1/xzegrep.1.gz --slave /usr/bin/lzfgrep lzfgrep /usr/bin/xzfgrep --slave /usr/share/man/man1/lzfgrep.1.gz lzfgrep.1.gz /usr/share/man/man1/xzfgrep.1.gz
update-alternatives 2026-03-28 01:01:07: run with --install /usr/bin/editor editor /bin/nano 40 --slave /usr/share/man/man1/editor.1.gz editor.1.gz /usr/share/man/man1/nano.1.gz
update-alternatives 2026-03-28 01:01:07: run with --install /usr/bin/pico pico /bin/nano 10 --slave /usr/share/man/man1/pico.1.gz pico.1.gz /usr/share/man/man1/nano.1.gz
update-alternatives 2026-03-28 01:02:25: run with --install /usr/share/plymouth/themes/text.plymouth text.plymouth /usr/share/plymouth/themes/ubuntu-text/ubuntu-text.plymouth 50
update-alternatives 2026-03-28 01:02:31: run with --install /usr/bin/gstreamer-codec-install gstreamer-codec-install /usr/libexec/pk-gstreamer-install 80
update-alternatives 2026-03-28 01:02:34: run with --install /usr/share/plymouth/themes/default.plymouth default.plymouth /usr/share/plymouth/themes/bgrt/bgrt.plymouth 110
update-alternatives 2026-03-28 01:03:07: run with --remove x-terminal-emulator /usr/bin/kitty
update-alternatives 2026-03-28 01:03:07: link group x-terminal-emulator fully removed
update-alternatives 2026-03-28 01:03:07: run with --install /usr/bin/x-terminal-emulator x-terminal-emulator /usr/bin/gnome-terminal.wrapper 40 --slave /usr/share/man/man1/x-terminal-emulator.1.gz x-terminal-emulator.1.gz /usr/share/man/man1/gnome-terminal.1.gz
update-alternatives 2026-03-28 01:03:07: link group x-terminal-emulator updated to point to /usr/bin/gnome-terminal.wrapper
update-alternatives 2026-03-28 01:03:16: run with --remove x-terminal-emulator /usr/bin/gnome-terminal.wrapper
update-alternatives 2026-03-28 01:03:16: link group x-terminal-emulator fully removed
update-alternatives 2026-03-28 01:03:17: run with --install /usr/bin/x-terminal-emulator x-terminal-emulator /usr/bin/xterm 20 --slave /usr/share/man/man1/x-terminal-emulator.1.gz x-terminal-emulator.1.gz /usr/share/man/man1/xterm.1.gz
update-alternatives 2026-03-28 01:03:17: link group x-terminal-emulator updated to point to /usr/bin/xterm
update-alternatives 2026-03-28 01:03:17: run with --install /usr/bin/x-terminal-emulator x-terminal-emulator /usr/bin/uxterm 20 --slave /usr/share/man/man1/x-terminal-emulator.1.gz x-terminal-emulator.1.gz /usr/share/man/man1/uxterm.1.gz
update-alternatives 2026-03-28 01:03:17: run with --install /usr/bin/x-terminal-emulator x-terminal-emulator /usr/bin/koi8rxterm 20 --slave /usr/share/man/man1/x-terminal-emulator.1.gz x-terminal-emulator.1.gz /usr/share/man/man1/koi8rxterm.1.gz
update-alternatives 2026-03-28 01:03:17: run with --install /usr/bin/x-terminal-emulator x-terminal-emulator /usr/bin/lxterm 30 --slave /usr/share/man/man1/x-terminal-emulator.1.gz x-terminal-emulator.1.gz /usr/share/man/man1/lxterm.1.gz
update-alternatives 2026-03-28 01:03:17: link group x-terminal-emulator updated to point to /usr/bin/lxterm
update-alternatives 2026-03-28 01:14:30: run with --remove x-terminal-emulator /usr/bin/lxterm
update-alternatives 2026-03-28 01:14:30: link group x-terminal-emulator updated to point to /usr/bin/koi8rxterm
update-alternatives 2026-03-28 01:14:30: run with --remove x-terminal-emulator /usr/bin/koi8rxterm
update-alternatives 2026-03-28 01:14:30: link group x-terminal-emulator updated to point to /usr/bin/uxterm
update-alternatives 2026-03-28 01:14:30: run with --remove x-terminal-emulator /usr/bin/uxterm
update-alternatives 2026-03-28 01:14:30: link group x-terminal-emulator updated to point to /usr/bin/xterm
update-alternatives 2026-03-28 01:14:30: run with --remove x-terminal-emulator /usr/bin/xterm
update-alternatives 2026-03-28 01:14:30: link group x-terminal-emulator fully removed
update-alternatives 2026-03-28 01:14:31: run with --install /usr/bin/x-terminal-emulator x-terminal-emulator /usr/bin/gnome-terminal.wrapper 40 --slave /usr/share/man/man1/x-terminal-emulator.1.gz x-terminal-emulator.1.gz /usr/share/man/man1/gnome-terminal.1.gz
update-alternatives 2026-03-28 01:14:31: link group x-terminal-emulator updated to point to /usr/bin/gnome-terminal.wrapper
update-alternatives 2026-03-28 01:15:42: run with --remove x-terminal-emulator /usr/bin/gnome-terminal.wrapper
update-alternatives 2026-03-28 01:15:42: link group x-terminal-emulator fully removed
update-alternatives 2026-03-28 01:15:43: run with --install /usr/bin/x-terminal-emulator x-terminal-emulator /usr/bin/xterm 20 --slave /usr/share/man/man1/x-terminal-emulator.1.gz x-terminal-emulator.1.gz /usr/share/man/man1/xterm.1.gz
update-alternatives 2026-03-28 01:15:43: link group x-terminal-emulator updated to point to /usr/bin/xterm
update-alternatives 2026-03-28 01:15:43: run with --install /usr/bin/x-terminal-emulator x-terminal-emulator /usr/bin/uxterm 20 --slave /usr/share/man/man1/x-terminal-emulator.1.gz x-terminal-emulator.1.gz /usr/share/man/man1/uxterm.1.gz
update-alternatives 2026-03-28 01:15:43: run with --install /usr/bin/x-terminal-emulator x-terminal-emulator /usr/bin/koi8rxterm 20 --slave /usr/share/man/man1/x-terminal-emulator.1.gz x-terminal-emulator.1.gz /usr/share/man/man1/koi8rxterm.1.gz
update-alternatives 2026-03-28 01:15:43: run with --install /usr/bin/x-terminal-emulator x-terminal-emulator /usr/bin/lxterm 30 --slave /usr/share/man/man1/x-terminal-emulator.1.gz x-terminal-emulator.1.gz /usr/share/man/man1/lxterm.1.gz
update-alternatives 2026-03-28 01:15:43: link group x-terminal-emulator updated to point to /usr/bin/lxterm
update-alternatives 2026-03-28 01:16:55: run with --remove x-terminal-emulator /usr/bin/lxterm
update-alternatives 2026-03-28 01:16:55: link group x-terminal-emulator updated to point to /usr/bin/koi8rxterm
update-alternatives 2026-03-28 01:16:55: run with --remove x-terminal-emulator /usr/bin/koi8rxterm
update-alternatives 2026-03-28 01:16:55: link group x-terminal-emulator updated to point to /usr/bin/uxterm
update-alternatives 2026-03-28 01:16:55: run with --remove x-terminal-emulator /usr/bin/uxterm
update-alternatives 2026-03-28 01:16:55: link group x-terminal-emulator updated to point to /usr/bin/xterm
update-alternatives 2026-03-28 01:16:55: run with --remove x-terminal-emulator /usr/bin/xterm
update-alternatives 2026-03-28 01:16:55: link group x-terminal-emulator fully removed
update-alternatives 2026-03-28 01:16:55: run with --install /usr/bin/x-terminal-emulator x-terminal-emulator /usr/bin/gnome-terminal.wrapper 40 --slave /usr/share/man/man1/x-terminal-emulator.1.gz x-terminal-emulator.1.gz /usr/share/man/man1/gnome-terminal.1.gz
update-alternatives 2026-03-28 01:16:55: link group x-terminal-emulator updated to point to /usr/bin/gnome-terminal.wrapper
update-alternatives 2026-03-28 01:26:05: run with --remove x-terminal-emulator /usr/bin/gnome-terminal.wrapper
update-alternatives 2026-03-28 01:26:05: link group x-terminal-emulator fully removed
update-alternatives 2026-03-28 01:26:05: run with --install /usr/bin/x-terminal-emulator x-terminal-emulator /usr/bin/xterm 20 --slave /usr/share/man/man1/x-terminal-emulator.1.gz x-terminal-emulator.1.gz /usr/share/man/man1/xterm.1.gz
update-alternatives 2026-03-28 01:26:05: link group x-terminal-emulator updated to point to /usr/bin/xterm
update-alternatives 2026-03-28 01:26:05: run with --install /usr/bin/x-terminal-emulator x-terminal-emulator /usr/bin/uxterm 20 --slave /usr/share/man/man1/x-terminal-emulator.1.gz x-terminal-emulator.1.gz /usr/share/man/man1/uxterm.1.gz
update-alternatives 2026-03-28 01:26:05: run with --install /usr/bin/x-terminal-emulator x-terminal-emulator /usr/bin/koi8rxterm 20 --slave /usr/share/man/man1/x-terminal-emulator.1.gz x-terminal-emulator.1.gz /usr/share/man/man1/koi8rxterm.1.gz
update-alternatives 2026-03-28 01:26:05: run with --install /usr/bin/x-terminal-emulator x-terminal-emulator /usr/bin/lxterm 30 --slave /usr/share/man/man1/x-terminal-emulator.1.gz x-terminal-emulator.1.gz /usr/share/man/man1/lxterm.1.gz
update-alternatives 2026-03-28 01:26:05: link group x-terminal-emulator updated to point to /usr/bin/lxterm
update-alternatives 2026-03-28 02:02:38: run with --install /usr/bin/gnome-www-browser gnome-www-browser /usr/bin/firefox 40
update-alternatives 2026-03-28 02:02:38: link group gnome-www-browser updated to point to /usr/bin/firefox
update-alternatives 2026-03-28 02:02:38: run with --install /usr/bin/x-www-browser x-www-browser /usr/bin/firefox 40
update-alternatives 2026-03-28 02:02:38: link group x-www-browser updated to point to /usr/bin/firefox
update-alternatives 2026-03-28 02:06:14: run with --install /usr/bin/x-session-manager x-session-manager /usr/bin/gnome-session 50 --slave /usr/share/man/man1/x-session-manager.1.gz x-session-manager.1.gz /usr/share/man/man1/gnome-session.1.gz
update-alternatives 2026-03-28 02:06:14: link group x-session-manager updated to point to /usr/bin/gnome-session
update-alternatives 2026-03-28 15:58:25: run with --install /usr/share/gnome-shell/gdm-theme.gresource gdm-theme.gresource /usr/share/gnome-shell/gnome-shell-theme.gresource 10
update-alternatives 2026-03-28 15:58:29: run with --install /etc/pam.d/gdm-smartcard gdm-smartcard /etc/pam.d/gdm-smartcard-sssd-exclusive 50
update-alternatives 2026-03-28 15:58:29: link group gdm-smartcard updated to point to /etc/pam.d/gdm-smartcard-sssd-exclusive
update-alternatives 2026-03-28 15:58:29: run with --install /etc/pam.d/gdm-smartcard gdm-smartcard /etc/pam.d/gdm-smartcard-sssd-or-password 40
update-alternatives 2026-03-28 15:58:29: run with --install /etc/pam.d/gdm-smartcard gdm-smartcard /etc/pam.d/gdm-smartcard-pkcs11-exclusive 30
update-alternatives 2026-03-28 16:02:51: run with --quiet --install /usr/bin/open open /usr/bin/run-mailcap 30 --slave /usr/share/man/man1/open.1.gz open.1.gz /usr/share/man/man1/run-mailcap.1.gz
update-alternatives 2026-03-28 16:02:51: run with --install /usr/bin/view view /usr/bin/mcview 25 --slave /usr/share/man/man1/view.1.gz view.1.gz /usr/share/man/man1/mcview.1.gz
update-alternatives 2026-03-28 16:02:51: link group view updated to point to /usr/bin/mcview
update-alternatives 2026-03-28 16:02:51: run with --install /usr/bin/editor editor /usr/bin/mcedit 25 --slave /usr/share/man/man1/editor.1.gz editor.1.gz /usr/share/man/man1/mcedit.1.gz
