Fri Mar 27 23:25:39 2026 -> --------------------------------------
Fri Mar 27 23:25:39 2026 -> daily database available for download (remote version: 27953)
Fri Mar 27 23:25:48 2026 -> daily.cvd updated (version: 27953, sigs: 355330, f-level: 90, builder: svc.clamav-publisher)
Fri Mar 27 23:25:48 2026 -> main database available for download (remote version: 63)
Fri Mar 27 23:26:06 2026 -> main.cvd updated (version: 63, sigs: 3287027, f-level: 90, builder: tomjudge)
Fri Mar 27 23:26:06 2026 -> bytecode database available for download (remote version: 339)
Fri Mar 27 23:26:06 2026 -> bytecode.cvd updated (version: 339, sigs: 80, f-level: 90, builder: nrandolp)
Fri Mar 27 23:31:25 2026 -> --------------------------------------
Fri Mar 27 23:31:25 2026 -> daily.cvd database is up-to-date (version: 27953, sigs: 355330, f-level: 90, builder: svc.clamav-publisher)
Fri Mar 27 23:31:25 2026 -> main.cvd database is up-to-date (version: 63, sigs: 3287027, f-level: 90, builder: tomjudge)
Fri Mar 27 23:31:25 2026 -> bytecode.cvd database is up-to-date (version: 339, sigs: 80, f-level: 90, builder: nrandolp)
Fri Mar 27 23:31:50 2026 -> --------------------------------------
Fri Mar 27 23:31:50 2026 -> daily.cvd database is up-to-date (version: 27953, sigs: 355330, f-level: 90, builder: svc.clamav-publisher)
Fri Mar 27 23:31:50 2026 -> main.cvd database is up-to-date (version: 63, sigs: 3287027, f-level: 90, builder: tomjudge)
Fri Mar 27 23:31:50 2026 -> bytecode.cvd database is up-to-date (version: 339, sigs: 80, f-level: 90, builder: nrandolp)
Sat Mar 28 00:31:50 2026 -> daily.cvd database is up-to-date (version: 27953, sigs: 355330, f-level: 90, builder: svc.clamav-publisher)
Sat Mar 28 00:31:50 2026 -> main.cvd database is up-to-date (version: 63, sigs: 3287027, f-level: 90, builder: tomjudge)
Sat Mar 28 00:31:50 2026 -> bytecode.cvd database is up-to-date (version: 339, sigs: 80, f-level: 90, builder: nrandolp)
Sat Mar 28 01:31:52 2026 -> daily.cvd database is up-to-date (version: 27953, sigs: 355330, f-level: 90, builder: svc.clamav-publisher)
Sat Mar 28 01:31:52 2026 -> main.cvd database is up-to-date (version: 63, sigs: 3287027, f-level: 90, builder: tomjudge)
Sat Mar 28 01:31:52 2026 -> bytecode.cvd database is up-to-date (version: 339, sigs: 80, f-level: 90, builder: nrandolp)
