2024-08-08 14:51:58.327375 INFO flavor_provider: Using default flavor: UbuntuFlavor.ubuntu
2024-08-08 14:51:58.327651 INFO subiquity_server: Waiting server up to 90 seconds
2024-08-08 14:51:58.445043 INFO subiquity_server: ApplicationState.CLOUD_INIT_WAIT
2024-08-08 14:51:59.447946 INFO subiquity_server: ApplicationState.CLOUD_INIT_WAIT
2024-08-08 14:52:00.450602 INFO subiquity_server: ApplicationState.CLOUD_INIT_WAIT
2024-08-08 14:52:01.452443 INFO subiquity_server: ApplicationState.CLOUD_INIT_WAIT
2024-08-08 14:52:02.455648 INFO subiquity_server: ApplicationState.CLOUD_INIT_WAIT
2024-08-08 14:52:03.458658 INFO subiquity_server: ApplicationState.CLOUD_INIT_WAIT
2024-08-08 14:52:04.460428 INFO subiquity_server: ApplicationState.CLOUD_INIT_WAIT
2024-08-08 14:52:05.463199 INFO subiquity_server: ApplicationState.CLOUD_INIT_WAIT
2024-08-08 14:52:06.466656 INFO subiquity_server: ApplicationState.CLOUD_INIT_WAIT
2024-08-08 14:52:07.469985 INFO subiquity_server: ApplicationState.CLOUD_INIT_WAIT
2024-08-08 14:52:08.476969 INFO subiquity_server: ApplicationState.CLOUD_INIT_WAIT
2024-08-08 14:52:09.478627 INFO subiquity_server: ApplicationState.CLOUD_INIT_WAIT
2024-08-08 14:52:10.480475 INFO subiquity_server: ApplicationState.CLOUD_INIT_WAIT
2024-08-08 14:52:11.482859 INFO subiquity_server: ApplicationState.CLOUD_INIT_WAIT
2024-08-08 14:52:12.485065 INFO subiquity_server: ApplicationState.CLOUD_INIT_WAIT
2024-08-08 14:52:13.488939 INFO subiquity_server: ApplicationState.CLOUD_INIT_WAIT
2024-08-08 14:52:14.493387 INFO subiquity_server: ApplicationState.CLOUD_INIT_WAIT
2024-08-08 14:52:15.495992 INFO subiquity_server: ApplicationState.CLOUD_INIT_WAIT
2024-08-08 14:52:16.989366 INFO subiquity_server: ApplicationState.WAITING
2024-08-08 14:52:16.989477 INFO subiquity_client: Opening socket to Endpoint(/run/subiquity/socket )
2024-08-08 14:52:16.990006 DEBUG desktop: Disabling automounting
2024-08-08 14:52:16.990582 DEBUG subiquity_client: POST http://localhost/meta/client_variant?variant=%22desktop%22
2024-08-08 14:52:16.991420 DEBUG telemetry: Writing report to /var/log/installer/telemetry
2024-08-08 14:52:16.992396 DEBUG subiquity_client: ==> setVariant(Variant.DESKTOP) null
2024-08-08 14:52:16.993654 INFO subiquity_status: null => ApplicationStatus(state: ApplicationState.WAITING, confirmingTty: , error: null, nonreportableError: null, cloudInitOk: true, interactive: true, echoSyslogId: subiquity_echo.2700, logSyslogId: subiquity_log.2700, eventSyslogId: subiquity_event.2700)
2024-08-08 14:52:16.993755 DEBUG subiquity_client: POST http://localhost/meta/mark_configured?endpoint_names=%5B%22mirror%22%2C%22proxy%22%2C%22ssh%22%2C%22snaplist%22%2C%22ubuntu_pro%22%5D
2024-08-08 14:52:17.000082 DEBUG subiquity_client: ==> markConfigured([mirror, proxy, ssh, snaplist, ubuntu_pro]) null
2024-08-08 14:52:17.134959 DEBUG desktop: Disabling screen blanking
2024-08-08 14:52:17.137346 DEBUG desktop: Disabling screensaver
2024-08-08 14:52:17.154200 DEBUG desktop: Inhibiting Gnome session
2024-08-08 14:52:18.121019 INFO subiquity_status: null => ApplicationStatus(state: ApplicationState.WAITING, confirmingTty: , error: null, nonreportableError: null, cloudInitOk: true, interactive: true, echoSyslogId: subiquity_echo.2700, logSyslogId: subiquity_log.2700, eventSyslogId: subiquity_event.2700)
2024-08-08 14:52:18.121372 INFO subiquity_status: null => ApplicationStatus(state: ApplicationState.WAITING, confirmingTty: , error: null, nonreportableError: null, cloudInitOk: true, interactive: true, echoSyslogId: subiquity_echo.2700, logSyslogId: subiquity_log.2700, eventSyslogId: subiquity_event.2700)
2024-08-08 14:52:18.121421 DEBUG subiquity_client: GET http://localhost/meta/interactive_sections
2024-08-08 14:52:18.122063 DEBUG subiquity_client: ==> getInteractiveSections() null
2024-08-08 14:52:18.122610 INFO locale: Loaded 75 languages
2024-08-08 14:52:18.122646 DEBUG subiquity_client: GET http://localhost/locale
2024-08-08 14:52:18.123265 DEBUG subiquity_client: ==> locale() "C.UTF-8"
2024-08-08 14:52:18.123348 INFO locale: Selected en_US as UI language
2024-08-08 14:52:28.059279 INFO locale: Set en_US as system locale
2024-08-08 14:52:28.059376 DEBUG subiquity_client: POST http://localhost/locale
2024-08-08 14:52:28.060755 DEBUG subiquity_client: ==> setLocale(en_US.UTF-8) null
2024-08-08 14:52:29.396839 DEBUG subiquity_client: GET http://localhost/storage/has_rst
2024-08-08 14:52:29.400679 DEBUG subiquity_client: ==> hasRst() false
2024-08-08 14:52:29.401175 DEBUG subiquity_client: GET http://localhost/keyboard
2024-08-08 14:52:29.412279 DEBUG subiquity_client: ==> keyboard() {"setting": {"layout": "us", "variant": "", "toggle": null}, "layouts": [{"code": "af", "name": "Afghani", "variants": [{"code": "", "name": "Afghani"}, {"code": "ps", "name": "Afghani - Pashto"}, {"code": "olpc-ps", "name": "Afghani - Pashto (Afghanistan, OLPC)"}, {"code": "fa-olpc", "name": "Afghani - Persian (Afghanistan, Dari OLPC)"}, {"code": "uz", "name": "Afghani - Uzbek (Afghanistan)"}, {"code": "uz-olpc", "name": "Afghani - Uzbek (Afghanistan, OLPC)"}]}, {"code": "al", "name": "Albanian", "variants": [{"code": "", "name": "Albanian"}, {"code": "plisi", "name": "Albanian - Albanian (Plisi)"}, {"code": "veqilharxhi", "name": "Albanian - Albanian (Veqilharxhi)"}]}, {"code": "et", "name": "Amharic", "variants": [{"code": "", "name": "Amharic"}]}, {"code": "ara", "name": "Arabic", "variants": [{"code": "", "name": "Arabic"}, {"code": "azerty", "name": "Arabic - Arabic (AZERTY)"}, {"code": "azerty_digits", "name": "Arabic - Arabic (AZERTY/digits)"}, {"code": "buckwalter", "name": "Arabic - Arabic (Buckwalter)"}, {"code": "mac", "name": "Arabic - Arabic (Macintosh)"}, {"code": "olpc", "name": "Arabic - Arabic (OLPC)"}, {"code": "qwerty", "name": "Arabic - Arabic (QWERTY)"}, {"cod...
2024-08-08 14:52:29.413417 INFO keyboard: Loaded 99 keyboard layouts
2024-08-08 14:52:29.413454 DEBUG subiquity_client: GET http://localhost/keyboard
2024-08-08 14:52:29.421329 DEBUG subiquity_client: ==> keyboard() {"setting": {"layout": "us", "variant": "", "toggle": null}, "layouts": [{"code": "af", "name": "Afghani", "variants": [{"code": "", "name": "Afghani"}, {"code": "ps", "name": "Afghani - Pashto"}, {"code": "olpc-ps", "name": "Afghani - Pashto (Afghanistan, OLPC)"}, {"code": "fa-olpc", "name": "Afghani - Persian (Afghanistan, Dari OLPC)"}, {"code": "uz", "name": "Afghani - Uzbek (Afghanistan)"}, {"code": "uz-olpc", "name": "Afghani - Uzbek (Afghanistan, OLPC)"}]}, {"code": "al", "name": "Albanian", "variants": [{"code": "", "name": "Albanian"}, {"code": "plisi", "name": "Albanian - Albanian (Plisi)"}, {"code": "veqilharxhi", "name": "Albanian - Albanian (Veqilharxhi)"}]}, {"code": "et", "name": "Amharic", "variants": [{"code": "", "name": "Amharic"}]}, {"code": "ara", "name": "Arabic", "variants": [{"code": "", "name": "Arabic"}, {"code": "azerty", "name": "Arabic - Arabic (AZERTY)"}, {"code": "azerty_digits", "name": "Arabic - Arabic (AZERTY/digits)"}, {"code": "buckwalter", "name": "Arabic - Arabic (Buckwalter)"}, {"code": "mac", "name": "Arabic - Arabic (Macintosh)"}, {"code": "olpc", "name": "Arabic - Arabic (OLPC)"}, {"code": "qwerty", "name": "Arabic - Arabic (QWERTY)"}, {"cod...
2024-08-08 14:52:29.421859 INFO keyboard: Initialized us () keyboard layout
2024-08-08 14:52:29.421875 INFO keyboard: Updated us () input source
2024-08-08 14:52:29.434499 DEBUG subiquity_client: POST http://localhost/keyboard/input_source?user=%22ubuntu%22
2024-08-08 14:52:29.475728 DEBUG subiquity_client: ==> setInputSource(KeyboardSetting(layout: us, variant: , toggle: null)) null
2024-08-08 14:52:30.547576 INFO keyboard: Selected gb () keyboard layout
2024-08-08 14:52:30.547751 INFO keyboard: Updated gb () input source
2024-08-08 14:52:30.558346 DEBUG subiquity_client: POST http://localhost/keyboard/input_source?user=%22ubuntu%22
2024-08-08 14:52:30.590238 DEBUG subiquity_client: ==> setInputSource(KeyboardSetting(layout: gb, variant: , toggle: null)) null
2024-08-08 14:52:31.631985 INFO keyboard: Saved gb () keyboard layout
2024-08-08 14:52:31.632220 DEBUG subiquity_client: POST http://localhost/keyboard
2024-08-08 14:52:32.192699 DEBUG subiquity_client: ==> setKeyboard(KeyboardSetting(layout: gb, variant: , toggle: null)) null
2024-08-08 14:52:32.195572 DEBUG network: Update devices: [EthernetDevice(vendor: Realtek Semiconductor Co., Ltd., model: RTL8111/8168/8411 PCI Express Gigabit Ethernet Controller (PRIME B450M-A Motherboard), state: unavailable)]
2024-08-08 14:52:32.195635 DEBUG network: Update devices: []
2024-08-08 14:52:32.195667 DEBUG network: Update devices: []
2024-08-08 14:52:33.900806 DEBUG subiquity_client: GET http://localhost/refresh?wait=true
2024-08-08 14:52:49.546707 DEBUG subiquity_client: ==> checkRefresh() {"availability": "UNKNOWN", "current_snap_version": "0+git.66bf8d183", "new_snap_version": ""}
2024-08-08 14:52:49.546960 DEBUG refresh: RefreshState.status(status: RefreshStatus(availability: RefreshCheckState.UNKNOWN, currentSnapVersion: 0+git.66bf8d183, newSnapVersion: ))
2024-08-08 14:52:56.477029 DEBUG subiquity_client: GET http://localhost/source
2024-08-08 14:52:56.477134 DEBUG subiquity_client: GET http://localhost/drivers
2024-08-08 14:52:56.477171 DEBUG subiquity_client: GET http://localhost/codecs
2024-08-08 14:52:56.478891 DEBUG subiquity_client: ==> source() {"sources": [{"name": "Ubuntu Desktop (minimized)", "description": "A minimal but usable Ubuntu Desktop.", "id": "ubuntu-desktop-minimal", "size": 4494692352, "variant": "desktop", "default": true}, {"name": "Ubuntu Desktop", "description": "A full featured Ubuntu Desktop.", "id": "ubuntu-desktop", "size": 5884710912, "variant": "desktop", "default": false}], "current_id": "ubuntu-desktop-minimal", "search_drivers": false}
2024-08-08 14:52:56.479615 DEBUG subiquity_client: ==> getDrivers() {"install": false, "drivers": null, "local_only": true, "search_drivers": false}
2024-08-08 14:52:56.479712 DEBUG subiquity_client: ==> getCodecs() {"install": false}
2024-08-08 14:52:57.980020 DEBUG subiquity_client: GET http://localhost/source
2024-08-08 14:52:57.980127 DEBUG subiquity_client: GET http://localhost/drivers
2024-08-08 14:52:57.980166 DEBUG subiquity_client: GET http://localhost/codecs
2024-08-08 14:52:57.981301 DEBUG subiquity_client: ==> source() {"sources": [{"name": "Ubuntu Desktop (minimized)", "description": "A minimal but usable Ubuntu Desktop.", "id": "ubuntu-desktop-minimal", "size": 4494692352, "variant": "desktop", "default": true}, {"name": "Ubuntu Desktop", "description": "A full featured Ubuntu Desktop.", "id": "ubuntu-desktop", "size": 5884710912, "variant": "desktop", "default": false}], "current_id": "ubuntu-desktop-minimal", "search_drivers": false}
2024-08-08 14:52:57.981739 DEBUG subiquity_client: ==> getDrivers() {"install": false, "drivers": null, "local_only": true, "search_drivers": false}
2024-08-08 14:52:57.982148 DEBUG subiquity_client: ==> getCodecs() {"install": false}
2024-08-08 14:52:59.972813 DEBUG subiquity_client: POST http://localhost/source?source_id=%22ubuntu-desktop-minimal%22&search_drivers=false
2024-08-08 14:52:59.972924 DEBUG subiquity_client: POST http://localhost/drivers
2024-08-08 14:52:59.972984 DEBUG subiquity_client: POST http://localhost/codecs
2024-08-08 14:52:59.974506 DEBUG subiquity_client: ==> setSource(ubuntu-desktop-minimal) null
2024-08-08 14:52:59.974582 DEBUG subiquity_client: GET http://localhost/storage/v2?wait=true
2024-08-08 14:53:00.342857 DEBUG subiquity_client: ==> setDrivers(false) null
2024-08-08 14:53:00.343172 DEBUG subiquity_client: ==> setCodecs(false) null
2024-08-08 14:53:23.983462 DEBUG subiquity_client: ==> getStorageV2() {"status": "DONE", "error_report": null, "disks": [{"id": "disk-sda", "label": "General_UDisk_2504231843543787303313-0:0", "type": "local disk", "size": 31457280000, "usage_labels": [], "partitions": [{"offset": 1048576, "size": 208666624, "usable": "YES", "$type": "Gap"}, {"size": 419430400, "number": 1, "preserve": true, "wipe": null, "annotations": ["existing", "already formatted as vfat", "not mounted"], "mount": null, "format": "vfat", "grub_device": false, "boot": false, "os": null, "offset": 209715200, "estimated_min_size": -1, "resize": null, "path": "/dev/sda1", "is_in_use": false, "$type": "Partition"}, {"size": 1127219200, "number": 2, "preserve": true, "wipe": null, "annotations": ["existing", "unused ESP", "already formatted as vfat"], "mount": null, "format": "vfat", "grub_device": false, "boot": true, "os": null, "offset": 629145600, "estimated_min_size": -1, "resize": null, "path": "/dev/sda2", "is_in_use": false, "$type": "Partition"}, {"size": 29699866624, "number": 3, "preserve": true, "wipe": null, "annotations": ["existing", "already formatted as ext4", "not mounted"], "mount": null, "format": "ext4", "grub_device": false, "boot": false, "os": {"long": "Ubuntu ...
2024-08-08 14:53:23.983691 DEBUG storage: Update storage: StorageResponseV2(status: ProbeStatus.DONE, errorReport: null, disks: [Disk(id: disk-sda, label: General_UDisk_2504231843543787303313-0:0, type: local disk, size: 31457280000, usageLabels: [], partitions: [PartitionOrGap.gap(offset: 1048576, size: 208666624, usable: GapUsable.YES), PartitionOrGap.partition(size: 419430400, number: 1, preserve: true, wipe: null, annotations: [existing, already formatted as vfat, not mounted], mount: null, format: vfat, grubDevice: false, boot: false, os: null, offset: 209715200, estimatedMinSize: -1, resize: null, path: /dev/sda1, isInUse: false), PartitionOrGap.partition(size: 1127219200, number: 2, preserve: true, wipe: null, annotations: [existing, unused ESP, already formatted as vfat], mount: null, format: vfat, grubDevice: false, boot: true, os: null, offset: 629145600, estimatedMinSize: -1, resize: null, path: /dev/sda2, isInUse: false), PartitionOrGap.partition(size: 29699866624, number: 3, preserve: true, wipe: null, annotations: [existing, already formatted as ext4, not mounted], mount: null, format: ext4, grubDevice: false, boot: false, os: OsProber(long: Ubuntu 24.04.1 LTS, label: Ubuntu, type: linux, subpath: null, version: 24.04.1), offset: 1756364800, estimatedMinSize: 1190133760, resize: null, path: /dev/sda3, isInUse: false)], okForGuided: true, ptable: gpt, preserve: true, path: /dev/sda, bootDevice: false, canBeBootDevice: true, model: UDisk, vendor: General, hasInUsePartition: false), Disk(id: disk-sdb, label: General_UDisk-0:0, type: local disk, size: 31457280000, usageLabels: [], partitions: [PartitionOrGap.partition(size: 31422676992, number: 1, preserve: true, wipe: null, annotations: [existing, already formatted as exfat, not mounted], mount: null, format: exfat, grubDevice: false, boot: false, os: null, offset: 1048576, estimatedMinSize: -1, resize: null, path: /dev/sdb1, isInUse: false), PartitionOrGap.partition(size: 33554432, number: 2, preserve: true, wipe: null, annotations: [existing, unused], mount: null, format: null, grubDevice: false, boot: false, os: null, offset: 31423725568, estimatedMinSize: -1, resize: null, path: /dev/sdb2, isInUse: false)], okForGuided: true, ptable: msdos, preserve: true, path: /dev/sdb, bootDevice: false, canBeBootDevice: false, model: UDisk, vendor: General, hasInUsePartition: false), Disk(id: disk-nvme0n1, label: INTEL_SSDPEKNW010T9_BTNR02950QPS1P0B_1, type: local disk, size: 1024209543168, usageLabels: [], partitions: [PartitionOrGap.partition(size: 1024207093760, number: 1, preserve: true, wipe: null, annotations: [existing, already formatted as ntfs, not mounted], mount: null, format: ntfs, grubDevice: false, boot: false, os: null, offset: 1048576, estimatedMinSize: -1, resize: null, path: /dev/nvme0n1p1, isInUse: false), PartitionOrGap.gap(offset: 1024208142336, size: 1048576, usable: GapUsable.YES)], okForGuided: true, ptable: msdos, preserve: true, path: /dev/nvme0n1, bootDevice: false, canBeBootDevice: false, model: null, vendor: null, hasInUsePartition: false), Disk(id: disk-nvme1n1, label: SAMSUNG_MZVLB256HAHQ-000H1_S425NA0M309307_1, type: local disk, size: 256060514304, usageLabels: [], partitions: [PartitionOrGap.gap(offset: 1048576, size: 256058064896, usable: GapUsable.YES)], okForGuided: true, ptable: null, preserve: true, path: /dev/nvme1n1, bootDevice: false, canBeBootDevice: true, model: null, vendor: null, hasInUsePartition: false)], needRoot: true, needBoot: true, installMinimumSize: 9185525760)
2024-08-08 14:53:23.983966 DEBUG subiquity_client: GET http://localhost/storage/v2?wait=true
2024-08-08 14:53:25.230092 DEBUG subiquity_client: ==> getStorageV2() {"status": "DONE", "error_report": null, "disks": [{"id": "disk-sda", "label": "General_UDisk_2504231843543787303313-0:0", "type": "local disk", "size": 31457280000, "usage_labels": [], "partitions": [{"offset": 1048576, "size": 208666624, "usable": "YES", "$type": "Gap"}, {"size": 419430400, "number": 1, "preserve": true, "wipe": null, "annotations": ["existing", "already formatted as vfat", "not mounted"], "mount": null, "format": "vfat", "grub_device": false, "boot": false, "os": null, "offset": 209715200, "estimated_min_size": -1, "resize": null, "path": "/dev/sda1", "is_in_use": false, "$type": "Partition"}, {"size": 1127219200, "number": 2, "preserve": true, "wipe": null, "annotations": ["existing", "unused ESP", "already formatted as vfat"], "mount": null, "format": "vfat", "grub_device": false, "boot": true, "os": null, "offset": 629145600, "estimated_min_size": -1, "resize": null, "path": "/dev/sda2", "is_in_use": false, "$type": "Partition"}, {"size": 29699866624, "number": 3, "preserve": true, "wipe": null, "annotations": ["existing", "already formatted as ext4", "not mounted"], "mount": null, "format": "ext4", "grub_device": false, "boot": false, "os": {"long": "Ubuntu ...
2024-08-08 14:53:25.230276 DEBUG storage: Update storage: StorageResponseV2(status: ProbeStatus.DONE, errorReport: null, disks: [Disk(id: disk-sda, label: General_UDisk_2504231843543787303313-0:0, type: local disk, size: 31457280000, usageLabels: [], partitions: [PartitionOrGap.gap(offset: 1048576, size: 208666624, usable: GapUsable.YES), PartitionOrGap.partition(size: 419430400, number: 1, preserve: true, wipe: null, annotations: [existing, already formatted as vfat, not mounted], mount: null, format: vfat, grubDevice: false, boot: false, os: null, offset: 209715200, estimatedMinSize: -1, resize: null, path: /dev/sda1, isInUse: false), PartitionOrGap.partition(size: 1127219200, number: 2, preserve: true, wipe: null, annotations: [existing, unused ESP, already formatted as vfat], mount: null, format: vfat, grubDevice: false, boot: true, os: null, offset: 629145600, estimatedMinSize: -1, resize: null, path: /dev/sda2, isInUse: false), PartitionOrGap.partition(size: 29699866624, number: 3, preserve: true, wipe: null, annotations: [existing, already formatted as ext4, not mounted], mount: null, format: ext4, grubDevice: false, boot: false, os: OsProber(long: Ubuntu 24.04.1 LTS, label: Ubuntu, type: linux, subpath: null, version: 24.04.1), offset: 1756364800, estimatedMinSize: 1190133760, resize: null, path: /dev/sda3, isInUse: false)], okForGuided: true, ptable: gpt, preserve: true, path: /dev/sda, bootDevice: false, canBeBootDevice: true, model: UDisk, vendor: General, hasInUsePartition: false), Disk(id: disk-sdb, label: General_UDisk-0:0, type: local disk, size: 31457280000, usageLabels: [], partitions: [PartitionOrGap.partition(size: 31422676992, number: 1, preserve: true, wipe: null, annotations: [existing, already formatted as exfat, not mounted], mount: null, format: exfat, grubDevice: false, boot: false, os: null, offset: 1048576, estimatedMinSize: -1, resize: null, path: /dev/sdb1, isInUse: false), PartitionOrGap.partition(size: 33554432, number: 2, preserve: true, wipe: null, annotations: [existing, unused], mount: null, format: null, grubDevice: false, boot: false, os: null, offset: 31423725568, estimatedMinSize: -1, resize: null, path: /dev/sdb2, isInUse: false)], okForGuided: true, ptable: msdos, preserve: true, path: /dev/sdb, bootDevice: false, canBeBootDevice: false, model: UDisk, vendor: General, hasInUsePartition: false), Disk(id: disk-nvme0n1, label: INTEL_SSDPEKNW010T9_BTNR02950QPS1P0B_1, type: local disk, size: 1024209543168, usageLabels: [], partitions: [PartitionOrGap.partition(size: 1024207093760, number: 1, preserve: true, wipe: null, annotations: [existing, already formatted as ntfs, not mounted], mount: null, format: ntfs, grubDevice: false, boot: false, os: null, offset: 1048576, estimatedMinSize: -1, resize: null, path: /dev/nvme0n1p1, isInUse: false), PartitionOrGap.gap(offset: 1024208142336, size: 1048576, usable: GapUsable.YES)], okForGuided: true, ptable: msdos, preserve: true, path: /dev/nvme0n1, bootDevice: false, canBeBootDevice: false, model: null, vendor: null, hasInUsePartition: false), Disk(id: disk-nvme1n1, label: SAMSUNG_MZVLB256HAHQ-000H1_S425NA0M309307_1, type: local disk, size: 256060514304, usageLabels: [], partitions: [PartitionOrGap.gap(offset: 1048576, size: 256058064896, usable: GapUsable.YES)], okForGuided: true, ptable: null, preserve: true, path: /dev/nvme1n1, bootDevice: false, canBeBootDevice: true, model: null, vendor: null, hasInUsePartition: false)], needRoot: true, needBoot: true, installMinimumSize: 9185525760)
2024-08-08 14:53:25.230357 DEBUG subiquity_client: GET http://localhost/storage/v2/guided?wait=true
2024-08-08 14:53:25.232659 DEBUG subiquity_client: ==> getGuidedStorageV2(true) {"status": "DONE", "error_report": null, "configured": null, "targets": [{"disk_id": "disk-nvme0n1", "allowed": ["DIRECT", "LVM", "LVM_LUKS", "ZFS", "ZFS_LUKS_KEYSTORE", "CORE_BOOT_UNENCRYPTED"], "disallowed": [{"capability": "CORE_BOOT_ENCRYPTED", "reason": "CORE_BOOT_ENCRYPTION_UNAVAILABLE", "message": "not encrypting device storage as checking TPM gave: cannot connect to TPM device: no TPM2 device is available"}], "$type": "GuidedStorageTargetReformat"}, {"disk_id": "disk-nvme1n1", "allowed": ["DIRECT", "LVM", "LVM_LUKS", "ZFS", "ZFS_LUKS_KEYSTORE", "CORE_BOOT_UNENCRYPTED"], "disallowed": [{"capability": "CORE_BOOT_ENCRYPTED", "reason": "CORE_BOOT_ENCRYPTION_UNAVAILABLE", "message": "not encrypting device storage as checking TPM gave: cannot connect to TPM device: no TPM2 device is available"}], "$type": "GuidedStorageTargetReformat"}, {"disk_id": "disk-sda", "allowed": ["DIRECT", "LVM", "LVM_LUKS", "ZFS", "ZFS_LUKS_KEYSTORE", "CORE_BOOT_UNENCRYPTED"], "disallowed": [{"capability": "CORE_BOOT_ENCRYPTED", "reason": "CORE_BOOT_ENCRYPTION_UNAVAILABLE", "message": "not encrypting device storage as checking TPM gave: cannot connect to TPM device: no TPM2 device is available"}], "$typ...
2024-08-08 14:53:25.232786 DEBUG storage: select guided capability: GuidedCapability.DIRECT
2024-08-08 14:53:25.232804 DEBUG subiquity_client: GET http://localhost/storage/has_bitlocker
2024-08-08 14:53:25.233261 DEBUG subiquity_client: ==> hasBitLocker() []
2024-08-08 14:53:45.787227 DEBUG storage: select guided capability: GuidedCapability.LVM_LUKS
2024-08-08 14:53:49.527323 DEBUG subiquity_client: GET http://localhost/storage/has_bitlocker
2024-08-08 14:53:49.531724 DEBUG subiquity_client: ==> hasBitLocker() []
2024-08-08 14:53:49.532041 DEBUG subiquity_client: GET http://localhost/storage/v2?wait=true
2024-08-08 14:53:49.539702 DEBUG subiquity_client: ==> getStorageV2() {"status": "DONE", "error_report": null, "disks": [{"id": "disk-sda", "label": "General_UDisk_2504231843543787303313-0:0", "type": "local disk", "size": 31457280000, "usage_labels": [], "partitions": [{"offset": 1048576, "size": 208666624, "usable": "YES", "$type": "Gap"}, {"size": 419430400, "number": 1, "preserve": true, "wipe": null, "annotations": ["existing", "already formatted as vfat", "not mounted"], "mount": null, "format": "vfat", "grub_device": false, "boot": false, "os": null, "offset": 209715200, "estimated_min_size": -1, "resize": null, "path": "/dev/sda1", "is_in_use": false, "$type": "Partition"}, {"size": 1127219200, "number": 2, "preserve": true, "wipe": null, "annotations": ["existing", "unused ESP", "already formatted as vfat"], "mount": null, "format": "vfat", "grub_device": false, "boot": true, "os": null, "offset": 629145600, "estimated_min_size": -1, "resize": null, "path": "/dev/sda2", "is_in_use": false, "$type": "Partition"}, {"size": 29699866624, "number": 3, "preserve": true, "wipe": null, "annotations": ["existing", "already formatted as ext4", "not mounted"], "mount": null, "format": "ext4", "grub_device": false, "boot": false, "os": {"long": "Ubuntu ...
2024-08-08 14:53:49.539837 DEBUG storage: Update storage: StorageResponseV2(status: ProbeStatus.DONE, errorReport: null, disks: [Disk(id: disk-sda, label: General_UDisk_2504231843543787303313-0:0, type: local disk, size: 31457280000, usageLabels: [], partitions: [PartitionOrGap.gap(offset: 1048576, size: 208666624, usable: GapUsable.YES), PartitionOrGap.partition(size: 419430400, number: 1, preserve: true, wipe: null, annotations: [existing, already formatted as vfat, not mounted], mount: null, format: vfat, grubDevice: false, boot: false, os: null, offset: 209715200, estimatedMinSize: -1, resize: null, path: /dev/sda1, isInUse: false), PartitionOrGap.partition(size: 1127219200, number: 2, preserve: true, wipe: null, annotations: [existing, unused ESP, already formatted as vfat], mount: null, format: vfat, grubDevice: false, boot: true, os: null, offset: 629145600, estimatedMinSize: -1, resize: null, path: /dev/sda2, isInUse: false), PartitionOrGap.partition(size: 29699866624, number: 3, preserve: true, wipe: null, annotations: [existing, already formatted as ext4, not mounted], mount: null, format: ext4, grubDevice: false, boot: false, os: OsProber(long: Ubuntu 24.04.1 LTS, label: Ubuntu, type: linux, subpath: null, version: 24.04.1), offset: 1756364800, estimatedMinSize: 1190133760, resize: null, path: /dev/sda3, isInUse: false)], okForGuided: true, ptable: gpt, preserve: true, path: /dev/sda, bootDevice: false, canBeBootDevice: true, model: UDisk, vendor: General, hasInUsePartition: false), Disk(id: disk-sdb, label: General_UDisk-0:0, type: local disk, size: 31457280000, usageLabels: [], partitions: [PartitionOrGap.partition(size: 31422676992, number: 1, preserve: true, wipe: null, annotations: [existing, already formatted as exfat, not mounted], mount: null, format: exfat, grubDevice: false, boot: false, os: null, offset: 1048576, estimatedMinSize: -1, resize: null, path: /dev/sdb1, isInUse: false), PartitionOrGap.partition(size: 33554432, number: 2, preserve: true, wipe: null, annotations: [existing, unused], mount: null, format: null, grubDevice: false, boot: false, os: null, offset: 31423725568, estimatedMinSize: -1, resize: null, path: /dev/sdb2, isInUse: false)], okForGuided: true, ptable: msdos, preserve: true, path: /dev/sdb, bootDevice: false, canBeBootDevice: false, model: UDisk, vendor: General, hasInUsePartition: false), Disk(id: disk-nvme0n1, label: INTEL_SSDPEKNW010T9_BTNR02950QPS1P0B_1, type: local disk, size: 1024209543168, usageLabels: [], partitions: [PartitionOrGap.partition(size: 1024207093760, number: 1, preserve: true, wipe: null, annotations: [existing, already formatted as ntfs, not mounted], mount: null, format: ntfs, grubDevice: false, boot: false, os: null, offset: 1048576, estimatedMinSize: -1, resize: null, path: /dev/nvme0n1p1, isInUse: false), PartitionOrGap.gap(offset: 1024208142336, size: 1048576, usable: GapUsable.YES)], okForGuided: true, ptable: msdos, preserve: true, path: /dev/nvme0n1, bootDevice: false, canBeBootDevice: false, model: null, vendor: null, hasInUsePartition: false), Disk(id: disk-nvme1n1, label: SAMSUNG_MZVLB256HAHQ-000H1_S425NA0M309307_1, type: local disk, size: 256060514304, usageLabels: [], partitions: [PartitionOrGap.gap(offset: 1048576, size: 256058064896, usable: GapUsable.YES)], okForGuided: true, ptable: null, preserve: true, path: /dev/nvme1n1, bootDevice: false, canBeBootDevice: true, model: null, vendor: null, hasInUsePartition: false)], needRoot: true, needBoot: true, installMinimumSize: 9185525760)
2024-08-08 14:53:49.539916 DEBUG subiquity_client: GET http://localhost/storage/v2/guided?wait=true
2024-08-08 14:53:49.542724 DEBUG subiquity_client: ==> getGuidedStorageV2(true) {"status": "DONE", "error_report": null, "configured": null, "targets": [{"disk_id": "disk-nvme0n1", "allowed": ["DIRECT", "LVM", "LVM_LUKS", "ZFS", "ZFS_LUKS_KEYSTORE", "CORE_BOOT_UNENCRYPTED"], "disallowed": [{"capability": "CORE_BOOT_ENCRYPTED", "reason": "CORE_BOOT_ENCRYPTION_UNAVAILABLE", "message": "not encrypting device storage as checking TPM gave: cannot connect to TPM device: no TPM2 device is available"}], "$type": "GuidedStorageTargetReformat"}, {"disk_id": "disk-nvme1n1", "allowed": ["DIRECT", "LVM", "LVM_LUKS", "ZFS", "ZFS_LUKS_KEYSTORE", "CORE_BOOT_UNENCRYPTED"], "disallowed": [{"capability": "CORE_BOOT_ENCRYPTED", "reason": "CORE_BOOT_ENCRYPTION_UNAVAILABLE", "message": "not encrypting device storage as checking TPM gave: cannot connect to TPM device: no TPM2 device is available"}], "$type": "GuidedStorageTargetReformat"}, {"disk_id": "disk-sda", "allowed": ["DIRECT", "LVM", "LVM_LUKS", "ZFS", "ZFS_LUKS_KEYSTORE", "CORE_BOOT_UNENCRYPTED"], "disallowed": [{"capability": "CORE_BOOT_ENCRYPTED", "reason": "CORE_BOOT_ENCRYPTION_UNAVAILABLE", "message": "not encrypting device storage as checking TPM gave: cannot connect to TPM device: no TPM2 device is available"}], "$typ...
2024-08-08 14:53:56.363114 DEBUG storage: select guided target: GuidedStorageTarget.reformat(diskId: disk-nvme1n1, allowed: [GuidedCapability.DIRECT, GuidedCapability.LVM, GuidedCapability.LVM_LUKS, GuidedCapability.ZFS, GuidedCapability.ZFS_LUKS_KEYSTORE, GuidedCapability.CORE_BOOT_UNENCRYPTED], disallowed: [GuidedDisallowedCapability(capability: GuidedCapability.CORE_BOOT_ENCRYPTED, reason: GuidedDisallowedCapabilityReason.CORE_BOOT_ENCRYPTION_UNAVAILABLE, message: not encrypting device storage as checking TPM gave: cannot connect to TPM device: no TPM2 device is available)])
2024-08-08 14:54:08.450962 DEBUG storage: set passphrase: *********
2024-08-08 14:54:08.451797 DEBUG subiquity_client: GET http://localhost/identity
2024-08-08 14:54:08.453632 DEBUG subiquity_client: ==> identity() {"realname": "", "username": "", "crypted_password": "", "hostname": ""}
2024-08-08 14:54:08.453918 INFO identity: Loaded identity: Identity(realname: , username: , password: , hostname: , autoLogin: false)
2024-08-08 14:54:08.457389 INFO identity: Read product name: System-Product-Name
2024-08-08 14:54:08.457425 DEBUG subiquity_client: GET http://localhost/active_directory/has_support
2024-08-08 14:54:08.458178 DEBUG subiquity_client: ==> hasActiveDirectorySupport() true
2024-08-08 14:54:10.190214 DEBUG subiquity_client: GET http://localhost/identity/validate_username?username=%22l%22
2024-08-08 14:54:10.194236 DEBUG subiquity_client: ==> identity/validate_username() "OK"
2024-08-08 14:54:10.333990 DEBUG subiquity_client: GET http://localhost/identity/validate_username?username=%22ll%22
2024-08-08 14:54:10.337599 DEBUG subiquity_client: ==> identity/validate_username() "OK"
2024-08-08 14:54:10.477776 DEBUG subiquity_client: GET http://localhost/identity/validate_username?username=%22llo%22
2024-08-08 14:54:10.481310 DEBUG subiquity_client: ==> identity/validate_username() "OK"
2024-08-08 14:54:10.661727 DEBUG subiquity_client: GET http://localhost/identity/validate_username?username=%22lloy%22
2024-08-08 14:54:10.665272 DEBUG subiquity_client: ==> identity/validate_username() "OK"
2024-08-08 14:54:10.780336 DEBUG subiquity_client: GET http://localhost/identity/validate_username?username=%22lloyd%22
2024-08-08 14:54:10.781585 DEBUG subiquity_client: ==> identity/validate_username() "OK"
2024-08-08 14:54:27.779126 INFO identity: Saved identity: Identity(realname: lloyd, username: lloyd, password: *****, hostname: lloyddesk, autoLogin: false)
2024-08-08 14:54:27.780050 DEBUG subiquity_client: POST http://localhost/meta/mark_configured?endpoint_names=%5B%22active_directory%22%5D
2024-08-08 14:54:27.780785 DEBUG post-install: saved 0 entries to /tmp/bootstrap-postinst.conf
2024-08-08 14:54:27.806104 DEBUG subiquity_client: POST http://localhost/identity
2024-08-08 14:54:27.806495 DEBUG subiquity_client: ==> markConfigured([active_directory]) null
2024-08-08 14:54:27.807879 DEBUG subiquity_client: ==> setIdentity(IdentityData(realname: lloyd, username: lloyd, cryptedPassword: $6$RDxjjXZRAeGqXwaK$ob6rg5GKSEFpdkgrLYpTsZGnQeNuSv/sD0uYc6DRNR/KQHwIxsf6n0epvLI3tfS0Kz7TCmfAwvbQk1JkxVmKQ1, hostname: lloyddesk)) null
2024-08-08 14:54:27.808294 DEBUG subiquity_client: GET http://localhost/timezone
2024-08-08 14:54:27.860146 DEBUG subiquity_client: ==> timezone() {"timezone": "Etc/UTC", "from_geoip": false}
2024-08-08 14:54:27.860330 DEBUG timezone: Initialized Etc/UTC
2024-08-08 14:54:31.034782 DEBUG timezone: Saved Europe/London
2024-08-08 14:54:31.034890 DEBUG subiquity_client: POST http://localhost/timezone?tz=%22Europe%2FLondon%22
2024-08-08 14:54:31.055788 DEBUG subiquity_client: ==> setTimezone(Europe/London) null
2024-08-08 14:54:31.055911 DEBUG subiquity_client: POST http://localhost/storage/v2/guided
2024-08-08 14:54:31.059636 DEBUG subiquity_client: ==> setGuidedStorageV2({"target":{"disk_id":"disk-nvme1n1","allowed":["DIRECT","LVM","LVM_LUKS","ZFS","ZFS_LUKS_KEYSTORE","CORE_BOOT_UNENCRYPTED"],"disallowed":[{"capability":"CORE_BOOT_ENCRYPTED","reason":"CORE_BOOT_ENCRYPTION_UNAVAILABLE","message":"not encrypting device storage as checking TPM gave: cannot connect to TPM device: no TPM2 device is available"}],"$type":"GuidedStorageTargetReformat"},"capability":"LVM_LUKS","password":"*********","recovery_key":null,"sizing_policy":"ALL","reset_partition":false,"reset_partition_size":null}) {"status":"DONE","error_report":null,"configured":{"target":{"disk_id":"disk-nvme1n1","allowed":["DIRECT","LVM","LVM_LUKS","ZFS","ZFS_LUKS_KEYSTORE","CORE_BOOT_UNENCRYPTED"],"disallowed":[{"capability":"CORE_BOOT_ENCRYPTED","reason":"CORE_BOOT_ENCRYPTION_UNAVAILABLE","message":"not encrypting device storage as checking TPM gave: cannot connect to TPM device: no TPM2 device is available"}],"$type":"GuidedStorageTargetReformat"},"capability":"LVM_LUKS","password":"*********","recovery_key":null,"sizing_policy":"ALL","reset_partition":false,"reset_partition_size":null},"targets":[{"disk_id":"disk-nvme0n1","allowed":["DIRECT","LVM","LVM_LUKS","ZFS","ZFS_LUKS_KEYSTORE","CORE_BOOT_UNENCRYPTED"],"disallowed":[{"capability":"CORE_BOOT_ENCRYPTED","reason":"CORE_BOOT_ENCRYPTION_UNAVAILABLE","message":"not encrypting device storage as checking TPM gave: cannot connect to TPM device: no TPM2 device is available"}],"$type":"GuidedStorageTargetReformat"},{"disk_id":"disk-nvme1n1","allowed":["DIRECT","LVM","LVM_LUKS","ZFS","ZFS_LUKS_KEYSTORE","CORE_BOOT_UNENCRYPTED"],"disallowed":[{"capability":"CORE_BOOT_ENCRYPTED","reason":"CORE_BOOT_ENCRYPTION_UNAVAILABLE","message":"not encrypting device stor...
2024-08-08 14:54:31.059744 DEBUG subiquity_client: POST http://localhost/storage/v2
2024-08-08 14:54:31.063793 DEBUG subiquity_client: ==> setStorageV2() {"status": "DONE", "error_report": null, "disks": [{"id": "disk-sda", "label": "General_UDisk_2504231843543787303313-0:0", "type": "local disk", "size": 31457280000, "usage_labels": [], "partitions": [{"offset": 1048576, "size": 208666624, "usable": "YES", "$type": "Gap"}, {"size": 419430400, "number": 1, "preserve": true, "wipe": null, "annotations": ["existing", "already formatted as vfat", "not mounted"], "mount": null, "format": "vfat", "grub_device": false, "boot": false, "os": null, "offset": 209715200, "estimated_min_size": -1, "resize": null, "path": "/dev/sda1", "is_in_use": false, "$type": "Partition"}, {"size": 1127219200, "number": 2, "preserve": true, "wipe": null, "annotations": ["existing", "unused ESP", "already formatted as vfat"], "mount": null, "format": "vfat", "grub_device": false, "boot": true, "os": null, "offset": 629145600, "estimated_min_size": -1, "resize": null, "path": "/dev/sda2", "is_in_use": false, "$type": "Partition"}, {"size": 29699866624, "number": 3, "preserve": true, "wipe": null, "annotations": ["existing", "already formatted as ext4", "not mounted"], "mount": null, "format": "ext4", "grub_device": false, "boot": false, "os": {"long": "Ubuntu ...
2024-08-08 14:54:31.063985 DEBUG subiquity_client: GET http://localhost/storage/v2?wait=true
2024-08-08 14:54:31.068041 DEBUG subiquity_client: ==> getStorageV2() {"status": "DONE", "error_report": null, "disks": [{"id": "disk-sda", "label": "General_UDisk_2504231843543787303313-0:0", "type": "local disk", "size": 31457280000, "usage_labels": [], "partitions": [{"offset": 1048576, "size": 208666624, "usable": "YES", "$type": "Gap"}, {"size": 419430400, "number": 1, "preserve": true, "wipe": null, "annotations": ["existing", "already formatted as vfat", "not mounted"], "mount": null, "format": "vfat", "grub_device": false, "boot": false, "os": null, "offset": 209715200, "estimated_min_size": -1, "resize": null, "path": "/dev/sda1", "is_in_use": false, "$type": "Partition"}, {"size": 1127219200, "number": 2, "preserve": true, "wipe": null, "annotations": ["existing", "unused ESP", "already formatted as vfat"], "mount": null, "format": "vfat", "grub_device": false, "boot": true, "os": null, "offset": 629145600, "estimated_min_size": -1, "resize": null, "path": "/dev/sda2", "is_in_use": false, "$type": "Partition"}, {"size": 29699866624, "number": 3, "preserve": true, "wipe": null, "annotations": ["existing", "already formatted as ext4", "not mounted"], "mount": null, "format": "ext4", "grub_device": false, "boot": false, "os": {"long": "Ubuntu ...
2024-08-08 14:54:31.068231 DEBUG storage: Update storage: StorageResponseV2(status: ProbeStatus.DONE, errorReport: null, disks: [Disk(id: disk-sda, label: General_UDisk_2504231843543787303313-0:0, type: local disk, size: 31457280000, usageLabels: [], partitions: [PartitionOrGap.gap(offset: 1048576, size: 208666624, usable: GapUsable.YES), PartitionOrGap.partition(size: 419430400, number: 1, preserve: true, wipe: null, annotations: [existing, already formatted as vfat, not mounted], mount: null, format: vfat, grubDevice: false, boot: false, os: null, offset: 209715200, estimatedMinSize: -1, resize: null, path: /dev/sda1, isInUse: false), PartitionOrGap.partition(size: 1127219200, number: 2, preserve: true, wipe: null, annotations: [existing, unused ESP, already formatted as vfat], mount: null, format: vfat, grubDevice: false, boot: true, os: null, offset: 629145600, estimatedMinSize: -1, resize: null, path: /dev/sda2, isInUse: false), PartitionOrGap.partition(size: 29699866624, number: 3, preserve: true, wipe: null, annotations: [existing, already formatted as ext4, not mounted], mount: null, format: ext4, grubDevice: false, boot: false, os: OsProber(long: Ubuntu 24.04.1 LTS, label: Ubuntu, type: linux, subpath: null, version: 24.04.1), offset: 1756364800, estimatedMinSize: 1190133760, resize: null, path: /dev/sda3, isInUse: false)], okForGuided: true, ptable: gpt, preserve: true, path: /dev/sda, bootDevice: false, canBeBootDevice: true, model: UDisk, vendor: General, hasInUsePartition: false), Disk(id: disk-sdb, label: General_UDisk-0:0, type: local disk, size: 31457280000, usageLabels: [], partitions: [PartitionOrGap.partition(size: 31422676992, number: 1, preserve: true, wipe: null, annotations: [existing, already formatted as exfat, not mounted], mount: null, format: exfat, grubDevice: false, boot: false, os: null, offset: 1048576, estimatedMinSize: -1, resize: null, path: /dev/sdb1, isInUse: false), PartitionOrGap.partition(size: 33554432, number: 2, preserve: true, wipe: null, annotations: [existing, unused], mount: null, format: null, grubDevice: false, boot: false, os: null, offset: 31423725568, estimatedMinSize: -1, resize: null, path: /dev/sdb2, isInUse: false)], okForGuided: true, ptable: msdos, preserve: true, path: /dev/sdb, bootDevice: false, canBeBootDevice: false, model: UDisk, vendor: General, hasInUsePartition: false), Disk(id: disk-nvme0n1, label: INTEL_SSDPEKNW010T9_BTNR02950QPS1P0B_1, type: local disk, size: 1024209543168, usageLabels: [], partitions: [PartitionOrGap.partition(size: 1024207093760, number: 1, preserve: true, wipe: null, annotations: [existing, already formatted as ntfs, not mounted], mount: null, format: ntfs, grubDevice: false, boot: false, os: null, offset: 1048576, estimatedMinSize: -1, resize: null, path: /dev/nvme0n1p1, isInUse: false), PartitionOrGap.gap(offset: 1024208142336, size: 1048576, usable: GapUsable.YES)], okForGuided: true, ptable: msdos, preserve: true, path: /dev/nvme0n1, bootDevice: false, canBeBootDevice: false, model: null, vendor: null, hasInUsePartition: false), Disk(id: disk-nvme1n1, label: SAMSUNG_MZVLB256HAHQ-000H1_S425NA0M309307_1, type: local disk, size: 256060514304, usageLabels: [], partitions: [PartitionOrGap.partition(size: 1127219200, number: 1, preserve: false, wipe: superblock, annotations: [new, primary ESP, to be formatted as fat32, mounted at /boot/efi], mount: /boot/efi, format: fat32, grubDevice: true, boot: true, os: null, offset: 1048576, estimatedMinSize: -1, resize: null, path: /dev/nvme1n1p1, isInUse: false), PartitionOrGap.partition(size: 2147483648, number: 2, preserve: false, wipe: superblock, annotations: [new, to be formatted as ext4, mounted at /boot], mount: /boot, format: ext4, grubDevice: null, boot: false, os: null, offset: 1128267776, estimatedMinSize: -1, resize: null, path: /dev/nvme1n1p2, isInUse: false), PartitionOrGap.partition(size: 252783362048, number: 3, preserve: false, wipe: superblock, annotations: [new, PV of LVM volume group ubuntu-vg], mount: null, format: null, grubDevice: null, boot: false, os: null, offset: 3275751424, estimatedMinSize: -1, resize: null, path: /dev/nvme1n1p3, isInUse: false)], okForGuided: true, ptable: gpt, preserve: false, path: /dev/nvme1n1, bootDevice: true, canBeBootDevice: true, model: null, vendor: null, hasInUsePartition: false)], needRoot: false, needBoot: false, installMinimumSize: 9185525760)
2024-08-08 14:54:31.068353 DEBUG subiquity_client: GET http://localhost/storage/v2/orig_config
2024-08-08 14:54:31.243647 DEBUG subiquity_client: ==> getOriginalStorageV2() {"status": "DONE", "error_report": null, "disks": [{"id": "disk-sda", "label": "General_UDisk_2504231843543787303313-0:0", "type": "local disk", "size": 31457280000, "usage_labels": [], "partitions": [{"size": 419430400, "number": 1, "preserve": true, "wipe": null, "annotations": ["existing", "already formatted as vfat", "not mounted"], "mount": null, "format": "vfat", "grub_device": false, "boot": false, "os": null, "offset": 209715200, "estimated_min_size": -1, "resize": null, "path": "/dev/sda1", "is_in_use": false, "$type": "Partition"}, {"size": 1127219200, "number": 2, "preserve": true, "wipe": null, "annotations": ["existing", "unused ESP", "already formatted as vfat"], "mount": null, "format": "vfat", "grub_device": false, "boot": true, "os": null, "offset": 629145600, "estimated_min_size": -1, "resize": null, "path": "/dev/sda2", "is_in_use": false, "$type": "Partition"}, {"size": 29699866624, "number": 3, "preserve": true, "wipe": null, "annotations": ["existing", "already formatted as ext4", "not mounted"], "mount": null, "format": "ext4", "grub_device": false, "boot": false, "os": {"long": "Ubuntu 24.04.1 LTS", "label": "Ubuntu", "type": "linux", "subpath": null, "versi...
2024-08-08 14:54:32.931249 DEBUG subiquity_client: GET http://localhost/meta/status
2024-08-08 14:54:32.931447 INFO slides: No custom slides found, using default slides.
2024-08-08 14:54:32.933389 DEBUG subiquity_client: ==> status() {"state": "WAITING", "confirming_tty": "", "error": null, "nonreportable_error": null, "cloud_init_ok": true, "interactive": true, "echo_syslog_id": "subiquity_echo.2700", "log_syslog_id": "subiquity_log.2700", "event_syslog_id": "subiquity_event.2700"}
2024-08-08 14:54:32.933435 INFO subiquity_client: state: null => WAITING
2024-08-08 14:54:32.953417 INFO subiquity_status: null => ApplicationStatus(state: ApplicationState.WAITING, confirmingTty: , error: null, nonreportableError: null, cloudInitOk: true, interactive: true, echoSyslogId: subiquity_echo.2700, logSyslogId: subiquity_log.2700, eventSyslogId: subiquity_event.2700)
2024-08-08 14:54:33.136244 DEBUG subiquity_client: POST http://localhost/meta/mark_configured?endpoint_names=%5B%22network%22%5D
2024-08-08 14:54:33.150261 DEBUG subiquity_client: ==> markConfigured([network]) null
2024-08-08 14:54:33.150299 DEBUG subiquity_client: POST http://localhost/meta/confirm?tty=%22%2Fdev%2Ftty1%22
2024-08-08 14:54:33.150502 INFO subiquity_status: WAITING => ApplicationStatus(state: ApplicationState.NEEDS_CONFIRMATION, confirmingTty: , error: null, nonreportableError: null, cloudInitOk: true, interactive: true, echoSyslogId: subiquity_echo.2700, logSyslogId: subiquity_log.2700, eventSyslogId: subiquity_event.2700)
2024-08-08 14:54:33.150737 INFO subiquity_status: WAITING => ApplicationStatus(state: ApplicationState.NEEDS_CONFIRMATION, confirmingTty: , error: null, nonreportableError: null, cloudInitOk: true, interactive: true, echoSyslogId: subiquity_echo.2700, logSyslogId: subiquity_log.2700, eventSyslogId: subiquity_event.2700)
2024-08-08 14:54:33.153293 DEBUG subiquity_client: ==> confirm(/dev/tty1) null
2024-08-08 14:54:33.153417 INFO subiquity_status: NEEDS_CONFIRMATION => ApplicationStatus(state: ApplicationState.RUNNING, confirmingTty: /dev/tty1, error: null, nonreportableError: null, cloudInitOk: true, interactive: true, echoSyslogId: subiquity_echo.2700, logSyslogId: subiquity_log.2700, eventSyslogId: subiquity_event.2700)
2024-08-08 14:54:33.153547 INFO subiquity_status: NEEDS_CONFIRMATION => ApplicationStatus(state: ApplicationState.RUNNING, confirmingTty: /dev/tty1, error: null, nonreportableError: null, cloudInitOk: true, interactive: true, echoSyslogId: subiquity_echo.2700, logSyslogId: subiquity_log.2700, eventSyslogId: subiquity_event.2700)
2024-08-08 14:57:44.319474 INFO subiquity_status: RUNNING => ApplicationStatus(state: ApplicationState.LATE_COMMANDS, confirmingTty: /dev/tty1, error: null, nonreportableError: null, cloudInitOk: true, interactive: true, echoSyslogId: subiquity_echo.2700, logSyslogId: subiquity_log.2700, eventSyslogId: subiquity_event.2700)
2024-08-08 14:57:44.319771 INFO subiquity_status: RUNNING => ApplicationStatus(state: ApplicationState.LATE_COMMANDS, confirmingTty: /dev/tty1, error: null, nonreportableError: null, cloudInitOk: true, interactive: true, echoSyslogId: subiquity_echo.2700, logSyslogId: subiquity_log.2700, eventSyslogId: subiquity_event.2700)
2024-08-08 14:57:46.237372 INFO subiquity_status: LATE_COMMANDS => ApplicationStatus(state: ApplicationState.DONE, confirmingTty: /dev/tty1, error: null, nonreportableError: null, cloudInitOk: true, interactive: true, echoSyslogId: subiquity_echo.2700, logSyslogId: subiquity_log.2700, eventSyslogId: subiquity_event.2700)
2024-08-08 14:57:46.237619 INFO subiquity_status: LATE_COMMANDS => ApplicationStatus(state: ApplicationState.DONE, confirmingTty: /dev/tty1, error: null, nonreportableError: null, cloudInitOk: true, interactive: true, echoSyslogId: subiquity_echo.2700, logSyslogId: subiquity_log.2700, eventSyslogId: subiquity_event.2700)
