
APPLYING DEFAULT FILTERS:
/private/var/mobile/Library/Logs/CrashReporter/DiagnosticLogs/sysdiagnose/IN_PROGRESS_sysdiagnose_2026.03.09_12-56-54+0000_iPhone-OS_iPhone_23D8133.tmp/Networking_sysdiagnose_temp.zOrGpJ/Networking/com.apple.networkextension.uuidcache.plist, Added to Candidate logs
/private/var/mobile/Library/Logs/CrashReporter/DiagnosticLogs/sysdiagnose/IN_PROGRESS_sysdiagnose_2026.03.09_12-56-54+0000_iPhone-OS_iPhone_23D8133.tmp/Networking_sysdiagnose_temp.zOrGpJ/Networking/route-info.txt, Added to Candidate logs
/private/var/mobile/Library/Logs/CrashReporter/DiagnosticLogs/sysdiagnose/IN_PROGRESS_sysdiagnose_2026.03.09_12-56-54+0000_iPhone-OS_iPhone_23D8133.tmp/Networking_sysdiagnose_temp.zOrGpJ/Networking/get-network-info.txt, Added to Candidate logs
/private/var/mobile/Library/Logs/CrashReporter/DiagnosticLogs/sysdiagnose/IN_PROGRESS_sysdiagnose_2026.03.09_12-56-54+0000_iPhone-OS_iPhone_23D8133.tmp/Networking_sysdiagnose_temp.zOrGpJ/Networking/com.apple.networkextension.control.plist, Added to Candidate logs
/private/var/mobile/Library/Logs/CrashReporter/DiagnosticLogs/sysdiagnose/IN_PROGRESS_sysdiagnose_2026.03.09_12-56-54+0000_iPhone-OS_iPhone_23D8133.tmp/Networking_sysdiagnose_temp.zOrGpJ/Networking/com.apple.networkextension.plist, Added to Candidate logs
/private/var/mobile/Library/Logs/CrashReporter/DiagnosticLogs/sysdiagnose/IN_PROGRESS_sysdiagnose_2026.03.09_12-56-54+0000_iPhone-OS_iPhone_23D8133.tmp/Networking_sysdiagnose_temp.zOrGpJ/Networking/netstat.txt, Added to Candidate logs
/private/var/mobile/Library/Logs/CrashReporter/DiagnosticLogs/sysdiagnose/IN_PROGRESS_sysdiagnose_2026.03.09_12-56-54+0000_iPhone-OS_iPhone_23D8133.tmp/Networking_sysdiagnose_temp.zOrGpJ/Networking/com.apple.networkextension.cache.plist, Added to Candidate logs
/private/var/mobile/Library/Logs/CrashReporter/DiagnosticLogs/sysdiagnose/IN_PROGRESS_sysdiagnose_2026.03.09_12-56-54+0000_iPhone-OS_iPhone_23D8133.tmp/Networking_sysdiagnose_temp.zOrGpJ/Networking/com.apple.networkextension.necp.plist, Added to Candidate logs
/private/var/mobile/Library/Logs/CrashReporter/DiagnosticLogs/sysdiagnose/IN_PROGRESS_sysdiagnose_2026.03.09_12-56-54+0000_iPhone-OS_iPhone_23D8133.tmp/Networking_sysdiagnose_temp.zOrGpJ/Networking/com.apple.networkd.plist, Added to Candidate logs
/private/var/mobile/Library/Logs/CrashReporter/DiagnosticLogs/sysdiagnose/IN_PROGRESS_sysdiagnose_2026.03.09_12-56-54+0000_iPhone-OS_iPhone_23D8133.tmp/Networking_sysdiagnose_temp.zOrGpJ/Networking/preferences.plist, Added to Candidate logs
/private/var/mobile/Library/Logs/CrashReporter/DiagnosticLogs/sysdiagnose/IN_PROGRESS_sysdiagnose_2026.03.09_12-56-54+0000_iPhone-OS_iPhone_23D8133.tmp/Networking_sysdiagnose_temp.zOrGpJ/Networking/NetworkInterfaces.plist, Added to Candidate logs
/private/var/mobile/Library/Logs/CrashReporter/DiagnosticLogs/sysdiagnose/IN_PROGRESS_sysdiagnose_2026.03.09_12-56-54+0000_iPhone-OS_iPhone_23D8133.tmp/Networking_sysdiagnose_temp.zOrGpJ/Networking/ndp-info.txt, Added to Candidate logs
/private/var/mobile/Library/Logs/CrashReporter/DiagnosticLogs/sysdiagnose/IN_PROGRESS_sysdiagnose_2026.03.09_12-56-54+0000_iPhone-OS_iPhone_23D8133.tmp/Networking_sysdiagnose_temp.zOrGpJ/Networking/skywalk.txt, Added to Candidate logs
/private/var/mobile/Library/Logs/CrashReporter/DiagnosticLogs/sysdiagnose/IN_PROGRESS_sysdiagnose_2026.03.09_12-56-54+0000_iPhone-OS_iPhone_23D8133.tmp/Networking_sysdiagnose_temp.zOrGpJ/Networking/ifconfig.txt, Added to Candidate logs
/private/var/mobile/Library/Logs/CrashReporter/DiagnosticLogs/sysdiagnose/IN_PROGRESS_sysdiagnose_2026.03.09_12-56-54+0000_iPhone-OS_iPhone_23D8133.tmp/Networking_sysdiagnose_temp.zOrGpJ/Networking/com.apple.networkd.networknomicon.plist, Added to Candidate logs


ENFORCING SIZE LIMIT OF 10 MB ON FILTERED CANDIDATES:

/private/var/mobile/Library/Logs/CrashReporter/DiagnosticLogs/sysdiagnose/IN_PROGRESS_sysdiagnose_2026.03.09_12-56-54+0000_iPhone-OS_iPhone_23D8133.tmp/Networking_sysdiagnose_temp.zOrGpJ/Networking/ndp-info.txt, Added (26 bytes)
/private/var/mobile/Library/Logs/CrashReporter/DiagnosticLogs/sysdiagnose/IN_PROGRESS_sysdiagnose_2026.03.09_12-56-54+0000_iPhone-OS_iPhone_23D8133.tmp/Networking_sysdiagnose_temp.zOrGpJ/Networking/route-info.txt, Added (1614 bytes)
/private/var/mobile/Library/Logs/CrashReporter/DiagnosticLogs/sysdiagnose/IN_PROGRESS_sysdiagnose_2026.03.09_12-56-54+0000_iPhone-OS_iPhone_23D8133.tmp/Networking_sysdiagnose_temp.zOrGpJ/Networking/skywalk.txt, Added (431543 bytes)
/private/var/mobile/Library/Logs/CrashReporter/DiagnosticLogs/sysdiagnose/IN_PROGRESS_sysdiagnose_2026.03.09_12-56-54+0000_iPhone-OS_iPhone_23D8133.tmp/Networking_sysdiagnose_temp.zOrGpJ/Networking/netstat.txt, Added (457527 bytes)
/private/var/mobile/Library/Logs/CrashReporter/DiagnosticLogs/sysdiagnose/IN_PROGRESS_sysdiagnose_2026.03.09_12-56-54+0000_iPhone-OS_iPhone_23D8133.tmp/Networking_sysdiagnose_temp.zOrGpJ/Networking/ifconfig.txt, Added (25540 bytes)
/private/var/mobile/Library/Logs/CrashReporter/DiagnosticLogs/sysdiagnose/IN_PROGRESS_sysdiagnose_2026.03.09_12-56-54+0000_iPhone-OS_iPhone_23D8133.tmp/Networking_sysdiagnose_temp.zOrGpJ/Networking/get-network-info.txt, Added (4574 bytes)
/private/var/mobile/Library/Logs/CrashReporter/DiagnosticLogs/sysdiagnose/IN_PROGRESS_sysdiagnose_2026.03.09_12-56-54+0000_iPhone-OS_iPhone_23D8133.tmp/Networking_sysdiagnose_temp.zOrGpJ/Networking/com.apple.networkextension.uuidcache.plist, Added (8546 bytes)
/private/var/mobile/Library/Logs/CrashReporter/DiagnosticLogs/sysdiagnose/IN_PROGRESS_sysdiagnose_2026.03.09_12-56-54+0000_iPhone-OS_iPhone_23D8133.tmp/Networking_sysdiagnose_temp.zOrGpJ/Networking/com.apple.networkextension.necp.plist, Added (241 bytes)
/private/var/mobile/Library/Logs/CrashReporter/DiagnosticLogs/sysdiagnose/IN_PROGRESS_sysdiagnose_2026.03.09_12-56-54+0000_iPhone-OS_iPhone_23D8133.tmp/Networking_sysdiagnose_temp.zOrGpJ/Networking/com.apple.networkextension.cache.plist, Added (554 bytes)
/private/var/mobile/Library/Logs/CrashReporter/DiagnosticLogs/sysdiagnose/IN_PROGRESS_sysdiagnose_2026.03.09_12-56-54+0000_iPhone-OS_iPhone_23D8133.tmp/Networking_sysdiagnose_temp.zOrGpJ/Networking/com.apple.networkextension.plist, Added (15549 bytes)
/private/var/mobile/Library/Logs/CrashReporter/DiagnosticLogs/sysdiagnose/IN_PROGRESS_sysdiagnose_2026.03.09_12-56-54+0000_iPhone-OS_iPhone_23D8133.tmp/Networking_sysdiagnose_temp.zOrGpJ/Networking/com.apple.networkextension.control.plist, Added (451 bytes)
/private/var/mobile/Library/Logs/CrashReporter/DiagnosticLogs/sysdiagnose/IN_PROGRESS_sysdiagnose_2026.03.09_12-56-54+0000_iPhone-OS_iPhone_23D8133.tmp/Networking_sysdiagnose_temp.zOrGpJ/Networking/NetworkInterfaces.plist, Added (1047 bytes)
/private/var/mobile/Library/Logs/CrashReporter/DiagnosticLogs/sysdiagnose/IN_PROGRESS_sysdiagnose_2026.03.09_12-56-54+0000_iPhone-OS_iPhone_23D8133.tmp/Networking_sysdiagnose_temp.zOrGpJ/Networking/preferences.plist, Added (7870 bytes)
/private/var/mobile/Library/Logs/CrashReporter/DiagnosticLogs/sysdiagnose/IN_PROGRESS_sysdiagnose_2026.03.09_12-56-54+0000_iPhone-OS_iPhone_23D8133.tmp/Networking_sysdiagnose_temp.zOrGpJ/Networking/com.apple.networkd.plist, Added (3775 bytes)
/private/var/mobile/Library/Logs/CrashReporter/DiagnosticLogs/sysdiagnose/IN_PROGRESS_sysdiagnose_2026.03.09_12-56-54+0000_iPhone-OS_iPhone_23D8133.tmp/Networking_sysdiagnose_temp.zOrGpJ/Networking/com.apple.networkd.networknomicon.plist, Added (434 bytes)

** DONE Enforcing size limit **

APPLYING DEFAULT FILTERS:
/private/var/preferences/com.apple.networkextension.plist, Added to Candidate logs
/private/var/preferences/com.apple.networkextension.control.plist, Added to Candidate logs
/private/var/preferences/com.apple.networkextension.necp.plist, Added to Candidate logs
/private/var/preferences/com.apple.networkextension.cache.plist, Added to Candidate logs
/private/var/preferences/SystemConfiguration/com.apple.nat.plist, File not found
/private/var/preferences/SystemConfiguration/com.apple.RemoteAccessServers.plist, File not found
/private/var/preferences/SystemConfiguration/com.apple.smb.server.plist, File not found
/private/var/preferences/SystemConfiguration/NetworkInterfaces.plist, Added to Candidate logs
/private/var/preferences/SystemConfiguration/preferences.plist, Added to Candidate logs
/private/var/preferences/com.apple.networkextension.uuidcache.plist, Added to Candidate logs
/private/var/log/vpnd.log, File not found
/private/var/log/racoon.log, File not found


ENFORCING SIZE LIMIT OF 5 MB ON FILTERED CANDIDATES:

/private/var/preferences/com.apple.networkextension.uuidcache.plist, Added (8637 bytes)
/private/var/preferences/com.apple.networkextension.necp.plist, Added (241 bytes)
/private/var/preferences/com.apple.networkextension.cache.plist, Added (554 bytes)
/private/var/preferences/com.apple.networkextension.plist, Added (15549 bytes)
/private/var/preferences/com.apple.networkextension.control.plist, Added (451 bytes)
/private/var/preferences/SystemConfiguration/NetworkInterfaces.plist, Added (1047 bytes)
/private/var/preferences/SystemConfiguration/preferences.plist, Added (7870 bytes)

** DONE Enforcing size limit **
