
APPLYING DEFAULT FILTERS:
/private/var/mobile/Library/Logs/CrashReporter/DiagnosticLogs/sysdiagnose/IN_PROGRESS_sysdiagnose_2026.03.09_12-56-54+0000_iPhone-OS_iPhone_23D8133.tmp/WiFi_sysdiagnose_temp.cExrpB/WiFi/Entity_2026-03-09_12:57:22.649_Policies.csv.tgz, Added to Candidate logs
/private/var/mobile/Library/Logs/CrashReporter/DiagnosticLogs/sysdiagnose/IN_PROGRESS_sysdiagnose_2026.03.09_12-56-54+0000_iPhone-OS_iPhone_23D8133.tmp/WiFi_sysdiagnose_temp.cExrpB/WiFi/Entity_2026-03-09_12:57:22.649_WiFiStat.csv.tgz, Added to Candidate logs
/private/var/mobile/Library/Logs/CrashReporter/DiagnosticLogs/sysdiagnose/IN_PROGRESS_sysdiagnose_2026.03.09_12-56-54+0000_iPhone-OS_iPhone_23D8133.tmp/WiFi_sysdiagnose_temp.cExrpB/WiFi/wifi_status.txt, Added to Candidate logs
/private/var/mobile/Library/Logs/CrashReporter/DiagnosticLogs/sysdiagnose/IN_PROGRESS_sysdiagnose_2026.03.09_12-56-54+0000_iPhone-OS_iPhone_23D8133.tmp/WiFi_sysdiagnose_temp.cExrpB/WiFi/Entity_2026-03-09_12:57:22.649_UsageMonthly.csv.tgz, Added to Candidate logs
/private/var/mobile/Library/Logs/CrashReporter/DiagnosticLogs/sysdiagnose/IN_PROGRESS_sysdiagnose_2026.03.09_12-56-54+0000_iPhone-OS_iPhone_23D8133.tmp/WiFi_sysdiagnose_temp.cExrpB/WiFi/Entity_2026-03-09_12:57:22.649_LAN.csv.tgz, Added to Candidate logs
/private/var/mobile/Library/Logs/CrashReporter/DiagnosticLogs/sysdiagnose/IN_PROGRESS_sysdiagnose_2026.03.09_12-56-54+0000_iPhone-OS_iPhone_23D8133.tmp/WiFi_sysdiagnose_temp.cExrpB/WiFi/network_status.txt, Added to Candidate logs
/private/var/mobile/Library/Logs/CrashReporter/DiagnosticLogs/sysdiagnose/IN_PROGRESS_sysdiagnose_2026.03.09_12-56-54+0000_iPhone-OS_iPhone_23D8133.tmp/WiFi_sysdiagnose_temp.cExrpB/WiFi/Entity_2026-03-09_12:57:22.649_PoliciesNetworkTraits.csv.tgz, Added to Candidate logs
/private/var/mobile/Library/Logs/CrashReporter/DiagnosticLogs/sysdiagnose/IN_PROGRESS_sysdiagnose_2026.03.09_12-56-54+0000_iPhone-OS_iPhone_23D8133.tmp/WiFi_sysdiagnose_temp.cExrpB/WiFi/Entity_2026-03-09_12:57:22.649_PoliciesNetworkDeploymentMetric.csv.tgz, Added to Candidate logs
/private/var/mobile/Library/Logs/CrashReporter/DiagnosticLogs/sysdiagnose/IN_PROGRESS_sysdiagnose_2026.03.09_12-56-54+0000_iPhone-OS_iPhone_23D8133.tmp/WiFi_sysdiagnose_temp.cExrpB/WiFi/leaky_ap_stats.txt, Added to Candidate logs
/private/var/mobile/Library/Logs/CrashReporter/DiagnosticLogs/sysdiagnose/IN_PROGRESS_sysdiagnose_2026.03.09_12-56-54+0000_iPhone-OS_iPhone_23D8133.tmp/WiFi_sysdiagnose_temp.cExrpB/WiFi/Entity_2026-03-09_12:57:22.649_Roam.csv.tgz, Added to Candidate logs
/private/var/mobile/Library/Logs/CrashReporter/DiagnosticLogs/sysdiagnose/IN_PROGRESS_sysdiagnose_2026.03.09_12-56-54+0000_iPhone-OS_iPhone_23D8133.tmp/WiFi_sysdiagnose_temp.cExrpB/WiFi/com.apple.wifi.plist, Added to Candidate logs
/private/var/mobile/Library/Logs/CrashReporter/DiagnosticLogs/sysdiagnose/IN_PROGRESS_sysdiagnose_2026.03.09_12-56-54+0000_iPhone-OS_iPhone_23D8133.tmp/WiFi_sysdiagnose_temp.cExrpB/WiFi/3bars.txt, Added to Candidate logs
/private/var/mobile/Library/Logs/CrashReporter/DiagnosticLogs/sysdiagnose/IN_PROGRESS_sysdiagnose_2026.03.09_12-56-54+0000_iPhone-OS_iPhone_23D8133.tmp/WiFi_sysdiagnose_temp.cExrpB/WiFi/debug-log.txt, Added to Candidate logs
/private/var/mobile/Library/Logs/CrashReporter/DiagnosticLogs/sysdiagnose/IN_PROGRESS_sysdiagnose_2026.03.09_12-56-54+0000_iPhone-OS_iPhone_23D8133.tmp/WiFi_sysdiagnose_temp.cExrpB/WiFi/LEGACY_com.apple.wifi-networks.plist, Added to Candidate logs
/private/var/mobile/Library/Logs/CrashReporter/DiagnosticLogs/sysdiagnose/IN_PROGRESS_sysdiagnose_2026.03.09_12-56-54+0000_iPhone-OS_iPhone_23D8133.tmp/WiFi_sysdiagnose_temp.cExrpB/WiFi/diagnostics-connectivity.txt, Added to Candidate logs
/private/var/mobile/Library/Logs/CrashReporter/DiagnosticLogs/sysdiagnose/IN_PROGRESS_sysdiagnose_2026.03.09_12-56-54+0000_iPhone-OS_iPhone_23D8133.tmp/WiFi_sysdiagnose_temp.cExrpB/WiFi/Entity_2026-03-09_12:57:22.649_Join.csv.tgz, Added to Candidate logs
/private/var/mobile/Library/Logs/CrashReporter/DiagnosticLogs/sysdiagnose/IN_PROGRESS_sysdiagnose_2026.03.09_12-56-54+0000_iPhone-OS_iPhone_23D8133.tmp/WiFi_sysdiagnose_temp.cExrpB/WiFi/Entity_2026-03-09_12:57:22.649_Fault.csv.tgz, Added to Candidate logs
/private/var/mobile/Library/Logs/CrashReporter/DiagnosticLogs/sysdiagnose/IN_PROGRESS_sysdiagnose_2026.03.09_12-56-54+0000_iPhone-OS_iPhone_23D8133.tmp/WiFi_sysdiagnose_temp.cExrpB/WiFi/wifi_logarchive.log, Added to Candidate logs
/private/var/mobile/Library/Logs/CrashReporter/DiagnosticLogs/sysdiagnose/IN_PROGRESS_sysdiagnose_2026.03.09_12-56-54+0000_iPhone-OS_iPhone_23D8133.tmp/WiFi_sysdiagnose_temp.cExrpB/WiFi/wifi_scan.txt, Added to Candidate logs
/private/var/mobile/Library/Logs/CrashReporter/DiagnosticLogs/sysdiagnose/IN_PROGRESS_sysdiagnose_2026.03.09_12-56-54+0000_iPhone-OS_iPhone_23D8133.tmp/WiFi_sysdiagnose_temp.cExrpB/WiFi/Entity_2026-03-09_12:57:22.649_LinkTest.csv.tgz, Added to Candidate logs
/private/var/mobile/Library/Logs/CrashReporter/DiagnosticLogs/sysdiagnose/IN_PROGRESS_sysdiagnose_2026.03.09_12-56-54+0000_iPhone-OS_iPhone_23D8133.tmp/WiFi_sysdiagnose_temp.cExrpB/WiFi/diagnostics-environment.txt, Added to Candidate logs
/private/var/mobile/Library/Logs/CrashReporter/DiagnosticLogs/sysdiagnose/IN_PROGRESS_sysdiagnose_2026.03.09_12-56-54+0000_iPhone-OS_iPhone_23D8133.tmp/WiFi_sysdiagnose_temp.cExrpB/WiFi/Entity_2026-03-09_12:57:22.649_PoliciesPruning.csv.tgz, Added to Candidate logs
/private/var/mobile/Library/Logs/CrashReporter/DiagnosticLogs/sysdiagnose/IN_PROGRESS_sysdiagnose_2026.03.09_12-56-54+0000_iPhone-OS_iPhone_23D8133.tmp/WiFi_sysdiagnose_temp.cExrpB/WiFi/Entity_2026-03-09_12:57:22.649_UsageWeekly.csv.tgz, Added to Candidate logs
/private/var/mobile/Library/Logs/CrashReporter/DiagnosticLogs/sysdiagnose/IN_PROGRESS_sysdiagnose_2026.03.09_12-56-54+0000_iPhone-OS_iPhone_23D8133.tmp/WiFi_sysdiagnose_temp.cExrpB/WiFi/Entity_2026-03-09_12:57:22.649_Recovery.csv.tgz, Added to Candidate logs
/private/var/mobile/Library/Logs/CrashReporter/DiagnosticLogs/sysdiagnose/IN_PROGRESS_sysdiagnose_2026.03.09_12-56-54+0000_iPhone-OS_iPhone_23D8133.tmp/WiFi_sysdiagnose_temp.cExrpB/WiFi/Entity_2026-03-09_12:57:22.649_PoliciesRoaming.csv.tgz, Added to Candidate logs
/private/var/mobile/Library/Logs/CrashReporter/DiagnosticLogs/sysdiagnose/IN_PROGRESS_sysdiagnose_2026.03.09_12-56-54+0000_iPhone-OS_iPhone_23D8133.tmp/WiFi_sysdiagnose_temp.cExrpB/WiFi/wifi_datapath-PRE.txt, Added to Candidate logs
/private/var/mobile/Library/Logs/CrashReporter/DiagnosticLogs/sysdiagnose/IN_PROGRESS_sysdiagnose_2026.03.09_12-56-54+0000_iPhone-OS_iPhone_23D8133.tmp/WiFi_sysdiagnose_temp.cExrpB/WiFi/mobilewifitool.txt, Added to Candidate logs
/private/var/mobile/Library/Logs/CrashReporter/DiagnosticLogs/sysdiagnose/IN_PROGRESS_sysdiagnose_2026.03.09_12-56-54+0000_iPhone-OS_iPhone_23D8133.tmp/WiFi_sysdiagnose_temp.cExrpB/WiFi/arp.txt, Added to Candidate logs
/private/var/mobile/Library/Logs/CrashReporter/DiagnosticLogs/sysdiagnose/IN_PROGRESS_sysdiagnose_2026.03.09_12-56-54+0000_iPhone-OS_iPhone_23D8133.tmp/WiFi_sysdiagnose_temp.cExrpB/WiFi/Entity_2026-03-09_12:57:22.649_BSS.csv.tgz, Added to Candidate logs
/private/var/mobile/Library/Logs/CrashReporter/DiagnosticLogs/sysdiagnose/IN_PROGRESS_sysdiagnose_2026.03.09_12-56-54+0000_iPhone-OS_iPhone_23D8133.tmp/WiFi_sysdiagnose_temp.cExrpB/WiFi/Entity_2026-03-09_12:57:22.649_Network.csv.tgz, Added to Candidate logs
/private/var/mobile/Library/Logs/CrashReporter/DiagnosticLogs/sysdiagnose/IN_PROGRESS_sysdiagnose_2026.03.09_12-56-54+0000_iPhone-OS_iPhone_23D8133.tmp/WiFi_sysdiagnose_temp.cExrpB/WiFi/bluetooth_status.txt, Added to Candidate logs
/private/var/mobile/Library/Logs/CrashReporter/DiagnosticLogs/sysdiagnose/IN_PROGRESS_sysdiagnose_2026.03.09_12-56-54+0000_iPhone-OS_iPhone_23D8133.tmp/WiFi_sysdiagnose_temp.cExrpB/WiFi/wifi_datapath-POST.txt, Added to Candidate logs
/private/var/mobile/Library/Logs/CrashReporter/DiagnosticLogs/sysdiagnose/IN_PROGRESS_sysdiagnose_2026.03.09_12-56-54+0000_iPhone-OS_iPhone_23D8133.tmp/WiFi_sysdiagnose_temp.cExrpB/WiFi/Entity_2026-03-09_12:57:22.649_DiagnosticState.csv.tgz, Added to Candidate logs
/private/var/mobile/Library/Logs/CrashReporter/DiagnosticLogs/sysdiagnose/IN_PROGRESS_sysdiagnose_2026.03.09_12-56-54+0000_iPhone-OS_iPhone_23D8133.tmp/WiFi_sysdiagnose_temp.cExrpB/WiFi/Entity_2026-03-09_12:57:22.649_Event.csv.tgz, Added to Candidate logs
/private/var/mobile/Library/Logs/CrashReporter/DiagnosticLogs/sysdiagnose/IN_PROGRESS_sysdiagnose_2026.03.09_12-56-54+0000_iPhone-OS_iPhone_23D8133.tmp/WiFi_sysdiagnose_temp.cExrpB/WiFi/Entity_2026-03-09_12:57:22.649_MetricEntry.csv.tgz, Added to Candidate logs
/private/var/mobile/Library/Logs/CrashReporter/DiagnosticLogs/sysdiagnose/IN_PROGRESS_sysdiagnose_2026.03.09_12-56-54+0000_iPhone-OS_iPhone_23D8133.tmp/WiFi_sysdiagnose_temp.cExrpB/WiFi/com.apple.wifi-private-mac-networks.plist, Added to Candidate logs
/private/var/mobile/Library/Logs/CrashReporter/DiagnosticLogs/sysdiagnose/IN_PROGRESS_sysdiagnose_2026.03.09_12-56-54+0000_iPhone-OS_iPhone_23D8133.tmp/WiFi_sysdiagnose_temp.cExrpB/WiFi/diagnostics-configuration.txt, Added to Candidate logs
/private/var/mobile/Library/Logs/CrashReporter/DiagnosticLogs/sysdiagnose/IN_PROGRESS_sysdiagnose_2026.03.09_12-56-54+0000_iPhone-OS_iPhone_23D8133.tmp/WiFi_sysdiagnose_temp.cExrpB/WiFi/Entity_2026-03-09_12:57:22.649_Scan.csv.tgz, Added to Candidate logs
/private/var/mobile/Library/Logs/CrashReporter/DiagnosticLogs/sysdiagnose/IN_PROGRESS_sysdiagnose_2026.03.09_12-56-54+0000_iPhone-OS_iPhone_23D8133.tmp/WiFi_sysdiagnose_temp.cExrpB/WiFi/ifconfig.txt, Added to Candidate logs
/private/var/mobile/Library/Logs/CrashReporter/DiagnosticLogs/sysdiagnose/IN_PROGRESS_sysdiagnose_2026.03.09_12-56-54+0000_iPhone-OS_iPhone_23D8133.tmp/WiFi_sysdiagnose_temp.cExrpB/WiFi/netstat-PRE.txt, Added to Candidate logs
/private/var/mobile/Library/Logs/CrashReporter/DiagnosticLogs/sysdiagnose/IN_PROGRESS_sysdiagnose_2026.03.09_12-56-54+0000_iPhone-OS_iPhone_23D8133.tmp/WiFi_sysdiagnose_temp.cExrpB/WiFi/Entity_2026-03-09_12:57:22.649_PoliciesUsage.csv.tgz, Added to Candidate logs
/private/var/mobile/Library/Logs/CrashReporter/DiagnosticLogs/sysdiagnose/IN_PROGRESS_sysdiagnose_2026.03.09_12-56-54+0000_iPhone-OS_iPhone_23D8133.tmp/WiFi_sysdiagnose_temp.cExrpB/WiFi/AnalyticsStoreDump_2026-03-09_12:57:22.606.txt.tgz, Added to Candidate logs
/private/var/mobile/Library/Logs/CrashReporter/DiagnosticLogs/sysdiagnose/IN_PROGRESS_sysdiagnose_2026.03.09_12-56-54+0000_iPhone-OS_iPhone_23D8133.tmp/WiFi_sysdiagnose_temp.cExrpB/WiFi/awdl_status.txt, Added to Candidate logs
/private/var/mobile/Library/Logs/CrashReporter/DiagnosticLogs/sysdiagnose/IN_PROGRESS_sysdiagnose_2026.03.09_12-56-54+0000_iPhone-OS_iPhone_23D8133.tmp/WiFi_sysdiagnose_temp.cExrpB/WiFi/wifi_scan_cache.txt, Added to Candidate logs
/private/var/mobile/Library/Logs/CrashReporter/DiagnosticLogs/sysdiagnose/IN_PROGRESS_sysdiagnose_2026.03.09_12-56-54+0000_iPhone-OS_iPhone_23D8133.tmp/WiFi_sysdiagnose_temp.cExrpB/WiFi/Entity_2026-03-09_12:57:22.649_Leave.csv.tgz, Added to Candidate logs
/private/var/mobile/Library/Logs/CrashReporter/DiagnosticLogs/sysdiagnose/IN_PROGRESS_sysdiagnose_2026.03.09_12-56-54+0000_iPhone-OS_iPhone_23D8133.tmp/WiFi_sysdiagnose_temp.cExrpB/WiFi/netstat-POST.txt, Added to Candidate logs


ENFORCING SIZE LIMIT OF 10 MB ON FILTERED CANDIDATES:

/private/var/mobile/Library/Logs/CrashReporter/DiagnosticLogs/sysdiagnose/IN_PROGRESS_sysdiagnose_2026.03.09_12-56-54+0000_iPhone-OS_iPhone_23D8133.tmp/WiFi_sysdiagnose_temp.cExrpB/WiFi/debug-log.txt, Added (6413 bytes)
/private/var/mobile/Library/Logs/CrashReporter/DiagnosticLogs/sysdiagnose/IN_PROGRESS_sysdiagnose_2026.03.09_12-56-54+0000_iPhone-OS_iPhone_23D8133.tmp/WiFi_sysdiagnose_temp.cExrpB/WiFi/wifi_datapath-PRE.txt, Added (24573 bytes)
/private/var/mobile/Library/Logs/CrashReporter/DiagnosticLogs/sysdiagnose/IN_PROGRESS_sysdiagnose_2026.03.09_12-56-54+0000_iPhone-OS_iPhone_23D8133.tmp/WiFi_sysdiagnose_temp.cExrpB/WiFi/wifi_datapath-POST.txt, Added (24573 bytes)
/private/var/mobile/Library/Logs/CrashReporter/DiagnosticLogs/sysdiagnose/IN_PROGRESS_sysdiagnose_2026.03.09_12-56-54+0000_iPhone-OS_iPhone_23D8133.tmp/WiFi_sysdiagnose_temp.cExrpB/WiFi/Entity_2026-03-09_12:57:22.649_WiFiStat.csv.tgz, Added (1057 bytes)
/private/var/mobile/Library/Logs/CrashReporter/DiagnosticLogs/sysdiagnose/IN_PROGRESS_sysdiagnose_2026.03.09_12-56-54+0000_iPhone-OS_iPhone_23D8133.tmp/WiFi_sysdiagnose_temp.cExrpB/WiFi/Entity_2026-03-09_12:57:22.649_UsageWeekly.csv.tgz, Added (488 bytes)
/private/var/mobile/Library/Logs/CrashReporter/DiagnosticLogs/sysdiagnose/IN_PROGRESS_sysdiagnose_2026.03.09_12-56-54+0000_iPhone-OS_iPhone_23D8133.tmp/WiFi_sysdiagnose_temp.cExrpB/WiFi/Entity_2026-03-09_12:57:22.649_UsageMonthly.csv.tgz, Added (491 bytes)
/private/var/mobile/Library/Logs/CrashReporter/DiagnosticLogs/sysdiagnose/IN_PROGRESS_sysdiagnose_2026.03.09_12-56-54+0000_iPhone-OS_iPhone_23D8133.tmp/WiFi_sysdiagnose_temp.cExrpB/WiFi/Entity_2026-03-09_12:57:22.649_Scan.csv.tgz, Added (256 bytes)
/private/var/mobile/Library/Logs/CrashReporter/DiagnosticLogs/sysdiagnose/IN_PROGRESS_sysdiagnose_2026.03.09_12-56-54+0000_iPhone-OS_iPhone_23D8133.tmp/WiFi_sysdiagnose_temp.cExrpB/WiFi/Entity_2026-03-09_12:57:22.649_Roam.csv.tgz, Added (529 bytes)
/private/var/mobile/Library/Logs/CrashReporter/DiagnosticLogs/sysdiagnose/IN_PROGRESS_sysdiagnose_2026.03.09_12-56-54+0000_iPhone-OS_iPhone_23D8133.tmp/WiFi_sysdiagnose_temp.cExrpB/WiFi/Entity_2026-03-09_12:57:22.649_Recovery.csv.tgz, Added (256 bytes)
/private/var/mobile/Library/Logs/CrashReporter/DiagnosticLogs/sysdiagnose/IN_PROGRESS_sysdiagnose_2026.03.09_12-56-54+0000_iPhone-OS_iPhone_23D8133.tmp/WiFi_sysdiagnose_temp.cExrpB/WiFi/Entity_2026-03-09_12:57:22.649_PoliciesUsage.csv.tgz, Added (277 bytes)
/private/var/mobile/Library/Logs/CrashReporter/DiagnosticLogs/sysdiagnose/IN_PROGRESS_sysdiagnose_2026.03.09_12-56-54+0000_iPhone-OS_iPhone_23D8133.tmp/WiFi_sysdiagnose_temp.cExrpB/WiFi/Entity_2026-03-09_12:57:22.649_PoliciesRoaming.csv.tgz, Added (269 bytes)
/private/var/mobile/Library/Logs/CrashReporter/DiagnosticLogs/sysdiagnose/IN_PROGRESS_sysdiagnose_2026.03.09_12-56-54+0000_iPhone-OS_iPhone_23D8133.tmp/WiFi_sysdiagnose_temp.cExrpB/WiFi/Entity_2026-03-09_12:57:22.649_PoliciesPruning.csv.tgz, Added (291 bytes)
/private/var/mobile/Library/Logs/CrashReporter/DiagnosticLogs/sysdiagnose/IN_PROGRESS_sysdiagnose_2026.03.09_12-56-54+0000_iPhone-OS_iPhone_23D8133.tmp/WiFi_sysdiagnose_temp.cExrpB/WiFi/Entity_2026-03-09_12:57:22.649_PoliciesNetworkTraits.csv.tgz, Added (271 bytes)
/private/var/mobile/Library/Logs/CrashReporter/DiagnosticLogs/sysdiagnose/IN_PROGRESS_sysdiagnose_2026.03.09_12-56-54+0000_iPhone-OS_iPhone_23D8133.tmp/WiFi_sysdiagnose_temp.cExrpB/WiFi/Entity_2026-03-09_12:57:22.649_PoliciesNetworkDeploymentMetric.csv.tgz, Added (278 bytes)
/private/var/mobile/Library/Logs/CrashReporter/DiagnosticLogs/sysdiagnose/IN_PROGRESS_sysdiagnose_2026.03.09_12-56-54+0000_iPhone-OS_iPhone_23D8133.tmp/WiFi_sysdiagnose_temp.cExrpB/WiFi/Entity_2026-03-09_12:57:22.649_Policies.csv.tgz, Added (254 bytes)
/private/var/mobile/Library/Logs/CrashReporter/DiagnosticLogs/sysdiagnose/IN_PROGRESS_sysdiagnose_2026.03.09_12-56-54+0000_iPhone-OS_iPhone_23D8133.tmp/WiFi_sysdiagnose_temp.cExrpB/WiFi/Entity_2026-03-09_12:57:22.649_Network.csv.tgz, Added (528 bytes)
/private/var/mobile/Library/Logs/CrashReporter/DiagnosticLogs/sysdiagnose/IN_PROGRESS_sysdiagnose_2026.03.09_12-56-54+0000_iPhone-OS_iPhone_23D8133.tmp/WiFi_sysdiagnose_temp.cExrpB/WiFi/Entity_2026-03-09_12:57:22.649_MetricEntry.csv.tgz, Added (238 bytes)
/private/var/mobile/Library/Logs/CrashReporter/DiagnosticLogs/sysdiagnose/IN_PROGRESS_sysdiagnose_2026.03.09_12-56-54+0000_iPhone-OS_iPhone_23D8133.tmp/WiFi_sysdiagnose_temp.cExrpB/WiFi/Entity_2026-03-09_12:57:22.649_LinkTest.csv.tgz, Added (470 bytes)
/private/var/mobile/Library/Logs/CrashReporter/DiagnosticLogs/sysdiagnose/IN_PROGRESS_sysdiagnose_2026.03.09_12-56-54+0000_iPhone-OS_iPhone_23D8133.tmp/WiFi_sysdiagnose_temp.cExrpB/WiFi/Entity_2026-03-09_12:57:22.649_Leave.csv.tgz, Added (333 bytes)
/private/var/mobile/Library/Logs/CrashReporter/DiagnosticLogs/sysdiagnose/IN_PROGRESS_sysdiagnose_2026.03.09_12-56-54+0000_iPhone-OS_iPhone_23D8133.tmp/WiFi_sysdiagnose_temp.cExrpB/WiFi/Entity_2026-03-09_12:57:22.649_LAN.csv.tgz, Added (415 bytes)
/private/var/mobile/Library/Logs/CrashReporter/DiagnosticLogs/sysdiagnose/IN_PROGRESS_sysdiagnose_2026.03.09_12-56-54+0000_iPhone-OS_iPhone_23D8133.tmp/WiFi_sysdiagnose_temp.cExrpB/WiFi/Entity_2026-03-09_12:57:22.649_Join.csv.tgz, Added (482 bytes)
/private/var/mobile/Library/Logs/CrashReporter/DiagnosticLogs/sysdiagnose/IN_PROGRESS_sysdiagnose_2026.03.09_12-56-54+0000_iPhone-OS_iPhone_23D8133.tmp/WiFi_sysdiagnose_temp.cExrpB/WiFi/Entity_2026-03-09_12:57:22.649_Fault.csv.tgz, Added (257 bytes)
/private/var/mobile/Library/Logs/CrashReporter/DiagnosticLogs/sysdiagnose/IN_PROGRESS_sysdiagnose_2026.03.09_12-56-54+0000_iPhone-OS_iPhone_23D8133.tmp/WiFi_sysdiagnose_temp.cExrpB/WiFi/Entity_2026-03-09_12:57:22.649_Event.csv.tgz, Added (432 bytes)
/private/var/mobile/Library/Logs/CrashReporter/DiagnosticLogs/sysdiagnose/IN_PROGRESS_sysdiagnose_2026.03.09_12-56-54+0000_iPhone-OS_iPhone_23D8133.tmp/WiFi_sysdiagnose_temp.cExrpB/WiFi/Entity_2026-03-09_12:57:22.649_DiagnosticState.csv.tgz, Added (506 bytes)
/private/var/mobile/Library/Logs/CrashReporter/DiagnosticLogs/sysdiagnose/IN_PROGRESS_sysdiagnose_2026.03.09_12-56-54+0000_iPhone-OS_iPhone_23D8133.tmp/WiFi_sysdiagnose_temp.cExrpB/WiFi/Entity_2026-03-09_12:57:22.649_BSS.csv.tgz, Added (591 bytes)
/private/var/mobile/Library/Logs/CrashReporter/DiagnosticLogs/sysdiagnose/IN_PROGRESS_sysdiagnose_2026.03.09_12-56-54+0000_iPhone-OS_iPhone_23D8133.tmp/WiFi_sysdiagnose_temp.cExrpB/WiFi/AnalyticsStoreDump_2026-03-09_12:57:22.606.txt.tgz, Added (1804 bytes)
/private/var/mobile/Library/Logs/CrashReporter/DiagnosticLogs/sysdiagnose/IN_PROGRESS_sysdiagnose_2026.03.09_12-56-54+0000_iPhone-OS_iPhone_23D8133.tmp/WiFi_sysdiagnose_temp.cExrpB/WiFi/3bars.txt, Added (282 bytes)
/private/var/mobile/Library/Logs/CrashReporter/DiagnosticLogs/sysdiagnose/IN_PROGRESS_sysdiagnose_2026.03.09_12-56-54+0000_iPhone-OS_iPhone_23D8133.tmp/WiFi_sysdiagnose_temp.cExrpB/WiFi/wifi_scan.txt, Added (5770 bytes)
/private/var/mobile/Library/Logs/CrashReporter/DiagnosticLogs/sysdiagnose/IN_PROGRESS_sysdiagnose_2026.03.09_12-56-54+0000_iPhone-OS_iPhone_23D8133.tmp/WiFi_sysdiagnose_temp.cExrpB/WiFi/diagnostics-environment.txt, Added (1875 bytes)
/private/var/mobile/Library/Logs/CrashReporter/DiagnosticLogs/sysdiagnose/IN_PROGRESS_sysdiagnose_2026.03.09_12-56-54+0000_iPhone-OS_iPhone_23D8133.tmp/WiFi_sysdiagnose_temp.cExrpB/WiFi/wifi_scan_cache.txt, Added (124 bytes)
/private/var/mobile/Library/Logs/CrashReporter/DiagnosticLogs/sysdiagnose/IN_PROGRESS_sysdiagnose_2026.03.09_12-56-54+0000_iPhone-OS_iPhone_23D8133.tmp/WiFi_sysdiagnose_temp.cExrpB/WiFi/wifi_logarchive.log, Added (0 bytes)
/private/var/mobile/Library/Logs/CrashReporter/DiagnosticLogs/sysdiagnose/IN_PROGRESS_sysdiagnose_2026.03.09_12-56-54+0000_iPhone-OS_iPhone_23D8133.tmp/WiFi_sysdiagnose_temp.cExrpB/WiFi/netstat-POST.txt, Added (56342 bytes)
/private/var/mobile/Library/Logs/CrashReporter/DiagnosticLogs/sysdiagnose/IN_PROGRESS_sysdiagnose_2026.03.09_12-56-54+0000_iPhone-OS_iPhone_23D8133.tmp/WiFi_sysdiagnose_temp.cExrpB/WiFi/diagnostics-connectivity.txt, Added (3794 bytes)
/private/var/mobile/Library/Logs/CrashReporter/DiagnosticLogs/sysdiagnose/IN_PROGRESS_sysdiagnose_2026.03.09_12-56-54+0000_iPhone-OS_iPhone_23D8133.tmp/WiFi_sysdiagnose_temp.cExrpB/WiFi/netstat-PRE.txt, Added (55891 bytes)
/private/var/mobile/Library/Logs/CrashReporter/DiagnosticLogs/sysdiagnose/IN_PROGRESS_sysdiagnose_2026.03.09_12-56-54+0000_iPhone-OS_iPhone_23D8133.tmp/WiFi_sysdiagnose_temp.cExrpB/WiFi/leaky_ap_stats.txt, Added (2435 bytes)
/private/var/mobile/Library/Logs/CrashReporter/DiagnosticLogs/sysdiagnose/IN_PROGRESS_sysdiagnose_2026.03.09_12-56-54+0000_iPhone-OS_iPhone_23D8133.tmp/WiFi_sysdiagnose_temp.cExrpB/WiFi/diagnostics-configuration.txt, Added (4138 bytes)
/private/var/mobile/Library/Logs/CrashReporter/DiagnosticLogs/sysdiagnose/IN_PROGRESS_sysdiagnose_2026.03.09_12-56-54+0000_iPhone-OS_iPhone_23D8133.tmp/WiFi_sysdiagnose_temp.cExrpB/WiFi/awdl_status.txt, Added (1640 bytes)
/private/var/mobile/Library/Logs/CrashReporter/DiagnosticLogs/sysdiagnose/IN_PROGRESS_sysdiagnose_2026.03.09_12-56-54+0000_iPhone-OS_iPhone_23D8133.tmp/WiFi_sysdiagnose_temp.cExrpB/WiFi/wifi_status.txt, Added (1856 bytes)
/private/var/mobile/Library/Logs/CrashReporter/DiagnosticLogs/sysdiagnose/IN_PROGRESS_sysdiagnose_2026.03.09_12-56-54+0000_iPhone-OS_iPhone_23D8133.tmp/WiFi_sysdiagnose_temp.cExrpB/WiFi/network_status.txt, Added (281 bytes)
/private/var/mobile/Library/Logs/CrashReporter/DiagnosticLogs/sysdiagnose/IN_PROGRESS_sysdiagnose_2026.03.09_12-56-54+0000_iPhone-OS_iPhone_23D8133.tmp/WiFi_sysdiagnose_temp.cExrpB/WiFi/bluetooth_status.txt, Added (241 bytes)
/private/var/mobile/Library/Logs/CrashReporter/DiagnosticLogs/sysdiagnose/IN_PROGRESS_sysdiagnose_2026.03.09_12-56-54+0000_iPhone-OS_iPhone_23D8133.tmp/WiFi_sysdiagnose_temp.cExrpB/WiFi/ifconfig.txt, Added (25772 bytes)
/private/var/mobile/Library/Logs/CrashReporter/DiagnosticLogs/sysdiagnose/IN_PROGRESS_sysdiagnose_2026.03.09_12-56-54+0000_iPhone-OS_iPhone_23D8133.tmp/WiFi_sysdiagnose_temp.cExrpB/WiFi/arp.txt, Added (388 bytes)
/private/var/mobile/Library/Logs/CrashReporter/DiagnosticLogs/sysdiagnose/IN_PROGRESS_sysdiagnose_2026.03.09_12-56-54+0000_iPhone-OS_iPhone_23D8133.tmp/WiFi_sysdiagnose_temp.cExrpB/WiFi/mobilewifitool.txt, Added (570 bytes)
/private/var/mobile/Library/Logs/CrashReporter/DiagnosticLogs/sysdiagnose/IN_PROGRESS_sysdiagnose_2026.03.09_12-56-54+0000_iPhone-OS_iPhone_23D8133.tmp/WiFi_sysdiagnose_temp.cExrpB/WiFi/com.apple.wifi-private-mac-networks.plist, Added (961 bytes)
/private/var/mobile/Library/Logs/CrashReporter/DiagnosticLogs/sysdiagnose/IN_PROGRESS_sysdiagnose_2026.03.09_12-56-54+0000_iPhone-OS_iPhone_23D8133.tmp/WiFi_sysdiagnose_temp.cExrpB/WiFi/com.apple.wifi.plist, Added (1196 bytes)
/private/var/mobile/Library/Logs/CrashReporter/DiagnosticLogs/sysdiagnose/IN_PROGRESS_sysdiagnose_2026.03.09_12-56-54+0000_iPhone-OS_iPhone_23D8133.tmp/WiFi_sysdiagnose_temp.cExrpB/WiFi/LEGACY_com.apple.wifi-networks.plist, Added (42 bytes)

** DONE Enforcing size limit **
