time=2026-03-08_06:24:16 op=NEW                        
time=2026-03-08_06:24:57 op=SET_CONFIG_NEW_SET_CONFIG   layer=MANAGER                   configured=0001 requested:0000 fromPallas:0000 vending:0000 id-UNKNOWN                                  set=com.apple.siri.uaf.platform domain=com.apple.UnifiedAssetFramework | setConfigurationSelectUsingInfoInstance
time=2026-03-08_06:24:57 op=ADD_AI_ROUTING_NEW_SET_JOB  layer=MANAGER                   count=0001 id=A988DA08-E9FB-427B-B3B2-FDD3246D5229 set=com.apple.siri.uaf.platform domain=com.apple.UnifiedAssetFramework | (com.apple.siri.uaf.osupdates)
time=2026-03-08_06:24:57 op=SET_CONFIG_NEW_SET_CONFIG   layer=MANAGER                   configured=0002 requested:0000 fromPallas:0000 vending:0000 id-UNKNOWN                                  set=com.apple.aonsense domain=com.apple.UnifiedAssetFramework | setConfigurationSelectUsingInfoInstance
time=2026-03-08_06:24:57 op=ADD_AI_ROUTING_NEW_SET_JOB  layer=MANAGER                   count=0002 id=7C0E8437-B3A7-461D-AA69-98B7713CB89D set=com.apple.aonsense domain=com.apple.UnifiedAssetFramework | (com.apple.aonsense.uaf.metadata,com.apple.aonsense.safety.generic)
time=2026-03-08_06:24:57 op=SET_CONFIG_NEW_SET_CONFIG   layer=MANAGER                   configured=0001 requested:0000 fromPallas:0000 vending:0000 id-UNKNOWN                                  set=com.apple.TKModelMessages domain=com.apple.UnifiedAssetFramework | setConfigurationSelectUsingInfoInstance
time=2026-03-08_06:24:57 op=ADD_AI_ROUTING_NEW_SET_JOB  layer=MANAGER                   count=0001 id=3BDAC1D9-B007-4FBE-BE45-860B4CC6FE8A set=com.apple.TKModelMessages domain=com.apple.UnifiedAssetFramework | (com.apple.trustkit.tkmodelmessages.all)
time=2026-03-08_06:24:57 op=SET_CONFIG_NEW_SET_CONFIG   layer=MANAGER                   configured=0001 requested:0000 fromPallas:0000 vending:0000 id-UNKNOWN                                  set=com.apple.siri.asr.hammer domain=com.apple.UnifiedAssetFramework | setConfigurationSelectUsingInfoInstance
time=2026-03-08_06:24:58 op=ADD_AI_ROUTING_NEW_SET_JOB  layer=MANAGER                   count=0001 id=55627614-8C62-4D3F-AF92-F10AF157AAD5 set=com.apple.siri.asr.hammer domain=com.apple.UnifiedAssetFramework | (com.apple.siri.asr.hammer.en_US)
time=2026-03-08_06:24:58 op=SET_CONFIG_NEW_SET_CONFIG   layer=MANAGER                   configured=0003 requested:0000 fromPallas:0000 vending:0000 id-UNKNOWN                                  set=com.apple.siri.understanding domain=com.apple.UnifiedAssetFramework | setConfigurationSelectUsingInfoInstance
time=2026-03-08_06:24:58 op=ADD_AI_ROUTING_NEW_SET_JOB  layer=MANAGER                   count=0003 id=914201EC-0F0A-465B-A6FF-C15154819F5F set=com.apple.siri.understanding domain=com.apple.UnifiedAssetFramework | (com.apple.siri.asr.assistant.en_US,com.apple.siri.understanding.uaf.metadata,com.apple.siri.asr.geolm.regionMapping.en_US)
time=2026-03-08_06:24:58 op=DEL_AI_DISCOVERED_NOT_DWNLD layer=MANAGER                   count=0001 id=A988DA08-E9FB-427B-B3B2-FDD3246D5229 set=com.apple.siri.uaf.platform domain=com.apple.UnifiedAssetFramework
time=2026-03-08_06:24:58 op=DEL_AI_DISCOVERED_NOT_DWNLD layer=MANAGER                   count=0001 id=55627614-8C62-4D3F-AF92-F10AF157AAD5 set=com.apple.siri.asr.hammer domain=com.apple.UnifiedAssetFramework
time=2026-03-08_06:24:58 op=DEL_AI_DISCOVERED_NOT_DWNLD layer=MANAGER                   count=0001 id=3BDAC1D9-B007-4FBE-BE45-860B4CC6FE8A set=com.apple.TKModelMessages domain=com.apple.UnifiedAssetFramework
time=2026-03-08_06:24:58 op=DEL_AI_DISCOVERED_NOT_DWNLD layer=MANAGER                   count=0002 id=7C0E8437-B3A7-461D-AA69-98B7713CB89D set=com.apple.aonsense domain=com.apple.UnifiedAssetFramework
time=2026-03-08_06:24:58 op=DEL_AI_DISCOVERED_NOT_DWNLD layer=MANAGER                   count=0003 id=914201EC-0F0A-465B-A6FF-C15154819F5F set=com.apple.siri.understanding domain=com.apple.UnifiedAssetFramework
time=2026-03-08_06:24:58 op=ADD_AI_ROUTING_NEW_SET_JOB  layer=MANAGER                   count=0000 id=73898128-81C7-4012-BCE6-4A6543E11196 set=com.apple.aonsense domain=com.apple.UnifiedAssetFramework
time=2026-03-08_06:24:58 op=DEL_AI_DISCOVERED_NOT_DWNLD layer=MANAGER                   count=0000 id=73898128-81C7-4012-BCE6-4A6543E11196 set=com.apple.aonsense domain=com.apple.UnifiedAssetFramework
time=2026-03-08_06:24:58 op=ADD_AI_ROUTING_NEW_SET_JOB  layer=MANAGER                   count=0000 id=4B07A4BD-B9B0-488E-9045-5339E0DD8F99 set=com.apple.siri.asr.hammer domain=com.apple.UnifiedAssetFramework
time=2026-03-08_06:24:58 op=ADD_AI_ROUTING_NEW_SET_JOB  layer=MANAGER                   count=0000 id=DF484895-EE5B-4275-AB13-24BBE034AD0D set=com.apple.TKModelMessages domain=com.apple.UnifiedAssetFramework
time=2026-03-08_06:24:58 op=ADD_AI_ROUTING_NEW_SET_JOB  layer=MANAGER                   count=0000 id=67558B7C-4869-4F0A-9FF1-C96929E1467C set=com.apple.siri.understanding domain=com.apple.UnifiedAssetFramework
time=2026-03-08_06:24:59 op=DEL_AI_DISCOVERED_NOT_DWNLD layer=MANAGER                   count=0000 id=4B07A4BD-B9B0-488E-9045-5339E0DD8F99 set=com.apple.siri.asr.hammer domain=com.apple.UnifiedAssetFramework
time=2026-03-08_06:24:59 op=DEL_AI_DISCOVERED_NOT_DWNLD layer=MANAGER                   count=0000 id=DF484895-EE5B-4275-AB13-24BBE034AD0D set=com.apple.TKModelMessages domain=com.apple.UnifiedAssetFramework
time=2026-03-08_06:24:59 op=ADD_AI_ROUTING_NEW_SET_JOB  layer=MANAGER                   count=0000 id=720941C9-BC1F-4D8B-B9C2-2F101569C0C5 set=com.apple.siri.uaf.platform domain=com.apple.UnifiedAssetFramework
time=2026-03-08_06:24:59 op=ADD_AI_ROUTING_NEW_SET_JOB  layer=MANAGER                   count=0000 id=5CDC53D8-4793-41D1-81DD-87313879328D set=com.apple.aonsense domain=com.apple.UnifiedAssetFramework
time=2026-03-08_06:24:59 op=DEL_AI_DISCOVERED_NOT_DWNLD layer=MANAGER                   count=0000 id=67558B7C-4869-4F0A-9FF1-C96929E1467C set=com.apple.siri.understanding domain=com.apple.UnifiedAssetFramework
time=2026-03-08_06:24:59 op=DEL_AI_DISCOVERED_NOT_DWNLD layer=MANAGER                   count=0000 id=720941C9-BC1F-4D8B-B9C2-2F101569C0C5 set=com.apple.siri.uaf.platform domain=com.apple.UnifiedAssetFramework
time=2026-03-08_06:24:59 op=DEL_AI_DISCOVERED_NOT_DWNLD layer=MANAGER                   count=0000 id=5CDC53D8-4793-41D1-81DD-87313879328D set=com.apple.aonsense domain=com.apple.UnifiedAssetFramework
time=2026-03-08_06:24:59 op=ADD_AI_ROUTING_NEW_SET_JOB  layer=MANAGER                   count=0000 id=C7191E46-6A17-496D-B645-8D153FBB7C79 set=com.apple.siri.asr.hammer domain=com.apple.UnifiedAssetFramework
time=2026-03-08_06:24:59 op=ADD_AI_ROUTING_NEW_SET_JOB  layer=MANAGER                   count=0000 id=D249760B-8432-49A6-9737-BFAB6BEC5D80 set=com.apple.TKModelMessages domain=com.apple.UnifiedAssetFramework
time=2026-03-08_06:24:59 op=DEL_AI_DISCOVERED_NOT_DWNLD layer=MANAGER                   count=0000 id=C7191E46-6A17-496D-B645-8D153FBB7C79 set=com.apple.siri.asr.hammer domain=com.apple.UnifiedAssetFramework
time=2026-03-08_06:24:59 op=ADD_AI_ROUTING_NEW_SET_JOB  layer=MANAGER                   count=0000 id=419A1671-597B-453B-8837-F8D7413A001A set=com.apple.siri.understanding domain=com.apple.UnifiedAssetFramework
time=2026-03-08_06:24:59 op=DEL_AI_DISCOVERED_NOT_DWNLD layer=MANAGER                   count=0000 id=D249760B-8432-49A6-9737-BFAB6BEC5D80 set=com.apple.TKModelMessages domain=com.apple.UnifiedAssetFramework
time=2026-03-08_06:24:59 op=ADD_AI_ROUTING_NEW_SET_JOB  layer=MANAGER                   count=0000 id=564EDAAF-D271-4F56-82B0-6F1E3507F630 set=com.apple.siri.uaf.platform domain=com.apple.UnifiedAssetFramework
time=2026-03-08_06:24:59 op=DEL_AI_DISCOVERED_NOT_DWNLD layer=MANAGER                   count=0000 id=419A1671-597B-453B-8837-F8D7413A001A set=com.apple.siri.understanding domain=com.apple.UnifiedAssetFramework
time=2026-03-08_06:24:59 op=ADD_AI_ROUTING_NEW_SET_JOB  layer=MANAGER                   count=0000 id=891BD14F-9D34-410D-9961-36083FB00F7C set=com.apple.aonsense domain=com.apple.UnifiedAssetFramework
time=2026-03-08_06:24:59 op=DEL_AI_DISCOVERED_NOT_DWNLD layer=MANAGER                   count=0000 id=564EDAAF-D271-4F56-82B0-6F1E3507F630 set=com.apple.siri.uaf.platform domain=com.apple.UnifiedAssetFramework
time=2026-03-08_06:24:59 op=DEL_AI_DISCOVERED_NOT_DWNLD layer=MANAGER                   count=0000 id=891BD14F-9D34-410D-9961-36083FB00F7C set=com.apple.aonsense domain=com.apple.UnifiedAssetFramework
time=2026-03-08_06:25:00 op=ADD_AI_ROUTING_NEW_SET_JOB  layer=MANAGER                   count=0000 id=0FD90174-5EC0-46D7-99BE-8AD3D1BEC86C set=com.apple.siri.asr.hammer domain=com.apple.UnifiedAssetFramework
time=2026-03-08_06:25:00 op=ADD_AI_ROUTING_NEW_SET_JOB  layer=MANAGER                   count=0000 id=A925E474-7B37-483D-97DE-02A08A1C1E0F set=com.apple.TKModelMessages domain=com.apple.UnifiedAssetFramework
time=2026-03-08_06:25:00 op=DEL_AI_DISCOVERED_NOT_DWNLD layer=MANAGER                   count=0000 id=0FD90174-5EC0-46D7-99BE-8AD3D1BEC86C set=com.apple.siri.asr.hammer domain=com.apple.UnifiedAssetFramework
time=2026-03-08_06:25:00 op=ADD_AI_ROUTING_NEW_SET_JOB  layer=MANAGER                   count=0000 id=AD5F5787-BB87-4496-A8F2-32100C2967EF set=com.apple.siri.understanding domain=com.apple.UnifiedAssetFramework
time=2026-03-08_06:25:00 op=DEL_AI_DISCOVERED_NOT_DWNLD layer=MANAGER                   count=0000 id=A925E474-7B37-483D-97DE-02A08A1C1E0F set=com.apple.TKModelMessages domain=com.apple.UnifiedAssetFramework
time=2026-03-08_06:25:00 op=ADD_AI_ROUTING_NEW_SET_JOB  layer=MANAGER                   count=0000 id=4491FB11-ED6F-4EAF-9B9C-1A3BE7BC3BA4 set=com.apple.siri.uaf.platform domain=com.apple.UnifiedAssetFramework
time=2026-03-08_06:25:00 op=DEL_AI_DISCOVERED_NOT_DWNLD layer=MANAGER                   count=0000 id=AD5F5787-BB87-4496-A8F2-32100C2967EF set=com.apple.siri.understanding domain=com.apple.UnifiedAssetFramework
time=2026-03-08_06:25:00 op=ADD_AI_ROUTING_NEW_SET_JOB  layer=MANAGER                   count=0000 id=D2AA053E-AA7F-44EA-8A34-B5125A4D0203 set=com.apple.aonsense domain=com.apple.UnifiedAssetFramework
time=2026-03-08_06:25:00 op=DEL_AI_DISCOVERED_NOT_DWNLD layer=MANAGER                   count=0000 id=4491FB11-ED6F-4EAF-9B9C-1A3BE7BC3BA4 set=com.apple.siri.uaf.platform domain=com.apple.UnifiedAssetFramework
time=2026-03-08_06:25:00 op=DEL_AI_DISCOVERED_NOT_DWNLD layer=MANAGER                   count=0000 id=D2AA053E-AA7F-44EA-8A34-B5125A4D0203 set=com.apple.aonsense domain=com.apple.UnifiedAssetFramework
time=2026-03-08_06:25:00 op=SET_CONFIG_NEW_SET_CONFIG   layer=MANAGER                   configured=0001 requested:0000 fromPallas:0000 vending:0000 id-UNKNOWN                                  set=com.apple.speech.automaticspeechrecognition domain=com.apple.UnifiedAssetFramework | setConfigurationSelectUsingInfoInstance
time=2026-03-08_06:25:00 op=ADD_AI_ROUTING_NEW_SET_JOB  layer=MANAGER                   count=0001 id=C859EF8F-5C8C-49A6-95A6-47372131F914 set=com.apple.speech.automaticspeechrecognition domain=com.apple.UnifiedAssetFramework | (com.apple.speech.asr.transcription.en)
time=2026-03-08_06:25:00 op=SET_CONFIG_NEW_SET_CONFIG   layer=MANAGER                   configured=0002 requested:0000 fromPallas:0000 vending:0000 id-UNKNOWN                                  set=com.apple.MobileAsset.UAF.Handwriting.Synthesis domain=com.apple.UnifiedAssetFramework | setConfigurationSelectUsingInfoInstance
time=2026-03-08_06:25:00 op=DEL_AI_DISCOVERED_NOT_DWNLD layer=MANAGER                   count=0001 id=C859EF8F-5C8C-49A6-95A6-47372131F914 set=com.apple.speech.automaticspeechrecognition domain=com.apple.UnifiedAssetFramework
time=2026-03-08_06:25:00 op=ADD_AI_ROUTING_NEW_SET_JOB  layer=MANAGER                   count=0002 id=6213CBC0-928B-4D72-8582-9F68ACEBC470 set=com.apple.MobileAsset.UAF.Handwriting.Synthesis domain=com.apple.UnifiedAssetFramework | (com.apple.handwriting.synthesis.uaf.metadata,com.apple.fm.handwriting.synthesis_multilingual.generic)
time=2026-03-08_06:25:00 op=SET_CONFIG_NEW_SET_CONFIG   layer=MANAGER                   configured=0003 requested:0000 fromPallas:0000 vending:0000 id-UNKNOWN                                  set=com.apple.MobileAsset.UAF.Vision.ADT domain=com.apple.UnifiedAssetFramework | setConfigurationSelectUsingInfoInstance
time=2026-03-08_06:25:00 op=DEL_AI_DISCOVERED_NOT_DWNLD layer=MANAGER                   count=0002 id=6213CBC0-928B-4D72-8582-9F68ACEBC470 set=com.apple.MobileAsset.UAF.Handwriting.Synthesis domain=com.apple.UnifiedAssetFramework
time=2026-03-08_06:25:00 op=ADD_AI_ROUTING_NEW_SET_JOB  layer=MANAGER                   count=0003 id=5EB7807D-D68D-48D2-9FD3-90386492FF7C set=com.apple.MobileAsset.UAF.Vision.ADT domain=com.apple.UnifiedAssetFramework | (com.apple.vision.adt.iphone_tracker.generic,com.apple.vision.adt.uaf.metadata,com.apple.vision.adt.detector.generic)
time=2026-03-08_06:25:00 op=SET_CONFIG_NEW_SET_CONFIG   layer=MANAGER                   configured=0003 requested:0000 fromPallas:0000 vending:0000 id-UNKNOWN                                  set=com.apple.MobileAsset.UAF.Photos.SpatialPhotosRelive domain=com.apple.UnifiedAssetFramework | setConfigurationSelectUsingInfoInstance
time=2026-03-08_06:25:00 op=DEL_AI_DISCOVERED_NOT_DWNLD layer=MANAGER                   count=0003 id=5EB7807D-D68D-48D2-9FD3-90386492FF7C set=com.apple.MobileAsset.UAF.Vision.ADT domain=com.apple.UnifiedAssetFramework
time=2026-03-08_06:25:00 op=ADD_AI_ROUTING_NEW_SET_JOB  layer=MANAGER                   count=0003 id=54AE61C7-565E-4B63-A859-3B8930DA400B set=com.apple.MobileAsset.UAF.Photos.SpatialPhotosRelive domain=com.apple.UnifiedAssetFramework | (com.apple.photos.spatialphotosrelive.fov.main.generic,com.apple.photos.spatialphotosrelive.uaf.metadata,com.apple.photos.spatialphotosrelive.main.generic)
time=2026-03-08_06:25:00 op=SET_CONFIG_NEW_SET_CONFIG   layer=MANAGER                   configured=0004 requested:0000 fromPallas:0000 vending:0000 id-UNKNOWN                                  set=com.apple.MobileAsset.UAF.CoreMotion.IMUFoundationModel domain=com.apple.UnifiedAssetFramework | setConfigurationSelectUsingInfoInstance
time=2026-03-08_06:25:00 op=DEL_AI_DISCOVERED_NOT_DWNLD layer=MANAGER                   count=0003 id=54AE61C7-565E-4B63-A859-3B8930DA400B set=com.apple.MobileAsset.UAF.Photos.SpatialPhotosRelive domain=com.apple.UnifiedAssetFramework
time=2026-03-08_06:25:00 op=ADD_AI_ROUTING_NEW_SET_JOB  layer=MANAGER                   count=0004 id=15940050-18A4-47E8-8A7D-92E96B62BD75 set=com.apple.MobileAsset.UAF.CoreMotion.IMUFoundationModel domain=com.apple.UnifiedAssetFramework | (com.apple.fm.coremotion.calorimetry_reduced_embeddings.adaptor.generic,com.apple.fm.coremotion.imu_v1.base.generic,com.apple.fm.coremotion.calorimetry_fm_predicted_wrmets_v1.adaptor.generic,com.apple.coremotion.imufoundationmodel.uaf.metadata)
time=2026-03-08_06:25:00 op=SET_CONFIG_ALTER_ENTRIES    layer=MANAGER                   configured=0003 requested:0000 fromPallas:0000 vending:0000 id-UNKNOWN                                  set=com.apple.aonsense domain=com.apple.UnifiedAssetFramework | handleSetClientAlterEntriesRepresentingAtomicRequest
time=2026-03-08_06:25:00 op=SET_CONFIG_AVAIL_GAINED     layer=MANAGER                   configured=0003 requested:0000 fromPallas:0000 vending:0000 id-UNKNOWN                                  set=com.apple.aonsense domain=com.apple.UnifiedAssetFramework | handleSetClientAlterEntriesRepresentingAtomicRequest
time=2026-03-08_06:25:00 op=DEL_AI_DISCOVERED_NOT_DWNLD layer=MANAGER                   count=0004 id=15940050-18A4-47E8-8A7D-92E96B62BD75 set=com.apple.MobileAsset.UAF.CoreMotion.IMUFoundationModel domain=com.apple.UnifiedAssetFramework
time=2026-03-08_06:25:00 op=ADD_AI_ROUTING_NEW_SET_JOB  layer=MANAGER                   count=0000 id=D47EA00D-B627-488A-8AAD-9A1269ACE686 set=com.apple.aonsense domain=com.apple.UnifiedAssetFramework
time=2026-03-08_06:25:00 op=DEL_AI_DISCOVERED_NOT_DWNLD layer=MANAGER                   count=0000 id=D47EA00D-B627-488A-8AAD-9A1269ACE686 set=com.apple.aonsense domain=com.apple.UnifiedAssetFramework
time=2026-03-08_13:26:13 op=SET_CONFIG_NEW_SET_CONFIG   layer=MANAGER                   configured=0002 requested:0000 fromPallas:0000 vending:0000 id-UNKNOWN                                  set=com.apple.siri.tts domain=com.apple.UnifiedAssetFramework | setConfigurationSelectUsingInfoInstance
time=2026-03-08_13:26:13 op=ADD_AI_ROUTING_NEW_SET_JOB  layer=MANAGER                   count=0002 id=A5A29894-DC9E-4725-96BA-5045FA33F7FD set=com.apple.siri.tts domain=com.apple.UnifiedAssetFramework | (com.apple.siri.tts.resource.en_US,com.apple.siri.tts.voice.en_US.simone.neural.premium)
time=2026-03-08_13:26:13 op=DEL_AI_DISCOVERED_NOT_DWNLD layer=MANAGER                   count=0002 id=A5A29894-DC9E-4725-96BA-5045FA33F7FD set=com.apple.siri.tts domain=com.apple.UnifiedAssetFramework
time=2026-03-08_13:26:14 op=ADD_AI_ROUTING_NEW_SET_JOB  layer=MANAGER                   count=0000 id=0A016115-324C-489E-A655-5F8D265B128A set=com.apple.speech.automaticspeechrecognition domain=com.apple.UnifiedAssetFramework
time=2026-03-08_13:26:14 op=DEL_AI_DISCOVERED_NOT_DWNLD layer=MANAGER                   count=0000 id=0A016115-324C-489E-A655-5F8D265B128A set=com.apple.speech.automaticspeechrecognition domain=com.apple.UnifiedAssetFramework
time=2026-03-08_13:26:14 op=ADD_AI_ROUTING_NEW_SET_JOB  layer=MANAGER                   count=0000 id=3F3CEEAB-016C-4325-B74D-8564DF3A4C24 set=com.apple.siri.tts domain=com.apple.UnifiedAssetFramework
time=2026-03-08_13:26:14 op=DEL_AI_DISCOVERED_NOT_DWNLD layer=MANAGER                   count=0000 id=3F3CEEAB-016C-4325-B74D-8564DF3A4C24 set=com.apple.siri.tts domain=com.apple.UnifiedAssetFramework
time=2026-03-08_13:26:14 op=ADD_AI_ROUTING_NEW_SET_JOB  layer=MANAGER                   count=0000 id=399579C3-94F8-4DA6-BA18-89D7B034F043 set=com.apple.siri.tts domain=com.apple.UnifiedAssetFramework
time=2026-03-08_13:26:15 op=DEL_AI_DISCOVERED_NOT_DWNLD layer=MANAGER                   count=0000 id=399579C3-94F8-4DA6-BA18-89D7B034F043 set=com.apple.siri.tts domain=com.apple.UnifiedAssetFramework
time=2026-03-08_13:26:15 op=ADD_AI_ROUTING_NEW_SET_JOB  layer=MANAGER                   count=0000 id=D82ACDB5-33FC-4733-80E8-06C9A7EBD413 set=com.apple.siri.tts domain=com.apple.UnifiedAssetFramework
time=2026-03-08_13:26:15 op=DEL_AI_DISCOVERED_NOT_DWNLD layer=MANAGER                   count=0000 id=D82ACDB5-33FC-4733-80E8-06C9A7EBD413 set=com.apple.siri.tts domain=com.apple.UnifiedAssetFramework
time=2026-03-08_13:26:15 op=ADD_AI_ROUTING_NEW_SET_JOB  layer=MANAGER                   count=0000 id=6BC4C906-F932-4FAD-894A-FF5478D2B153 set=com.apple.siri.tts domain=com.apple.UnifiedAssetFramework
time=2026-03-08_13:26:15 op=DEL_AI_DISCOVERED_NOT_DWNLD layer=MANAGER                   count=0000 id=6BC4C906-F932-4FAD-894A-FF5478D2B153 set=com.apple.siri.tts domain=com.apple.UnifiedAssetFramework
time=2026-03-08_13:26:15 op=ADD_AI_ROUTING_NEW_SET_JOB  layer=MANAGER                   count=0000 id=43F159F3-AB92-4431-863E-408D7C8B1989 set=com.apple.siri.tts domain=com.apple.UnifiedAssetFramework
time=2026-03-08_13:26:15 op=DEL_AI_DISCOVERED_NOT_DWNLD layer=MANAGER                   count=0000 id=43F159F3-AB92-4431-863E-408D7C8B1989 set=com.apple.siri.tts domain=com.apple.UnifiedAssetFramework
time=2026-03-08_13:26:15 op=ADD_AI_ROUTING_NEW_SET_JOB  layer=MANAGER                   count=0000 id=C47E2416-EFF4-41F2-B842-C40347E58031 set=com.apple.siri.tts domain=com.apple.UnifiedAssetFramework
time=2026-03-08_13:26:15 op=ADD_AI_ROUTING_NEW_SET_JOB  layer=MANAGER                   count=0000 id=C198974E-14B1-4640-832E-591B2C1CF37C set=com.apple.siri.tts domain=com.apple.UnifiedAssetFramework
time=2026-03-08_13:26:15 op=DEL_AI_DISCOVERED_NOT_DWNLD layer=MANAGER                   count=0000 id=C47E2416-EFF4-41F2-B842-C40347E58031 set=com.apple.siri.tts domain=com.apple.UnifiedAssetFramework
time=2026-03-08_13:26:15 op=DEL_AI_RMV_CURRENT_SET_JOB  layer=MANAGER                   count=0000 id=C198974E-14B1-4640-832E-591B2C1CF37C set=com.apple.siri.tts domain=com.apple.UnifiedAssetFramework
time=2026-03-08_13:26:15 op=ADD_AI_ROUTING_NEW_SET_JOB  layer=MANAGER                   count=0000 id=09491D82-72DB-4FC4-A957-E1A69BBDB608 set=com.apple.siri.tts domain=com.apple.UnifiedAssetFramework
time=2026-03-08_13:26:15 op=DEL_AI_RMV_CURRENT_SET_JOB  layer=MANAGER                   count=0000 id=09491D82-72DB-4FC4-A957-E1A69BBDB608 set=com.apple.siri.tts domain=com.apple.UnifiedAssetFramework
time=2026-03-08_13:26:15 op=ADD_AI_ROUTING_NEW_SET_JOB  layer=MANAGER                   count=0000 id=CAA21D01-3E0B-4973-803B-0D3D61F62FA1 set=com.apple.siri.tts domain=com.apple.UnifiedAssetFramework
time=2026-03-08_13:26:15 op=ADD_AI_ROUTING_NEW_SET_JOB  layer=MANAGER                   count=0000 id=DA60B0B2-B4A4-40D1-9314-42BF5D38089D set=com.apple.siri.tts domain=com.apple.UnifiedAssetFramework
time=2026-03-08_13:26:15 op=DEL_AI_DISCOVERED_NOT_DWNLD layer=MANAGER                   count=0000 id=CAA21D01-3E0B-4973-803B-0D3D61F62FA1 set=com.apple.siri.tts domain=com.apple.UnifiedAssetFramework
time=2026-03-08_13:26:15 op=DEL_AI_RMV_CURRENT_SET_JOB  layer=MANAGER                   count=0000 id=DA60B0B2-B4A4-40D1-9314-42BF5D38089D set=com.apple.siri.tts domain=com.apple.UnifiedAssetFramework
time=2026-03-08_13:26:15 op=ADD_AI_ROUTING_NEW_SET_JOB  layer=MANAGER                   count=0000 id=24565217-D76E-4156-AB0F-E703B1FA4C63 set=com.apple.siri.tts domain=com.apple.UnifiedAssetFramework
time=2026-03-08_13:26:15 op=DEL_AI_RMV_CURRENT_SET_JOB  layer=MANAGER                   count=0000 id=24565217-D76E-4156-AB0F-E703B1FA4C63 set=com.apple.siri.tts domain=com.apple.UnifiedAssetFramework
time=2026-03-08_13:26:15 op=ADD_AI_ROUTING_NEW_SET_JOB  layer=MANAGER                   count=0000 id=4A0DE52A-515B-4467-B752-CEF9A9D132A5 set=com.apple.siri.tts domain=com.apple.UnifiedAssetFramework
time=2026-03-08_13:26:15 op=DEL_AI_RMV_CURRENT_SET_JOB  layer=MANAGER                   count=0000 id=4A0DE52A-515B-4467-B752-CEF9A9D132A5 set=com.apple.siri.tts domain=com.apple.UnifiedAssetFramework
time=2026-03-08_13:26:15 op=ADD_AI_ROUTING_NEW_SET_JOB  layer=MANAGER                   count=0000 id=0D52BAF9-09FE-4C99-952B-ECC3AA3FD814 set=com.apple.siri.tts domain=com.apple.UnifiedAssetFramework
time=2026-03-08_13:26:16 op=DEL_AI_DISCOVERED_NOT_DWNLD layer=MANAGER                   count=0000 id=0D52BAF9-09FE-4C99-952B-ECC3AA3FD814 set=com.apple.siri.tts domain=com.apple.UnifiedAssetFramework
time=2026-03-08_13:26:16 op=ADD_AI_ROUTING_NEW_SET_JOB  layer=MANAGER                   count=0000 id=6A32F6A3-C872-4047-83B8-3582358FA9E1 set=com.apple.siri.tts domain=com.apple.UnifiedAssetFramework
time=2026-03-08_13:26:16 op=DEL_AI_DISCOVERED_NOT_DWNLD layer=MANAGER                   count=0000 id=6A32F6A3-C872-4047-83B8-3582358FA9E1 set=com.apple.siri.tts domain=com.apple.UnifiedAssetFramework
time=2026-03-08_13:26:16 op=ADD_AI_ROUTING_NEW_SET_JOB  layer=MANAGER                   count=0000 id=EA91114D-BA23-493F-B299-A071FD9493DC set=com.apple.siri.tts domain=com.apple.UnifiedAssetFramework
time=2026-03-08_13:26:16 op=DEL_AI_DISCOVERED_NOT_DWNLD layer=MANAGER                   count=0000 id=EA91114D-BA23-493F-B299-A071FD9493DC set=com.apple.siri.tts domain=com.apple.UnifiedAssetFramework
time=2026-03-08_13:26:16 op=ADD_AI_ROUTING_NEW_SET_JOB  layer=MANAGER                   count=0000 id=052862F7-43B5-4E2C-B8A7-3BF0E2A499DA set=com.apple.siri.tts domain=com.apple.UnifiedAssetFramework
time=2026-03-08_13:26:16 op=DEL_AI_DISCOVERED_NOT_DWNLD layer=MANAGER                   count=0000 id=052862F7-43B5-4E2C-B8A7-3BF0E2A499DA set=com.apple.siri.tts domain=com.apple.UnifiedAssetFramework
time=2026-03-08_13:26:16 op=ADD_AI_ROUTING_NEW_SET_JOB  layer=MANAGER                   count=0000 id=02E06B1A-F6B1-43AD-9727-A0ECF7E05487 set=com.apple.siri.tts domain=com.apple.UnifiedAssetFramework
time=2026-03-08_13:26:16 op=DEL_AI_DISCOVERED_NOT_DWNLD layer=MANAGER                   count=0000 id=02E06B1A-F6B1-43AD-9727-A0ECF7E05487 set=com.apple.siri.tts domain=com.apple.UnifiedAssetFramework
time=2026-03-08_13:26:16 op=ADD_AI_ROUTING_NEW_SET_JOB  layer=MANAGER                   count=0000 id=2F8C8FF9-D9F5-4F4B-985A-07BF9A01330A set=com.apple.siri.tts domain=com.apple.UnifiedAssetFramework
time=2026-03-08_13:26:16 op=DEL_AI_DISCOVERED_NOT_DWNLD layer=MANAGER                   count=0000 id=2F8C8FF9-D9F5-4F4B-985A-07BF9A01330A set=com.apple.siri.tts domain=com.apple.UnifiedAssetFramework
time=2026-03-08_13:26:16 op=ADD_AI_ROUTING_NEW_SET_JOB  layer=MANAGER                   count=0000 id=59E90535-B0B7-4387-8AFD-FC1ECBDC9E34 set=com.apple.siri.tts domain=com.apple.UnifiedAssetFramework
time=2026-03-08_13:26:16 op=DEL_AI_DISCOVERED_NOT_DWNLD layer=MANAGER                   count=0000 id=59E90535-B0B7-4387-8AFD-FC1ECBDC9E34 set=com.apple.siri.tts domain=com.apple.UnifiedAssetFramework
time=2026-03-08_13:26:16 op=ADD_AI_ROUTING_NEW_SET_JOB  layer=MANAGER                   count=0000 id=1165328B-6089-4366-A9FA-CCD8ED5BDE6A set=com.apple.siri.tts domain=com.apple.UnifiedAssetFramework
time=2026-03-08_13:26:16 op=DEL_AI_DISCOVERED_NOT_DWNLD layer=MANAGER                   count=0000 id=1165328B-6089-4366-A9FA-CCD8ED5BDE6A set=com.apple.siri.tts domain=com.apple.UnifiedAssetFramework
time=2026-03-08_13:26:16 op=ADD_AI_ROUTING_NEW_SET_JOB  layer=MANAGER                   count=0000 id=AD6A0BE1-3A2A-461E-85FA-8895B2A338D2 set=com.apple.siri.tts domain=com.apple.UnifiedAssetFramework
time=2026-03-08_13:26:16 op=DEL_AI_DISCOVERED_NOT_DWNLD layer=MANAGER                   count=0000 id=AD6A0BE1-3A2A-461E-85FA-8895B2A338D2 set=com.apple.siri.tts domain=com.apple.UnifiedAssetFramework
time=2026-03-08_13:26:16 op=ADD_AI_ROUTING_NEW_SET_JOB  layer=MANAGER                   count=0000 id=50EE7077-673C-4B7C-A431-769D82C34013 set=com.apple.siri.tts domain=com.apple.UnifiedAssetFramework
time=2026-03-08_13:26:16 op=DEL_AI_DISCOVERED_NOT_DWNLD layer=MANAGER                   count=0000 id=50EE7077-673C-4B7C-A431-769D82C34013 set=com.apple.siri.tts domain=com.apple.UnifiedAssetFramework
time=2026-03-08_13:26:16 op=ADD_AI_ROUTING_NEW_SET_JOB  layer=MANAGER                   count=0000 id=E477E590-E89D-4BDD-ABF7-93A3EDD205AF set=com.apple.siri.tts domain=com.apple.UnifiedAssetFramework
time=2026-03-08_13:26:17 op=DEL_AI_DISCOVERED_NOT_DWNLD layer=MANAGER                   count=0000 id=E477E590-E89D-4BDD-ABF7-93A3EDD205AF set=com.apple.siri.tts domain=com.apple.UnifiedAssetFramework
time=2026-03-08_13:26:17 op=ADD_AI_ROUTING_NEW_SET_JOB  layer=MANAGER                   count=0000 id=D0D33441-B1DE-4A9B-8495-D4F848DF4B99 set=com.apple.siri.tts domain=com.apple.UnifiedAssetFramework
time=2026-03-08_13:26:17 op=DEL_AI_DISCOVERED_NOT_DWNLD layer=MANAGER                   count=0000 id=D0D33441-B1DE-4A9B-8495-D4F848DF4B99 set=com.apple.siri.tts domain=com.apple.UnifiedAssetFramework
time=2026-03-08_13:26:17 op=ADD_AI_ROUTING_NEW_SET_JOB  layer=MANAGER                   count=0000 id=17DBB7A9-47F2-4200-8ED7-A161F2F319A1 set=com.apple.siri.tts domain=com.apple.UnifiedAssetFramework
time=2026-03-08_13:26:17 op=DEL_AI_DISCOVERED_NOT_DWNLD layer=MANAGER                   count=0000 id=17DBB7A9-47F2-4200-8ED7-A161F2F319A1 set=com.apple.siri.tts domain=com.apple.UnifiedAssetFramework
time=2026-03-08_13:26:17 op=ADD_AI_ROUTING_NEW_SET_JOB  layer=MANAGER                   count=0000 id=8521D475-02E2-490F-B696-8364B9AB1B29 set=com.apple.siri.tts domain=com.apple.UnifiedAssetFramework
time=2026-03-08_13:26:17 op=DEL_AI_DISCOVERED_NOT_DWNLD layer=MANAGER                   count=0000 id=8521D475-02E2-490F-B696-8364B9AB1B29 set=com.apple.siri.tts domain=com.apple.UnifiedAssetFramework
time=2026-03-08_13:26:17 op=ADD_AI_ROUTING_NEW_SET_JOB  layer=MANAGER                   count=0000 id=902AFABB-97BC-463E-BB1E-1311A1E12C6B set=com.apple.siri.tts domain=com.apple.UnifiedAssetFramework
time=2026-03-08_13:26:17 op=DEL_AI_DISCOVERED_NOT_DWNLD layer=MANAGER                   count=0000 id=902AFABB-97BC-463E-BB1E-1311A1E12C6B set=com.apple.siri.tts domain=com.apple.UnifiedAssetFramework
time=2026-03-08_13:26:17 op=ADD_AI_ROUTING_NEW_SET_JOB  layer=MANAGER                   count=0000 id=2851EFDF-65EE-4C4F-B4F4-4CD1B4ADA735 set=com.apple.siri.tts domain=com.apple.UnifiedAssetFramework
time=2026-03-08_13:26:17 op=DEL_AI_DISCOVERED_NOT_DWNLD layer=MANAGER                   count=0000 id=2851EFDF-65EE-4C4F-B4F4-4CD1B4ADA735 set=com.apple.siri.tts domain=com.apple.UnifiedAssetFramework
time=2026-03-08_13:26:17 op=ADD_AI_ROUTING_NEW_SET_JOB  layer=MANAGER                   count=0000 id=F4655D48-2D9C-4AAD-8280-6C6C8E489974 set=com.apple.siri.tts domain=com.apple.UnifiedAssetFramework
time=2026-03-08_13:26:17 op=DEL_AI_DISCOVERED_NOT_DWNLD layer=MANAGER                   count=0000 id=F4655D48-2D9C-4AAD-8280-6C6C8E489974 set=com.apple.siri.tts domain=com.apple.UnifiedAssetFramework
time=2026-03-08_13:26:17 op=ADD_AI_ROUTING_NEW_SET_JOB  layer=MANAGER                   count=0000 id=421F6D10-58B7-4C09-8CF9-356BCD52CB20 set=com.apple.siri.tts domain=com.apple.UnifiedAssetFramework
time=2026-03-08_13:26:17 op=DEL_AI_DISCOVERED_NOT_DWNLD layer=MANAGER                   count=0000 id=421F6D10-58B7-4C09-8CF9-356BCD52CB20 set=com.apple.siri.tts domain=com.apple.UnifiedAssetFramework
time=2026-03-08_13:26:17 op=ADD_AI_ROUTING_NEW_SET_JOB  layer=MANAGER                   count=0000 id=3C8372CC-F8ED-4D95-9497-C3CD6311462B set=com.apple.siri.tts domain=com.apple.UnifiedAssetFramework
time=2026-03-08_13:26:17 op=DEL_AI_DISCOVERED_NOT_DWNLD layer=MANAGER                   count=0000 id=3C8372CC-F8ED-4D95-9497-C3CD6311462B set=com.apple.siri.tts domain=com.apple.UnifiedAssetFramework
time=2026-03-08_13:26:17 op=ADD_AI_ROUTING_NEW_SET_JOB  layer=MANAGER                   count=0000 id=77195629-11C6-4157-AB25-2CC5E81C9630 set=com.apple.siri.tts domain=com.apple.UnifiedAssetFramework
time=2026-03-08_13:26:17 op=DEL_AI_DISCOVERED_NOT_DWNLD layer=MANAGER                   count=0000 id=77195629-11C6-4157-AB25-2CC5E81C9630 set=com.apple.siri.tts domain=com.apple.UnifiedAssetFramework
time=2026-03-08_13:26:17 op=ADD_AI_ROUTING_NEW_SET_JOB  layer=MANAGER                   count=0000 id=83EE92EE-6F70-4E01-A5F4-C23016529645 set=com.apple.siri.tts domain=com.apple.UnifiedAssetFramework
time=2026-03-08_13:26:18 op=DEL_AI_DISCOVERED_NOT_DWNLD layer=MANAGER                   count=0000 id=83EE92EE-6F70-4E01-A5F4-C23016529645 set=com.apple.siri.tts domain=com.apple.UnifiedAssetFramework
time=2026-03-08_13:26:18 op=ADD_AI_ROUTING_NEW_SET_JOB  layer=MANAGER                   count=0000 id=C5D83DD4-B0CC-41E4-BC8F-76F933D4D485 set=com.apple.siri.tts domain=com.apple.UnifiedAssetFramework
time=2026-03-08_13:26:18 op=DEL_AI_DISCOVERED_NOT_DWNLD layer=MANAGER                   count=0000 id=C5D83DD4-B0CC-41E4-BC8F-76F933D4D485 set=com.apple.siri.tts domain=com.apple.UnifiedAssetFramework
time=2026-03-08_13:26:20 op=SET_CONFIG_ALTER_ENTRIES    layer=MANAGER                   configured=0004 requested:0000 fromPallas:0000 vending:0000 id-UNKNOWN                                  set=com.apple.siri.understanding domain=com.apple.UnifiedAssetFramework | handleSetClientAlterEntriesRepresentingAtomicRequest
time=2026-03-08_13:26:20 op=SET_CONFIG_AVAIL_GAINED     layer=MANAGER                   configured=0004 requested:0000 fromPallas:0000 vending:0000 id-UNKNOWN                                  set=com.apple.siri.understanding domain=com.apple.UnifiedAssetFramework | handleSetClientAlterEntriesRepresentingAtomicRequest
time=2026-03-08_13:26:20 op=ADD_AI_ROUTING_NEW_SET_JOB  layer=MANAGER                   count=0000 id=1B192B00-2B54-4C47-AC7D-FE1313C29C0C set=com.apple.siri.understanding domain=com.apple.UnifiedAssetFramework
time=2026-03-08_13:26:20 op=DEL_AI_DISCOVERED_NOT_DWNLD layer=MANAGER                   count=0000 id=1B192B00-2B54-4C47-AC7D-FE1313C29C0C set=com.apple.siri.understanding domain=com.apple.UnifiedAssetFramework
time=2026-03-08_13:28:28 op=SET_CONFIG_ALTER_ENTRIES    layer=MANAGER                   configured=0004 requested:0000 fromPallas:0000 vending:0000 id-UNKNOWN                                  set=com.apple.siri.tts domain=com.apple.UnifiedAssetFramework | handleSetClientAlterEntriesRepresentingAtomicRequest
time=2026-03-08_13:28:28 op=SET_CONFIG_AVAIL_GAINED     layer=MANAGER                   configured=0004 requested:0000 fromPallas:0000 vending:0000 id-UNKNOWN                                  set=com.apple.siri.tts domain=com.apple.UnifiedAssetFramework | handleSetClientAlterEntriesRepresentingAtomicRequest
time=2026-03-08_13:28:28 op=ADD_AI_ROUTING_NEW_SET_JOB  layer=MANAGER                   count=0000 id=DFB7E73B-A557-4D8A-A7F8-6C0AB160F6F8 set=com.apple.siri.tts domain=com.apple.UnifiedAssetFramework
time=2026-03-08_13:28:28 op=DEL_AI_DISCOVERED_NOT_DWNLD layer=MANAGER                   count=0000 id=DFB7E73B-A557-4D8A-A7F8-6C0AB160F6F8 set=com.apple.siri.tts domain=com.apple.UnifiedAssetFramework
time=2026-03-08_13:28:29 op=ADD_AI_ROUTING_NEW_SET_JOB  layer=MANAGER                   count=0000 id=662D7AE7-548D-4AE8-87BC-57D579F8E85C set=com.apple.speech.automaticspeechrecognition domain=com.apple.UnifiedAssetFramework
time=2026-03-08_13:28:29 op=DEL_AI_DISCOVERED_NOT_DWNLD layer=MANAGER                   count=0000 id=662D7AE7-548D-4AE8-87BC-57D579F8E85C set=com.apple.speech.automaticspeechrecognition domain=com.apple.UnifiedAssetFramework
time=2026-03-08_13:28:34 op=ADD_AI_ROUTING_NEW_SET_JOB  layer=MANAGER                   count=0000 id=D3C67AD5-B889-454A-8D98-372C164FB5D5 set=com.apple.siri.tts domain=com.apple.UnifiedAssetFramework
time=2026-03-08_13:28:34 op=DEL_AI_DISCOVERED_NOT_DWNLD layer=MANAGER                   count=0000 id=D3C67AD5-B889-454A-8D98-372C164FB5D5 set=com.apple.siri.tts domain=com.apple.UnifiedAssetFramework
time=2026-03-08_13:28:34 op=SET_CONFIG_ALTER_ENTRIES    layer=MANAGER                   configured=0005 requested:0000 fromPallas:0000 vending:0000 id-UNKNOWN                                  set=com.apple.siri.understanding domain=com.apple.UnifiedAssetFramework | handleSetClientAlterEntriesRepresentingAtomicRequest
time=2026-03-08_13:28:34 op=SET_CONFIG_AVAIL_GAINED     layer=MANAGER                   configured=0005 requested:0000 fromPallas:0000 vending:0000 id-UNKNOWN                                  set=com.apple.siri.understanding domain=com.apple.UnifiedAssetFramework | handleSetClientAlterEntriesRepresentingAtomicRequest
time=2026-03-08_13:28:34 op=ADD_AI_ROUTING_NEW_SET_JOB  layer=MANAGER                   count=0000 id=42D967CB-4913-4642-9553-3FF2CFA2B548 set=com.apple.siri.tts domain=com.apple.UnifiedAssetFramework
time=2026-03-08_13:28:34 op=ADD_AI_ROUTING_NEW_SET_JOB  layer=MANAGER                   count=0000 id=5F4CB6D4-78B9-4190-9676-71D0E24ECE4C set=com.apple.siri.understanding domain=com.apple.UnifiedAssetFramework
time=2026-03-08_13:28:34 op=DEL_AI_DISCOVERED_NOT_DWNLD layer=MANAGER                   count=0000 id=5F4CB6D4-78B9-4190-9676-71D0E24ECE4C set=com.apple.siri.understanding domain=com.apple.UnifiedAssetFramework
time=2026-03-08_13:28:34 op=DEL_AI_DISCOVERED_NOT_DWNLD layer=MANAGER                   count=0000 id=42D967CB-4913-4642-9553-3FF2CFA2B548 set=com.apple.siri.tts domain=com.apple.UnifiedAssetFramework
time=2026-03-08_13:28:34 op=ADD_AI_ROUTING_NEW_SET_JOB  layer=MANAGER                   count=0000 id=379B50CD-AA3C-475E-9CD3-4BD1FA530B85 set=com.apple.speech.automaticspeechrecognition domain=com.apple.UnifiedAssetFramework
time=2026-03-08_13:28:34 op=ADD_AI_ROUTING_NEW_SET_JOB  layer=MANAGER                   count=0000 id=FB86CF6B-DE2E-4062-AEC6-B0679FB130C1 set=com.apple.siri.tts domain=com.apple.UnifiedAssetFramework
time=2026-03-08_13:28:35 op=DEL_AI_DISCOVERED_NOT_DWNLD layer=MANAGER                   count=0000 id=379B50CD-AA3C-475E-9CD3-4BD1FA530B85 set=com.apple.speech.automaticspeechrecognition domain=com.apple.UnifiedAssetFramework
time=2026-03-08_13:28:35 op=DEL_AI_DISCOVERED_NOT_DWNLD layer=MANAGER                   count=0000 id=FB86CF6B-DE2E-4062-AEC6-B0679FB130C1 set=com.apple.siri.tts domain=com.apple.UnifiedAssetFramework
time=2026-03-08_13:28:35 op=ADD_AI_ROUTING_NEW_SET_JOB  layer=MANAGER                   count=0000 id=031CD711-1A8A-48A9-BE8E-1B79D6EE78A0 set=com.apple.siri.tts domain=com.apple.UnifiedAssetFramework
time=2026-03-08_13:28:35 op=DEL_AI_DISCOVERED_NOT_DWNLD layer=MANAGER                   count=0000 id=031CD711-1A8A-48A9-BE8E-1B79D6EE78A0 set=com.apple.siri.tts domain=com.apple.UnifiedAssetFramework
time=2026-03-08_13:28:35 op=ADD_AI_ROUTING_NEW_SET_JOB  layer=MANAGER                   count=0000 id=B808F374-F02A-4D70-9422-A394DF26CA4A set=com.apple.siri.tts domain=com.apple.UnifiedAssetFramework
time=2026-03-08_13:28:35 op=DEL_AI_DISCOVERED_NOT_DWNLD layer=MANAGER                   count=0000 id=B808F374-F02A-4D70-9422-A394DF26CA4A set=com.apple.siri.tts domain=com.apple.UnifiedAssetFramework
time=2026-03-08_13:28:35 op=ADD_AI_ROUTING_NEW_SET_JOB  layer=MANAGER                   count=0000 id=5EEF9825-EA29-4A5F-8D20-604D5FF04E28 set=com.apple.siri.tts domain=com.apple.UnifiedAssetFramework
time=2026-03-08_13:28:35 op=DEL_AI_DISCOVERED_NOT_DWNLD layer=MANAGER                   count=0000 id=5EEF9825-EA29-4A5F-8D20-604D5FF04E28 set=com.apple.siri.tts domain=com.apple.UnifiedAssetFramework
time=2026-03-08_13:28:35 op=ADD_AI_ROUTING_NEW_SET_JOB  layer=MANAGER                   count=0000 id=4DF7413C-9AEE-4793-B1D5-32E2F179F285 set=com.apple.siri.tts domain=com.apple.UnifiedAssetFramework
time=2026-03-08_13:28:35 op=DEL_AI_DISCOVERED_NOT_DWNLD layer=MANAGER                   count=0000 id=4DF7413C-9AEE-4793-B1D5-32E2F179F285 set=com.apple.siri.tts domain=com.apple.UnifiedAssetFramework
time=2026-03-08_13:28:35 op=ADD_AI_ROUTING_NEW_SET_JOB  layer=MANAGER                   count=0000 id=3BCAB6D0-01C9-4C43-BF72-6661A7597D5C set=com.apple.siri.tts domain=com.apple.UnifiedAssetFramework
time=2026-03-08_13:28:35 op=DEL_AI_DISCOVERED_NOT_DWNLD layer=MANAGER                   count=0000 id=3BCAB6D0-01C9-4C43-BF72-6661A7597D5C set=com.apple.siri.tts domain=com.apple.UnifiedAssetFramework
time=2026-03-08_13:28:35 op=ADD_AI_ROUTING_NEW_SET_JOB  layer=MANAGER                   count=0000 id=C5FE2A6A-622A-4A76-BE99-BF7A81D2065B set=com.apple.siri.tts domain=com.apple.UnifiedAssetFramework
time=2026-03-08_13:28:35 op=DEL_AI_DISCOVERED_NOT_DWNLD layer=MANAGER                   count=0000 id=C5FE2A6A-622A-4A76-BE99-BF7A81D2065B set=com.apple.siri.tts domain=com.apple.UnifiedAssetFramework
time=2026-03-08_13:28:35 op=ADD_AI_ROUTING_NEW_SET_JOB  layer=MANAGER                   count=0000 id=350EB664-67CC-41B6-938F-047C7914F383 set=com.apple.siri.tts domain=com.apple.UnifiedAssetFramework
time=2026-03-08_13:28:35 op=DEL_AI_DISCOVERED_NOT_DWNLD layer=MANAGER                   count=0000 id=350EB664-67CC-41B6-938F-047C7914F383 set=com.apple.siri.tts domain=com.apple.UnifiedAssetFramework
time=2026-03-08_13:28:35 op=ADD_AI_ROUTING_NEW_SET_JOB  layer=MANAGER                   count=0000 id=BD05C6DA-521C-4C8A-B1BB-CFD5FD84F7FF set=com.apple.siri.tts domain=com.apple.UnifiedAssetFramework
time=2026-03-08_13:28:35 op=DEL_AI_DISCOVERED_NOT_DWNLD layer=MANAGER                   count=0000 id=BD05C6DA-521C-4C8A-B1BB-CFD5FD84F7FF set=com.apple.siri.tts domain=com.apple.UnifiedAssetFramework
time=2026-03-08_13:28:35 op=ADD_AI_ROUTING_NEW_SET_JOB  layer=MANAGER                   count=0000 id=2347F597-F2C8-4E41-AC07-CAD169DEC020 set=com.apple.siri.tts domain=com.apple.UnifiedAssetFramework
time=2026-03-08_13:28:35 op=DEL_AI_DISCOVERED_NOT_DWNLD layer=MANAGER                   count=0000 id=2347F597-F2C8-4E41-AC07-CAD169DEC020 set=com.apple.siri.tts domain=com.apple.UnifiedAssetFramework
time=2026-03-08_13:28:35 op=ADD_AI_ROUTING_NEW_SET_JOB  layer=MANAGER                   count=0000 id=584A4B0E-4D35-45D6-B7C9-0CBE43EFBAFB set=com.apple.siri.tts domain=com.apple.UnifiedAssetFramework
time=2026-03-08_13:28:36 op=DEL_AI_DISCOVERED_NOT_DWNLD layer=MANAGER                   count=0000 id=584A4B0E-4D35-45D6-B7C9-0CBE43EFBAFB set=com.apple.siri.tts domain=com.apple.UnifiedAssetFramework
time=2026-03-08_13:28:36 op=ADD_AI_ROUTING_NEW_SET_JOB  layer=MANAGER                   count=0000 id=E2D5D815-910C-48A7-88B1-7AAD8D9D954B set=com.apple.siri.tts domain=com.apple.UnifiedAssetFramework
time=2026-03-08_13:28:36 op=DEL_AI_DISCOVERED_NOT_DWNLD layer=MANAGER                   count=0000 id=E2D5D815-910C-48A7-88B1-7AAD8D9D954B set=com.apple.siri.tts domain=com.apple.UnifiedAssetFramework
time=2026-03-08_13:28:36 op=ADD_AI_ROUTING_NEW_SET_JOB  layer=MANAGER                   count=0000 id=640A9905-8237-4662-AC83-6263C80B0903 set=com.apple.siri.tts domain=com.apple.UnifiedAssetFramework
time=2026-03-08_13:28:36 op=DEL_AI_DISCOVERED_NOT_DWNLD layer=MANAGER                   count=0000 id=640A9905-8237-4662-AC83-6263C80B0903 set=com.apple.siri.tts domain=com.apple.UnifiedAssetFramework
time=2026-03-08_13:28:36 op=ADD_AI_ROUTING_NEW_SET_JOB  layer=MANAGER                   count=0000 id=8419C00F-CDA1-4A78-A285-94B322270383 set=com.apple.siri.tts domain=com.apple.UnifiedAssetFramework
time=2026-03-08_13:28:36 op=DEL_AI_DISCOVERED_NOT_DWNLD layer=MANAGER                   count=0000 id=8419C00F-CDA1-4A78-A285-94B322270383 set=com.apple.siri.tts domain=com.apple.UnifiedAssetFramework
time=2026-03-08_13:28:36 op=ADD_AI_ROUTING_NEW_SET_JOB  layer=MANAGER                   count=0000 id=0B295333-03D1-4683-B4B2-0A3E8E3597BA set=com.apple.siri.tts domain=com.apple.UnifiedAssetFramework
time=2026-03-08_13:28:36 op=DEL_AI_DISCOVERED_NOT_DWNLD layer=MANAGER                   count=0000 id=0B295333-03D1-4683-B4B2-0A3E8E3597BA set=com.apple.siri.tts domain=com.apple.UnifiedAssetFramework
time=2026-03-08_13:28:36 op=ADD_AI_ROUTING_NEW_SET_JOB  layer=MANAGER                   count=0000 id=674BCF53-8294-4174-9CC1-676E294F8B3E set=com.apple.siri.tts domain=com.apple.UnifiedAssetFramework
time=2026-03-08_13:28:36 op=DEL_AI_DISCOVERED_NOT_DWNLD layer=MANAGER                   count=0000 id=674BCF53-8294-4174-9CC1-676E294F8B3E set=com.apple.siri.tts domain=com.apple.UnifiedAssetFramework
time=2026-03-08_13:28:36 op=ADD_AI_ROUTING_NEW_SET_JOB  layer=MANAGER                   count=0000 id=C020D686-344A-426E-B841-D5499087F4C4 set=com.apple.siri.tts domain=com.apple.UnifiedAssetFramework
time=2026-03-08_13:28:36 op=DEL_AI_DISCOVERED_NOT_DWNLD layer=MANAGER                   count=0000 id=C020D686-344A-426E-B841-D5499087F4C4 set=com.apple.siri.tts domain=com.apple.UnifiedAssetFramework
time=2026-03-08_13:28:36 op=ADD_AI_ROUTING_NEW_SET_JOB  layer=MANAGER                   count=0000 id=9E4D6AB0-AD2E-461B-843F-6C724B072333 set=com.apple.siri.tts domain=com.apple.UnifiedAssetFramework
time=2026-03-08_13:28:36 op=DEL_AI_DISCOVERED_NOT_DWNLD layer=MANAGER                   count=0000 id=9E4D6AB0-AD2E-461B-843F-6C724B072333 set=com.apple.siri.tts domain=com.apple.UnifiedAssetFramework
time=2026-03-08_13:28:38 op=ADD_AI_ROUTING_NEW_SET_JOB  layer=MANAGER                   count=0000 id=3DF36AE4-9921-43F5-87E7-90B6C3726045 set=com.apple.speech.automaticspeechrecognition domain=com.apple.UnifiedAssetFramework
time=2026-03-08_13:28:38 op=DEL_AI_DISCOVERED_NOT_DWNLD layer=MANAGER                   count=0000 id=3DF36AE4-9921-43F5-87E7-90B6C3726045 set=com.apple.speech.automaticspeechrecognition domain=com.apple.UnifiedAssetFramework
time=2026-03-08_13:29:27 op=SET_CONFIG_ALTER_ENTRIES    layer=MANAGER                   configured=0002 requested:0000 fromPallas:0000 vending:0000 id-UNKNOWN                                  set=com.apple.siri.asr.hammer domain=com.apple.UnifiedAssetFramework | handleSetClientAlterEntriesRepresentingAtomicRequest
time=2026-03-08_13:29:27 op=SET_CONFIG_AVAIL_GAINED     layer=MANAGER                   configured=0002 requested:0000 fromPallas:0000 vending:0000 id-UNKNOWN                                  set=com.apple.siri.asr.hammer domain=com.apple.UnifiedAssetFramework | handleSetClientAlterEntriesRepresentingAtomicRequest
time=2026-03-08_13:29:27 op=ADD_AI_ROUTING_NEW_SET_JOB  layer=MANAGER                   count=0000 id=24D988C5-F6DF-4B8E-B7C6-94ACB0592C2C set=com.apple.siri.asr.hammer domain=com.apple.UnifiedAssetFramework
time=2026-03-08_13:29:27 op=SET_CONFIG_ALTER_ENTRIES    layer=MANAGER                   configured=0007 requested:0000 fromPallas:0000 vending:0000 id-UNKNOWN                                  set=com.apple.siri.understanding domain=com.apple.UnifiedAssetFramework | handleSetClientAlterEntriesRepresentingAtomicRequest
time=2026-03-08_13:29:27 op=SET_CONFIG_AVAIL_GAINED     layer=MANAGER                   configured=0007 requested:0000 fromPallas:0000 vending:0000 id-UNKNOWN                                  set=com.apple.siri.understanding domain=com.apple.UnifiedAssetFramework | handleSetClientAlterEntriesRepresentingAtomicRequest
time=2026-03-08_13:29:27 op=ADD_AI_ROUTING_NEW_SET_JOB  layer=MANAGER                   count=0000 id=872CE634-A999-4614-B487-C45FF3EE63C4 set=com.apple.siri.understanding domain=com.apple.UnifiedAssetFramework
time=2026-03-08_13:29:28 op=DEL_AI_DISCOVERED_NOT_DWNLD layer=MANAGER                   count=0000 id=872CE634-A999-4614-B487-C45FF3EE63C4 set=com.apple.siri.understanding domain=com.apple.UnifiedAssetFramework
time=2026-03-08_13:29:28 op=DEL_AI_DISCOVERED_NOT_DWNLD layer=MANAGER                   count=0000 id=24D988C5-F6DF-4B8E-B7C6-94ACB0592C2C set=com.apple.siri.asr.hammer domain=com.apple.UnifiedAssetFramework
time=2026-03-08_13:29:29 op=ADD_AI_ROUTING_NEW_SET_JOB  layer=MANAGER                   count=0000 id=033C25AC-E38D-45F4-92E6-8A990BB9485C set=com.apple.siri.understanding domain=com.apple.UnifiedAssetFramework
time=2026-03-08_13:29:39 op=SET_CONFIG_LOOKUP_RESPONSE  layer=MANAGER                   configured=0007 requested:0000 fromPallas:0000 vending:0000 id-UNKNOWN                                  set=com.apple.siri.understanding domain=com.apple.UnifiedAssetFramework | SetJobLookupResponseRcvd
time=2026-03-08_13:30:01 op=ADD_AI_ROUTING_NEW_SET_JOB  layer=MANAGER                   count=0000 id=C5E26A1A-E2E0-4EBF-84D2-1A563001F3F9 set=com.apple.siri.tts domain=com.apple.UnifiedAssetFramework
time=2026-03-08_13:30:02 op=SET_CONFIG_LOOKUP_RESPONSE  layer=MANAGER                   configured=0004 requested:0000 fromPallas:0000 vending:0000 id-UNKNOWN                                  set=com.apple.siri.tts domain=com.apple.UnifiedAssetFramework | SetJobLookupResponseRcvd
time=2026-03-08_13:34:58 op=ADD_AI_SCHEDULER_TRIGGERED  layer=MANAGER                   count=0001 id=E237B821-D7D7-4DBF-B3B6-0FF90B83C8A6 set=com.apple.siri.uaf.platform domain=com.apple.UnifiedAssetFramework | (com.apple.siri.uaf.osupdates)
time=2026-03-08_13:34:58 op=DEL_AI_DISCOVERED_NOT_DWNLD layer=MANAGER                   count=0001 id=E237B821-D7D7-4DBF-B3B6-0FF90B83C8A6 set=com.apple.siri.uaf.platform domain=com.apple.UnifiedAssetFramework
time=2026-03-08_13:34:58 op=ADD_AI_SCHEDULER_TRIGGERED  layer=MANAGER                   count=0003 id=07C08868-DEC0-4733-97CF-17D34B90E4E7 set=com.apple.aonsense domain=com.apple.UnifiedAssetFramework | (com.apple.aonsense.uaf.metadata,com.apple.aonsense.safety.GB,com.apple.aonsense.safety.generic)
time=2026-03-08_13:34:58 op=DEL_AI_DISCOVERED_NOT_DWNLD layer=MANAGER                   count=0003 id=07C08868-DEC0-4733-97CF-17D34B90E4E7 set=com.apple.aonsense domain=com.apple.UnifiedAssetFramework
time=2026-03-08_13:34:58 op=ADD_AI_SCHEDULER_TRIGGERED  layer=MANAGER                   count=0001 id=66864C29-4D51-49EB-BE96-45B885B8E65E set=com.apple.TKModelMessages domain=com.apple.UnifiedAssetFramework | (com.apple.trustkit.tkmodelmessages.all)
time=2026-03-08_13:34:58 op=DEL_AI_DISCOVERED_NOT_DWNLD layer=MANAGER                   count=0001 id=66864C29-4D51-49EB-BE96-45B885B8E65E set=com.apple.TKModelMessages domain=com.apple.UnifiedAssetFramework
time=2026-03-08_13:34:58 op=ADD_AI_SCHEDULER_TRIGGERED  layer=MANAGER                   count=0002 id=DC791A43-56D7-47EB-8279-16CA71673315 set=com.apple.siri.asr.hammer domain=com.apple.UnifiedAssetFramework | (com.apple.siri.asr.hammer.en_GB,com.apple.siri.asr.hammer.en_US)
time=2026-03-08_13:34:58 op=DEL_AI_DISCOVERED_NOT_DWNLD layer=MANAGER                   count=0002 id=DC791A43-56D7-47EB-8279-16CA71673315 set=com.apple.siri.asr.hammer domain=com.apple.UnifiedAssetFramework
time=2026-03-08_14:07:38 op=SET_CONFIG_NEW_SET_CONFIG   layer=MANAGER                   configured=0003 requested:0000 fromPallas:0000 vending:0000 id-UNKNOWN                                  set=com.apple.sequoia.asset domain=com.apple.UnifiedAssetFramework | setConfigurationSelectUsingInfoInstance
time=2026-03-08_14:07:38 op=ADD_AI_ROUTING_NEW_SET_JOB  layer=MANAGER                   count=0003 id=7BE30142-AD85-43BF-BE54-5D79CCB832A2 set=com.apple.sequoia.asset domain=com.apple.UnifiedAssetFramework | (com.apple.sequoia.asset.config,com.apple.sequoia.asset.endpointer,com.apple.sequoia.asset.lid)
time=2026-03-08_14:07:39 op=SET_CONFIG_LOOKUP_RESPONSE  layer=MANAGER                   configured=0003 requested:0000 fromPallas:0000 vending:0000 id-UNKNOWN                                  set=com.apple.sequoia.asset domain=com.apple.UnifiedAssetFramework | SetJobLookupResponseRcvd
time=2026-03-08_14:07:42 op=PRG_ENTRY_DOWNLOADED        layer=JOB                       count=0000 id=7BE30142-AD85-43BF-BE54-5D79CCB832A2 set=com.apple.sequoia.asset domain=com.apple.UnifiedAssetFramework selector=UAF.Translation.Assets|com.apple.sequoia.asset.config|23.4.1.13.203112,0
time=2026-03-08_14:07:48 op=PRG_ENTRY_DOWNLOADED        layer=JOB                       count=0000 id=7BE30142-AD85-43BF-BE54-5D79CCB832A2 set=com.apple.sequoia.asset domain=com.apple.UnifiedAssetFramework selector=UAF.Translation.Assets|com.apple.sequoia.asset.endpointer|23.4.1.13.203112,0
time=2026-03-08_14:08:08 op=PRG_ENTRY_DOWNLOADED        layer=JOB                       count=0000 id=7BE30142-AD85-43BF-BE54-5D79CCB832A2 set=com.apple.sequoia.asset domain=com.apple.UnifiedAssetFramework selector=UAF.Translation.Assets|com.apple.sequoia.asset.lid|23.4.1.13.203112,0
time=2026-03-08_14:08:08 op=ADD_SD_DOWNLOADED_OR_SAME   layer=MANAGER                   count=0003 id=7BE30142-AD85-43BF-BE54-5D79CCB832A2 set=com.apple.sequoia.asset domain=com.apple.UnifiedAssetFramework
time=2026-03-08_14:08:08 op=SET_CONFIG_LATEST_VEND_SET  layer=MANAGER                   configured=0003 requested:0003 fromPallas:0003 vending:0003 id=7BE30142-AD85-43BF-BE54-5D79CCB832A2 set=com.apple.sequoia.asset domain=com.apple.UnifiedAssetFramework | SetJobSuccessSchedule:foundAndDownloadedSet:refreshSetFoundToManager:persistSetJobDescriptor:trackSetDescriptor:setConfigurationAdoptLatestToVend:setConfigurationTrackLatestToVend
time=2026-03-08_14:08:08 op=SET_CONFIG_LATEST_VEND_SET  layer=MANAGER                   configured=0003 requested:0003 fromPallas:0003 vending:0003 id=7BE30142-AD85-43BF-BE54-5D79CCB832A2 set=com.apple.sequoia.asset domain=com.apple.UnifiedAssetFramework | (com.apple.sequoia.asset.config<23.4.1.13.203112,0>,com.apple.sequoia.asset.endpointer<23.4.1.13.203112,0>,com.apple.sequoia.asset.lid<23.4.1.13.203112,0>)
time=2026-03-08_14:53:52 op=ADD_AI_ROUTING_NEW_SET_JOB  layer=MANAGER                   count=0000 id=7E5796E8-5B85-4EDE-94EC-2CC5C579C523 set=com.apple.speech.automaticspeechrecognition domain=com.apple.UnifiedAssetFramework
time=2026-03-08_14:53:52 op=ADD_AI_ROUTING_NEW_SET_JOB  layer=MANAGER                   count=0000 id=C6255ECF-D014-440E-B53E-F2C8C56807C6 set=com.apple.MobileAsset.UAF.Handwriting.Synthesis domain=com.apple.UnifiedAssetFramework
time=2026-03-08_14:53:52 op=ADD_AI_ROUTING_NEW_SET_JOB  layer=MANAGER                   count=0000 id=B47F8958-7FF1-416A-B392-899D1828133D set=com.apple.siri.asr.hammer domain=com.apple.UnifiedAssetFramework
time=2026-03-08_14:53:52 op=ADD_AI_ROUTING_NEW_SET_JOB  layer=MANAGER                   count=0000 id=9D1F0C23-604D-4AD8-A540-B2FB8CE92DCC set=com.apple.TKModelMessages domain=com.apple.UnifiedAssetFramework
time=2026-03-08_14:53:52 op=SET_CONFIG_LOOKUP_RESPONSE  layer=MANAGER                   configured=0001 requested:0000 fromPallas:0000 vending:0000 id-UNKNOWN                                  set=com.apple.speech.automaticspeechrecognition domain=com.apple.UnifiedAssetFramework | SetJobLookupResponseRcvd
time=2026-03-08_14:53:53 op=ADD_AI_ROUTING_NEW_SET_JOB  layer=MANAGER                   count=0000 id=7CC1F1BF-42B3-4A78-B7BE-6A6377B0CA93 set=com.apple.siri.uaf.platform domain=com.apple.UnifiedAssetFramework
time=2026-03-08_14:53:53 op=ADD_AI_ROUTING_NEW_SET_JOB  layer=MANAGER                   count=0000 id=A6DEADA2-70CD-40F5-81A7-B7F0463AC150 set=com.apple.MobileAsset.UAF.Vision.ADT domain=com.apple.UnifiedAssetFramework
time=2026-03-08_14:53:53 op=ADD_AI_ROUTING_NEW_SET_JOB  layer=MANAGER                   count=0000 id=62E6DD5B-4C64-4981-AE7F-450871567C96 set=com.apple.MobileAsset.UAF.Photos.SpatialPhotosRelive domain=com.apple.UnifiedAssetFramework
time=2026-03-08_14:53:53 op=ADD_AI_ROUTING_NEW_SET_JOB  layer=MANAGER                   count=0000 id=37FFD14A-992B-4316-B063-F2D3B5B145BC set=com.apple.aonsense domain=com.apple.UnifiedAssetFramework
time=2026-03-08_14:53:53 op=ADD_AI_ROUTING_NEW_SET_JOB  layer=MANAGER                   count=0000 id=890C11C7-5088-4CE1-8300-00DE9CB1F80E set=com.apple.MobileAsset.UAF.CoreMotion.IMUFoundationModel domain=com.apple.UnifiedAssetFramework
time=2026-03-08_14:53:53 op=SET_CONFIG_LOOKUP_RESPONSE  layer=MANAGER                   configured=0002 requested:0000 fromPallas:0000 vending:0000 id-UNKNOWN                                  set=com.apple.MobileAsset.UAF.Handwriting.Synthesis domain=com.apple.UnifiedAssetFramework | SetJobLookupResponseRcvd
time=2026-03-08_14:53:53 op=SET_CONFIG_LOOKUP_RESPONSE  layer=MANAGER                   configured=0002 requested:0000 fromPallas:0000 vending:0000 id-UNKNOWN                                  set=com.apple.siri.asr.hammer domain=com.apple.UnifiedAssetFramework | SetJobLookupResponseRcvd
time=2026-03-08_14:53:53 op=SET_CONFIG_LOOKUP_RESPONSE  layer=MANAGER                   configured=0001 requested:0000 fromPallas:0000 vending:0000 id-UNKNOWN                                  set=com.apple.TKModelMessages domain=com.apple.UnifiedAssetFramework | SetJobLookupResponseRcvd
time=2026-03-08_14:53:53 op=SET_CONFIG_LOOKUP_RESPONSE  layer=MANAGER                   configured=0001 requested:0000 fromPallas:0000 vending:0000 id-UNKNOWN                                  set=com.apple.siri.uaf.platform domain=com.apple.UnifiedAssetFramework | SetJobLookupResponseRcvd
time=2026-03-08_14:53:53 op=SET_CONFIG_LOOKUP_RESPONSE  layer=MANAGER                   configured=0003 requested:0000 fromPallas:0000 vending:0000 id-UNKNOWN                                  set=com.apple.MobileAsset.UAF.Vision.ADT domain=com.apple.UnifiedAssetFramework | SetJobLookupResponseRcvd
time=2026-03-08_14:53:54 op=SET_CONFIG_LOOKUP_RESPONSE  layer=MANAGER                   configured=0003 requested:0000 fromPallas:0000 vending:0000 id-UNKNOWN                                  set=com.apple.MobileAsset.UAF.Photos.SpatialPhotosRelive domain=com.apple.UnifiedAssetFramework | SetJobLookupResponseRcvd
time=2026-03-08_14:53:54 op=SET_CONFIG_LOOKUP_RESPONSE  layer=MANAGER                   configured=0003 requested:0000 fromPallas:0000 vending:0000 id-UNKNOWN                                  set=com.apple.aonsense domain=com.apple.UnifiedAssetFramework | SetJobLookupResponseRcvd
time=2026-03-08_14:53:54 op=SET_CONFIG_LOOKUP_RESPONSE  layer=MANAGER                   configured=0004 requested:0000 fromPallas:0000 vending:0000 id-UNKNOWN                                  set=com.apple.MobileAsset.UAF.CoreMotion.IMUFoundationModel domain=com.apple.UnifiedAssetFramework | SetJobLookupResponseRcvd
time=2026-03-08_14:55:25 op=SET_CONFIG_LOAD_PERSISTED   layer=MANAGER                   configured=0001 requested:0000 fromPallas:0000 vending:0000 id-UNKNOWN                                  set=com.apple.siri.uaf.platform domain=com.apple.UnifiedAssetFramework | setConfigurationLoadedFromPersisted
time=2026-03-08_14:55:25 op=SET_CONFIG_LOAD_PERSISTED   layer=MANAGER                   configured=0003 requested:0000 fromPallas:0000 vending:0000 id-UNKNOWN                                  set=com.apple.aonsense domain=com.apple.UnifiedAssetFramework | setConfigurationLoadedFromPersisted
time=2026-03-08_14:55:25 op=SET_CONFIG_LOAD_PERSISTED   layer=MANAGER                   configured=0001 requested:0000 fromPallas:0000 vending:0000 id-UNKNOWN                                  set=com.apple.TKModelMessages domain=com.apple.UnifiedAssetFramework | setConfigurationLoadedFromPersisted
time=2026-03-08_14:55:25 op=SET_CONFIG_LOAD_PERSISTED   layer=MANAGER                   configured=0002 requested:0000 fromPallas:0000 vending:0000 id-UNKNOWN                                  set=com.apple.siri.asr.hammer domain=com.apple.UnifiedAssetFramework | setConfigurationLoadedFromPersisted
time=2026-03-08_14:55:25 op=SET_CONFIG_LOAD_PERSISTED   layer=MANAGER                   configured=0007 requested:0000 fromPallas:0000 vending:0000 id-UNKNOWN                                  set=com.apple.siri.understanding domain=com.apple.UnifiedAssetFramework | setConfigurationLoadedFromPersisted
time=2026-03-08_14:55:25 op=SET_CONFIG_LOAD_PERSISTED   layer=MANAGER                   configured=0001 requested:0000 fromPallas:0000 vending:0000 id-UNKNOWN                                  set=com.apple.speech.automaticspeechrecognition domain=com.apple.UnifiedAssetFramework | setConfigurationLoadedFromPersisted
time=2026-03-08_14:55:25 op=SET_CONFIG_LOAD_PERSISTED   layer=MANAGER                   configured=0002 requested:0000 fromPallas:0000 vending:0000 id-UNKNOWN                                  set=com.apple.MobileAsset.UAF.Handwriting.Synthesis domain=com.apple.UnifiedAssetFramework | setConfigurationLoadedFromPersisted
time=2026-03-08_14:55:25 op=SET_CONFIG_LOAD_PERSISTED   layer=MANAGER                   configured=0003 requested:0000 fromPallas:0000 vending:0000 id-UNKNOWN                                  set=com.apple.MobileAsset.UAF.Vision.ADT domain=com.apple.UnifiedAssetFramework | setConfigurationLoadedFromPersisted
time=2026-03-08_14:55:25 op=SET_CONFIG_LOAD_PERSISTED   layer=MANAGER                   configured=0003 requested:0000 fromPallas:0000 vending:0000 id-UNKNOWN                                  set=com.apple.MobileAsset.UAF.Photos.SpatialPhotosRelive domain=com.apple.UnifiedAssetFramework | setConfigurationLoadedFromPersisted
time=2026-03-08_14:55:25 op=SET_CONFIG_LOAD_PERSISTED   layer=MANAGER                   configured=0004 requested:0000 fromPallas:0000 vending:0000 id-UNKNOWN                                  set=com.apple.MobileAsset.UAF.CoreMotion.IMUFoundationModel domain=com.apple.UnifiedAssetFramework | setConfigurationLoadedFromPersisted
time=2026-03-08_14:55:25 op=SET_CONFIG_LOAD_PERSISTED   layer=MANAGER                   configured=0004 requested:0000 fromPallas:0000 vending:0000 id-UNKNOWN                                  set=com.apple.siri.tts domain=com.apple.UnifiedAssetFramework | setConfigurationLoadedFromPersisted
time=2026-03-08_14:55:25 op=SET_CONFIG_LOAD_PERSISTED   layer=MANAGER                   configured=0003 requested:0000 fromPallas:0000 vending:0000 id=7BE30142-AD85-43BF-BE54-5D79CCB832A2 set=com.apple.sequoia.asset domain=com.apple.UnifiedAssetFramework | setConfigurationLoadedFromPersisted
time=2026-03-08_14:55:25 op=DEL_AI_DROP_MISSING_SETDESC layer=MANAGER                   count=0000 id=890C11C7-5088-4CE1-8300-00DE9CB1F80E set=com.apple.MobileAsset.UAF.CoreMotion.IMUFoundationModel domain=com.apple.UnifiedAssetFramework
time=2026-03-08_14:55:25 op=DEL_AI_DROP_MISSING_SETDESC layer=MANAGER                   count=0000 id=033C25AC-E38D-45F4-92E6-8A990BB9485C set=com.apple.siri.understanding domain=com.apple.UnifiedAssetFramework
time=2026-03-08_14:55:25 op=DEL_AI_DROP_MISSING_SETDESC layer=MANAGER                   count=0000 id=37FFD14A-992B-4316-B063-F2D3B5B145BC set=com.apple.aonsense domain=com.apple.UnifiedAssetFramework
time=2026-03-08_14:55:25 op=DEL_AI_DROP_MISSING_SETDESC layer=MANAGER                   count=0000 id=C6255ECF-D014-440E-B53E-F2C8C56807C6 set=com.apple.MobileAsset.UAF.Handwriting.Synthesis domain=com.apple.UnifiedAssetFramework
time=2026-03-08_14:55:25 op=DEL_AI_DROP_MISSING_SETDESC layer=MANAGER                   count=0000 id=62E6DD5B-4C64-4981-AE7F-450871567C96 set=com.apple.MobileAsset.UAF.Photos.SpatialPhotosRelive domain=com.apple.UnifiedAssetFramework
time=2026-03-08_14:55:25 op=DEL_AI_DROP_MISSING_SETDESC layer=MANAGER                   count=0000 id=C5E26A1A-E2E0-4EBF-84D2-1A563001F3F9 set=com.apple.siri.tts domain=com.apple.UnifiedAssetFramework
time=2026-03-08_14:55:25 op=DEL_AI_DROP_MISSING_SETDESC layer=MANAGER                   count=0000 id=A6DEADA2-70CD-40F5-81A7-B7F0463AC150 set=com.apple.MobileAsset.UAF.Vision.ADT domain=com.apple.UnifiedAssetFramework
time=2026-03-08_14:55:25 op=DEL_AI_DROP_MISSING_SETDESC layer=MANAGER                   count=0000 id=7E5796E8-5B85-4EDE-94EC-2CC5C579C523 set=com.apple.speech.automaticspeechrecognition domain=com.apple.UnifiedAssetFramework
time=2026-03-08_14:55:25 op=DEL_AI_DROP_MISSING_SETDESC layer=MANAGER                   count=0000 id=B47F8958-7FF1-416A-B392-899D1828133D set=com.apple.siri.asr.hammer domain=com.apple.UnifiedAssetFramework
time=2026-03-08_14:55:25 op=DEL_AI_DROP_MISSING_SETDESC layer=MANAGER                   count=0000 id=9D1F0C23-604D-4AD8-A540-B2FB8CE92DCC set=com.apple.TKModelMessages domain=com.apple.UnifiedAssetFramework
time=2026-03-08_14:55:25 op=DEL_AI_DROP_MISSING_SETDESC layer=MANAGER                   count=0000 id=7CC1F1BF-42B3-4A78-B7BE-6A6377B0CA93 set=com.apple.siri.uaf.platform domain=com.apple.UnifiedAssetFramework
time=2026-03-08_14:55:40 op=ADD_AI_ROUTING_NEW_SET_JOB  layer=MANAGER                   count=0000 id=FA26A57E-3CBC-4678-8FF5-5C7488AD61E9 set=com.apple.speech.automaticspeechrecognition domain=com.apple.UnifiedAssetFramework
time=2026-03-08_14:55:40 op=ADD_AI_ROUTING_NEW_SET_JOB  layer=MANAGER                   count=0000 id=1974CFBD-76C9-4E11-9465-BF0D7ED3AF55 set=com.apple.siri.understanding domain=com.apple.UnifiedAssetFramework
time=2026-03-08_14:55:40 op=SET_CONFIG_ALTER_ENTRIES    layer=MANAGER                   configured=0002 requested:0000 fromPallas:0000 vending:0000 id-UNKNOWN                                  set=com.apple.speech.automaticspeechrecognition domain=com.apple.UnifiedAssetFramework | handleSetClientAlterEntriesRepresentingAtomicRequest
time=2026-03-08_14:55:40 op=SET_CONFIG_AVAIL_GAINED     layer=MANAGER                   configured=0002 requested:0000 fromPallas:0000 vending:0000 id-UNKNOWN                                  set=com.apple.speech.automaticspeechrecognition domain=com.apple.UnifiedAssetFramework | handleSetClientAlterEntriesRepresentingAtomicRequest
time=2026-03-08_14:55:40 op=DEL_AI_DISCOVERED_NOT_DWNLD layer=MANAGER                   count=0000 id=FA26A57E-3CBC-4678-8FF5-5C7488AD61E9 set=com.apple.speech.automaticspeechrecognition domain=com.apple.UnifiedAssetFramework
