time=2026-03-08_06:24:16 op=NEW                        
time=2026-03-08_06:24:18 op=STA_STARTUP_BEGINNING       layer=MANAGER                   asset=UNKNOWN selector=(OS:26.3.1[23D8133],pid:132)|RESOURCE_USAGE_NONE|3.0.5
time=2026-03-08_06:24:57 op=STA_STARTUP_COOKIE_SUCCESS  layer=MANAGER                   asset=UNKNOWN selector=(OS:26.3.1[23D8133],pid:132)|[STARTUP][DURATION:41secs](assets:0,configs:0,atomic:0[locks:0],sdesc:0,targets:0,lookups:0,jobs:[single:4,set:0])|3.0.5
time=2026-03-08_06:24:57 op=STA_STARTUP_ACTIVATED       layer=MANAGER                   asset=UNKNOWN selector=(OS:26.3.1[23D8133],pid:132)|[STARTUP][DURATION:41secs](assets:0,configs:0,atomic:0[locks:0],sdesc:0,targets:0,lookups:0,jobs:[single:4,set:0])|3.0.5
time=2026-03-08_14:07:42 op=ADD_CLIENT_DOWNLOAD         client=manager                  asset=a06aaae35a3538ce9c7ea7eb82f538696340680e selector=UAF.Translation.Assets|com.apple.sequoia.asset.config|23.4.1.13.203112,0
time=2026-03-08_14:07:48 op=ADD_CLIENT_DOWNLOAD         client=manager                  asset=1378d442d2954ff1f4758cafafef06bf3521bf88 selector=UAF.Translation.Assets|com.apple.sequoia.asset.endpointer|23.4.1.13.203112,0
time=2026-03-08_14:08:08 op=ADD_CLIENT_DOWNLOAD         client=manager                  asset=adb30db03d04008c252023bea83b91276625681b selector=UAF.Translation.Assets|com.apple.sequoia.asset.lid|23.4.1.13.203112,0
time=2026-03-08_14:55:25 op=STA_STARTUP_BEGINNING       layer=MANAGER                   asset=UNKNOWN selector=(OS:26.3.1[23D8133],pid:134)|RESOURCE_USAGE_NONE|3.0.5
time=2026-03-08_14:55:25 op=VLD_LOAD_LOCAL_URL_PRESENT  layer=MANAGER                   | (com.apple.sequoia.asset.config<23.4.1.13.203112,0>,com.apple.sequoia.asset.endpointer<23.4.1.13.203112,0>,com.apple.sequoia.asset.lid<23.4.1.13.203112,0>)
time=2026-03-08_14:55:40 op=STA_STARTUP_COOKIE_SUCCESS  layer=MANAGER                   asset=UNKNOWN selector=(OS:26.3.1[23D8133],pid:134)|[STARTUP][DURATION:15secs](assets:3,configs:12,atomic:2[locks:1],sdesc:1,targets:0,lookups:0,jobs:[single:0,set:0])|3.0.5
time=2026-03-08_14:55:40 op=STA_STARTUP_ACTIVATED       layer=MANAGER                   asset=UNKNOWN selector=(OS:26.3.1[23D8133],pid:134)|[STARTUP][DURATION:15secs](assets:3,configs:12,atomic:2[locks:1],sdesc:1,targets:0,lookups:0,jobs:[single:0,set:0])|3.0.5
time=2026-03-08_14:55:53 op=ADD_CLIENT_DOWNLOAD         client=manager                  asset=0a6d3806545032d907a1f4885907181b55254f82 selector=UAF.Siri.UnderstandingASRHammer|com.apple.siri.asr.hammer.en_GB|3100.4000.259.100.2285,0
time=2026-03-08_14:55:53 op=ADD_CLIENT_DOWNLOAD         client=manager                  asset=3eb3ea3deb4ace12f816f302f2f6d1aa710e8a09 selector=UAF.TKModelMessages|com.apple.trustkit.tkmodelmessages.all|264.0.6.100.2154,0
time=2026-03-08_14:55:54 op=ADD_CLIENT_DOWNLOAD         client=manager                  asset=ddeef4ea4eb145fcc744e91aa1a128b19438b0a3 selector=UAF.Siri.UnderstandingASRHammer|com.apple.siri.asr.hammer.en_US|3100.4000.285.100.2285,0
time=2026-03-08_18:30:01 op=ADD_SCHEDULER_DOWNLOADED    layer=MANAGER                   asset=088726d2ac6c7784f0e4ccdfe5c146070377d406 selector=LinguisticDataAuto|Priority_sk|19.0.436.11.6519,0
time=2026-03-09_10:02:33 op=STA_STARTUP_BEGINNING       layer=MANAGER                   asset=UNKNOWN selector=(OS:26.3.1[23D8133],pid:133)|RESOURCE_USAGE_NONE|3.0.5
time=2026-03-09_10:02:33 op=VLD_LOAD_LOCAL_URL_PRESENT  layer=MANAGER                   | (com.apple.sequoia.asset.config<23.4.1.13.203112,0>,com.apple.sequoia.asset.endpointer<23.4.1.13.203112,0>,com.apple.sequoia.asset.lid<23.4.1.13.203112,0>)
time=2026-03-09_10:02:33 op=VLD_LOAD_LOCAL_URL_PRESENT  layer=MANAGER                   | (com.apple.trustkit.tkmodelmessages.all<264.0.6.100.2154,0>)
time=2026-03-09_10:02:33 op=VLD_LOAD_LOCAL_URL_PRESENT  layer=MANAGER                   | (com.apple.siri.asr.hammer.en_GB<3100.4000.259.100.2285,0>,com.apple.siri.asr.hammer.en_US<3100.4000.285.100.2285,0>)
time=2026-03-09_10:02:41 op=STA_STARTUP_COOKIE_SUCCESS  layer=MANAGER                   asset=UNKNOWN selector=(OS:26.3.1[23D8133],pid:133)|[STARTUP][DURATION:8secs](assets:7,configs:13,atomic:3[locks:3],sdesc:3,targets:0,lookups:0,jobs:[single:0,set:0])|3.0.5
time=2026-03-09_10:02:41 op=STA_STARTUP_ACTIVATED       layer=MANAGER                   asset=UNKNOWN selector=(OS:26.3.1[23D8133],pid:133)|[STARTUP][DURATION:8secs](assets:7,configs:13,atomic:3[locks:3],sdesc:3,targets:0,lookups:0,jobs:[single:0,set:0])|3.0.5
time=2026-03-09_11:16:32 op=STA_STARTUP_BEGINNING       layer=MANAGER                   asset=UNKNOWN selector=(OS:26.3.1[23D8133],pid:127)|RESOURCE_USAGE_NONE|3.0.5
time=2026-03-09_11:16:32 op=VLD_LOAD_LOCAL_URL_PRESENT  layer=MANAGER                   | (com.apple.sequoia.asset.config<23.4.1.13.203112,0>,com.apple.sequoia.asset.endpointer<23.4.1.13.203112,0>,com.apple.sequoia.asset.lid<23.4.1.13.203112,0>)
time=2026-03-09_11:16:32 op=VLD_LOAD_LOCAL_URL_PRESENT  layer=MANAGER                   | (com.apple.trustkit.tkmodelmessages.all<264.0.6.100.2154,0>)
time=2026-03-09_11:16:32 op=VLD_LOAD_LOCAL_URL_PRESENT  layer=MANAGER                   | (com.apple.siri.asr.hammer.en_GB<3100.4000.259.100.2285,0>,com.apple.siri.asr.hammer.en_US<3100.4000.285.100.2285,0>)
time=2026-03-09_11:16:45 op=STA_STARTUP_COOKIE_SUCCESS  layer=MANAGER                   asset=UNKNOWN selector=(OS:26.3.1[23D8133],pid:127)|[STARTUP][DURATION:12secs](assets:7,configs:13,atomic:5[locks:3],sdesc:3,targets:0,lookups:0,jobs:[single:0,set:0])|3.0.5
time=2026-03-09_11:16:45 op=STA_STARTUP_ACTIVATED       layer=MANAGER                   asset=UNKNOWN selector=(OS:26.3.1[23D8133],pid:127)|[STARTUP][DURATION:12secs](assets:7,configs:13,atomic:5[locks:3],sdesc:3,targets:0,lookups:0,jobs:[single:0,set:0])|3.0.5
time=2026-03-09_12:10:06 op=ADD_CLIENT_DOWNLOAD         client=manager                  asset=a5575916762c87673fb9c7f08ac38813a70e77c3 selector=UAF.Speech.AutomaticSpeechRecognition|com.apple.speech.asr.language.identification|0.0.4.13.201972,0
time=2026-03-09_12:10:06 op=ADD_CLIENT_DOWNLOAD         client=manager                  asset=97c648f0e5057a69c68d93941bda1da416687da9 selector=UAF.Handwriting.Synthesis|com.apple.handwriting.synthesis.uaf.metadata|4.41.12.13.101931,0
time=2026-03-09_12:10:06 op=ADD_CLIENT_DOWNLOAD         client=manager                  asset=0ca862b7d50c5e43529a37d775064d899ed7ab6b selector=UAF.Search.ODLA|com.apple.odla.recipe.SAW.Spotlight.SurveyDaily|184.0.0.13.202518,0
time=2026-03-09_12:10:11 op=ADD_CLIENT_DOWNLOAD         client=manager                  asset=189acf940961744088d0de42a0b4471ada0db58f selector=UAF.Siri.PlatformAssets|com.apple.siri.uaf.osupdates|1.0.295071122.13.203605,0
time=2026-03-09_12:10:11 op=ADD_CLIENT_DOWNLOAD         client=manager                  asset=3c85ac9f3592cf03103d4cf0a2965546ef06485f selector=UAF.Vision.ADT|com.apple.vision.adt.uaf.metadata|4.41.12.13.101911,0
time=2026-03-09_12:10:15 op=ADD_CLIENT_DOWNLOAD         client=manager                  asset=31831830528d9dbd35e0584660e33f1255070557 selector=UAF.AONSenseConfiguration|com.apple.aonsense.uaf.metadata|4.41.12.13.101927,0
time=2026-03-09_12:10:29 op=ADD_CLIENT_DOWNLOAD         client=manager                  asset=dca23ecb35e026153748133b87bdbd41a95c8a18 selector=UAF.Photos.SpatialPhotosRelive|com.apple.photos.spatialphotosrelive.fov.main.generic|17.0.81516.13.202357,0
time=2026-03-09_12:10:46 op=ADD_CLIENT_DOWNLOAD         client=manager                  asset=6ac70ef7b585771b7bc092795214afcd8d92ad57 selector=UAF.Siri.TextToSpeech|com.apple.siri.tts.voice.en_GB.arthur.neural.premium|1223.0.0.13.202987,0
time=2026-03-09_12:10:46 op=ADD_CLIENT_DOWNLOAD         client=manager                  asset=3337f7a52af7759f7c9f06f2427187f320479e7d selector=UAF.Siri.UnderstandingNLOverrides|com.apple.siri.understanding.nl.overrides.uaf.metadata|4.41.12.100.1388,0
time=2026-03-09_12:10:46 op=ADD_CLIENT_DOWNLOAD         client=manager                  asset=3ce1516bcae271c732cba3bf377b561d90ee72e1 selector=UAF.Siri.FindMyConfigurationFiles|com.apple.siri.findmy.primary_device_files|0.2.3.13.101888,0
time=2026-03-09_12:10:46 op=ADD_CLIENT_DOWNLOAD         client=manager                  asset=7241b5a39ee2a0016af98a5d319f83d2240cb24c selector=UAF.Siri.DialogAssets|com.apple.siri.dialog.findmy.sirifindmy|30.11.114.13.102543,0
time=2026-03-09_12:11:26 op=ADD_CLIENT_DOWNLOAD         client=manager                  asset=a307ce668c96c8a6a31df131247c29c9c8d9654f selector=UAF.Speech.AutomaticSpeechRecognition|com.apple.speech.asr.transcription.en|3100.4000.29.13.101993,0
time=2026-03-09_12:11:26 op=ADD_CLIENT_DOWNLOAD         client=manager                  asset=11baeb8a532b4ea1cdd21f087b0678a869d84b8e selector=UAF.Siri.DialogAssets|com.apple.siri.dialog.sirisuggestionsbasemodel|20.9.104.13.102543,0
time=2026-03-09_12:11:26 op=ADD_CLIENT_DOWNLOAD         client=manager                  asset=1c89e77c8c964b9b2291ae0efc690f38af43c08c selector=UAF.Siri.UnderstandingNLOverrides|com.apple.siri.nl.overrides.en_GB|3501.4100.1763950175.100.1786,0
time=2026-03-09_12:11:35 op=ADD_CLIENT_DOWNLOAD         client=manager                  asset=5ff0d489e82fd8d1543f9c1b813bf02be3ceabe7 selector=UAF.Siri.Understanding|com.apple.siri.sp.invocation.en_GB|19.1028.1.13.301213,0
time=2026-03-09_12:11:35 op=ADD_CLIENT_DOWNLOAD         client=manager                  asset=41788396db102cb0f9425df0a83b96f3eb5fe9e4 selector=UAF.Siri.DialogAssets|com.apple.siri.dialog.homecommunicationflowdelegateplugin|30.6.101.13.102289,0
time=2026-03-09_12:11:35 op=ADD_CLIENT_DOWNLOAD         client=manager                  asset=7ea78435b592908e7db0413558ec5ce6dff6bc46 selector=UAF.CoreMotion.IMUFoundationModel|com.apple.fm.coremotion.calorimetry_reduced_embeddings.adaptor.generic|0.0.1.13.101920,0
time=2026-03-09_12:11:35 op=ADD_CLIENT_DOWNLOAD         client=manager                  asset=bfaad53b3c86dfc40a51adc74a26a9fab69fc48f selector=UAF.AONSenseConfiguration|com.apple.aonsense.safety.generic|0.1.0.13.102342,0
time=2026-03-09_12:11:36 op=ADD_CLIENT_DOWNLOAD         client=manager                  asset=5330cd3b3734cf991d9538c6ccb8a9735dda0f41 selector=UAF.Search.ODLA|com.apple.odla.recipe.SAW.Spotlight.SurveyWeekly|184.0.0.13.202518,0
time=2026-03-09_12:11:36 op=ADD_CLIENT_DOWNLOAD         client=manager                  asset=990c7fa2f86ef3799ee51e53cfbff1a623abba28 selector=UAF.Photos.SpatialPhotosRelive|com.apple.photos.spatialphotosrelive.uaf.metadata|4.41.12.13.301207,0
time=2026-03-09_12:11:39 op=ADD_CLIENT_DOWNLOAD         client=manager                  asset=f06564b027302d03bf75db2370493909677cee55 selector=UAF.Siri.TextToSpeech|com.apple.siri.tts.voice.en_US.simone.neural.premium|1276.0.0.13.202389,0
time=2026-03-09_12:11:39 op=ADD_CLIENT_DOWNLOAD         client=manager                  asset=e688c4170c82d35d0380e795e7748d642a770393 selector=UAF.Siri.DialogAssets|com.apple.siri.dialog.geoflowdelegateplugin|30.6.102.13.102543,0
time=2026-03-09_12:11:41 op=ADD_CLIENT_DOWNLOAD         client=manager                  asset=3864d9a4b9a2298bb8c1bdbd1261de9f0b7d4733 selector=UAF.Siri.Understanding|com.apple.siri.nl.owl.en_GB|3300.2011.16.13.202405,0
time=2026-03-09_12:11:45 op=ADD_CLIENT_DOWNLOAD         client=manager                  asset=df86cb1dcaad67760837e5619a1587d1122d3cf2 selector=UAF.CoreMotion.IMUFoundationModel|com.apple.fm.coremotion.imu_v1.base.generic|0.0.2.13.101920,0
time=2026-03-09_12:11:45 op=ADD_CLIENT_DOWNLOAD         client=manager                  asset=18dc31125c03a368595068b0c0fe58be585733cd selector=UAF.Siri.TextToSpeech|com.apple.siri.tts.resource.en_US|531.0.0.13.203579,0
time=2026-03-09_12:11:45 op=ADD_CLIENT_DOWNLOAD         client=manager                  asset=70675fdfdc444a768dfc8bcf5887faff1ff9fcf6 selector=UAF.Siri.DialogAssets|com.apple.siri.dialog.siricontactsintents|30.6.106.13.102422,0
time=2026-03-09_12:11:45 op=ADD_CLIENT_DOWNLOAD         client=manager                  asset=2537630edea8f7d560d8b5ad1de07afc9680db28 selector=UAF.Siri.Understanding|com.apple.siri.cam.auto_confirm.auto_send.en_GB|200.0.2021103006.13.101954,0
time=2026-03-09_12:11:46 op=ADD_CLIENT_DOWNLOAD         client=manager                  asset=ae5045c08123957d909e4209255ea4d7c5d3a741 selector=UAF.Search.ODLA|com.apple.odla.recipe.SAW.Spotlight.Extraction|184.0.0.13.202518,0
time=2026-03-09_12:11:46 op=ADD_CLIENT_DOWNLOAD         client=manager                  asset=a731c6c542b22a60e67fb7568296f2de9124a732 selector=UAF.CoreMotion.IMUFoundationModel|com.apple.fm.coremotion.calorimetry_fm_predicted_wrmets_v1.adaptor.generic|0.0.3.13.101920,0
time=2026-03-09_12:11:47 op=ADD_CLIENT_DOWNLOAD         client=manager                  asset=91b7257a0185b1af25fc1113501b7ae50cda5529 selector=UAF.Siri.TextToSpeech|com.apple.siri.tts.resource.en_GB|392.0.0.13.203279,0
time=2026-03-09_12:11:47 op=ADD_CLIENT_DOWNLOAD         client=manager                  asset=841fdef8f42e098207827d79500024864b35dace selector=UAF.Siri.DialogAssets|com.apple.siri.dialog.siriidentityinternal|20.3.102.13.102328,0
time=2026-03-09_12:11:47 op=ADD_CLIENT_DOWNLOAD         client=manager                  asset=a834fde719cc7d99b0482323318a1306cd9b40ca selector=UAF.Handwriting.Synthesis|com.apple.fm.handwriting.synthesis_multilingual.generic|1.21.81516.13.203479,0
time=2026-03-09_12:11:59 op=ADD_CLIENT_DOWNLOAD         client=manager                  asset=ee404c68a35d0a269bc560307269830b7b869234 selector=UAF.Siri.Understanding|com.apple.siri.nl.nlv4.en_GB|3501.4100.1064.13.202963,0
time=2026-03-09_12:12:20 op=ADD_CLIENT_DOWNLOAD         client=manager                  asset=f08f0fd0db236272707df6fda1949f6d17d6a4f3 selector=UAF.Siri.TextToSpeech|com.apple.siri.tts.voice.en_GB.martha.neural.premium|1156.0.0.13.202987,0
time=2026-03-09_12:12:21 op=ADD_CLIENT_DOWNLOAD         client=manager                  asset=c355c34e8ff9eaf611224742695fe06f5facabaa selector=UAF.Siri.DialogAssets|com.apple.siri.dialog.audio.audioflowdelegateplugin|30.20.109.13.102543,0
time=2026-03-09_12:12:21 op=ADD_CLIENT_DOWNLOAD         client=manager                  asset=7d4b41088a44481239b6251f561742ce452bce55 selector=UAF.Siri.Understanding|com.apple.siri.nl.data_detectors.en_GB|3500.4000.1750184626.13.202375,0
time=2026-03-09_12:12:21 op=ADD_CLIENT_DOWNLOAD         client=manager                  asset=d69da19d2a113bbd632ff97b3c5fd5070d1dcaba selector=UAF.Search.ODLA|com.apple.odla.recipe.SAW.Spotlight.Report|184.0.0.13.202518,0
time=2026-03-09_12:12:22 op=ADD_CLIENT_DOWNLOAD         client=manager                  asset=9cd11969efae7ddbd188e51db3d8a6ea6d2f4663 selector=UAF.Siri.DialogAssets|com.apple.siri.dialog.siricalendarintents|20.13.111.13.102543,0
time=2026-03-09_12:12:23 op=ADD_CLIENT_DOWNLOAD         client=manager                  asset=ec0c003dd4558a1b6b1f6c1e21f9bad81e322bca selector=UAF.Siri.Understanding|com.apple.siri.nl.cati.en_GB|3304.2400.2023120401.13.202405,0
time=2026-03-09_12:12:23 op=ADD_CLIENT_DOWNLOAD         client=manager                  asset=c3590ab10077416001311613d6e7fcbc4c804ecb selector=UAF.Siri.DialogAssets|com.apple.siri.dialog.sirisuggestions|20.9.104.13.102543,0
time=2026-03-09_12:12:24 op=ADD_CLIENT_DOWNLOAD         client=manager                  asset=d81d26f1e14d60c30bea5cf7129b5c489de09127 selector=UAF.Siri.Understanding|com.apple.siri.cam.auto_confirm.auto_send_private.en_GB|1000.0.2022032313.13.101954,0
time=2026-03-09_12:12:25 op=ADD_CLIENT_DOWNLOAD         client=manager                  asset=af776a9149582787d4ff40fe5b1cb6d06d318e37 selector=UAF.Siri.DialogAssets|com.apple.siri.dialog.sirivideointents|30.9.105.13.102454,0
time=2026-03-09_12:12:26 op=ADD_CLIENT_DOWNLOAD         client=manager                  asset=c50b7caf1ead05fb7ea580455c8e27922a307550 selector=UAF.Siri.Understanding|com.apple.siri.asr.geolm.regionMapping.en_GB|3100.4000.69.13.301459,0
time=2026-03-09_12:12:26 op=ADD_CLIENT_DOWNLOAD         client=manager                  asset=b790558baf818903fa066696324fb13ab496d0e0 selector=UAF.Siri.DialogAssets|com.apple.siri.dialog.dialogengine|3401.5.101.13.101921,0
time=2026-03-09_12:12:27 op=ADD_CLIENT_DOWNLOAD         client=manager                  asset=d441ea9447f57b58eb01ede6c9247ca22f8eb510 selector=UAF.Siri.Understanding|com.apple.siri.understanding.uaf.metadata|4.41.12.13.202350,0
time=2026-03-09_12:12:27 op=ADD_CLIENT_DOWNLOAD         client=manager                  asset=bc5fa34871238d97e1df5bd1c1febe12f7385b9f selector=UAF.Siri.DialogAssets|com.apple.siri.dialog.siripaymentsintents|13.5.105.13.102505,0
time=2026-03-09_12:12:29 op=ADD_CLIENT_DOWNLOAD         client=manager                  asset=345da177f778057b967ef38b4f969d39128b79bd selector=UAF.Siri.Understanding|com.apple.siri.nl.psc.en_GB|3501.4100.729.13.202818,0
time=2026-03-09_12:12:29 op=ADD_CLIENT_DOWNLOAD         client=manager                  asset=8a727e1268c441f5738bd5bd07d43751e39b829a selector=UAF.Siri.DialogAssets|com.apple.siri.dialog.sirikitflow|30.6.105.13.102418,0
time=2026-03-09_12:12:31 op=ADD_CLIENT_DOWNLOAD         client=manager                  asset=f35bc1b7f1509d373f29112876cff0c16c916632 selector=UAF.Siri.Understanding|com.apple.siri.nl.voc.en_GB|3501.4100.2025102104.13.202963,0
time=2026-03-09_12:12:31 op=ADD_CLIENT_DOWNLOAD         client=manager                  asset=160354c0c3eb5195280ea7ac513991cad754cecb selector=UAF.Siri.DialogAssets|com.apple.siri.dialog.siriexpanseinternal|9.2.102.13.102340,0
time=2026-03-09_12:12:33 op=ADD_CLIENT_DOWNLOAD         client=manager                  asset=9ed44170a444eccfe679fc61a004389e78709e94 selector=UAF.Siri.Understanding|com.apple.siri.nl.ssu.datasets.en_GB|3400.3000.2.13.202405,0
time=2026-03-09_12:12:33 op=ADD_CLIENT_DOWNLOAD         client=manager                  asset=bb11003d9b4148cdac2b90b28257d0bb9112ec6c selector=UAF.Siri.DialogAssets|com.apple.siri.dialog.generativeassistanttools.generativeassistantextension|5.16.103.13.102363,0
time=2026-03-09_12:12:40 op=ADD_CLIENT_DOWNLOAD         client=manager                  asset=ceb7297db26b18f718a89600bcd83723516c4568 selector=UAF.Siri.DialogAssets|com.apple.siri.dialog.audiosuggestionsplugin|30.20.109.13.102543,0
time=2026-03-09_12:12:40 op=ADD_CLIENT_DOWNLOAD         client=manager                  asset=f5c85c14e137eb60c1e3e628cf31dda76fa2d68f selector=UAF.Photos.SpatialPhotosRelive|com.apple.photos.spatialphotosrelive.main.generic|17.1.81516.13.202357,0
time=2026-03-09_12:12:41 op=ADD_CLIENT_DOWNLOAD         client=manager                  asset=f3dfa440510be62b0cd0457cc6207dbc1f470b09 selector=UAF.Siri.DialogAssets|com.apple.siri.dialog.camrootflowplugin|30.6.105.13.102418,0
time=2026-03-09_12:12:42 op=ADD_CLIENT_DOWNLOAD         client=manager                  asset=c5468520e594e88a5a010f8835627d3218dde7be selector=UAF.Siri.DialogAssets|com.apple.siri.dialog.sirisystemcommands|20.4.103.13.102505,0
time=2026-03-09_12:12:43 op=ADD_CLIENT_DOWNLOAD         client=manager                  asset=cf1b254fa9f9548bd1b5eb26b21d3eded6fbe5a1 selector=UAF.Siri.DialogAssets|com.apple.siri.dialog.siriplaybackcontrolintents|30.9.109.13.102543,0
time=2026-03-09_12:12:44 op=ADD_CLIENT_DOWNLOAD         client=manager                  asset=57f56b36919bd10ecdfebe81709f04178cc3d05f selector=UAF.Siri.DialogAssets|com.apple.siri.dialog.siriinferenceflow|20.3.103.13.102428,0
time=2026-03-09_12:12:46 op=ADD_CLIENT_DOWNLOAD         client=manager                  asset=3475c18f263306b79ed5794b610edf5894c8e302 selector=UAF.Siri.DialogAssets|com.apple.siri.dialog.clockflowplugin|30.18.112.13.102464,0
time=2026-03-09_12:12:47 op=ADD_CLIENT_DOWNLOAD         client=manager                  asset=dc2c4fde6fa265a4ac40833fcc9526853c8fed93 selector=UAF.Siri.DialogAssets|com.apple.siri.dialog.siriapplaunchintents|31.4.108.13.102543,0
time=2026-03-09_12:12:48 op=ADD_CLIENT_DOWNLOAD         client=manager                  asset=56142d3f7d933fe1765c2a879c179bd55fe6d26d selector=UAF.Siri.DialogAssets|com.apple.siri.dialog.sirireader|14.2.102.13.102418,0
time=2026-03-09_12:12:49 op=ADD_CLIENT_DOWNLOAD         client=manager                  asset=57eff3e1f90aafa338c17fe89c35f4465c007f7a selector=UAF.Siri.DialogAssets|com.apple.siri.dialog.deviceexpert.deviceexpertintents|30.6.105.13.102543,0
time=2026-03-09_12:12:51 op=ADD_CLIENT_DOWNLOAD         client=manager                  asset=fd3900640cc5fc7f48e8950028bd7b864b84b957 selector=UAF.Siri.DialogAssets|com.apple.siri.dialog.dailybriefingflowplugin|30.3.108.13.102464,0
time=2026-03-09_12:12:52 op=ADD_CLIENT_DOWNLOAD         client=manager                  asset=c54bd85001c56817c43da82700b08375e307ee3f selector=UAF.Siri.DialogAssets|com.apple.siri.dialog.homeautomationinternal|30.17.108.13.102464,0
time=2026-03-09_12:12:53 op=ADD_CLIENT_DOWNLOAD         client=manager                  asset=fd3101bff5e7d1cba9b914bbd3a0a043b6de719b selector=UAF.Siri.DialogAssets|com.apple.siri.dialog.siritranslationintents|18.5.101.13.102289,0
time=2026-03-09_12:12:54 op=ADD_CLIENT_DOWNLOAD         client=manager                  asset=d3bb0e966102e5614a46a94262adbf9562a9c266 selector=UAF.Siri.DialogAssets|com.apple.siri.dialog.sirilinkflowplugin|24.2.103.13.102328,0
time=2026-03-09_12:12:57 op=ADD_CLIENT_DOWNLOAD         client=manager                  asset=1fb2404fdc2db19da02f77d430c0fa6d1d0cbd32 selector=UAF.Siri.DialogAssets|com.apple.siri.dialog.socialconversationflowdelegateplugin|9.23.117.13.102543,0
time=2026-03-09_12:12:58 op=ADD_CLIENT_DOWNLOAD         client=manager                  asset=68b7f961877952cfe69c3ba6b343ab0fdb55148f selector=UAF.Siri.DialogAssets|com.apple.siri.dialog.requestdispatcherbridges|24.2.102.13.102418,0
time=2026-03-09_12:13:00 op=ADD_CLIENT_DOWNLOAD         client=manager                  asset=3dc63430deef33ffc58ac8e32393b9b2e3ae968d selector=UAF.Siri.DialogAssets|com.apple.siri.dialog.notebook.sirinotebook|30.8.107.13.102464,0
time=2026-03-09_12:13:01 op=ADD_CLIENT_DOWNLOAD         client=manager                  asset=f0ed35e9fb8c01fb6721f2ee9b3f2b0cffdc0cc8 selector=UAF.Siri.DialogAssets|com.apple.siri.dialog.workoutannouncements|30.9.113.13.102543,0
time=2026-03-09_12:13:03 op=ADD_CLIENT_DOWNLOAD         client=manager                  asset=fe3867472dc1110cc586943680a4530b2e54b287 selector=UAF.Siri.DialogAssets|com.apple.siri.dialog.messages.sirimessagesflow|31.17.116.13.102543,0
time=2026-03-09_12:13:04 op=ADD_CLIENT_DOWNLOAD         client=manager                  asset=ccdb0736c15c08780095e6a3988c37584ae304a0 selector=UAF.Siri.DialogAssets|com.apple.siri.dialog.sirikitruntime|30.6.105.13.102418,0
time=2026-03-09_12:13:05 op=ADD_CLIENT_DOWNLOAD         client=manager                  asset=415e91aa7793dbdf66310e78ee1927569f7c1786 selector=UAF.Siri.DialogAssets|com.apple.siri.dialog.sirinaturallanguagegeneration|14.2.101.13.102289,0
time=2026-03-09_12:13:06 op=ADD_CLIENT_DOWNLOAD         client=manager                  asset=f7801c7422a8f840d8c2cc28d37d900faa27372b selector=UAF.Siri.DialogAssets|com.apple.siri.dialog.informationflowplugin|20.7.103.13.102505,0
time=2026-03-09_12:13:08 op=ADD_CLIENT_DOWNLOAD         client=manager                  asset=584b8d9be1e63258a54c0fbe3e90ccf76e93497a selector=UAF.Siri.DialogAssets|com.apple.siri.dialog.sirinotificationsintents|24.2.104.13.102440,0
time=2026-03-09_12:13:09 op=ADD_CLIENT_DOWNLOAD         client=manager                  asset=e7606f5aa51178a21667f3e3cad5a7dbeca1f689 selector=UAF.Siri.DialogAssets|com.apple.siri.dialog.ifflowplugin|24.2.102.13.102418,0
time=2026-03-09_12:13:10 op=ADD_CLIENT_DOWNLOAD         client=manager                  asset=39610883fd416bd236b901644eee451754e75245 selector=UAF.Siri.DialogAssets|com.apple.siri.dialog.healthflowdelegateplugin|30.9.113.13.102543,0
time=2026-03-09_12:13:11 op=ADD_CLIENT_DOWNLOAD         client=manager                  asset=5641b02efac1ee58e2bda67b2de86dae0ecc639a selector=UAF.Siri.DialogAssets|com.apple.siri.dialog.omnisearch.omnisearch|5.4.102.13.102363,0
time=2026-03-09_12:13:13 op=ADD_CLIENT_DOWNLOAD         client=manager                  asset=f5da9a4356b59f7833210de855d5ab201f670531 selector=UAF.Siri.DialogAssets|com.apple.siri.dialog.emergencyflowplugin|30.9.113.13.102543,0
time=2026-03-09_12:13:14 op=ADD_CLIENT_DOWNLOAD         client=manager                  asset=5d96cd8e3fb8fdf76f058a0a349960e80c6ddb06 selector=UAF.Siri.DialogAssets|com.apple.siri.dialog.sirisettingsintents|30.6.105.13.102543,0
time=2026-03-09_12:13:16 op=ADD_CLIENT_DOWNLOAD         client=manager                  asset=131a5b369b37c1c2d4db4515bf5266936ad5fd92 selector=UAF.Siri.DialogAssets|com.apple.siri.dialog.timerflowdelegateplugin|30.18.112.13.102464,0
time=2026-03-09_12:13:17 op=ADD_CLIENT_DOWNLOAD         client=manager                  asset=8b5034e5bede569d0c6cba2158d42246671ea8d3 selector=UAF.Siri.DialogAssets|com.apple.siri.dialog.alarmflowplugin|30.18.112.13.102464,0
time=2026-03-09_12:13:18 op=ADD_CLIENT_DOWNLOAD         client=manager                  asset=3d2d3707885611d4cd2eb573e0ab15a319755269 selector=UAF.Siri.DialogAssets|com.apple.siri.dialog.sirisuggestionsflowplugin|20.9.104.13.102543,0
time=2026-03-09_12:13:19 op=ADD_CLIENT_DOWNLOAD         client=manager                  asset=c656554bddcab064765a7906efe9e0ae22f93084 selector=UAF.Siri.DialogAssets|com.apple.siri.dialog.sirimailinternal|14.7.105.13.102543,0
time=2026-03-09_12:13:21 op=ADD_CLIENT_DOWNLOAD         client=manager                  asset=238c758e432449d2c9f0d88941431f20421debca selector=UAF.Siri.DialogAssets|com.apple.siri.dialog.phonecallflowdelegateplugin|30.12.110.13.102543,0
time=2026-03-09_12:13:22 op=ADD_CLIENT_DOWNLOAD         client=manager                  asset=32c052c596735ad66bb71f8c64dd076ea08b6f18 selector=UAF.Siri.DialogAssets|com.apple.siri.dialog.sirikit.messagesflowdelegateplugin|19.7.112.13.101921,0
time=2026-03-09_12:13:23 op=ADD_CLIENT_DOWNLOAD         client=manager                  asset=bf7c5b6aed94ff5cf152befa8091e7efa465c7f7 selector=UAF.Siri.DialogAssets|com.apple.siri.dialog.siriautocomplete|20.9.104.13.102543,0
time=2026-03-09_12:13:23 op=ADD_CLIENT_DOWNLOAD         client=manager                  asset=70e14dcbbcf2e53e0db73b834978f6abe8f95f95 selector=UAF.Siri.Understanding|com.apple.siri.asr.assistant.en_US|3100.4000.200.13.301455,0
time=2026-03-09_12:13:25 op=ADD_CLIENT_DOWNLOAD         client=manager                  asset=1b70fb4645fbad7d92445b164a427d62a490325e selector=UAF.Siri.DialogAssets|com.apple.siri.dialog.carcommandsflowdelegateplugin|21.4.109.13.102543,0
time=2026-03-09_12:13:25 op=ADD_CLIENT_DOWNLOAD         client=manager                  asset=da95ac9bfc6e102f93fe81546f726dfd8977aa8d selector=UAF.Siri.Understanding|com.apple.siri.nl.snlc.en_GB|3501.4100.1057.13.202963,0
time=2026-03-09_12:13:26 op=ADD_CLIENT_DOWNLOAD         client=manager                  asset=6cb7f653d8bd5b8b3d88873bd7762c33424c5625 selector=UAF.Siri.DialogAssets|com.apple.siri.dialog.wellnessflowplugin|30.9.113.13.102543,0
time=2026-03-09_12:13:28 op=ADD_CLIENT_DOWNLOAD         client=manager                  asset=894488b444347c7ed1a420715bbc4097939e0d6d selector=UAF.Siri.Understanding|com.apple.siri.nl.ssu.encoder.en_GB|3300.2000.87.13.202405,0
time=2026-03-09_12:13:32 op=ADD_CLIENT_DOWNLOAD         client=manager                  asset=08d2d1d21e2e3406b8093ad407cad5d743323f72 selector=UAF.Siri.Understanding|com.apple.siri.sp.mitigation.en_GB|19.1028.1.13.301213,0
time=2026-03-09_12:13:35 op=ADD_CLIENT_DOWNLOAD         client=manager                  asset=33f602dbb2416a52c3776fdcb6b7b7390175c1b5 selector=UAF.Siri.Understanding|com.apple.siri.nl.marrs.ccqr.en_GB|3300.2011.2023062818.13.202405,0
time=2026-03-09_12:13:36 op=ADD_CLIENT_DOWNLOAD         client=manager                  asset=0c90708a8b442052958a41d789902899a577d77e selector=UAF.Siri.Understanding|com.apple.siri.nl.marrs.md.en_GB|3404.3400.2025020521.13.202405,0
time=2026-03-09_12:13:37 op=ADD_CLIENT_DOWNLOAD         client=manager                  asset=e8814077eb985d0a0b6a2d4d5db0f36a83b27e71 selector=UAF.Siri.Understanding|com.apple.siri.asr.geolm.regionMapping.en_US|3100.4000.56.13.301459,0
time=2026-03-09_12:14:27 op=ADD_CLIENT_DOWNLOAD         client=manager                  asset=d844238420b54bf70b73eefa1b95e0ca6eb848be selector=UAF.Siri.Understanding|com.apple.siri.asr.assistant.en_GB|3100.4000.67.13.301455,0
time=2026-03-09_12:14:28 op=ADD_CLIENT_DOWNLOAD         client=manager                  asset=1a98afe72772ceaf91083213761a70ff04d8f226 selector=UAF.Siri.Understanding|com.apple.siri.nl.marrs.rd.en_GB|3100.15.2.13.202405,0
time=2026-03-09_12:14:30 op=ADD_CLIENT_DOWNLOAD         client=manager                  asset=b7bdf887e3f1813f0663cab8046fde276a8aebf7 selector=UAF.Siri.Understanding|com.apple.siri.nl.marrs.mr.en_GB|3404.3400.2025020521.13.202405,0
time=2026-03-09_12:14:31 op=ADD_CLIENT_DOWNLOAD         client=manager                  asset=173779a02fde58077baa7622ca97fa65c842ee7e selector=UAF.Siri.Understanding|com.apple.siri.nl.lvc.en_GB|3400.3000.71.13.202405,0
time=2026-03-09_12:14:34 op=ADD_CLIENT_DOWNLOAD         client=manager                  asset=ded755223e79d1cc57cd6857ff60240d5472b9f4 selector=UAF.Siri.Understanding|com.apple.siri.nl.owl.en_US|3300.2011.16.13.202405,0
time=2026-03-09_12:53:58 op=STA_STARTUP_BEGINNING       layer=MANAGER                   asset=UNKNOWN selector=(OS:26.3.1[23D8133],pid:127)|RESOURCE_USAGE_NONE|3.0.5
time=2026-03-09_12:53:59 op=VLD_LOAD_LOCAL_URL_PRESENT  layer=MANAGER                   | (com.apple.sequoia.asset.config<23.4.1.13.203112,0>,com.apple.sequoia.asset.endpointer<23.4.1.13.203112,0>,com.apple.sequoia.asset.lid<23.4.1.13.203112,0>)
time=2026-03-09_12:53:59 op=VLD_LOAD_LOCAL_URL_PRESENT  layer=MANAGER                   | (com.apple.trustkit.tkmodelmessages.all<264.0.6.100.2154,0>)
time=2026-03-09_12:53:59 op=VLD_LOAD_LOCAL_URL_PRESENT  layer=MANAGER                   | (com.apple.siri.asr.hammer.en_GB<3100.4000.259.100.2285,0>,com.apple.siri.asr.hammer.en_US<3100.4000.285.100.2285,0>)
time=2026-03-09_12:53:59 op=VLD_LOAD_LOCAL_URL_PRESENT  layer=MANAGER                   | (com.apple.siri.uaf.osupdates<1.0.295071122.13.203605,0>)
time=2026-03-09_12:53:59 op=VLD_LOAD_LOCAL_URL_PRESENT  layer=MANAGER                   | (com.apple.vision.adt.uaf.metadata<4.41.12.13.101911,0>)
time=2026-03-09_12:53:59 op=VLD_LOAD_LOCAL_URL_PRESENT  layer=MANAGER                   | (com.apple.siri.findmy.primary_device_files<0.2.3.13.101888,0>)
time=2026-03-09_12:53:59 op=VLD_LOAD_LOCAL_URL_PRESENT  layer=MANAGER                   | (com.apple.speech.asr.language.identification<0.0.4.13.201972,0>,com.apple.speech.asr.transcription.en<3100.4000.29.13.101993,0>)
time=2026-03-09_12:53:59 op=VLD_LOAD_LOCAL_URL_PRESENT  layer=MANAGER                   | (com.apple.siri.understanding.nl.overrides.uaf.metadata<4.41.12.100.1388,0>,com.apple.siri.nl.overrides.en_GB<3501.4100.1763950175.100.1786,0>)
time=2026-03-09_12:53:59 op=VLD_LOAD_LOCAL_URL_PRESENT  layer=MANAGER                   | (com.apple.aonsense.uaf.metadata<4.41.12.13.101927,0>,com.apple.aonsense.safety.generic<0.1.0.13.102342,0>)
time=2026-03-09_12:53:59 op=VLD_LOAD_LOCAL_URL_PRESENT  layer=MANAGER                   | (com.apple.fm.coremotion.calorimetry_reduced_embeddings.adaptor.generic<0.0.1.13.101920,0>,com.apple.fm.coremotion.imu_v1.base.generic<0.0.2.13.101920,0>,com.apple.fm.coremotion.calorimetry_fm_predicted_wrmets_v1.adaptor.generic<0.0.3.13.101920,0>)
time=2026-03-09_12:53:59 op=VLD_LOAD_LOCAL_URL_PRESENT  layer=MANAGER                   | (com.apple.handwriting.synthesis.uaf.metadata<4.41.12.13.101931,0>,com.apple.fm.handwriting.synthesis_multilingual.generic<1.21.81516.13.203479,0>)
time=2026-03-09_12:53:59 op=VLD_LOAD_LOCAL_URL_PRESENT  layer=MANAGER                   | (com.apple.siri.tts.voice.en_GB.arthur.neural.premium<1223.0.0.13.202987,0>,com.apple.siri.tts.voice.en_US.simone.neural.premium<1276.0.0.13.202389,0>,com.apple.siri.tts.resource.en_US<531.0.0.13.203579,0>,com.apple.siri.tts.resource.en_GB<392.0.0.13.203279,0>,com.apple.siri.tts.voice.en_GB.martha.neural.premium<1156.0.0.13.202987,0>)
time=2026-03-09_12:53:59 op=VLD_LOAD_LOCAL_URL_PRESENT  layer=MANAGER                   | (com.apple.odla.recipe.SAW.Spotlight.SurveyDaily<184.0.0.13.202518,0>,com.apple.odla.recipe.SAW.Spotlight.SurveyWeekly<184.0.0.13.202518,0>,com.apple.odla.recipe.SAW.Spotlight.Extraction<184.0.0.13.202518,0>,com.apple.odla.recipe.SAW.Spotlight.Report<184.0.0.13.202518,0>)
time=2026-03-09_12:53:59 op=VLD_LOAD_LOCAL_URL_PRESENT  layer=MANAGER                   | (com.apple.photos.spatialphotosrelive.fov.main.generic<17.0.81516.13.202357,0>,com.apple.photos.spatialphotosrelive.uaf.metadata<4.41.12.13.301207,0>,com.apple.photos.spatialphotosrelive.main.generic<17.1.81516.13.202357,0>)
time=2026-03-09_12:53:59 op=VLD_LOAD_LOCAL_URL_PRESENT  layer=MANAGER                   | (com.apple.siri.dialog.findmy.sirifindmy<30.11.114.13.102543,0>,com.apple.siri.dialog.sirisuggestionsbasemodel<20.9.104.13.102543,0>,com.apple.siri.dialog.homecommunicationflowdelegateplugin<30.6.101.13.102289,0>,com.apple.siri.dialog.geoflowdelegateplugin<30.6.102.13.102543,0>,com.apple.siri.dialog.siricontactsintents<30.6.106.13.102422,0>,com.apple.siri.dialog.siriidentityinternal<20.3.102.13.102328,0>,com.apple.siri.dialog.audio.audioflowdelegateplugin<30.20.109.13.102543,0>,com.apple.siri.dialog.siricalendarintents<20.13.111.13.102543,0>,com.apple.siri.dialog.sirisuggestions<20.9.104.13.102543,0>,com.apple.siri.dialog.sirivideointents<30.9.105.13.102454,0>,com.apple.siri.dialog.dialogengine<3401.5.101.13.101921,0>,com.apple.siri.dialog.siripaymentsintents<13.5.105.13.102505,0>,com.apple.siri.dialog.sirikitflow<30.6.105.13.102418,0>,com.apple.siri.dialog.siriexpanseinternal<9.2.102.13.102340,0>,com.apple.siri.dialog.generativeassistanttools.generativeassistantextension<5.16.103.13.102363,0>,com.apple.siri.dialog.audiosuggestionsplugin<30.20.109.13.102543,0>,com.apple.siri.dialog.camrootflowplugin<30.6.105.13.102418,0>,com.apple.siri.dialog.sirisystemcommands<20.4.103.13.102505,0>,com.apple.siri.dialog.siriplaybackcontrolintents<30.9.109.13.102543,0>,com.apple.siri.dialog.siriinferenceflow<20.3.103.13.102428,0>,com.apple.siri.dialog.clockflowplugin<30.18.112.13.102464,0>,com.apple.siri.dialog.siriapplaunchintents<31.4.108.13.102543,0>,com.apple.siri.dialog.sirireader<14.2.102.13.102418,0>,com.apple.siri.dialog.deviceexpert.deviceexpertintents<30.6.105.13.102543,0>,com.apple.siri.dialog.dailybriefingflowplugin<30.3.108.13.102464,0>,com.apple.siri.dialog.homeautomationinternal<30.17.108.13.102464,0>,com.apple.siri.dialog.siritranslationintents<18.5.101.13.102289,0>,com.apple.siri.dialog.sirilinkflowplugin<24.2.103.13.102328,0>,com.apple.siri.dialog.socialconversationflowdelegateplugin<9.23.117.13.102543,0>,com.apple.siri.dialog.requestdispatcherbridges<24.2.102.13.102418,0>,com.apple.siri.dialog.notebook.sirinotebook<30.8.107.13.102464,0>,com.apple.siri.dialog.workoutannouncements<30.9.113.13.102543,0>,com.apple.siri.dialog.messages.sirimessagesflow<31.17.116.13.102543,0>,com.apple.siri.dialog.sirikitruntime<30.6.105.13.102418,0>,com.apple.siri.dialog.sirinaturallanguagegeneration<14.2.101.13.102289,0>,com.apple.siri.dialog.informationflowplugin<20.7.103.13.102505,0>,com.apple.siri.dialog.sirinotificationsintents<24.2.104.13.102440,0>,com.apple.siri.dialog.ifflowplugin<24.2.102.13.102418,0>,com.apple.siri.dialog.healthflowdelegateplugin<30.9.113.13.102543,0>,com.apple.siri.dialog.omnisearch.omnisearch<5.4.102.13.102363,0>,com.apple.siri.dialog.emergencyflowplugin<30.9.113.13.102543,0>,com.apple.siri.dialog.sirisettingsintents<30.6.105.13.102543,0>,com.apple.siri.dialog.timerflowdelegateplugin<30.18.112.13.102464,0>,com.apple.siri.dialog.alarmflowplugin<30.18.112.13.102464,0>,com.apple.siri.dialog.sirisuggestionsflowplugin<20.9.104.13.102543,0>,com.apple.siri.dialog.sirimailinternal<14.7.105.13.102543,0>,com.apple.siri.dialog.phonecallflowdelegateplugin<30.12.110.13.102543,0>,com.apple.siri.dialog.sirikit.messagesflowdelegateplugin<19.7.112.13.101921,0>,com.apple.siri.dialog.siriautocomplete<20.9.104.13.102543,0>,com.apple.siri.dialog.carcommandsflowdelegateplugin<21.4.109.13.102543,0>,com.apple.siri.dialog.wellnessflowplugin<30.9.113.13.102543,0>)
time=2026-03-09_12:53:59 op=VLD_LOAD_LOCAL_URL_PRESENT  layer=MANAGER                   | (com.apple.siri.sp.invocation.en_GB<19.1028.1.13.301213,0>,com.apple.siri.nl.owl.en_GB<3300.2011.16.13.202405,0>,com.apple.siri.cam.auto_confirm.auto_send.en_GB<200.0.2021103006.13.101954,0>,com.apple.siri.nl.nlv4.en_GB<3501.4100.1064.13.202963,0>,com.apple.siri.nl.data_detectors.en_GB<3500.4000.1750184626.13.202375,0>,com.apple.siri.nl.cati.en_GB<3304.2400.2023120401.13.202405,0>,com.apple.siri.cam.auto_confirm.auto_send_private.en_GB<1000.0.2022032313.13.101954,0>,com.apple.siri.asr.geolm.regionMapping.en_GB<3100.4000.69.13.301459,0>,com.apple.siri.understanding.uaf.metadata<4.41.12.13.202350,0>,com.apple.siri.nl.psc.en_GB<3501.4100.729.13.202818,0>,com.apple.siri.nl.voc.en_GB<3501.4100.2025102104.13.202963,0>,com.apple.siri.nl.ssu.datasets.en_GB<3400.3000.2.13.202405,0>,com.apple.siri.asr.assistant.en_US<3100.4000.200.13.301455,0>,com.apple.siri.nl.snlc.en_GB<3501.4100.1057.13.202963,0>,com.apple.siri.nl.ssu.encoder.en_GB<3300.2000.87.13.202405,0>,com.apple.siri.sp.mitigation.en_GB<19.1028.1.13.301213,0>,com.apple.siri.nl.marrs.ccqr.en_GB<3300.2011.2023062818.13.202405,0>,com.apple.siri.nl.marrs.md.en_GB<3404.3400.2025020521.13.202405,0>,com.apple.siri.asr.geolm.regionMapping.en_US<3100.4000.56.13.301459,0>,com.apple.siri.asr.assistant.en_GB<3100.4000.67.13.301455,0>,com.apple.siri.nl.marrs.rd.en_GB<3100.15.2.13.202405,0>,com.apple.siri.nl.marrs.mr.en_GB<3404.3400.2025020521.13.202405,0>,com.apple.siri.nl.lvc.en_GB<3400.3000.71.13.202405,0>,com.apple.siri.nl.owl.en_US<3300.2011.16.13.202405,0>)
time=2026-03-09_12:54:12 op=STA_STARTUP_COOKIE_SUCCESS  layer=MANAGER                   asset=UNKNOWN selector=(OS:26.3.1[23D8133],pid:127)|[STARTUP][DURATION:14secs](assets:108,configs:16,atomic:16[locks:16],sdesc:16,targets:15,lookups:0,jobs:[single:0,set:0])|3.0.5
time=2026-03-09_12:54:12 op=STA_STARTUP_ACTIVATED       layer=MANAGER                   asset=UNKNOWN selector=(OS:26.3.1[23D8133],pid:127)|[STARTUP][DURATION:14secs](assets:108,configs:16,atomic:16[locks:16],sdesc:16,targets:15,lookups:0,jobs:[single:0,set:0])|3.0.5
