time=2026-03-08_14:55:41 op=NEW                        
time=2026-03-08_14:55:40 op=ADD_AI_ROUTING_NEW_SET_JOB  layer=MANAGER                   count=0000 id=8193082F-857A-41FD-B1F0-C5ADAAE23E97 set=com.apple.speech.automaticspeechrecognition domain=com.apple.UnifiedAssetFramework
time=2026-03-08_14:55:43 op=SET_CONFIG_LOOKUP_RESPONSE  layer=MANAGER                   configured=0002 requested:0000 fromPallas:0000 vending:0000 id-UNKNOWN                                  set=com.apple.speech.automaticspeechrecognition domain=com.apple.UnifiedAssetFramework | SetJobLookupResponseRcvd
time=2026-03-08_14:55:43 op=SET_CONFIG_LOOKUP_RESPONSE  layer=MANAGER                   configured=0007 requested:0000 fromPallas:0000 vending:0000 id-UNKNOWN                                  set=com.apple.siri.understanding domain=com.apple.UnifiedAssetFramework | SetJobLookupResponseRcvd
time=2026-03-08_14:55:49 op=ADD_AI_ROUTING_NEW_SET_JOB  layer=MANAGER                   count=0000 id=939E7254-7AC8-4896-B388-F94C4A786247 set=com.apple.MobileAsset.UAF.Handwriting.Synthesis domain=com.apple.UnifiedAssetFramework
time=2026-03-08_14:55:49 op=SET_CONFIG_LOOKUP_RESPONSE  layer=MANAGER                   configured=0002 requested:0000 fromPallas:0000 vending:0000 id-UNKNOWN                                  set=com.apple.MobileAsset.UAF.Handwriting.Synthesis domain=com.apple.UnifiedAssetFramework | SetJobLookupResponseRcvd
time=2026-03-08_14:55:50 op=ADD_AI_ROUTING_NEW_SET_JOB  layer=MANAGER                   count=0000 id=FF7C24CA-AC7A-4748-BFBB-B251CCDCA827 set=com.apple.siri.asr.hammer domain=com.apple.UnifiedAssetFramework
time=2026-03-08_14:55:51 op=ADD_AI_ROUTING_NEW_SET_JOB  layer=MANAGER                   count=0000 id=FE98E0AF-2E12-4EF0-9BF7-1B2447BE5FEA set=com.apple.TKModelMessages domain=com.apple.UnifiedAssetFramework
time=2026-03-08_14:55:51 op=SET_CONFIG_LOOKUP_RESPONSE  layer=MANAGER                   configured=0002 requested:0000 fromPallas:0000 vending:0000 id-UNKNOWN                                  set=com.apple.siri.asr.hammer domain=com.apple.UnifiedAssetFramework | SetJobLookupResponseRcvd
time=2026-03-08_14:55:52 op=SET_CONFIG_LOOKUP_RESPONSE  layer=MANAGER                   configured=0001 requested:0000 fromPallas:0000 vending:0000 id-UNKNOWN                                  set=com.apple.TKModelMessages domain=com.apple.UnifiedAssetFramework | SetJobLookupResponseRcvd
time=2026-03-08_14:55:52 op=ADD_AI_ROUTING_NEW_SET_JOB  layer=MANAGER                   count=0000 id=A4C0272B-A19B-4DD7-86F6-A8580C26AB79 set=com.apple.siri.tts domain=com.apple.UnifiedAssetFramework
time=2026-03-08_14:55:53 op=PRG_ENTRY_DOWNLOADED        layer=JOB                       count=0000 id=FF7C24CA-AC7A-4748-BFBB-B251CCDCA827 set=com.apple.siri.asr.hammer domain=com.apple.UnifiedAssetFramework selector=UAF.Siri.UnderstandingASRHammer|com.apple.siri.asr.hammer.en_GB|3100.4000.259.100.2285,0
time=2026-03-08_14:55:53 op=ADD_AI_ROUTING_NEW_SET_JOB  layer=MANAGER                   count=0000 id=68AFA944-9644-463F-8767-9A728F02773F set=com.apple.siri.uaf.platform domain=com.apple.UnifiedAssetFramework
time=2026-03-08_14:55:53 op=ADD_AI_ROUTING_NEW_SET_JOB  layer=MANAGER                   count=0000 id=E7EFBC40-57F8-4771-8615-E4712A2F3619 set=com.apple.MobileAsset.UAF.Vision.ADT domain=com.apple.UnifiedAssetFramework
time=2026-03-08_14:55:53 op=ADD_AI_ROUTING_NEW_SET_JOB  layer=MANAGER                   count=0000 id=BA0CE400-CE7E-4E84-87BA-FCC03B5EEE7B set=com.apple.MobileAsset.UAF.Photos.SpatialPhotosRelive domain=com.apple.UnifiedAssetFramework
time=2026-03-08_14:55:53 op=PRG_ENTRY_DOWNLOADED        layer=JOB                       count=0000 id=FE98E0AF-2E12-4EF0-9BF7-1B2447BE5FEA set=com.apple.TKModelMessages domain=com.apple.UnifiedAssetFramework selector=UAF.TKModelMessages|com.apple.trustkit.tkmodelmessages.all|264.0.6.100.2154,0
time=2026-03-08_14:55:53 op=ADD_SD_DOWNLOADED_OR_SAME   layer=MANAGER                   count=0001 id=FE98E0AF-2E12-4EF0-9BF7-1B2447BE5FEA set=com.apple.TKModelMessages domain=com.apple.UnifiedAssetFramework
time=2026-03-08_14:55:53 op=SET_CONFIG_LATEST_VEND_SET  layer=MANAGER                   configured=0001 requested:0001 fromPallas:0001 vending:0000 id=FE98E0AF-2E12-4EF0-9BF7-1B2447BE5FEA set=com.apple.TKModelMessages domain=com.apple.UnifiedAssetFramework | SetJobSuccessSchedule:foundAndDownloadedSet:refreshSetFoundToManager:persistSetJobDescriptor:trackSetDescriptor:setConfigurationAdoptLatestToVend:setConfigurationTrackLatestToVend
time=2026-03-08_14:55:53 op=SET_CONFIG_LATEST_VEND_SET  layer=MANAGER                   configured=0001 requested:0001 fromPallas:0001 vending:0000 id=FE98E0AF-2E12-4EF0-9BF7-1B2447BE5FEA set=com.apple.TKModelMessages domain=com.apple.UnifiedAssetFramework | (com.apple.trustkit.tkmodelmessages.all<264.0.6.100.2154,0>)
time=2026-03-08_14:55:53 op=SET_CONFIG_LOOKUP_RESPONSE  layer=MANAGER                   configured=0004 requested:0000 fromPallas:0000 vending:0000 id-UNKNOWN                                  set=com.apple.siri.tts domain=com.apple.UnifiedAssetFramework | SetJobLookupResponseRcvd
time=2026-03-08_14:55:53 op=ADD_AI_ROUTING_NEW_SET_JOB  layer=MANAGER                   count=0000 id=60D9B6B8-5DF4-4DB9-86A4-41080A1AB6D6 set=com.apple.aonsense domain=com.apple.UnifiedAssetFramework
time=2026-03-08_14:55:53 op=ADD_AI_ROUTING_NEW_SET_JOB  layer=MANAGER                   count=0000 id=492C8BB9-9FC9-42CE-8840-00A29094B563 set=com.apple.MobileAsset.UAF.CoreMotion.IMUFoundationModel domain=com.apple.UnifiedAssetFramework
time=2026-03-08_14:55:53 op=SET_CONFIG_LOOKUP_RESPONSE  layer=MANAGER                   configured=0001 requested:0000 fromPallas:0000 vending:0000 id-UNKNOWN                                  set=com.apple.siri.uaf.platform domain=com.apple.UnifiedAssetFramework | SetJobLookupResponseRcvd
time=2026-03-08_14:55:53 op=SET_CONFIG_LOOKUP_RESPONSE  layer=MANAGER                   configured=0003 requested:0000 fromPallas:0000 vending:0000 id-UNKNOWN                                  set=com.apple.MobileAsset.UAF.Vision.ADT domain=com.apple.UnifiedAssetFramework | SetJobLookupResponseRcvd
time=2026-03-08_14:55:54 op=SET_CONFIG_LOOKUP_RESPONSE  layer=MANAGER                   configured=0003 requested:0000 fromPallas:0000 vending:0000 id-UNKNOWN                                  set=com.apple.MobileAsset.UAF.Photos.SpatialPhotosRelive domain=com.apple.UnifiedAssetFramework | SetJobLookupResponseRcvd
time=2026-03-08_14:55:54 op=SET_CONFIG_LOOKUP_RESPONSE  layer=MANAGER                   configured=0003 requested:0000 fromPallas:0000 vending:0000 id-UNKNOWN                                  set=com.apple.aonsense domain=com.apple.UnifiedAssetFramework | SetJobLookupResponseRcvd
time=2026-03-08_14:55:54 op=SET_CONFIG_LOOKUP_RESPONSE  layer=MANAGER                   configured=0004 requested:0000 fromPallas:0000 vending:0000 id-UNKNOWN                                  set=com.apple.MobileAsset.UAF.CoreMotion.IMUFoundationModel domain=com.apple.UnifiedAssetFramework | SetJobLookupResponseRcvd
time=2026-03-08_14:55:54 op=PRG_ENTRY_DOWNLOADED        layer=JOB                       count=0000 id=FF7C24CA-AC7A-4748-BFBB-B251CCDCA827 set=com.apple.siri.asr.hammer domain=com.apple.UnifiedAssetFramework selector=UAF.Siri.UnderstandingASRHammer|com.apple.siri.asr.hammer.en_US|3100.4000.285.100.2285,0
time=2026-03-08_14:55:54 op=ADD_SD_DOWNLOADED_OR_SAME   layer=MANAGER                   count=0002 id=FF7C24CA-AC7A-4748-BFBB-B251CCDCA827 set=com.apple.siri.asr.hammer domain=com.apple.UnifiedAssetFramework
time=2026-03-08_14:55:54 op=SET_CONFIG_LATEST_VEND_SET  layer=MANAGER                   configured=0002 requested:0002 fromPallas:0002 vending:0000 id=FF7C24CA-AC7A-4748-BFBB-B251CCDCA827 set=com.apple.siri.asr.hammer domain=com.apple.UnifiedAssetFramework | SetJobSuccessSchedule:foundAndDownloadedSet:refreshSetFoundToManager:persistSetJobDescriptor:trackSetDescriptor:setConfigurationAdoptLatestToVend:setConfigurationTrackLatestToVend
time=2026-03-08_14:55:54 op=SET_CONFIG_LATEST_VEND_SET  layer=MANAGER                   configured=0002 requested:0002 fromPallas:0002 vending:0000 id=FF7C24CA-AC7A-4748-BFBB-B251CCDCA827 set=com.apple.siri.asr.hammer domain=com.apple.UnifiedAssetFramework | (com.apple.siri.asr.hammer.en_GB<3100.4000.259.100.2285,0>,com.apple.siri.asr.hammer.en_US<3100.4000.285.100.2285,0>)
time=2026-03-09_09:20:49 op=SET_CONFIG_NEW_SET_CONFIG   layer=MANAGER                   configured=0001 requested:0000 fromPallas:0000 vending:0000 id-UNKNOWN                                  set=com.apple.odla domain=com.apple.UnifiedAssetFramework | setConfigurationSelectUsingInfoInstance
time=2026-03-09_09:20:49 op=ADD_AI_ROUTING_NEW_SET_JOB  layer=MANAGER                   count=0001 id=F04C3030-5F9C-4D6A-89CE-BC1AEA8851DD set=com.apple.odla domain=com.apple.UnifiedAssetFramework | (com.apple.odla.recipe.SAW.Spotlight.SurveyDaily)
time=2026-03-09_09:20:49 op=SET_CONFIG_ALTER_ENTRIES    layer=MANAGER                   configured=0002 requested:0000 fromPallas:0000 vending:0000 id-UNKNOWN                                  set=com.apple.odla domain=com.apple.UnifiedAssetFramework | handleSetClientAlterEntriesRepresentingAtomicRequest
time=2026-03-09_09:20:49 op=SET_CONFIG_ALTER_ENTRIES    layer=MANAGER                   configured=0003 requested:0000 fromPallas:0000 vending:0000 id-UNKNOWN                                  set=com.apple.odla domain=com.apple.UnifiedAssetFramework | handleSetClientAlterEntriesRepresentingAtomicRequest
time=2026-03-09_09:20:49 op=SET_CONFIG_ALTER_ENTRIES    layer=MANAGER                   configured=0004 requested:0000 fromPallas:0000 vending:0000 id-UNKNOWN                                  set=com.apple.odla domain=com.apple.UnifiedAssetFramework | handleSetClientAlterEntriesRepresentingAtomicRequest
time=2026-03-09_09:20:50 op=DEL_AI_DISCOVERED_NOT_DWNLD layer=MANAGER                   count=0001 id=F04C3030-5F9C-4D6A-89CE-BC1AEA8851DD set=com.apple.odla domain=com.apple.UnifiedAssetFramework
time=2026-03-09_09:20:50 op=ADD_AI_ROUTING_NEW_SET_JOB  layer=MANAGER                   count=0000 id=3A9246CA-BDD1-446B-80CD-A78CC6BB28A5 set=com.apple.odla domain=com.apple.UnifiedAssetFramework
time=2026-03-09_09:20:50 op=SET_CONFIG_LOOKUP_RESPONSE  layer=MANAGER                   configured=0004 requested:0000 fromPallas:0000 vending:0000 id-UNKNOWN                                  set=com.apple.odla domain=com.apple.UnifiedAssetFramework | SetJobLookupResponseRcvd
time=2026-03-09_10:02:33 op=SET_CONFIG_LOAD_PERSISTED   layer=MANAGER                   configured=0001 requested:0000 fromPallas:0000 vending:0000 id-UNKNOWN                                  set=com.apple.siri.uaf.platform domain=com.apple.UnifiedAssetFramework | setConfigurationLoadedFromPersisted
time=2026-03-09_10:02:33 op=SET_CONFIG_LOAD_PERSISTED   layer=MANAGER                   configured=0003 requested:0000 fromPallas:0000 vending:0000 id-UNKNOWN                                  set=com.apple.aonsense domain=com.apple.UnifiedAssetFramework | setConfigurationLoadedFromPersisted
time=2026-03-09_10:02:33 op=SET_CONFIG_LOAD_PERSISTED   layer=MANAGER                   configured=0001 requested:0000 fromPallas:0000 vending:0000 id=FE98E0AF-2E12-4EF0-9BF7-1B2447BE5FEA set=com.apple.TKModelMessages domain=com.apple.UnifiedAssetFramework | setConfigurationLoadedFromPersisted
time=2026-03-09_10:02:33 op=SET_CONFIG_LOAD_PERSISTED   layer=MANAGER                   configured=0002 requested:0000 fromPallas:0000 vending:0000 id=FF7C24CA-AC7A-4748-BFBB-B251CCDCA827 set=com.apple.siri.asr.hammer domain=com.apple.UnifiedAssetFramework | setConfigurationLoadedFromPersisted
time=2026-03-09_10:02:33 op=SET_CONFIG_LOAD_PERSISTED   layer=MANAGER                   configured=0007 requested:0000 fromPallas:0000 vending:0000 id-UNKNOWN                                  set=com.apple.siri.understanding domain=com.apple.UnifiedAssetFramework | setConfigurationLoadedFromPersisted
time=2026-03-09_10:02:33 op=SET_CONFIG_LOAD_PERSISTED   layer=MANAGER                   configured=0002 requested:0000 fromPallas:0000 vending:0000 id-UNKNOWN                                  set=com.apple.speech.automaticspeechrecognition domain=com.apple.UnifiedAssetFramework | setConfigurationLoadedFromPersisted
time=2026-03-09_10:02:33 op=SET_CONFIG_LOAD_PERSISTED   layer=MANAGER                   configured=0002 requested:0000 fromPallas:0000 vending:0000 id-UNKNOWN                                  set=com.apple.MobileAsset.UAF.Handwriting.Synthesis domain=com.apple.UnifiedAssetFramework | setConfigurationLoadedFromPersisted
time=2026-03-09_10:02:33 op=SET_CONFIG_LOAD_PERSISTED   layer=MANAGER                   configured=0003 requested:0000 fromPallas:0000 vending:0000 id-UNKNOWN                                  set=com.apple.MobileAsset.UAF.Vision.ADT domain=com.apple.UnifiedAssetFramework | setConfigurationLoadedFromPersisted
time=2026-03-09_10:02:33 op=SET_CONFIG_LOAD_PERSISTED   layer=MANAGER                   configured=0003 requested:0000 fromPallas:0000 vending:0000 id-UNKNOWN                                  set=com.apple.MobileAsset.UAF.Photos.SpatialPhotosRelive domain=com.apple.UnifiedAssetFramework | setConfigurationLoadedFromPersisted
time=2026-03-09_10:02:33 op=SET_CONFIG_LOAD_PERSISTED   layer=MANAGER                   configured=0004 requested:0000 fromPallas:0000 vending:0000 id-UNKNOWN                                  set=com.apple.MobileAsset.UAF.CoreMotion.IMUFoundationModel domain=com.apple.UnifiedAssetFramework | setConfigurationLoadedFromPersisted
time=2026-03-09_10:02:33 op=SET_CONFIG_LOAD_PERSISTED   layer=MANAGER                   configured=0004 requested:0000 fromPallas:0000 vending:0000 id-UNKNOWN                                  set=com.apple.siri.tts domain=com.apple.UnifiedAssetFramework | setConfigurationLoadedFromPersisted
time=2026-03-09_10:02:33 op=SET_CONFIG_LOAD_PERSISTED   layer=MANAGER                   configured=0003 requested:0000 fromPallas:0000 vending:0000 id=7BE30142-AD85-43BF-BE54-5D79CCB832A2 set=com.apple.sequoia.asset domain=com.apple.UnifiedAssetFramework | setConfigurationLoadedFromPersisted
time=2026-03-09_10:02:33 op=SET_CONFIG_LOAD_PERSISTED   layer=MANAGER                   configured=0004 requested:0000 fromPallas:0000 vending:0000 id-UNKNOWN                                  set=com.apple.odla domain=com.apple.UnifiedAssetFramework | setConfigurationLoadedFromPersisted
time=2026-03-09_10:02:33 op=DEL_AI_DROP_MISSING_SETDESC layer=MANAGER                   count=0000 id=60D9B6B8-5DF4-4DB9-86A4-41080A1AB6D6 set=com.apple.aonsense domain=com.apple.UnifiedAssetFramework
time=2026-03-09_10:02:33 op=DEL_AI_DROP_MISSING_SETDESC layer=MANAGER                   count=0000 id=68AFA944-9644-463F-8767-9A728F02773F set=com.apple.siri.uaf.platform domain=com.apple.UnifiedAssetFramework
time=2026-03-09_10:02:33 op=DEL_AI_DROP_MISSING_SETDESC layer=MANAGER                   count=0000 id=BA0CE400-CE7E-4E84-87BA-FCC03B5EEE7B set=com.apple.MobileAsset.UAF.Photos.SpatialPhotosRelive domain=com.apple.UnifiedAssetFramework
time=2026-03-09_10:02:33 op=DEL_AI_DROP_MISSING_SETDESC layer=MANAGER                   count=0000 id=492C8BB9-9FC9-42CE-8840-00A29094B563 set=com.apple.MobileAsset.UAF.CoreMotion.IMUFoundationModel domain=com.apple.UnifiedAssetFramework
time=2026-03-09_10:02:33 op=DEL_AI_DROP_MISSING_SETDESC layer=MANAGER                   count=0000 id=8193082F-857A-41FD-B1F0-C5ADAAE23E97 set=com.apple.speech.automaticspeechrecognition domain=com.apple.UnifiedAssetFramework
time=2026-03-09_10:02:33 op=DEL_AI_DROP_MISSING_SETDESC layer=MANAGER                   count=0000 id=E7EFBC40-57F8-4771-8615-E4712A2F3619 set=com.apple.MobileAsset.UAF.Vision.ADT domain=com.apple.UnifiedAssetFramework
time=2026-03-09_10:02:33 op=DEL_AI_DROP_MISSING_SETDESC layer=MANAGER                   count=0000 id=1974CFBD-76C9-4E11-9465-BF0D7ED3AF55 set=com.apple.siri.understanding domain=com.apple.UnifiedAssetFramework
time=2026-03-09_10:02:33 op=DEL_AI_DROP_MISSING_SETDESC layer=MANAGER                   count=0000 id=939E7254-7AC8-4896-B388-F94C4A786247 set=com.apple.MobileAsset.UAF.Handwriting.Synthesis domain=com.apple.UnifiedAssetFramework
time=2026-03-09_10:02:34 op=DEL_AI_DROP_MISSING_SETDESC layer=MANAGER                   count=0000 id=3A9246CA-BDD1-446B-80CD-A78CC6BB28A5 set=com.apple.odla domain=com.apple.UnifiedAssetFramework
time=2026-03-09_10:02:34 op=DEL_AI_DROP_MISSING_SETDESC layer=MANAGER                   count=0000 id=A4C0272B-A19B-4DD7-86F6-A8580C26AB79 set=com.apple.siri.tts domain=com.apple.UnifiedAssetFramework
time=2026-03-09_10:02:43 op=ADD_AI_ROUTING_NEW_SET_JOB  layer=MANAGER                   count=0000 id=28E9E05C-586C-449D-89B0-855E7E176926 set=com.apple.speech.automaticspeechrecognition domain=com.apple.UnifiedAssetFramework
time=2026-03-09_10:02:44 op=ADD_AI_ROUTING_NEW_SET_JOB  layer=MANAGER                   count=0000 id=88DCD244-564A-413C-8C0E-944CC224FD2F set=com.apple.siri.understanding domain=com.apple.UnifiedAssetFramework
time=2026-03-09_10:02:55 op=SET_CONFIG_LOOKUP_RESPONSE  layer=MANAGER                   configured=0002 requested:0000 fromPallas:0000 vending:0000 id-UNKNOWN                                  set=com.apple.speech.automaticspeechrecognition domain=com.apple.UnifiedAssetFramework | SetJobLookupResponseRcvd
time=2026-03-09_10:02:55 op=SET_CONFIG_LOOKUP_RESPONSE  layer=MANAGER                   configured=0007 requested:0000 fromPallas:0000 vending:0000 id-UNKNOWN                                  set=com.apple.siri.understanding domain=com.apple.UnifiedAssetFramework | SetJobLookupResponseRcvd
time=2026-03-09_10:03:02 op=ADD_AI_ROUTING_NEW_SET_JOB  layer=MANAGER                   count=0000 id=8523F2DB-376E-463E-BA46-3D99A25AD111 set=com.apple.MobileAsset.UAF.Handwriting.Synthesis domain=com.apple.UnifiedAssetFramework
time=2026-03-09_10:03:02 op=ADD_AI_ROUTING_NEW_SET_JOB  layer=MANAGER                   count=0000 id=6062A81A-0BFC-491C-B5B2-678417FE0F4E set=com.apple.odla domain=com.apple.UnifiedAssetFramework
time=2026-03-09_10:03:07 op=ADD_AI_ROUTING_NEW_SET_JOB  layer=MANAGER                   count=0000 id=C7C1BB5D-4781-4803-974C-7FE1F16B9097 set=com.apple.siri.tts domain=com.apple.UnifiedAssetFramework
time=2026-03-09_10:03:07 op=ADD_AI_ROUTING_NEW_SET_JOB  layer=MANAGER                   count=0000 id=1B33E543-DA92-403C-B852-D5810C6C9EA3 set=com.apple.siri.uaf.platform domain=com.apple.UnifiedAssetFramework
time=2026-03-09_10:03:07 op=ADD_AI_ROUTING_NEW_SET_JOB  layer=MANAGER                   count=0000 id=14033CF4-B3BF-4716-AAE6-A705BD0189A8 set=com.apple.MobileAsset.UAF.Vision.ADT domain=com.apple.UnifiedAssetFramework
time=2026-03-09_10:03:08 op=ADD_AI_ROUTING_NEW_SET_JOB  layer=MANAGER                   count=0000 id=CF3D341E-C08B-4F5A-A8E7-1A3E8D48D7CD set=com.apple.MobileAsset.UAF.Photos.SpatialPhotosRelive domain=com.apple.UnifiedAssetFramework
time=2026-03-09_10:03:08 op=ADD_AI_ROUTING_NEW_SET_JOB  layer=MANAGER                   count=0000 id=1C16C0AE-85DC-4F0E-90BD-F71CA0A86B65 set=com.apple.aonsense domain=com.apple.UnifiedAssetFramework
time=2026-03-09_10:03:08 op=ADD_AI_ROUTING_NEW_SET_JOB  layer=MANAGER                   count=0000 id=200E1399-492B-4AC3-A6F3-8B042F1AEE36 set=com.apple.MobileAsset.UAF.CoreMotion.IMUFoundationModel domain=com.apple.UnifiedAssetFramework
time=2026-03-09_10:03:09 op=SET_CONFIG_LOOKUP_RESPONSE  layer=MANAGER                   configured=0002 requested:0000 fromPallas:0000 vending:0000 id-UNKNOWN                                  set=com.apple.MobileAsset.UAF.Handwriting.Synthesis domain=com.apple.UnifiedAssetFramework | SetJobLookupResponseRcvd
time=2026-03-09_10:03:09 op=SET_CONFIG_LOOKUP_RESPONSE  layer=MANAGER                   configured=0004 requested:0000 fromPallas:0000 vending:0000 id-UNKNOWN                                  set=com.apple.odla domain=com.apple.UnifiedAssetFramework | SetJobLookupResponseRcvd
time=2026-03-09_10:03:24 op=SET_CONFIG_LOOKUP_RESPONSE  layer=MANAGER                   configured=0004 requested:0000 fromPallas:0000 vending:0000 id-UNKNOWN                                  set=com.apple.siri.tts domain=com.apple.UnifiedAssetFramework | SetJobLookupResponseRcvd
time=2026-03-09_10:03:26 op=SET_CONFIG_LOOKUP_RESPONSE  layer=MANAGER                   configured=0001 requested:0000 fromPallas:0000 vending:0000 id-UNKNOWN                                  set=com.apple.siri.uaf.platform domain=com.apple.UnifiedAssetFramework | SetJobLookupResponseRcvd
time=2026-03-09_10:03:26 op=SET_CONFIG_LOOKUP_RESPONSE  layer=MANAGER                   configured=0003 requested:0000 fromPallas:0000 vending:0000 id-UNKNOWN                                  set=com.apple.MobileAsset.UAF.Vision.ADT domain=com.apple.UnifiedAssetFramework | SetJobLookupResponseRcvd
time=2026-03-09_10:03:28 op=SET_CONFIG_LOOKUP_RESPONSE  layer=MANAGER                   configured=0003 requested:0000 fromPallas:0000 vending:0000 id-UNKNOWN                                  set=com.apple.MobileAsset.UAF.Photos.SpatialPhotosRelive domain=com.apple.UnifiedAssetFramework | SetJobLookupResponseRcvd
time=2026-03-09_10:03:29 op=SET_CONFIG_LOOKUP_RESPONSE  layer=MANAGER                   configured=0003 requested:0000 fromPallas:0000 vending:0000 id-UNKNOWN                                  set=com.apple.aonsense domain=com.apple.UnifiedAssetFramework | SetJobLookupResponseRcvd
time=2026-03-09_10:03:30 op=SET_CONFIG_LOOKUP_RESPONSE  layer=MANAGER                   configured=0004 requested:0000 fromPallas:0000 vending:0000 id-UNKNOWN                                  set=com.apple.MobileAsset.UAF.CoreMotion.IMUFoundationModel domain=com.apple.UnifiedAssetFramework | SetJobLookupResponseRcvd
time=2026-03-09_11:16:32 op=SET_CONFIG_LOAD_PERSISTED   layer=MANAGER                   configured=0001 requested:0000 fromPallas:0000 vending:0000 id-UNKNOWN                                  set=com.apple.siri.uaf.platform domain=com.apple.UnifiedAssetFramework | setConfigurationLoadedFromPersisted
time=2026-03-09_11:16:32 op=SET_CONFIG_LOAD_PERSISTED   layer=MANAGER                   configured=0003 requested:0000 fromPallas:0000 vending:0000 id-UNKNOWN                                  set=com.apple.aonsense domain=com.apple.UnifiedAssetFramework | setConfigurationLoadedFromPersisted
time=2026-03-09_11:16:32 op=SET_CONFIG_LOAD_PERSISTED   layer=MANAGER                   configured=0001 requested:0000 fromPallas:0000 vending:0000 id=FE98E0AF-2E12-4EF0-9BF7-1B2447BE5FEA set=com.apple.TKModelMessages domain=com.apple.UnifiedAssetFramework | setConfigurationLoadedFromPersisted
time=2026-03-09_11:16:32 op=SET_CONFIG_LOAD_PERSISTED   layer=MANAGER                   configured=0002 requested:0000 fromPallas:0000 vending:0000 id=FF7C24CA-AC7A-4748-BFBB-B251CCDCA827 set=com.apple.siri.asr.hammer domain=com.apple.UnifiedAssetFramework | setConfigurationLoadedFromPersisted
time=2026-03-09_11:16:32 op=SET_CONFIG_LOAD_PERSISTED   layer=MANAGER                   configured=0007 requested:0000 fromPallas:0000 vending:0000 id-UNKNOWN                                  set=com.apple.siri.understanding domain=com.apple.UnifiedAssetFramework | setConfigurationLoadedFromPersisted
time=2026-03-09_11:16:32 op=SET_CONFIG_LOAD_PERSISTED   layer=MANAGER                   configured=0002 requested:0000 fromPallas:0000 vending:0000 id-UNKNOWN                                  set=com.apple.speech.automaticspeechrecognition domain=com.apple.UnifiedAssetFramework | setConfigurationLoadedFromPersisted
time=2026-03-09_11:16:32 op=SET_CONFIG_LOAD_PERSISTED   layer=MANAGER                   configured=0002 requested:0000 fromPallas:0000 vending:0000 id-UNKNOWN                                  set=com.apple.MobileAsset.UAF.Handwriting.Synthesis domain=com.apple.UnifiedAssetFramework | setConfigurationLoadedFromPersisted
time=2026-03-09_11:16:32 op=SET_CONFIG_LOAD_PERSISTED   layer=MANAGER                   configured=0003 requested:0000 fromPallas:0000 vending:0000 id-UNKNOWN                                  set=com.apple.MobileAsset.UAF.Vision.ADT domain=com.apple.UnifiedAssetFramework | setConfigurationLoadedFromPersisted
time=2026-03-09_11:16:32 op=SET_CONFIG_LOAD_PERSISTED   layer=MANAGER                   configured=0003 requested:0000 fromPallas:0000 vending:0000 id-UNKNOWN                                  set=com.apple.MobileAsset.UAF.Photos.SpatialPhotosRelive domain=com.apple.UnifiedAssetFramework | setConfigurationLoadedFromPersisted
time=2026-03-09_11:16:32 op=SET_CONFIG_LOAD_PERSISTED   layer=MANAGER                   configured=0004 requested:0000 fromPallas:0000 vending:0000 id-UNKNOWN                                  set=com.apple.MobileAsset.UAF.CoreMotion.IMUFoundationModel domain=com.apple.UnifiedAssetFramework | setConfigurationLoadedFromPersisted
time=2026-03-09_11:16:32 op=SET_CONFIG_LOAD_PERSISTED   layer=MANAGER                   configured=0004 requested:0000 fromPallas:0000 vending:0000 id-UNKNOWN                                  set=com.apple.siri.tts domain=com.apple.UnifiedAssetFramework | setConfigurationLoadedFromPersisted
time=2026-03-09_11:16:32 op=SET_CONFIG_LOAD_PERSISTED   layer=MANAGER                   configured=0003 requested:0000 fromPallas:0000 vending:0000 id=7BE30142-AD85-43BF-BE54-5D79CCB832A2 set=com.apple.sequoia.asset domain=com.apple.UnifiedAssetFramework | setConfigurationLoadedFromPersisted
time=2026-03-09_11:16:32 op=SET_CONFIG_LOAD_PERSISTED   layer=MANAGER                   configured=0004 requested:0000 fromPallas:0000 vending:0000 id-UNKNOWN                                  set=com.apple.odla domain=com.apple.UnifiedAssetFramework | setConfigurationLoadedFromPersisted
time=2026-03-09_11:16:32 op=DEL_AI_DROP_MISSING_SETDESC layer=MANAGER                   count=0000 id=200E1399-492B-4AC3-A6F3-8B042F1AEE36 set=com.apple.MobileAsset.UAF.CoreMotion.IMUFoundationModel domain=com.apple.UnifiedAssetFramework
time=2026-03-09_11:16:32 op=DEL_AI_DROP_MISSING_SETDESC layer=MANAGER                   count=0000 id=1C16C0AE-85DC-4F0E-90BD-F71CA0A86B65 set=com.apple.aonsense domain=com.apple.UnifiedAssetFramework
time=2026-03-09_11:16:32 op=DEL_AI_DROP_MISSING_SETDESC layer=MANAGER                   count=0000 id=1B33E543-DA92-403C-B852-D5810C6C9EA3 set=com.apple.siri.uaf.platform domain=com.apple.UnifiedAssetFramework
time=2026-03-09_11:16:32 op=DEL_AI_DROP_MISSING_SETDESC layer=MANAGER                   count=0000 id=8523F2DB-376E-463E-BA46-3D99A25AD111 set=com.apple.MobileAsset.UAF.Handwriting.Synthesis domain=com.apple.UnifiedAssetFramework
time=2026-03-09_11:16:32 op=DEL_AI_DROP_MISSING_SETDESC layer=MANAGER                   count=0000 id=6062A81A-0BFC-491C-B5B2-678417FE0F4E set=com.apple.odla domain=com.apple.UnifiedAssetFramework
time=2026-03-09_11:16:32 op=DEL_AI_DROP_MISSING_SETDESC layer=MANAGER                   count=0000 id=CF3D341E-C08B-4F5A-A8E7-1A3E8D48D7CD set=com.apple.MobileAsset.UAF.Photos.SpatialPhotosRelive domain=com.apple.UnifiedAssetFramework
time=2026-03-09_11:16:32 op=DEL_AI_DROP_MISSING_SETDESC layer=MANAGER                   count=0000 id=C7C1BB5D-4781-4803-974C-7FE1F16B9097 set=com.apple.siri.tts domain=com.apple.UnifiedAssetFramework
time=2026-03-09_11:16:32 op=DEL_AI_DROP_MISSING_SETDESC layer=MANAGER                   count=0000 id=28E9E05C-586C-449D-89B0-855E7E176926 set=com.apple.speech.automaticspeechrecognition domain=com.apple.UnifiedAssetFramework
time=2026-03-09_11:16:32 op=DEL_AI_DROP_MISSING_SETDESC layer=MANAGER                   count=0000 id=14033CF4-B3BF-4716-AAE6-A705BD0189A8 set=com.apple.MobileAsset.UAF.Vision.ADT domain=com.apple.UnifiedAssetFramework
time=2026-03-09_11:16:32 op=DEL_AI_DROP_MISSING_SETDESC layer=MANAGER                   count=0000 id=88DCD244-564A-413C-8C0E-944CC224FD2F set=com.apple.siri.understanding domain=com.apple.UnifiedAssetFramework
time=2026-03-09_11:16:44 op=ADD_AI_ROUTING_NEW_SET_JOB  layer=MANAGER                   count=0000 id=B76E74EA-FADB-4CCE-B3AC-B78BBCB669D5 set=com.apple.speech.automaticspeechrecognition domain=com.apple.UnifiedAssetFramework
time=2026-03-09_11:16:45 op=ADD_AI_ROUTING_NEW_SET_JOB  layer=MANAGER                   count=0000 id=D5F723CC-2372-49EE-AD69-8957919904F5 set=com.apple.siri.understanding domain=com.apple.UnifiedAssetFramework
time=2026-03-09_11:16:46 op=SET_CONFIG_LOOKUP_RESPONSE  layer=MANAGER                   configured=0002 requested:0000 fromPallas:0000 vending:0000 id-UNKNOWN                                  set=com.apple.speech.automaticspeechrecognition domain=com.apple.UnifiedAssetFramework | SetJobLookupResponseRcvd
time=2026-03-09_11:16:46 op=SET_CONFIG_LOOKUP_RESPONSE  layer=MANAGER                   configured=0007 requested:0000 fromPallas:0000 vending:0000 id-UNKNOWN                                  set=com.apple.siri.understanding domain=com.apple.UnifiedAssetFramework | SetJobLookupResponseRcvd
time=2026-03-09_11:16:55 op=ADD_AI_ROUTING_NEW_SET_JOB  layer=MANAGER                   count=0000 id=6965DE6A-C74D-4F83-8E48-1DA731BDF682 set=com.apple.MobileAsset.UAF.Handwriting.Synthesis domain=com.apple.UnifiedAssetFramework
time=2026-03-09_11:16:55 op=ADD_AI_ROUTING_NEW_SET_JOB  layer=MANAGER                   count=0000 id=A8D994BE-99C7-49C1-AAC8-33CEA242A802 set=com.apple.odla domain=com.apple.UnifiedAssetFramework
time=2026-03-09_11:16:55 op=SET_CONFIG_LOOKUP_RESPONSE  layer=MANAGER                   configured=0002 requested:0000 fromPallas:0000 vending:0000 id-UNKNOWN                                  set=com.apple.MobileAsset.UAF.Handwriting.Synthesis domain=com.apple.UnifiedAssetFramework | SetJobLookupResponseRcvd
time=2026-03-09_11:16:56 op=SET_CONFIG_LOOKUP_RESPONSE  layer=MANAGER                   configured=0004 requested:0000 fromPallas:0000 vending:0000 id-UNKNOWN                                  set=com.apple.odla domain=com.apple.UnifiedAssetFramework | SetJobLookupResponseRcvd
time=2026-03-09_11:17:01 op=ADD_AI_ROUTING_NEW_SET_JOB  layer=MANAGER                   count=0000 id=56D187F8-8E63-40D4-B1CC-F307CE3B5C98 set=com.apple.siri.tts domain=com.apple.UnifiedAssetFramework
time=2026-03-09_11:17:01 op=ADD_AI_ROUTING_NEW_SET_JOB  layer=MANAGER                   count=0000 id=7F5BEC54-1AEE-49AF-8AD3-9F4E6B73586C set=com.apple.siri.uaf.platform domain=com.apple.UnifiedAssetFramework
time=2026-03-09_11:17:01 op=SET_CONFIG_LOOKUP_RESPONSE  layer=MANAGER                   configured=0004 requested:0000 fromPallas:0000 vending:0000 id-UNKNOWN                                  set=com.apple.siri.tts domain=com.apple.UnifiedAssetFramework | SetJobLookupResponseRcvd
time=2026-03-09_11:17:01 op=ADD_AI_ROUTING_NEW_SET_JOB  layer=MANAGER                   count=0000 id=AFC47C76-3DB6-48B0-A733-9238FC0EBAF2 set=com.apple.MobileAsset.UAF.Vision.ADT domain=com.apple.UnifiedAssetFramework
time=2026-03-09_11:17:02 op=ADD_AI_ROUTING_NEW_SET_JOB  layer=MANAGER                   count=0000 id=5C082455-ABDD-4B62-B7A1-BD4878839EAF set=com.apple.MobileAsset.UAF.Photos.SpatialPhotosRelive domain=com.apple.UnifiedAssetFramework
time=2026-03-09_11:17:02 op=ADD_AI_ROUTING_NEW_SET_JOB  layer=MANAGER                   count=0000 id=0CEC232A-CF05-4A96-B46E-96C09F77897F set=com.apple.aonsense domain=com.apple.UnifiedAssetFramework
time=2026-03-09_11:17:02 op=ADD_AI_ROUTING_NEW_SET_JOB  layer=MANAGER                   count=0000 id=253FD1AB-2093-44EF-BB8B-4EAD86C12358 set=com.apple.MobileAsset.UAF.CoreMotion.IMUFoundationModel domain=com.apple.UnifiedAssetFramework
time=2026-03-09_11:17:02 op=SET_CONFIG_LOOKUP_RESPONSE  layer=MANAGER                   configured=0001 requested:0000 fromPallas:0000 vending:0000 id-UNKNOWN                                  set=com.apple.siri.uaf.platform domain=com.apple.UnifiedAssetFramework | SetJobLookupResponseRcvd
time=2026-03-09_11:17:02 op=SET_CONFIG_LOOKUP_RESPONSE  layer=MANAGER                   configured=0003 requested:0000 fromPallas:0000 vending:0000 id-UNKNOWN                                  set=com.apple.MobileAsset.UAF.Vision.ADT domain=com.apple.UnifiedAssetFramework | SetJobLookupResponseRcvd
time=2026-03-09_11:17:02 op=SET_CONFIG_LOOKUP_RESPONSE  layer=MANAGER                   configured=0003 requested:0000 fromPallas:0000 vending:0000 id-UNKNOWN                                  set=com.apple.MobileAsset.UAF.Photos.SpatialPhotosRelive domain=com.apple.UnifiedAssetFramework | SetJobLookupResponseRcvd
time=2026-03-09_11:17:02 op=SET_CONFIG_LOOKUP_RESPONSE  layer=MANAGER                   configured=0003 requested:0000 fromPallas:0000 vending:0000 id-UNKNOWN                                  set=com.apple.aonsense domain=com.apple.UnifiedAssetFramework | SetJobLookupResponseRcvd
time=2026-03-09_11:17:02 op=SET_CONFIG_LOOKUP_RESPONSE  layer=MANAGER                   configured=0004 requested:0000 fromPallas:0000 vending:0000 id-UNKNOWN                                  set=com.apple.MobileAsset.UAF.CoreMotion.IMUFoundationModel domain=com.apple.UnifiedAssetFramework | SetJobLookupResponseRcvd
time=2026-03-09_12:09:48 op=SET_CONFIG_ALTER_ENTRIES    layer=MANAGER                   configured=0005 requested:0000 fromPallas:0000 vending:0000 id-UNKNOWN                                  set=com.apple.siri.tts domain=com.apple.UnifiedAssetFramework | handleSetClientAlterEntriesRepresentingAtomicRequest
time=2026-03-09_12:09:48 op=SET_CONFIG_AVAIL_GAINED     layer=MANAGER                   configured=0005 requested:0000 fromPallas:0000 vending:0000 id-UNKNOWN                                  set=com.apple.siri.tts domain=com.apple.UnifiedAssetFramework | handleSetClientAlterEntriesRepresentingAtomicRequest
time=2026-03-09_12:09:48 op=DEL_AI_DISCOVERED_NOT_DWNLD layer=MANAGER                   count=0000 id=56D187F8-8E63-40D4-B1CC-F307CE3B5C98 set=com.apple.siri.tts domain=com.apple.UnifiedAssetFramework
time=2026-03-09_12:09:48 op=ADD_AI_ROUTING_NEW_SET_JOB  layer=MANAGER                   count=0000 id=975898EA-BE7B-49BE-9742-7D6B69F488E5 set=com.apple.siri.tts domain=com.apple.UnifiedAssetFramework
time=2026-03-09_12:09:48 op=SET_CONFIG_NEW_SET_CONFIG   layer=MANAGER                   configured=0076 requested:0000 fromPallas:0000 vending:0000 id-UNKNOWN                                  set=com.apple.siri.dialog domain=com.apple.UnifiedAssetFramework | setConfigurationSelectUsingInfoInstance
time=2026-03-09_12:09:48 op=ADD_AI_ROUTING_NEW_SET_JOB  layer=MANAGER                   count=0076 id=A9EE000B-A1A8-4343-AA76-32AEFB33AFCB set=com.apple.siri.dialog domain=com.apple.UnifiedAssetFramework | (com.apple.siri.dialog.findmy.sirifindmy,com.apple.siri.dialog.sirisuggestionsbasemodel,com.apple.siri.dialog.homecommunicationflowdelegateplugin,com.apple.siri.dialog.geoflowdelegateplugin,com.apple.siri.dialog.siricontactsintents,com.apple.siri.dialog.socialconversationflowdelegateplugin.nb,com.apple.siri.dialog.siriidentityinternal,com.apple.siri.dialog.socialconversationflowdelegateplugin.zh,com.apple.siri.dialog.audio.audioflowdelegateplugin,com.apple.siri.dialog.socialconversationflowdelegateplugin.it,com.apple.siri.dialog.siricalendarintents,com.apple.siri.dialog.socialconversationflowdelegateplugin.ko,com.apple.siri.dialog.sirisuggestions,com.apple.siri.dialog.socialconversationflowdelegateplugin.yue,com.apple.siri.dialog.sirivideointents,com.apple.siri.dialog.dialogengine,com.apple.siri.dialog.siripaymentsintents,com.apple.siri.dialog.sirikitflow,com.apple.siri.dialog.siriexpanseinternal,com.apple.siri.dialog.generativeassistanttools.generativeassistantextension,com.apple.siri.dialog.safetysessionflowplugin,com.apple.siri.dialog.socialconversationflowdelegateplugin.nl,com.apple.siri.dialog.audiosuggestionsplugin,com.apple.siri.dialog.camrootflowplugin,com.apple.siri.dialog.sirisystemcommands,com.apple.siri.dialog.siriplaybackcontrolintents,com.apple.siri.dialog.socialconversationflowdelegateplugin.da,com.apple.siri.dialog.siriinferenceflow,com.apple.siri.dialog.clockflowplugin,com.apple.siri.dialog.socialconversationflowdelegateplugin.ms,com.apple.siri.dialog.siriapplaunchintents,com.apple.siri.dialog.sirireader,com.apple.siri.dialog.socialconversationflowdelegateplugin.de,com.apple.siri.dialog.deviceexpert.deviceexpertintents,com.apple.siri.dialog.dailybriefingflowplugin,com.apple.siri.dialog.homeautomationinternal,com.apple.siri.dialog.socialconversationflowdelegateplugin.ar,com.apple.siri.dialog.notebookflowplugin,com.apple.siri.dialog.siritranslationintents,com.apple.siri.dialog.sirilinkflowplugin,com.apple.siri.dialog.socialconversationflowdelegateplugin.th,com.apple.siri.dialog.socialconversationflowdelegateplugin,com.apple.siri.dialog.requestdispatcherbridges,com.apple.siri.dialog.notebook.sirinotebook,com.apple.siri.dialog.socialconversationflowdelegateplugin.pt,com.apple.siri.dialog.workoutannouncements,com.apple.siri.dialog.messages.sirimessagesflow,com.apple.siri.dialog.socialconversationflowdelegateplugin.fi,com.apple.siri.dialog.sirikitruntime,com.apple.siri.dialog.sirinaturallanguagegeneration,com.apple.siri.dialog.socialconversationflowdelegateplugin.en,com.apple.siri.dialog.socialconversationflowdelegateplugin.he,com.apple.siri.dialog.informationflowplugin,com.apple.siri.dialog.sirinotificationsintents,com.apple.siri.dialog.ifflowplugin,com.apple.siri.dialog.healthflowdelegateplugin,com.apple.siri.dialog.socialconversationflowdelegateplugin.ja,com.apple.siri.dialog.omnisearch.omnisearch,com.apple.siri.dialog.socialconversationflowdelegateplugin.ru,com.apple.siri.dialog.socialconversationflowdelegateplugin.hi,com.apple.siri.dialog.emergencyflowplugin,com.apple.siri.dialog.socialconversationflowdelegateplugin.es,com.apple.siri.dialog.sirisettingsintents,com.apple.siri.dialog.assistantservices,com.apple.siri.dialog.timerflowdelegateplugin,com.apple.siri.dialog.alarmflowplugin,com.apple.siri.dialog.socialconversationflowdelegateplugin.tr,com.apple.siri.dialog.socialconversationflowdelegateplugin.fr,com.apple.siri.dialog.sirisuggestionsflowplugin,com.apple.siri.dialog.socialconversationflowdelegateplugin.sv,com.apple.siri.dialog.sirimailinternal,com.apple.siri.dialog.phonecallflowdelegateplugin,com.apple.siri.dialog.sirikit.messagesflowdelegateplugin,com.apple.siri.dialog.siriautocomplete,com.apple.siri.dialog.carcommandsflowdelegateplugin,com.apple.siri.dialog.wellnessflowplugin)
time=2026-03-09_12:09:48 op=SET_CONFIG_NEW_SET_CONFIG   layer=MANAGER                   configured=0001 requested:0000 fromPallas:0000 vending:0000 id-UNKNOWN                                  set=com.apple.siri.findmy domain=com.apple.UnifiedAssetFramework | setConfigurationSelectUsingInfoInstance
time=2026-03-09_12:09:48 op=ADD_AI_ROUTING_NEW_SET_JOB  layer=MANAGER                   count=0001 id=B5E929BB-2474-495F-BA7A-1E77F243A512 set=com.apple.siri.findmy domain=com.apple.UnifiedAssetFramework | (com.apple.siri.findmy.primary_device_files)
time=2026-03-09_12:09:48 op=SET_CONFIG_NEW_SET_CONFIG   layer=MANAGER                   configured=0002 requested:0000 fromPallas:0000 vending:0000 id-UNKNOWN                                  set=com.apple.siri.understanding.nl.overrides domain=com.apple.UnifiedAssetFramework | setConfigurationSelectUsingInfoInstance
time=2026-03-09_12:09:48 op=ADD_AI_ROUTING_NEW_SET_JOB  layer=MANAGER                   count=0002 id=299C94F6-BA08-4742-87D1-38B378A3962C set=com.apple.siri.understanding.nl.overrides domain=com.apple.UnifiedAssetFramework | (com.apple.siri.understanding.nl.overrides.uaf.metadata,com.apple.siri.nl.overrides.en_GB)
time=2026-03-09_12:09:48 op=SET_CONFIG_ALTER_ENTRIES    layer=MANAGER                   configured=0025 requested:0000 fromPallas:0000 vending:0000 id-UNKNOWN                                  set=com.apple.siri.understanding domain=com.apple.UnifiedAssetFramework | handleSetClientAlterEntriesRepresentingAtomicRequest
time=2026-03-09_12:09:48 op=SET_CONFIG_AVAIL_GAINED     layer=MANAGER                   configured=0025 requested:0000 fromPallas:0000 vending:0000 id-UNKNOWN                                  set=com.apple.siri.understanding domain=com.apple.UnifiedAssetFramework | handleSetClientAlterEntriesRepresentingAtomicRequest
time=2026-03-09_12:09:48 op=DEL_AI_DISCOVERED_NOT_DWNLD layer=MANAGER                   count=0000 id=D5F723CC-2372-49EE-AD69-8957919904F5 set=com.apple.siri.understanding domain=com.apple.UnifiedAssetFramework
time=2026-03-09_12:09:49 op=ADD_AI_ROUTING_NEW_SET_JOB  layer=MANAGER                   count=0000 id=C774741D-FD0D-4CCA-91A2-613EE204D78A set=com.apple.siri.understanding domain=com.apple.UnifiedAssetFramework
time=2026-03-09_12:09:49 op=SET_CONFIG_LOOKUP_RESPONSE  layer=MANAGER                   configured=0005 requested:0000 fromPallas:0000 vending:0000 id-UNKNOWN                                  set=com.apple.siri.tts domain=com.apple.UnifiedAssetFramework | SetJobLookupResponseRcvd
time=2026-03-09_12:09:49 op=SET_CONFIG_LOOKUP_RESPONSE  layer=MANAGER                   configured=0001 requested:0000 fromPallas:0000 vending:0000 id-UNKNOWN                                  set=com.apple.siri.findmy domain=com.apple.UnifiedAssetFramework | SetJobLookupResponseRcvd
time=2026-03-09_12:09:49 op=SET_CONFIG_LOOKUP_RESPONSE  layer=MANAGER                   configured=0002 requested:0000 fromPallas:0000 vending:0000 id-UNKNOWN                                  set=com.apple.siri.understanding.nl.overrides domain=com.apple.UnifiedAssetFramework | SetJobLookupResponseRcvd
time=2026-03-09_12:09:49 op=SET_CONFIG_LOOKUP_RESPONSE  layer=MANAGER                   configured=0076 requested:0000 fromPallas:0000 vending:0000 id-UNKNOWN                                  set=com.apple.siri.dialog domain=com.apple.UnifiedAssetFramework | SetJobLookupResponseRcvd
time=2026-03-09_12:09:50 op=SET_CONFIG_LOOKUP_RESPONSE  layer=MANAGER                   configured=0025 requested:0000 fromPallas:0000 vending:0000 id-UNKNOWN                                  set=com.apple.siri.understanding domain=com.apple.UnifiedAssetFramework | SetJobLookupResponseRcvd
time=2026-03-09_12:10:00 op=ADD_AI_ROUTING_NEW_SET_JOB  layer=MANAGER                   count=0000 id=6980B7A2-5693-4F7F-A47B-32A5EF7C015D set=com.apple.siri.asr.hammer domain=com.apple.UnifiedAssetFramework
time=2026-03-09_12:10:01 op=SET_CONFIG_LOOKUP_RESPONSE  layer=MANAGER                   configured=0002 requested:0002 fromPallas:0002 vending:0000 id=FF7C24CA-AC7A-4748-BFBB-B251CCDCA827 set=com.apple.siri.asr.hammer domain=com.apple.UnifiedAssetFramework | SetJobLookupResponseRcvd
time=2026-03-09_12:10:01 op=DEL_AI_DROP_MATCHES_LATEST  layer=MANAGER                   count=0000 id=6980B7A2-5693-4F7F-A47B-32A5EF7C015D set=com.apple.siri.asr.hammer domain=com.apple.UnifiedAssetFramework
time=2026-03-09_12:10:06 op=PRG_ENTRY_DOWNLOADED        layer=JOB                       count=0000 id=B76E74EA-FADB-4CCE-B3AC-B78BBCB669D5 set=com.apple.speech.automaticspeechrecognition domain=com.apple.UnifiedAssetFramework selector=UAF.Speech.AutomaticSpeechRecognition|com.apple.speech.asr.language.identification|0.0.4.13.201972,0
time=2026-03-09_12:10:06 op=PRG_ENTRY_DOWNLOADED        layer=JOB                       count=0000 id=6965DE6A-C74D-4F83-8E48-1DA731BDF682 set=com.apple.MobileAsset.UAF.Handwriting.Synthesis domain=com.apple.UnifiedAssetFramework selector=UAF.Handwriting.Synthesis|com.apple.handwriting.synthesis.uaf.metadata|4.41.12.13.101931,0
time=2026-03-09_12:10:06 op=PRG_ENTRY_DOWNLOADED        layer=JOB                       count=0000 id=A8D994BE-99C7-49C1-AAC8-33CEA242A802 set=com.apple.odla domain=com.apple.UnifiedAssetFramework selector=UAF.Search.ODLA|com.apple.odla.recipe.SAW.Spotlight.SurveyDaily|184.0.0.13.202518,0
time=2026-03-09_12:10:11 op=PRG_ENTRY_DOWNLOADED        layer=JOB                       count=0000 id=7F5BEC54-1AEE-49AF-8AD3-9F4E6B73586C set=com.apple.siri.uaf.platform domain=com.apple.UnifiedAssetFramework selector=UAF.Siri.PlatformAssets|com.apple.siri.uaf.osupdates|1.0.295071122.13.203605,0
time=2026-03-09_12:10:11 op=ADD_SD_DOWNLOADED_OR_SAME   layer=MANAGER                   count=0001 id=7F5BEC54-1AEE-49AF-8AD3-9F4E6B73586C set=com.apple.siri.uaf.platform domain=com.apple.UnifiedAssetFramework
time=2026-03-09_12:10:11 op=SET_CONFIG_LATEST_VEND_SET  layer=MANAGER                   configured=0001 requested:0001 fromPallas:0001 vending:0000 id=7F5BEC54-1AEE-49AF-8AD3-9F4E6B73586C set=com.apple.siri.uaf.platform domain=com.apple.UnifiedAssetFramework | SetJobSuccessSchedule:foundAndDownloadedSet:refreshSetFoundToManager:persistSetJobDescriptor:trackSetDescriptor:setConfigurationAdoptLatestToVend:setConfigurationTrackLatestToVend
time=2026-03-09_12:10:11 op=SET_CONFIG_LATEST_VEND_SET  layer=MANAGER                   configured=0001 requested:0001 fromPallas:0001 vending:0000 id=7F5BEC54-1AEE-49AF-8AD3-9F4E6B73586C set=com.apple.siri.uaf.platform domain=com.apple.UnifiedAssetFramework | (com.apple.siri.uaf.osupdates<1.0.295071122.13.203605,0>)
time=2026-03-09_12:10:11 op=PRG_ENTRY_DOWNLOADED        layer=JOB                       count=0000 id=AFC47C76-3DB6-48B0-A733-9238FC0EBAF2 set=com.apple.MobileAsset.UAF.Vision.ADT domain=com.apple.UnifiedAssetFramework selector=UAF.Vision.ADT|com.apple.vision.adt.uaf.metadata|4.41.12.13.101911,0
time=2026-03-09_12:10:12 op=ADD_SD_DOWNLOADED_OR_SAME   layer=MANAGER                   count=0001 id=AFC47C76-3DB6-48B0-A733-9238FC0EBAF2 set=com.apple.MobileAsset.UAF.Vision.ADT domain=com.apple.UnifiedAssetFramework
time=2026-03-09_12:10:12 op=SET_CONFIG_LATEST_VEND_SET  layer=MANAGER                   configured=0003 requested:0003 fromPallas:0001 vending:0000 id=AFC47C76-3DB6-48B0-A733-9238FC0EBAF2 set=com.apple.MobileAsset.UAF.Vision.ADT domain=com.apple.UnifiedAssetFramework | SetJobSuccessSchedule:foundAndDownloadedSet:refreshSetFoundToManager:persistSetJobDescriptor:trackSetDescriptor:setConfigurationAdoptLatestToVend:setConfigurationTrackLatestToVend
time=2026-03-09_12:10:12 op=SET_CONFIG_LATEST_VEND_SET  layer=MANAGER                   configured=0003 requested:0003 fromPallas:0001 vending:0000 id=AFC47C76-3DB6-48B0-A733-9238FC0EBAF2 set=com.apple.MobileAsset.UAF.Vision.ADT domain=com.apple.UnifiedAssetFramework | (com.apple.vision.adt.uaf.metadata<4.41.12.13.101911,0>)
time=2026-03-09_12:10:15 op=PRG_ENTRY_DOWNLOADED        layer=JOB                       count=0000 id=0CEC232A-CF05-4A96-B46E-96C09F77897F set=com.apple.aonsense domain=com.apple.UnifiedAssetFramework selector=UAF.AONSenseConfiguration|com.apple.aonsense.uaf.metadata|4.41.12.13.101927,0
time=2026-03-09_12:10:29 op=PRG_ENTRY_DOWNLOADED        layer=JOB                       count=0000 id=5C082455-ABDD-4B62-B7A1-BD4878839EAF set=com.apple.MobileAsset.UAF.Photos.SpatialPhotosRelive domain=com.apple.UnifiedAssetFramework selector=UAF.Photos.SpatialPhotosRelive|com.apple.photos.spatialphotosrelive.fov.main.generic|17.0.81516.13.202357,0
time=2026-03-09_12:10:46 op=PRG_ENTRY_DOWNLOADED        layer=JOB                       count=0000 id=975898EA-BE7B-49BE-9742-7D6B69F488E5 set=com.apple.siri.tts domain=com.apple.UnifiedAssetFramework selector=UAF.Siri.TextToSpeech|com.apple.siri.tts.voice.en_GB.arthur.neural.premium|1223.0.0.13.202987,0
time=2026-03-09_12:10:46 op=PRG_ENTRY_DOWNLOADED        layer=JOB                       count=0000 id=299C94F6-BA08-4742-87D1-38B378A3962C set=com.apple.siri.understanding.nl.overrides domain=com.apple.UnifiedAssetFramework selector=UAF.Siri.UnderstandingNLOverrides|com.apple.siri.understanding.nl.overrides.uaf.metadata|4.41.12.100.1388,0
time=2026-03-09_12:10:46 op=PRG_ENTRY_DOWNLOADED        layer=JOB                       count=0000 id=B5E929BB-2474-495F-BA7A-1E77F243A512 set=com.apple.siri.findmy domain=com.apple.UnifiedAssetFramework selector=UAF.Siri.FindMyConfigurationFiles|com.apple.siri.findmy.primary_device_files|0.2.3.13.101888,0
time=2026-03-09_12:10:46 op=ADD_SD_DOWNLOADED_OR_SAME   layer=MANAGER                   count=0001 id=B5E929BB-2474-495F-BA7A-1E77F243A512 set=com.apple.siri.findmy domain=com.apple.UnifiedAssetFramework
time=2026-03-09_12:10:46 op=SET_CONFIG_LATEST_VEND_SET  layer=MANAGER                   configured=0001 requested:0001 fromPallas:0001 vending:0001 id=B5E929BB-2474-495F-BA7A-1E77F243A512 set=com.apple.siri.findmy domain=com.apple.UnifiedAssetFramework | SetJobSuccessSchedule:foundAndDownloadedSet:refreshSetFoundToManager:persistSetJobDescriptor:trackSetDescriptor:setConfigurationAdoptLatestToVend:setConfigurationTrackLatestToVend
time=2026-03-09_12:10:46 op=SET_CONFIG_LATEST_VEND_SET  layer=MANAGER                   configured=0001 requested:0001 fromPallas:0001 vending:0001 id=B5E929BB-2474-495F-BA7A-1E77F243A512 set=com.apple.siri.findmy domain=com.apple.UnifiedAssetFramework | (com.apple.siri.findmy.primary_device_files<0.2.3.13.101888,0>)
time=2026-03-09_12:10:46 op=PRG_ENTRY_DOWNLOADED        layer=JOB                       count=0000 id=A9EE000B-A1A8-4343-AA76-32AEFB33AFCB set=com.apple.siri.dialog domain=com.apple.UnifiedAssetFramework selector=UAF.Siri.DialogAssets|com.apple.siri.dialog.findmy.sirifindmy|30.11.114.13.102543,0
time=2026-03-09_12:11:26 op=PRG_ENTRY_DOWNLOADED        layer=JOB                       count=0000 id=B76E74EA-FADB-4CCE-B3AC-B78BBCB669D5 set=com.apple.speech.automaticspeechrecognition domain=com.apple.UnifiedAssetFramework selector=UAF.Speech.AutomaticSpeechRecognition|com.apple.speech.asr.transcription.en|3100.4000.29.13.101993,0
time=2026-03-09_12:11:26 op=ADD_SD_DOWNLOADED_OR_SAME   layer=MANAGER                   count=0002 id=B76E74EA-FADB-4CCE-B3AC-B78BBCB669D5 set=com.apple.speech.automaticspeechrecognition domain=com.apple.UnifiedAssetFramework
time=2026-03-09_12:11:26 op=SET_CONFIG_LATEST_VEND_SET  layer=MANAGER                   configured=0002 requested:0002 fromPallas:0002 vending:0000 id=B76E74EA-FADB-4CCE-B3AC-B78BBCB669D5 set=com.apple.speech.automaticspeechrecognition domain=com.apple.UnifiedAssetFramework | SetJobSuccessSchedule:foundAndDownloadedSet:refreshSetFoundToManager:persistSetJobDescriptor:trackSetDescriptor:setConfigurationAdoptLatestToVend:setConfigurationTrackLatestToVend
time=2026-03-09_12:11:26 op=SET_CONFIG_LATEST_VEND_SET  layer=MANAGER                   configured=0002 requested:0002 fromPallas:0002 vending:0000 id=B76E74EA-FADB-4CCE-B3AC-B78BBCB669D5 set=com.apple.speech.automaticspeechrecognition domain=com.apple.UnifiedAssetFramework | (com.apple.speech.asr.language.identification<0.0.4.13.201972,0>,com.apple.speech.asr.transcription.en<3100.4000.29.13.101993,0>)
time=2026-03-09_12:11:26 op=PRG_ENTRY_DOWNLOADED        layer=JOB                       count=0000 id=A9EE000B-A1A8-4343-AA76-32AEFB33AFCB set=com.apple.siri.dialog domain=com.apple.UnifiedAssetFramework selector=UAF.Siri.DialogAssets|com.apple.siri.dialog.sirisuggestionsbasemodel|20.9.104.13.102543,0
time=2026-03-09_12:11:26 op=PRG_ENTRY_DOWNLOADED        layer=JOB                       count=0000 id=299C94F6-BA08-4742-87D1-38B378A3962C set=com.apple.siri.understanding.nl.overrides domain=com.apple.UnifiedAssetFramework selector=UAF.Siri.UnderstandingNLOverrides|com.apple.siri.nl.overrides.en_GB|3501.4100.1763950175.100.1786,0
time=2026-03-09_12:11:26 op=ADD_SD_DOWNLOADED_OR_SAME   layer=MANAGER                   count=0002 id=299C94F6-BA08-4742-87D1-38B378A3962C set=com.apple.siri.understanding.nl.overrides domain=com.apple.UnifiedAssetFramework
time=2026-03-09_12:11:26 op=SET_CONFIG_LATEST_VEND_SET  layer=MANAGER                   configured=0002 requested:0002 fromPallas:0002 vending:0002 id=299C94F6-BA08-4742-87D1-38B378A3962C set=com.apple.siri.understanding.nl.overrides domain=com.apple.UnifiedAssetFramework | SetJobSuccessSchedule:foundAndDownloadedSet:refreshSetFoundToManager:persistSetJobDescriptor:trackSetDescriptor:setConfigurationAdoptLatestToVend:setConfigurationTrackLatestToVend
time=2026-03-09_12:11:26 op=SET_CONFIG_LATEST_VEND_SET  layer=MANAGER                   configured=0002 requested:0002 fromPallas:0002 vending:0002 id=299C94F6-BA08-4742-87D1-38B378A3962C set=com.apple.siri.understanding.nl.overrides domain=com.apple.UnifiedAssetFramework | (com.apple.siri.understanding.nl.overrides.uaf.metadata<4.41.12.100.1388,0>,com.apple.siri.nl.overrides.en_GB<3501.4100.1763950175.100.1786,0>)
time=2026-03-09_12:11:35 op=PRG_ENTRY_DOWNLOADED        layer=JOB                       count=0000 id=C774741D-FD0D-4CCA-91A2-613EE204D78A set=com.apple.siri.understanding domain=com.apple.UnifiedAssetFramework selector=UAF.Siri.Understanding|com.apple.siri.sp.invocation.en_GB|19.1028.1.13.301213,0
time=2026-03-09_12:11:35 op=PRG_ENTRY_DOWNLOADED        layer=JOB                       count=0000 id=A9EE000B-A1A8-4343-AA76-32AEFB33AFCB set=com.apple.siri.dialog domain=com.apple.UnifiedAssetFramework selector=UAF.Siri.DialogAssets|com.apple.siri.dialog.homecommunicationflowdelegateplugin|30.6.101.13.102289,0
time=2026-03-09_12:11:35 op=PRG_ENTRY_DOWNLOADED        layer=JOB                       count=0000 id=253FD1AB-2093-44EF-BB8B-4EAD86C12358 set=com.apple.MobileAsset.UAF.CoreMotion.IMUFoundationModel domain=com.apple.UnifiedAssetFramework selector=UAF.CoreMotion.IMUFoundationModel|com.apple.fm.coremotion.calorimetry_reduced_embeddings.adaptor.generic|0.0.1.13.101920,0
time=2026-03-09_12:11:35 op=PRG_ENTRY_DOWNLOADED        layer=JOB                       count=0000 id=0CEC232A-CF05-4A96-B46E-96C09F77897F set=com.apple.aonsense domain=com.apple.UnifiedAssetFramework selector=UAF.AONSenseConfiguration|com.apple.aonsense.safety.generic|0.1.0.13.102342,0
time=2026-03-09_12:11:36 op=ADD_SD_DOWNLOADED_OR_SAME   layer=MANAGER                   count=0002 id=0CEC232A-CF05-4A96-B46E-96C09F77897F set=com.apple.aonsense domain=com.apple.UnifiedAssetFramework
time=2026-03-09_12:11:36 op=SET_CONFIG_LATEST_VEND_SET  layer=MANAGER                   configured=0003 requested:0003 fromPallas:0002 vending:0000 id=0CEC232A-CF05-4A96-B46E-96C09F77897F set=com.apple.aonsense domain=com.apple.UnifiedAssetFramework | SetJobSuccessSchedule:foundAndDownloadedSet:refreshSetFoundToManager:persistSetJobDescriptor:trackSetDescriptor:setConfigurationAdoptLatestToVend:setConfigurationTrackLatestToVend
time=2026-03-09_12:11:36 op=SET_CONFIG_LATEST_VEND_SET  layer=MANAGER                   configured=0003 requested:0003 fromPallas:0002 vending:0000 id=0CEC232A-CF05-4A96-B46E-96C09F77897F set=com.apple.aonsense domain=com.apple.UnifiedAssetFramework | (com.apple.aonsense.uaf.metadata<4.41.12.13.101927,0>,com.apple.aonsense.safety.generic<0.1.0.13.102342,0>)
time=2026-03-09_12:11:36 op=PRG_ENTRY_DOWNLOADED        layer=JOB                       count=0000 id=A8D994BE-99C7-49C1-AAC8-33CEA242A802 set=com.apple.odla domain=com.apple.UnifiedAssetFramework selector=UAF.Search.ODLA|com.apple.odla.recipe.SAW.Spotlight.SurveyWeekly|184.0.0.13.202518,0
time=2026-03-09_12:11:36 op=PRG_ENTRY_DOWNLOADED        layer=JOB                       count=0000 id=5C082455-ABDD-4B62-B7A1-BD4878839EAF set=com.apple.MobileAsset.UAF.Photos.SpatialPhotosRelive domain=com.apple.UnifiedAssetFramework selector=UAF.Photos.SpatialPhotosRelive|com.apple.photos.spatialphotosrelive.uaf.metadata|4.41.12.13.301207,0
time=2026-03-09_12:11:39 op=PRG_ENTRY_DOWNLOADED        layer=JOB                       count=0000 id=975898EA-BE7B-49BE-9742-7D6B69F488E5 set=com.apple.siri.tts domain=com.apple.UnifiedAssetFramework selector=UAF.Siri.TextToSpeech|com.apple.siri.tts.voice.en_US.simone.neural.premium|1276.0.0.13.202389,0
time=2026-03-09_12:11:39 op=PRG_ENTRY_DOWNLOADED        layer=JOB                       count=0000 id=A9EE000B-A1A8-4343-AA76-32AEFB33AFCB set=com.apple.siri.dialog domain=com.apple.UnifiedAssetFramework selector=UAF.Siri.DialogAssets|com.apple.siri.dialog.geoflowdelegateplugin|30.6.102.13.102543,0
time=2026-03-09_12:11:41 op=PRG_ENTRY_DOWNLOADED        layer=JOB                       count=0000 id=C774741D-FD0D-4CCA-91A2-613EE204D78A set=com.apple.siri.understanding domain=com.apple.UnifiedAssetFramework selector=UAF.Siri.Understanding|com.apple.siri.nl.owl.en_GB|3300.2011.16.13.202405,0
time=2026-03-09_12:11:45 op=PRG_ENTRY_DOWNLOADED        layer=JOB                       count=0000 id=253FD1AB-2093-44EF-BB8B-4EAD86C12358 set=com.apple.MobileAsset.UAF.CoreMotion.IMUFoundationModel domain=com.apple.UnifiedAssetFramework selector=UAF.CoreMotion.IMUFoundationModel|com.apple.fm.coremotion.imu_v1.base.generic|0.0.2.13.101920,0
time=2026-03-09_12:11:45 op=PRG_ENTRY_DOWNLOADED        layer=JOB                       count=0000 id=975898EA-BE7B-49BE-9742-7D6B69F488E5 set=com.apple.siri.tts domain=com.apple.UnifiedAssetFramework selector=UAF.Siri.TextToSpeech|com.apple.siri.tts.resource.en_US|531.0.0.13.203579,0
time=2026-03-09_12:11:45 op=PRG_ENTRY_DOWNLOADED        layer=JOB                       count=0000 id=A9EE000B-A1A8-4343-AA76-32AEFB33AFCB set=com.apple.siri.dialog domain=com.apple.UnifiedAssetFramework selector=UAF.Siri.DialogAssets|com.apple.siri.dialog.siricontactsintents|30.6.106.13.102422,0
time=2026-03-09_12:11:45 op=PRG_ENTRY_DOWNLOADED        layer=JOB                       count=0000 id=C774741D-FD0D-4CCA-91A2-613EE204D78A set=com.apple.siri.understanding domain=com.apple.UnifiedAssetFramework selector=UAF.Siri.Understanding|com.apple.siri.cam.auto_confirm.auto_send.en_GB|200.0.2021103006.13.101954,0
time=2026-03-09_12:11:46 op=PRG_ENTRY_DOWNLOADED        layer=JOB                       count=0000 id=A8D994BE-99C7-49C1-AAC8-33CEA242A802 set=com.apple.odla domain=com.apple.UnifiedAssetFramework selector=UAF.Search.ODLA|com.apple.odla.recipe.SAW.Spotlight.Extraction|184.0.0.13.202518,0
time=2026-03-09_12:11:46 op=PRG_ENTRY_DOWNLOADED        layer=JOB                       count=0000 id=253FD1AB-2093-44EF-BB8B-4EAD86C12358 set=com.apple.MobileAsset.UAF.CoreMotion.IMUFoundationModel domain=com.apple.UnifiedAssetFramework selector=UAF.CoreMotion.IMUFoundationModel|com.apple.fm.coremotion.calorimetry_fm_predicted_wrmets_v1.adaptor.generic|0.0.3.13.101920,0
time=2026-03-09_12:11:46 op=ADD_SD_DOWNLOADED_OR_SAME   layer=MANAGER                   count=0003 id=253FD1AB-2093-44EF-BB8B-4EAD86C12358 set=com.apple.MobileAsset.UAF.CoreMotion.IMUFoundationModel domain=com.apple.UnifiedAssetFramework
time=2026-03-09_12:11:47 op=SET_CONFIG_LATEST_VEND_SET  layer=MANAGER                   configured=0004 requested:0004 fromPallas:0003 vending:0000 id=253FD1AB-2093-44EF-BB8B-4EAD86C12358 set=com.apple.MobileAsset.UAF.CoreMotion.IMUFoundationModel domain=com.apple.UnifiedAssetFramework | SetJobSuccessSchedule:foundAndDownloadedSet:refreshSetFoundToManager:persistSetJobDescriptor:trackSetDescriptor:setConfigurationAdoptLatestToVend:setConfigurationTrackLatestToVend
time=2026-03-09_12:11:47 op=SET_CONFIG_LATEST_VEND_SET  layer=MANAGER                   configured=0004 requested:0004 fromPallas:0003 vending:0000 id=253FD1AB-2093-44EF-BB8B-4EAD86C12358 set=com.apple.MobileAsset.UAF.CoreMotion.IMUFoundationModel domain=com.apple.UnifiedAssetFramework | (com.apple.fm.coremotion.calorimetry_reduced_embeddings.adaptor.generic<0.0.1.13.101920,0>,com.apple.fm.coremotion.imu_v1.base.generic<0.0.2.13.101920,0>,com.apple.fm.coremotion.calorimetry_fm_predicted_wrmets_v1.adaptor.generic<0.0.3.13.101920,0>)
time=2026-03-09_12:11:47 op=PRG_ENTRY_DOWNLOADED        layer=JOB                       count=0000 id=975898EA-BE7B-49BE-9742-7D6B69F488E5 set=com.apple.siri.tts domain=com.apple.UnifiedAssetFramework selector=UAF.Siri.TextToSpeech|com.apple.siri.tts.resource.en_GB|392.0.0.13.203279,0
time=2026-03-09_12:11:47 op=PRG_ENTRY_DOWNLOADED        layer=JOB                       count=0000 id=A9EE000B-A1A8-4343-AA76-32AEFB33AFCB set=com.apple.siri.dialog domain=com.apple.UnifiedAssetFramework selector=UAF.Siri.DialogAssets|com.apple.siri.dialog.siriidentityinternal|20.3.102.13.102328,0
time=2026-03-09_12:11:47 op=PRG_ENTRY_DOWNLOADED        layer=JOB                       count=0000 id=6965DE6A-C74D-4F83-8E48-1DA731BDF682 set=com.apple.MobileAsset.UAF.Handwriting.Synthesis domain=com.apple.UnifiedAssetFramework selector=UAF.Handwriting.Synthesis|com.apple.fm.handwriting.synthesis_multilingual.generic|1.21.81516.13.203479,0
time=2026-03-09_12:11:47 op=ADD_SD_DOWNLOADED_OR_SAME   layer=MANAGER                   count=0002 id=6965DE6A-C74D-4F83-8E48-1DA731BDF682 set=com.apple.MobileAsset.UAF.Handwriting.Synthesis domain=com.apple.UnifiedAssetFramework
time=2026-03-09_12:11:47 op=SET_CONFIG_LATEST_VEND_SET  layer=MANAGER                   configured=0002 requested:0002 fromPallas:0002 vending:0000 id=6965DE6A-C74D-4F83-8E48-1DA731BDF682 set=com.apple.MobileAsset.UAF.Handwriting.Synthesis domain=com.apple.UnifiedAssetFramework | SetJobSuccessSchedule:foundAndDownloadedSet:refreshSetFoundToManager:persistSetJobDescriptor:trackSetDescriptor:setConfigurationAdoptLatestToVend:setConfigurationTrackLatestToVend
time=2026-03-09_12:11:47 op=SET_CONFIG_LATEST_VEND_SET  layer=MANAGER                   configured=0002 requested:0002 fromPallas:0002 vending:0000 id=6965DE6A-C74D-4F83-8E48-1DA731BDF682 set=com.apple.MobileAsset.UAF.Handwriting.Synthesis domain=com.apple.UnifiedAssetFramework | (com.apple.handwriting.synthesis.uaf.metadata<4.41.12.13.101931,0>,com.apple.fm.handwriting.synthesis_multilingual.generic<1.21.81516.13.203479,0>)
time=2026-03-09_12:11:47 op=SET_CONFIG_MOST_RCNT_RCVD_S layer=MANAGER                   configured=0002 requested:0002 fromPallas:0002 vending:0000 id=6965DE6A-C74D-4F83-8E48-1DA731BDF682 set=com.apple.MobileAsset.UAF.Handwriting.Synthesis domain=com.apple.UnifiedAssetFramework | RouteClientRequest:handleSetClientLockAtomic
time=2026-03-09_12:11:59 op=PRG_ENTRY_DOWNLOADED        layer=JOB                       count=0000 id=C774741D-FD0D-4CCA-91A2-613EE204D78A set=com.apple.siri.understanding domain=com.apple.UnifiedAssetFramework selector=UAF.Siri.Understanding|com.apple.siri.nl.nlv4.en_GB|3501.4100.1064.13.202963,0
time=2026-03-09_12:12:20 op=PRG_ENTRY_DOWNLOADED        layer=JOB                       count=0000 id=975898EA-BE7B-49BE-9742-7D6B69F488E5 set=com.apple.siri.tts domain=com.apple.UnifiedAssetFramework selector=UAF.Siri.TextToSpeech|com.apple.siri.tts.voice.en_GB.martha.neural.premium|1156.0.0.13.202987,0
time=2026-03-09_12:12:20 op=ADD_SD_DOWNLOADED_OR_SAME   layer=MANAGER                   count=0005 id=975898EA-BE7B-49BE-9742-7D6B69F488E5 set=com.apple.siri.tts domain=com.apple.UnifiedAssetFramework
time=2026-03-09_12:12:20 op=SET_CONFIG_LATEST_VEND_SET  layer=MANAGER                   configured=0005 requested:0005 fromPallas:0005 vending:0000 id=975898EA-BE7B-49BE-9742-7D6B69F488E5 set=com.apple.siri.tts domain=com.apple.UnifiedAssetFramework | SetJobSuccessSchedule:foundAndDownloadedSet:refreshSetFoundToManager:persistSetJobDescriptor:trackSetDescriptor:setConfigurationAdoptLatestToVend:setConfigurationTrackLatestToVend
time=2026-03-09_12:12:20 op=SET_CONFIG_LATEST_VEND_SET  layer=MANAGER                   configured=0005 requested:0005 fromPallas:0005 vending:0000 id=975898EA-BE7B-49BE-9742-7D6B69F488E5 set=com.apple.siri.tts domain=com.apple.UnifiedAssetFramework | (com.apple.siri.tts.voice.en_GB.arthur.neural.premium<1223.0.0.13.202987,0>,com.apple.siri.tts.voice.en_US.simone.neural.premium<1276.0.0.13.202389,0>,com.apple.siri.tts.resource.en_US<531.0.0.13.203579,0>,com.apple.siri.tts.resource.en_GB<392.0.0.13.203279,0>,com.apple.siri.tts.voice.en_GB.martha.neural.premium<1156.0.0.13.202987,0>)
