time=2026-03-08_06:24:16 op=NEW                        
time=2026-03-08_14:08:08 op=ADD_CLIENT_LOCK             client=manager                  count=0001 asset=a06aaae35a3538ce9c7ea7eb82f538696340680e selector=UAF.Translation.Assets|com.apple.sequoia.asset.config|23.4.1.13.203112,0
time=2026-03-08_14:08:08 op=ADD_CLIENT_LOCK             client=manager                  count=0002 asset=1378d442d2954ff1f4758cafafef06bf3521bf88 selector=UAF.Translation.Assets|com.apple.sequoia.asset.endpointer|23.4.1.13.203112,0
time=2026-03-08_14:08:08 op=ADD_CLIENT_LOCK             client=manager                  count=0003 asset=adb30db03d04008c252023bea83b91276625681b selector=UAF.Translation.Assets|com.apple.sequoia.asset.lid|23.4.1.13.203112,0
time=2026-03-08_14:08:08 op=ADD_CLIENT_LOCK             client=manager                  count=0004 selector=setAtomicInstance:7BE30142-AD85-43BF-BE54-5D79CCB832A2
time=2026-03-08_14:08:08 op=MOD_CLIENT_LOCK             client=manager                  count=0005 selector=UAF.Translation.Assets|com.apple.sequoia.asset.config|23.4.1.13.203112,0
time=2026-03-08_14:08:08 op=MOD_CLIENT_LOCK             client=manager                  count=0006 selector=UAF.Translation.Assets|com.apple.sequoia.asset.endpointer|23.4.1.13.203112,0
time=2026-03-08_14:08:08 op=MOD_CLIENT_LOCK             client=manager                  count=0007 selector=UAF.Translation.Assets|com.apple.sequoia.asset.lid|23.4.1.13.203112,0
time=2026-03-08_14:08:08 op=MOD_CLIENT_LOCK             client=manager                  count=0008 selector=setAtomicInstance:7BE30142-AD85-43BF-BE54-5D79CCB832A2
time=2026-03-08_14:08:09 op=MOD_CLIENT_LOCK             client=com.apple.UnifiedAssetFr count=0007 selector=UAF.Translation.Assets|com.apple.sequoia.asset.config|23.4.1.13.203112,0
time=2026-03-08_14:08:09 op=MOD_CLIENT_LOCK             client=com.apple.UnifiedAssetFr count=0006 selector=UAF.Translation.Assets|com.apple.sequoia.asset.endpointer|23.4.1.13.203112,0
time=2026-03-08_14:08:09 op=MOD_CLIENT_LOCK             client=com.apple.UnifiedAssetFr count=0005 selector=UAF.Translation.Assets|com.apple.sequoia.asset.lid|23.4.1.13.203112,0
time=2026-03-08_14:08:09 op=MOD_CLIENT_LOCK             client=com.apple.UnifiedAssetFr count=0004 selector=setAtomicInstance:7BE30142-AD85-43BF-BE54-5D79CCB832A2
time=2026-03-08_14:55:53 op=ADD_CLIENT_LOCK             client=manager                  count=0005 asset=3eb3ea3deb4ace12f816f302f2f6d1aa710e8a09 selector=UAF.TKModelMessages|com.apple.trustkit.tkmodelmessages.all|264.0.6.100.2154,0
time=2026-03-08_14:55:53 op=ADD_CLIENT_LOCK             client=manager                  count=0006 selector=setAtomicInstance:FE98E0AF-2E12-4EF0-9BF7-1B2447BE5FEA
time=2026-03-08_14:55:54 op=ADD_CLIENT_LOCK             client=manager                  count=0007 asset=0a6d3806545032d907a1f4885907181b55254f82 selector=UAF.Siri.UnderstandingASRHammer|com.apple.siri.asr.hammer.en_GB|3100.4000.259.100.2285,0
time=2026-03-08_14:55:54 op=ADD_CLIENT_LOCK             client=manager                  count=0008 asset=ddeef4ea4eb145fcc744e91aa1a128b19438b0a3 selector=UAF.Siri.UnderstandingASRHammer|com.apple.siri.asr.hammer.en_US|3100.4000.285.100.2285,0
time=2026-03-08_14:55:54 op=ADD_CLIENT_LOCK             client=manager                  count=0009 selector=setAtomicInstance:FF7C24CA-AC7A-4748-BFBB-B251CCDCA827
time=2026-03-09_04:32:02 op=MOD_CLIENT_LOCK             client=manager                  count=0010 selector=UAF.Siri.UnderstandingASRHammer|com.apple.siri.asr.hammer.en_GB|3100.4000.259.100.2285,0
time=2026-03-09_04:32:02 op=MOD_CLIENT_LOCK             client=manager                  count=0011 selector=UAF.Siri.UnderstandingASRHammer|com.apple.siri.asr.hammer.en_US|3100.4000.285.100.2285,0
time=2026-03-09_04:32:02 op=MOD_CLIENT_LOCK             client=manager                  count=0012 selector=setAtomicInstance:FF7C24CA-AC7A-4748-BFBB-B251CCDCA827
time=2026-03-09_04:32:02 op=MOD_CLIENT_LOCK             client=com.apple.UnifiedAssetFr count=0011 selector=UAF.Siri.UnderstandingASRHammer|com.apple.siri.asr.hammer.en_GB|3100.4000.259.100.2285,0
time=2026-03-09_04:32:02 op=MOD_CLIENT_LOCK             client=com.apple.UnifiedAssetFr count=0010 selector=UAF.Siri.UnderstandingASRHammer|com.apple.siri.asr.hammer.en_US|3100.4000.285.100.2285,0
time=2026-03-09_04:32:02 op=MOD_CLIENT_LOCK             client=com.apple.UnifiedAssetFr count=0009 selector=setAtomicInstance:FF7C24CA-AC7A-4748-BFBB-B251CCDCA827
time=2026-03-09_04:32:02 op=MOD_CLIENT_LOCK             client=manager                  count=0010 selector=UAF.TKModelMessages|com.apple.trustkit.tkmodelmessages.all|264.0.6.100.2154,0
time=2026-03-09_04:32:02 op=MOD_CLIENT_LOCK             client=manager                  count=0011 selector=setAtomicInstance:FE98E0AF-2E12-4EF0-9BF7-1B2447BE5FEA
time=2026-03-09_04:32:02 op=MOD_CLIENT_LOCK             client=com.apple.UnifiedAssetFr count=0010 selector=UAF.TKModelMessages|com.apple.trustkit.tkmodelmessages.all|264.0.6.100.2154,0
time=2026-03-09_04:32:02 op=MOD_CLIENT_LOCK             client=com.apple.UnifiedAssetFr count=0009 selector=setAtomicInstance:FE98E0AF-2E12-4EF0-9BF7-1B2447BE5FEA
time=2026-03-09_04:32:02 op=MOD_CLIENT_LOCK             client=manager                  count=0010 selector=UAF.Translation.Assets|com.apple.sequoia.asset.config|23.4.1.13.203112,0
time=2026-03-09_04:32:02 op=MOD_CLIENT_LOCK             client=manager                  count=0011 selector=UAF.Translation.Assets|com.apple.sequoia.asset.endpointer|23.4.1.13.203112,0
time=2026-03-09_04:32:02 op=MOD_CLIENT_LOCK             client=manager                  count=0012 selector=UAF.Translation.Assets|com.apple.sequoia.asset.lid|23.4.1.13.203112,0
time=2026-03-09_04:32:02 op=MOD_CLIENT_LOCK             client=manager                  count=0013 selector=setAtomicInstance:7BE30142-AD85-43BF-BE54-5D79CCB832A2
time=2026-03-09_04:32:02 op=MOD_CLIENT_LOCK             client=com.apple.UnifiedAssetFr count=0012 selector=UAF.Translation.Assets|com.apple.sequoia.asset.config|23.4.1.13.203112,0
time=2026-03-09_04:32:03 op=MOD_CLIENT_LOCK             client=com.apple.UnifiedAssetFr count=0011 selector=UAF.Translation.Assets|com.apple.sequoia.asset.endpointer|23.4.1.13.203112,0
time=2026-03-09_04:32:03 op=MOD_CLIENT_LOCK             client=com.apple.UnifiedAssetFr count=0010 selector=UAF.Translation.Assets|com.apple.sequoia.asset.lid|23.4.1.13.203112,0
time=2026-03-09_04:32:03 op=MOD_CLIENT_LOCK             client=com.apple.UnifiedAssetFr count=0009 selector=setAtomicInstance:7BE30142-AD85-43BF-BE54-5D79CCB832A2
time=2026-03-09_05:10:53 op=ADD_CLIENT_LOCK             client=com.apple.DataDeliverySe count=0010 asset=088726d2ac6c7784f0e4ccdfe5c146070377d406 selector=LinguisticDataAuto|Priority_sk|19.0.436.11.6519,0
time=2026-03-09_05:10:53 op=DEL_CLIENT_UNLOCK           client=com.apple.DataDeliverySe count=0009 selector=LinguisticDataAuto|Priority_sk|19.0.436.11.6519,0
time=2026-03-09_12:10:12 op=ADD_CLIENT_LOCK             client=manager                  count=0010 asset=189acf940961744088d0de42a0b4471ada0db58f selector=UAF.Siri.PlatformAssets|com.apple.siri.uaf.osupdates|1.0.295071122.13.203605,0
time=2026-03-09_12:10:12 op=ADD_CLIENT_LOCK             client=manager                  count=0011 selector=setAtomicInstance:7F5BEC54-1AEE-49AF-8AD3-9F4E6B73586C
time=2026-03-09_12:10:12 op=ADD_CLIENT_LOCK             client=manager                  count=0012 asset=3c85ac9f3592cf03103d4cf0a2965546ef06485f selector=UAF.Vision.ADT|com.apple.vision.adt.uaf.metadata|4.41.12.13.101911,0
time=2026-03-09_12:10:12 op=ADD_CLIENT_LOCK             client=manager                  count=0013 selector=setAtomicInstance:AFC47C76-3DB6-48B0-A733-9238FC0EBAF2
time=2026-03-09_12:10:46 op=ADD_CLIENT_LOCK             client=manager                  count=0014 asset=3ce1516bcae271c732cba3bf377b561d90ee72e1 selector=UAF.Siri.FindMyConfigurationFiles|com.apple.siri.findmy.primary_device_files|0.2.3.13.101888,0
time=2026-03-09_12:10:46 op=ADD_CLIENT_LOCK             client=manager                  count=0015 selector=setAtomicInstance:B5E929BB-2474-495F-BA7A-1E77F243A512
time=2026-03-09_12:10:46 op=MOD_CLIENT_LOCK             client=manager                  count=0016 selector=UAF.Siri.FindMyConfigurationFiles|com.apple.siri.findmy.primary_device_files|0.2.3.13.101888,0
time=2026-03-09_12:10:46 op=MOD_CLIENT_LOCK             client=manager                  count=0017 selector=setAtomicInstance:B5E929BB-2474-495F-BA7A-1E77F243A512
time=2026-03-09_12:10:46 op=MOD_CLIENT_LOCK             client=com.apple.UnifiedAssetFr count=0016 selector=UAF.Siri.FindMyConfigurationFiles|com.apple.siri.findmy.primary_device_files|0.2.3.13.101888,0
time=2026-03-09_12:10:46 op=MOD_CLIENT_LOCK             client=com.apple.UnifiedAssetFr count=0015 selector=setAtomicInstance:B5E929BB-2474-495F-BA7A-1E77F243A512
time=2026-03-09_12:11:26 op=ADD_CLIENT_LOCK             client=manager                  count=0016 asset=a5575916762c87673fb9c7f08ac38813a70e77c3 selector=UAF.Speech.AutomaticSpeechRecognition|com.apple.speech.asr.language.identification|0.0.4.13.201972,0
time=2026-03-09_12:11:26 op=ADD_CLIENT_LOCK             client=manager                  count=0017 asset=a307ce668c96c8a6a31df131247c29c9c8d9654f selector=UAF.Speech.AutomaticSpeechRecognition|com.apple.speech.asr.transcription.en|3100.4000.29.13.101993,0
time=2026-03-09_12:11:26 op=ADD_CLIENT_LOCK             client=manager                  count=0018 selector=setAtomicInstance:B76E74EA-FADB-4CCE-B3AC-B78BBCB669D5
time=2026-03-09_12:11:26 op=MOD_CLIENT_LOCK             client=manager                  count=0019 selector=UAF.Speech.AutomaticSpeechRecognition|com.apple.speech.asr.language.identification|0.0.4.13.201972,0
time=2026-03-09_12:11:26 op=MOD_CLIENT_LOCK             client=manager                  count=0020 selector=UAF.Speech.AutomaticSpeechRecognition|com.apple.speech.asr.transcription.en|3100.4000.29.13.101993,0
time=2026-03-09_12:11:26 op=MOD_CLIENT_LOCK             client=manager                  count=0021 selector=setAtomicInstance:B76E74EA-FADB-4CCE-B3AC-B78BBCB669D5
time=2026-03-09_12:11:27 op=MOD_CLIENT_LOCK             client=com.apple.UnifiedAssetFr count=0020 selector=UAF.Speech.AutomaticSpeechRecognition|com.apple.speech.asr.language.identification|0.0.4.13.201972,0
time=2026-03-09_12:11:27 op=MOD_CLIENT_LOCK             client=com.apple.UnifiedAssetFr count=0019 selector=UAF.Speech.AutomaticSpeechRecognition|com.apple.speech.asr.transcription.en|3100.4000.29.13.101993,0
time=2026-03-09_12:11:27 op=MOD_CLIENT_LOCK             client=com.apple.UnifiedAssetFr count=0018 selector=setAtomicInstance:B76E74EA-FADB-4CCE-B3AC-B78BBCB669D5
time=2026-03-09_12:11:27 op=MOD_CLIENT_LOCK             client=manager                  count=0019 selector=UAF.Speech.AutomaticSpeechRecognition|com.apple.speech.asr.language.identification|0.0.4.13.201972,0
time=2026-03-09_12:11:27 op=MOD_CLIENT_LOCK             client=manager                  count=0020 selector=UAF.Speech.AutomaticSpeechRecognition|com.apple.speech.asr.transcription.en|3100.4000.29.13.101993,0
time=2026-03-09_12:11:27 op=MOD_CLIENT_LOCK             client=manager                  count=0021 selector=setAtomicInstance:B76E74EA-FADB-4CCE-B3AC-B78BBCB669D5
time=2026-03-09_12:11:27 op=MOD_CLIENT_LOCK             client=com.apple.UnifiedAssetFr count=0020 selector=UAF.Speech.AutomaticSpeechRecognition|com.apple.speech.asr.language.identification|0.0.4.13.201972,0
time=2026-03-09_12:11:27 op=MOD_CLIENT_LOCK             client=com.apple.UnifiedAssetFr count=0019 selector=UAF.Speech.AutomaticSpeechRecognition|com.apple.speech.asr.transcription.en|3100.4000.29.13.101993,0
time=2026-03-09_12:11:27 op=MOD_CLIENT_LOCK             client=com.apple.UnifiedAssetFr count=0018 selector=setAtomicInstance:B76E74EA-FADB-4CCE-B3AC-B78BBCB669D5
time=2026-03-09_12:11:27 op=MOD_CLIENT_LOCK             client=manager                  count=0019 selector=UAF.Speech.AutomaticSpeechRecognition|com.apple.speech.asr.language.identification|0.0.4.13.201972,0
time=2026-03-09_12:11:27 op=MOD_CLIENT_LOCK             client=manager                  count=0020 selector=UAF.Speech.AutomaticSpeechRecognition|com.apple.speech.asr.transcription.en|3100.4000.29.13.101993,0
time=2026-03-09_12:11:27 op=MOD_CLIENT_LOCK             client=manager                  count=0021 selector=setAtomicInstance:B76E74EA-FADB-4CCE-B3AC-B78BBCB669D5
time=2026-03-09_12:11:27 op=MOD_CLIENT_LOCK             client=com.apple.UnifiedAssetFr count=0020 selector=UAF.Speech.AutomaticSpeechRecognition|com.apple.speech.asr.language.identification|0.0.4.13.201972,0
time=2026-03-09_12:11:27 op=MOD_CLIENT_LOCK             client=com.apple.UnifiedAssetFr count=0019 selector=UAF.Speech.AutomaticSpeechRecognition|com.apple.speech.asr.transcription.en|3100.4000.29.13.101993,0
time=2026-03-09_12:11:27 op=MOD_CLIENT_LOCK             client=com.apple.UnifiedAssetFr count=0018 selector=setAtomicInstance:B76E74EA-FADB-4CCE-B3AC-B78BBCB669D5
time=2026-03-09_12:11:27 op=MOD_CLIENT_LOCK             client=manager                  count=0019 selector=UAF.Speech.AutomaticSpeechRecognition|com.apple.speech.asr.language.identification|0.0.4.13.201972,0
time=2026-03-09_12:11:27 op=MOD_CLIENT_LOCK             client=manager                  count=0020 selector=UAF.Speech.AutomaticSpeechRecognition|com.apple.speech.asr.transcription.en|3100.4000.29.13.101993,0
time=2026-03-09_12:11:27 op=MOD_CLIENT_LOCK             client=manager                  count=0021 selector=setAtomicInstance:B76E74EA-FADB-4CCE-B3AC-B78BBCB669D5
time=2026-03-09_12:11:27 op=MOD_CLIENT_LOCK             client=com.apple.UnifiedAssetFr count=0020 selector=UAF.Speech.AutomaticSpeechRecognition|com.apple.speech.asr.language.identification|0.0.4.13.201972,0
time=2026-03-09_12:11:27 op=MOD_CLIENT_LOCK             client=com.apple.UnifiedAssetFr count=0019 selector=UAF.Speech.AutomaticSpeechRecognition|com.apple.speech.asr.transcription.en|3100.4000.29.13.101993,0
time=2026-03-09_12:11:27 op=MOD_CLIENT_LOCK             client=com.apple.UnifiedAssetFr count=0018 selector=setAtomicInstance:B76E74EA-FADB-4CCE-B3AC-B78BBCB669D5
time=2026-03-09_12:11:27 op=MOD_CLIENT_LOCK             client=manager                  count=0019 selector=UAF.Speech.AutomaticSpeechRecognition|com.apple.speech.asr.language.identification|0.0.4.13.201972,0
time=2026-03-09_12:11:27 op=MOD_CLIENT_LOCK             client=manager                  count=0020 selector=UAF.Speech.AutomaticSpeechRecognition|com.apple.speech.asr.transcription.en|3100.4000.29.13.101993,0
time=2026-03-09_12:11:27 op=MOD_CLIENT_LOCK             client=manager                  count=0021 selector=setAtomicInstance:B76E74EA-FADB-4CCE-B3AC-B78BBCB669D5
time=2026-03-09_12:11:27 op=MOD_CLIENT_LOCK             client=com.apple.UnifiedAssetFr count=0020 selector=UAF.Speech.AutomaticSpeechRecognition|com.apple.speech.asr.language.identification|0.0.4.13.201972,0
time=2026-03-09_12:11:27 op=MOD_CLIENT_LOCK             client=com.apple.UnifiedAssetFr count=0019 selector=UAF.Speech.AutomaticSpeechRecognition|com.apple.speech.asr.transcription.en|3100.4000.29.13.101993,0
time=2026-03-09_12:11:27 op=MOD_CLIENT_LOCK             client=com.apple.UnifiedAssetFr count=0018 selector=setAtomicInstance:B76E74EA-FADB-4CCE-B3AC-B78BBCB669D5
time=2026-03-09_12:11:27 op=MOD_CLIENT_LOCK             client=manager                  count=0019 selector=UAF.Speech.AutomaticSpeechRecognition|com.apple.speech.asr.language.identification|0.0.4.13.201972,0
time=2026-03-09_12:11:27 op=MOD_CLIENT_LOCK             client=manager                  count=0020 selector=UAF.Speech.AutomaticSpeechRecognition|com.apple.speech.asr.transcription.en|3100.4000.29.13.101993,0
time=2026-03-09_12:11:27 op=MOD_CLIENT_LOCK             client=manager                  count=0021 selector=setAtomicInstance:B76E74EA-FADB-4CCE-B3AC-B78BBCB669D5
time=2026-03-09_12:11:27 op=MOD_CLIENT_LOCK             client=com.apple.UnifiedAssetFr count=0020 selector=UAF.Speech.AutomaticSpeechRecognition|com.apple.speech.asr.language.identification|0.0.4.13.201972,0
time=2026-03-09_12:11:27 op=MOD_CLIENT_LOCK             client=com.apple.UnifiedAssetFr count=0019 selector=UAF.Speech.AutomaticSpeechRecognition|com.apple.speech.asr.transcription.en|3100.4000.29.13.101993,0
time=2026-03-09_12:11:27 op=MOD_CLIENT_LOCK             client=com.apple.UnifiedAssetFr count=0018 selector=setAtomicInstance:B76E74EA-FADB-4CCE-B3AC-B78BBCB669D5
time=2026-03-09_12:11:27 op=ADD_CLIENT_LOCK             client=manager                  count=0019 asset=3337f7a52af7759f7c9f06f2427187f320479e7d selector=UAF.Siri.UnderstandingNLOverrides|com.apple.siri.understanding.nl.overrides.uaf.metadata|4.41.12.100.1388,0
time=2026-03-09_12:11:27 op=ADD_CLIENT_LOCK             client=manager                  count=0020 asset=1c89e77c8c964b9b2291ae0efc690f38af43c08c selector=UAF.Siri.UnderstandingNLOverrides|com.apple.siri.nl.overrides.en_GB|3501.4100.1763950175.100.1786,0
time=2026-03-09_12:11:27 op=ADD_CLIENT_LOCK             client=manager                  count=0021 selector=setAtomicInstance:299C94F6-BA08-4742-87D1-38B378A3962C
time=2026-03-09_12:11:27 op=MOD_CLIENT_LOCK             client=manager                  count=0022 selector=UAF.Siri.UnderstandingNLOverrides|com.apple.siri.understanding.nl.overrides.uaf.metadata|4.41.12.100.1388,0
time=2026-03-09_12:11:27 op=MOD_CLIENT_LOCK             client=manager                  count=0023 selector=UAF.Siri.UnderstandingNLOverrides|com.apple.siri.nl.overrides.en_GB|3501.4100.1763950175.100.1786,0
time=2026-03-09_12:11:27 op=MOD_CLIENT_LOCK             client=manager                  count=0024 selector=setAtomicInstance:299C94F6-BA08-4742-87D1-38B378A3962C
time=2026-03-09_12:11:27 op=MOD_CLIENT_LOCK             client=com.apple.UnifiedAssetFr count=0023 selector=UAF.Siri.UnderstandingNLOverrides|com.apple.siri.understanding.nl.overrides.uaf.metadata|4.41.12.100.1388,0
time=2026-03-09_12:11:27 op=MOD_CLIENT_LOCK             client=com.apple.UnifiedAssetFr count=0022 selector=UAF.Siri.UnderstandingNLOverrides|com.apple.siri.nl.overrides.en_GB|3501.4100.1763950175.100.1786,0
time=2026-03-09_12:11:27 op=MOD_CLIENT_LOCK             client=com.apple.UnifiedAssetFr count=0021 selector=setAtomicInstance:299C94F6-BA08-4742-87D1-38B378A3962C
time=2026-03-09_12:11:36 op=ADD_CLIENT_LOCK             client=manager                  count=0022 asset=31831830528d9dbd35e0584660e33f1255070557 selector=UAF.AONSenseConfiguration|com.apple.aonsense.uaf.metadata|4.41.12.13.101927,0
time=2026-03-09_12:11:36 op=ADD_CLIENT_LOCK             client=manager                  count=0023 asset=bfaad53b3c86dfc40a51adc74a26a9fab69fc48f selector=UAF.AONSenseConfiguration|com.apple.aonsense.safety.generic|0.1.0.13.102342,0
time=2026-03-09_12:11:36 op=ADD_CLIENT_LOCK             client=manager                  count=0024 selector=setAtomicInstance:0CEC232A-CF05-4A96-B46E-96C09F77897F
time=2026-03-09_12:11:47 op=ADD_CLIENT_LOCK             client=manager                  count=0025 asset=7ea78435b592908e7db0413558ec5ce6dff6bc46 selector=UAF.CoreMotion.IMUFoundationModel|com.apple.fm.coremotion.calorimetry_reduced_embeddings.adaptor.generic|0.0.1.13.101920,0
time=2026-03-09_12:11:47 op=ADD_CLIENT_LOCK             client=manager                  count=0026 asset=df86cb1dcaad67760837e5619a1587d1122d3cf2 selector=UAF.CoreMotion.IMUFoundationModel|com.apple.fm.coremotion.imu_v1.base.generic|0.0.2.13.101920,0
time=2026-03-09_12:11:47 op=ADD_CLIENT_LOCK             client=manager                  count=0027 asset=a731c6c542b22a60e67fb7568296f2de9124a732 selector=UAF.CoreMotion.IMUFoundationModel|com.apple.fm.coremotion.calorimetry_fm_predicted_wrmets_v1.adaptor.generic|0.0.3.13.101920,0
time=2026-03-09_12:11:47 op=ADD_CLIENT_LOCK             client=manager                  count=0028 selector=setAtomicInstance:253FD1AB-2093-44EF-BB8B-4EAD86C12358
time=2026-03-09_12:11:47 op=ADD_CLIENT_LOCK             client=manager                  count=0029 asset=97c648f0e5057a69c68d93941bda1da416687da9 selector=UAF.Handwriting.Synthesis|com.apple.handwriting.synthesis.uaf.metadata|4.41.12.13.101931,0
time=2026-03-09_12:11:47 op=ADD_CLIENT_LOCK             client=manager                  count=0030 asset=a834fde719cc7d99b0482323318a1306cd9b40ca selector=UAF.Handwriting.Synthesis|com.apple.fm.handwriting.synthesis_multilingual.generic|1.21.81516.13.203479,0
time=2026-03-09_12:11:47 op=ADD_CLIENT_LOCK             client=manager                  count=0031 selector=setAtomicInstance:6965DE6A-C74D-4F83-8E48-1DA731BDF682
time=2026-03-09_12:12:21 op=ADD_CLIENT_LOCK             client=manager                  count=0032 asset=6ac70ef7b585771b7bc092795214afcd8d92ad57 selector=UAF.Siri.TextToSpeech|com.apple.siri.tts.voice.en_GB.arthur.neural.premium|1223.0.0.13.202987,0
time=2026-03-09_12:12:21 op=ADD_CLIENT_LOCK             client=manager                  count=0033 asset=f06564b027302d03bf75db2370493909677cee55 selector=UAF.Siri.TextToSpeech|com.apple.siri.tts.voice.en_US.simone.neural.premium|1276.0.0.13.202389,0
time=2026-03-09_12:12:21 op=ADD_CLIENT_LOCK             client=manager                  count=0034 asset=18dc31125c03a368595068b0c0fe58be585733cd selector=UAF.Siri.TextToSpeech|com.apple.siri.tts.resource.en_US|531.0.0.13.203579,0
time=2026-03-09_12:12:21 op=ADD_CLIENT_LOCK             client=manager                  count=0035 asset=91b7257a0185b1af25fc1113501b7ae50cda5529 selector=UAF.Siri.TextToSpeech|com.apple.siri.tts.resource.en_GB|392.0.0.13.203279,0
time=2026-03-09_12:12:21 op=ADD_CLIENT_LOCK             client=manager                  count=0036 asset=f08f0fd0db236272707df6fda1949f6d17d6a4f3 selector=UAF.Siri.TextToSpeech|com.apple.siri.tts.voice.en_GB.martha.neural.premium|1156.0.0.13.202987,0
time=2026-03-09_12:12:21 op=ADD_CLIENT_LOCK             client=manager                  count=0037 selector=setAtomicInstance:975898EA-BE7B-49BE-9742-7D6B69F488E5
time=2026-03-09_12:12:21 op=MOD_CLIENT_LOCK             client=manager                  count=0038 selector=UAF.Siri.TextToSpeech|com.apple.siri.tts.voice.en_GB.arthur.neural.premium|1223.0.0.13.202987,0
time=2026-03-09_12:12:21 op=MOD_CLIENT_LOCK             client=manager                  count=0039 selector=UAF.Siri.TextToSpeech|com.apple.siri.tts.voice.en_US.simone.neural.premium|1276.0.0.13.202389,0
time=2026-03-09_12:12:21 op=MOD_CLIENT_LOCK             client=manager                  count=0040 selector=UAF.Siri.TextToSpeech|com.apple.siri.tts.resource.en_US|531.0.0.13.203579,0
time=2026-03-09_12:12:21 op=MOD_CLIENT_LOCK             client=manager                  count=0041 selector=UAF.Siri.TextToSpeech|com.apple.siri.tts.resource.en_GB|392.0.0.13.203279,0
time=2026-03-09_12:12:21 op=MOD_CLIENT_LOCK             client=manager                  count=0042 selector=UAF.Siri.TextToSpeech|com.apple.siri.tts.voice.en_GB.martha.neural.premium|1156.0.0.13.202987,0
time=2026-03-09_12:12:21 op=MOD_CLIENT_LOCK             client=manager                  count=0043 selector=setAtomicInstance:975898EA-BE7B-49BE-9742-7D6B69F488E5
time=2026-03-09_12:12:21 op=MOD_CLIENT_LOCK             client=com.apple.UnifiedAssetFr count=0042 selector=UAF.Siri.TextToSpeech|com.apple.siri.tts.voice.en_GB.arthur.neural.premium|1223.0.0.13.202987,0
time=2026-03-09_12:12:21 op=MOD_CLIENT_LOCK             client=com.apple.UnifiedAssetFr count=0041 selector=UAF.Siri.TextToSpeech|com.apple.siri.tts.voice.en_US.simone.neural.premium|1276.0.0.13.202389,0
time=2026-03-09_12:12:21 op=MOD_CLIENT_LOCK             client=com.apple.UnifiedAssetFr count=0040 selector=UAF.Siri.TextToSpeech|com.apple.siri.tts.resource.en_US|531.0.0.13.203579,0
time=2026-03-09_12:12:21 op=MOD_CLIENT_LOCK             client=com.apple.UnifiedAssetFr count=0039 selector=UAF.Siri.TextToSpeech|com.apple.siri.tts.resource.en_GB|392.0.0.13.203279,0
time=2026-03-09_12:12:21 op=MOD_CLIENT_LOCK             client=com.apple.UnifiedAssetFr count=0038 selector=UAF.Siri.TextToSpeech|com.apple.siri.tts.voice.en_GB.martha.neural.premium|1156.0.0.13.202987,0
time=2026-03-09_12:12:21 op=MOD_CLIENT_LOCK             client=com.apple.UnifiedAssetFr count=0037 selector=setAtomicInstance:975898EA-BE7B-49BE-9742-7D6B69F488E5
time=2026-03-09_12:12:21 op=MOD_CLIENT_LOCK             client=manager                  count=0038 selector=UAF.Siri.TextToSpeech|com.apple.siri.tts.voice.en_GB.arthur.neural.premium|1223.0.0.13.202987,0
time=2026-03-09_12:12:21 op=MOD_CLIENT_LOCK             client=manager                  count=0039 selector=UAF.Siri.TextToSpeech|com.apple.siri.tts.voice.en_US.simone.neural.premium|1276.0.0.13.202389,0
time=2026-03-09_12:12:21 op=MOD_CLIENT_LOCK             client=manager                  count=0040 selector=UAF.Siri.TextToSpeech|com.apple.siri.tts.resource.en_US|531.0.0.13.203579,0
time=2026-03-09_12:12:21 op=MOD_CLIENT_LOCK             client=manager                  count=0041 selector=UAF.Siri.TextToSpeech|com.apple.siri.tts.resource.en_GB|392.0.0.13.203279,0
time=2026-03-09_12:12:21 op=MOD_CLIENT_LOCK             client=manager                  count=0042 selector=UAF.Siri.TextToSpeech|com.apple.siri.tts.voice.en_GB.martha.neural.premium|1156.0.0.13.202987,0
time=2026-03-09_12:12:21 op=MOD_CLIENT_LOCK             client=manager                  count=0043 selector=setAtomicInstance:975898EA-BE7B-49BE-9742-7D6B69F488E5
time=2026-03-09_12:12:21 op=MOD_CLIENT_LOCK             client=com.apple.UnifiedAssetFr count=0042 selector=UAF.Siri.TextToSpeech|com.apple.siri.tts.voice.en_GB.arthur.neural.premium|1223.0.0.13.202987,0
time=2026-03-09_12:12:21 op=MOD_CLIENT_LOCK             client=com.apple.UnifiedAssetFr count=0041 selector=UAF.Siri.TextToSpeech|com.apple.siri.tts.voice.en_US.simone.neural.premium|1276.0.0.13.202389,0
time=2026-03-09_12:12:21 op=MOD_CLIENT_LOCK             client=com.apple.UnifiedAssetFr count=0040 selector=UAF.Siri.TextToSpeech|com.apple.siri.tts.resource.en_US|531.0.0.13.203579,0
time=2026-03-09_12:12:21 op=MOD_CLIENT_LOCK             client=com.apple.UnifiedAssetFr count=0039 selector=UAF.Siri.TextToSpeech|com.apple.siri.tts.resource.en_GB|392.0.0.13.203279,0
time=2026-03-09_12:12:21 op=MOD_CLIENT_LOCK             client=com.apple.UnifiedAssetFr count=0038 selector=UAF.Siri.TextToSpeech|com.apple.siri.tts.voice.en_GB.martha.neural.premium|1156.0.0.13.202987,0
time=2026-03-09_12:12:21 op=MOD_CLIENT_LOCK             client=com.apple.UnifiedAssetFr count=0037 selector=setAtomicInstance:975898EA-BE7B-49BE-9742-7D6B69F488E5
time=2026-03-09_12:12:21 op=MOD_CLIENT_LOCK             client=manager                  count=0038 selector=UAF.Siri.TextToSpeech|com.apple.siri.tts.voice.en_GB.arthur.neural.premium|1223.0.0.13.202987,0
time=2026-03-09_12:12:21 op=MOD_CLIENT_LOCK             client=manager                  count=0039 selector=UAF.Siri.TextToSpeech|com.apple.siri.tts.voice.en_US.simone.neural.premium|1276.0.0.13.202389,0
time=2026-03-09_12:12:21 op=MOD_CLIENT_LOCK             client=manager                  count=0040 selector=UAF.Siri.TextToSpeech|com.apple.siri.tts.resource.en_US|531.0.0.13.203579,0
time=2026-03-09_12:12:21 op=MOD_CLIENT_LOCK             client=manager                  count=0041 selector=UAF.Siri.TextToSpeech|com.apple.siri.tts.resource.en_GB|392.0.0.13.203279,0
time=2026-03-09_12:12:21 op=MOD_CLIENT_LOCK             client=manager                  count=0042 selector=UAF.Siri.TextToSpeech|com.apple.siri.tts.voice.en_GB.martha.neural.premium|1156.0.0.13.202987,0
time=2026-03-09_12:12:21 op=MOD_CLIENT_LOCK             client=manager                  count=0043 selector=setAtomicInstance:975898EA-BE7B-49BE-9742-7D6B69F488E5
time=2026-03-09_12:12:21 op=MOD_CLIENT_LOCK             client=com.apple.UnifiedAssetFr count=0042 selector=UAF.Siri.TextToSpeech|com.apple.siri.tts.voice.en_GB.arthur.neural.premium|1223.0.0.13.202987,0
time=2026-03-09_12:12:21 op=MOD_CLIENT_LOCK             client=com.apple.UnifiedAssetFr count=0041 selector=UAF.Siri.TextToSpeech|com.apple.siri.tts.voice.en_US.simone.neural.premium|1276.0.0.13.202389,0
time=2026-03-09_12:12:21 op=MOD_CLIENT_LOCK             client=com.apple.UnifiedAssetFr count=0040 selector=UAF.Siri.TextToSpeech|com.apple.siri.tts.resource.en_US|531.0.0.13.203579,0
time=2026-03-09_12:12:21 op=MOD_CLIENT_LOCK             client=com.apple.UnifiedAssetFr count=0039 selector=UAF.Siri.TextToSpeech|com.apple.siri.tts.resource.en_GB|392.0.0.13.203279,0
time=2026-03-09_12:12:21 op=MOD_CLIENT_LOCK             client=com.apple.UnifiedAssetFr count=0038 selector=UAF.Siri.TextToSpeech|com.apple.siri.tts.voice.en_GB.martha.neural.premium|1156.0.0.13.202987,0
time=2026-03-09_12:12:21 op=MOD_CLIENT_LOCK             client=com.apple.UnifiedAssetFr count=0037 selector=setAtomicInstance:975898EA-BE7B-49BE-9742-7D6B69F488E5
time=2026-03-09_12:12:21 op=MOD_CLIENT_LOCK             client=manager                  count=0038 selector=UAF.Siri.TextToSpeech|com.apple.siri.tts.voice.en_GB.arthur.neural.premium|1223.0.0.13.202987,0
time=2026-03-09_12:12:21 op=MOD_CLIENT_LOCK             client=manager                  count=0039 selector=UAF.Siri.TextToSpeech|com.apple.siri.tts.voice.en_US.simone.neural.premium|1276.0.0.13.202389,0
time=2026-03-09_12:12:21 op=MOD_CLIENT_LOCK             client=manager                  count=0040 selector=UAF.Siri.TextToSpeech|com.apple.siri.tts.resource.en_US|531.0.0.13.203579,0
time=2026-03-09_12:12:21 op=MOD_CLIENT_LOCK             client=manager                  count=0041 selector=UAF.Siri.TextToSpeech|com.apple.siri.tts.resource.en_GB|392.0.0.13.203279,0
time=2026-03-09_12:12:21 op=MOD_CLIENT_LOCK             client=manager                  count=0042 selector=UAF.Siri.TextToSpeech|com.apple.siri.tts.voice.en_GB.martha.neural.premium|1156.0.0.13.202987,0
time=2026-03-09_12:12:21 op=MOD_CLIENT_LOCK             client=manager                  count=0043 selector=setAtomicInstance:975898EA-BE7B-49BE-9742-7D6B69F488E5
time=2026-03-09_12:12:21 op=MOD_CLIENT_LOCK             client=com.apple.UnifiedAssetFr count=0042 selector=UAF.Siri.TextToSpeech|com.apple.siri.tts.voice.en_GB.arthur.neural.premium|1223.0.0.13.202987,0
time=2026-03-09_12:12:21 op=MOD_CLIENT_LOCK             client=com.apple.UnifiedAssetFr count=0041 selector=UAF.Siri.TextToSpeech|com.apple.siri.tts.voice.en_US.simone.neural.premium|1276.0.0.13.202389,0
time=2026-03-09_12:12:22 op=MOD_CLIENT_LOCK             client=com.apple.UnifiedAssetFr count=0040 selector=UAF.Siri.TextToSpeech|com.apple.siri.tts.resource.en_US|531.0.0.13.203579,0
time=2026-03-09_12:12:22 op=MOD_CLIENT_LOCK             client=com.apple.UnifiedAssetFr count=0039 selector=UAF.Siri.TextToSpeech|com.apple.siri.tts.resource.en_GB|392.0.0.13.203279,0
time=2026-03-09_12:12:22 op=MOD_CLIENT_LOCK             client=com.apple.UnifiedAssetFr count=0038 selector=UAF.Siri.TextToSpeech|com.apple.siri.tts.voice.en_GB.martha.neural.premium|1156.0.0.13.202987,0
time=2026-03-09_12:12:22 op=MOD_CLIENT_LOCK             client=com.apple.UnifiedAssetFr count=0037 selector=setAtomicInstance:975898EA-BE7B-49BE-9742-7D6B69F488E5
time=2026-03-09_12:12:22 op=MOD_CLIENT_LOCK             client=manager                  count=0038 selector=UAF.Siri.TextToSpeech|com.apple.siri.tts.voice.en_GB.arthur.neural.premium|1223.0.0.13.202987,0
time=2026-03-09_12:12:22 op=MOD_CLIENT_LOCK             client=manager                  count=0039 selector=UAF.Siri.TextToSpeech|com.apple.siri.tts.voice.en_US.simone.neural.premium|1276.0.0.13.202389,0
time=2026-03-09_12:12:22 op=MOD_CLIENT_LOCK             client=manager                  count=0040 selector=UAF.Siri.TextToSpeech|com.apple.siri.tts.resource.en_US|531.0.0.13.203579,0
time=2026-03-09_12:12:22 op=MOD_CLIENT_LOCK             client=manager                  count=0041 selector=UAF.Siri.TextToSpeech|com.apple.siri.tts.resource.en_GB|392.0.0.13.203279,0
time=2026-03-09_12:12:22 op=MOD_CLIENT_LOCK             client=manager                  count=0042 selector=UAF.Siri.TextToSpeech|com.apple.siri.tts.voice.en_GB.martha.neural.premium|1156.0.0.13.202987,0
time=2026-03-09_12:12:22 op=MOD_CLIENT_LOCK             client=manager                  count=0043 selector=setAtomicInstance:975898EA-BE7B-49BE-9742-7D6B69F488E5
time=2026-03-09_12:12:22 op=MOD_CLIENT_LOCK             client=com.apple.UnifiedAssetFr count=0042 selector=UAF.Siri.TextToSpeech|com.apple.siri.tts.voice.en_GB.arthur.neural.premium|1223.0.0.13.202987,0
time=2026-03-09_12:12:22 op=MOD_CLIENT_LOCK             client=com.apple.UnifiedAssetFr count=0041 selector=UAF.Siri.TextToSpeech|com.apple.siri.tts.voice.en_US.simone.neural.premium|1276.0.0.13.202389,0
time=2026-03-09_12:12:22 op=MOD_CLIENT_LOCK             client=com.apple.UnifiedAssetFr count=0040 selector=UAF.Siri.TextToSpeech|com.apple.siri.tts.resource.en_US|531.0.0.13.203579,0
time=2026-03-09_12:12:22 op=MOD_CLIENT_LOCK             client=com.apple.UnifiedAssetFr count=0039 selector=UAF.Siri.TextToSpeech|com.apple.siri.tts.resource.en_GB|392.0.0.13.203279,0
time=2026-03-09_12:12:22 op=MOD_CLIENT_LOCK             client=com.apple.UnifiedAssetFr count=0038 selector=UAF.Siri.TextToSpeech|com.apple.siri.tts.voice.en_GB.martha.neural.premium|1156.0.0.13.202987,0
time=2026-03-09_12:12:22 op=MOD_CLIENT_LOCK             client=com.apple.UnifiedAssetFr count=0037 selector=setAtomicInstance:975898EA-BE7B-49BE-9742-7D6B69F488E5
time=2026-03-09_12:12:22 op=MOD_CLIENT_LOCK             client=manager                  count=0038 selector=UAF.Siri.TextToSpeech|com.apple.siri.tts.voice.en_GB.arthur.neural.premium|1223.0.0.13.202987,0
time=2026-03-09_12:12:22 op=MOD_CLIENT_LOCK             client=manager                  count=0039 selector=UAF.Siri.TextToSpeech|com.apple.siri.tts.voice.en_US.simone.neural.premium|1276.0.0.13.202389,0
time=2026-03-09_12:12:22 op=MOD_CLIENT_LOCK             client=manager                  count=0040 selector=UAF.Siri.TextToSpeech|com.apple.siri.tts.resource.en_US|531.0.0.13.203579,0
time=2026-03-09_12:12:22 op=MOD_CLIENT_LOCK             client=manager                  count=0041 selector=UAF.Siri.TextToSpeech|com.apple.siri.tts.resource.en_GB|392.0.0.13.203279,0
time=2026-03-09_12:12:22 op=MOD_CLIENT_LOCK             client=manager                  count=0042 selector=UAF.Siri.TextToSpeech|com.apple.siri.tts.voice.en_GB.martha.neural.premium|1156.0.0.13.202987,0
time=2026-03-09_12:12:22 op=MOD_CLIENT_LOCK             client=manager                  count=0043 selector=setAtomicInstance:975898EA-BE7B-49BE-9742-7D6B69F488E5
time=2026-03-09_12:12:22 op=MOD_CLIENT_LOCK             client=com.apple.UnifiedAssetFr count=0042 selector=UAF.Siri.TextToSpeech|com.apple.siri.tts.voice.en_GB.arthur.neural.premium|1223.0.0.13.202987,0
time=2026-03-09_12:12:22 op=MOD_CLIENT_LOCK             client=com.apple.UnifiedAssetFr count=0041 selector=UAF.Siri.TextToSpeech|com.apple.siri.tts.voice.en_US.simone.neural.premium|1276.0.0.13.202389,0
time=2026-03-09_12:12:22 op=MOD_CLIENT_LOCK             client=com.apple.UnifiedAssetFr count=0040 selector=UAF.Siri.TextToSpeech|com.apple.siri.tts.resource.en_US|531.0.0.13.203579,0
time=2026-03-09_12:12:22 op=MOD_CLIENT_LOCK             client=com.apple.UnifiedAssetFr count=0039 selector=UAF.Siri.TextToSpeech|com.apple.siri.tts.resource.en_GB|392.0.0.13.203279,0
time=2026-03-09_12:12:22 op=MOD_CLIENT_LOCK             client=com.apple.UnifiedAssetFr count=0038 selector=UAF.Siri.TextToSpeech|com.apple.siri.tts.voice.en_GB.martha.neural.premium|1156.0.0.13.202987,0
time=2026-03-09_12:12:22 op=MOD_CLIENT_LOCK             client=com.apple.UnifiedAssetFr count=0037 selector=setAtomicInstance:975898EA-BE7B-49BE-9742-7D6B69F488E5
time=2026-03-09_12:12:22 op=MOD_CLIENT_LOCK             client=manager                  count=0038 selector=UAF.Siri.TextToSpeech|com.apple.siri.tts.voice.en_GB.arthur.neural.premium|1223.0.0.13.202987,0
time=2026-03-09_12:12:22 op=MOD_CLIENT_LOCK             client=manager                  count=0039 selector=UAF.Siri.TextToSpeech|com.apple.siri.tts.voice.en_US.simone.neural.premium|1276.0.0.13.202389,0
time=2026-03-09_12:12:22 op=MOD_CLIENT_LOCK             client=manager                  count=0040 selector=UAF.Siri.TextToSpeech|com.apple.siri.tts.resource.en_US|531.0.0.13.203579,0
time=2026-03-09_12:12:22 op=MOD_CLIENT_LOCK             client=manager                  count=0041 selector=UAF.Siri.TextToSpeech|com.apple.siri.tts.resource.en_GB|392.0.0.13.203279,0
time=2026-03-09_12:12:22 op=MOD_CLIENT_LOCK             client=manager                  count=0042 selector=UAF.Siri.TextToSpeech|com.apple.siri.tts.voice.en_GB.martha.neural.premium|1156.0.0.13.202987,0
time=2026-03-09_12:12:22 op=MOD_CLIENT_LOCK             client=manager                  count=0043 selector=setAtomicInstance:975898EA-BE7B-49BE-9742-7D6B69F488E5
time=2026-03-09_12:12:22 op=MOD_CLIENT_LOCK             client=com.apple.UnifiedAssetFr count=0042 selector=UAF.Siri.TextToSpeech|com.apple.siri.tts.voice.en_GB.arthur.neural.premium|1223.0.0.13.202987,0
time=2026-03-09_12:12:22 op=MOD_CLIENT_LOCK             client=com.apple.UnifiedAssetFr count=0041 selector=UAF.Siri.TextToSpeech|com.apple.siri.tts.voice.en_US.simone.neural.premium|1276.0.0.13.202389,0
time=2026-03-09_12:12:22 op=MOD_CLIENT_LOCK             client=com.apple.UnifiedAssetFr count=0040 selector=UAF.Siri.TextToSpeech|com.apple.siri.tts.resource.en_US|531.0.0.13.203579,0
time=2026-03-09_12:12:22 op=MOD_CLIENT_LOCK             client=com.apple.UnifiedAssetFr count=0039 selector=UAF.Siri.TextToSpeech|com.apple.siri.tts.resource.en_GB|392.0.0.13.203279,0
time=2026-03-09_12:12:22 op=MOD_CLIENT_LOCK             client=com.apple.UnifiedAssetFr count=0038 selector=UAF.Siri.TextToSpeech|com.apple.siri.tts.voice.en_GB.martha.neural.premium|1156.0.0.13.202987,0
time=2026-03-09_12:12:22 op=MOD_CLIENT_LOCK             client=com.apple.UnifiedAssetFr count=0037 selector=setAtomicInstance:975898EA-BE7B-49BE-9742-7D6B69F488E5
time=2026-03-09_12:12:22 op=ADD_CLIENT_LOCK             client=manager                  count=0038 asset=0ca862b7d50c5e43529a37d775064d899ed7ab6b selector=UAF.Search.ODLA|com.apple.odla.recipe.SAW.Spotlight.SurveyDaily|184.0.0.13.202518,0
time=2026-03-09_12:12:22 op=ADD_CLIENT_LOCK             client=manager                  count=0039 asset=5330cd3b3734cf991d9538c6ccb8a9735dda0f41 selector=UAF.Search.ODLA|com.apple.odla.recipe.SAW.Spotlight.SurveyWeekly|184.0.0.13.202518,0
time=2026-03-09_12:12:22 op=ADD_CLIENT_LOCK             client=manager                  count=0040 asset=ae5045c08123957d909e4209255ea4d7c5d3a741 selector=UAF.Search.ODLA|com.apple.odla.recipe.SAW.Spotlight.Extraction|184.0.0.13.202518,0
time=2026-03-09_12:12:22 op=ADD_CLIENT_LOCK             client=manager                  count=0041 asset=d69da19d2a113bbd632ff97b3c5fd5070d1dcaba selector=UAF.Search.ODLA|com.apple.odla.recipe.SAW.Spotlight.Report|184.0.0.13.202518,0
time=2026-03-09_12:12:22 op=ADD_CLIENT_LOCK             client=manager                  count=0042 selector=setAtomicInstance:A8D994BE-99C7-49C1-AAC8-33CEA242A802
time=2026-03-09_12:12:40 op=ADD_CLIENT_LOCK             client=manager                  count=0043 asset=dca23ecb35e026153748133b87bdbd41a95c8a18 selector=UAF.Photos.SpatialPhotosRelive|com.apple.photos.spatialphotosrelive.fov.main.generic|17.0.81516.13.202357,0
time=2026-03-09_12:12:40 op=ADD_CLIENT_LOCK             client=manager                  count=0044 asset=990c7fa2f86ef3799ee51e53cfbff1a623abba28 selector=UAF.Photos.SpatialPhotosRelive|com.apple.photos.spatialphotosrelive.uaf.metadata|4.41.12.13.301207,0
time=2026-03-09_12:12:40 op=ADD_CLIENT_LOCK             client=manager                  count=0045 asset=f5c85c14e137eb60c1e3e628cf31dda76fa2d68f selector=UAF.Photos.SpatialPhotosRelive|com.apple.photos.spatialphotosrelive.main.generic|17.1.81516.13.202357,0
time=2026-03-09_12:12:40 op=ADD_CLIENT_LOCK             client=manager                  count=0046 selector=setAtomicInstance:5C082455-ABDD-4B62-B7A1-BD4878839EAF
time=2026-03-09_12:13:28 op=ADD_CLIENT_LOCK             client=manager                  count=0047 asset=7241b5a39ee2a0016af98a5d319f83d2240cb24c selector=UAF.Siri.DialogAssets|com.apple.siri.dialog.findmy.sirifindmy|30.11.114.13.102543,0
time=2026-03-09_12:13:28 op=ADD_CLIENT_LOCK             client=manager                  count=0048 asset=11baeb8a532b4ea1cdd21f087b0678a869d84b8e selector=UAF.Siri.DialogAssets|com.apple.siri.dialog.sirisuggestionsbasemodel|20.9.104.13.102543,0
time=2026-03-09_12:13:28 op=ADD_CLIENT_LOCK             client=manager                  count=0049 asset=41788396db102cb0f9425df0a83b96f3eb5fe9e4 selector=UAF.Siri.DialogAssets|com.apple.siri.dialog.homecommunicationflowdelegateplugin|30.6.101.13.102289,0
time=2026-03-09_12:13:28 op=ADD_CLIENT_LOCK             client=manager                  count=0050 asset=e688c4170c82d35d0380e795e7748d642a770393 selector=UAF.Siri.DialogAssets|com.apple.siri.dialog.geoflowdelegateplugin|30.6.102.13.102543,0
time=2026-03-09_12:13:28 op=ADD_CLIENT_LOCK             client=manager                  count=0051 asset=70675fdfdc444a768dfc8bcf5887faff1ff9fcf6 selector=UAF.Siri.DialogAssets|com.apple.siri.dialog.siricontactsintents|30.6.106.13.102422,0
time=2026-03-09_12:13:28 op=ADD_CLIENT_LOCK             client=manager                  count=0052 asset=841fdef8f42e098207827d79500024864b35dace selector=UAF.Siri.DialogAssets|com.apple.siri.dialog.siriidentityinternal|20.3.102.13.102328,0
time=2026-03-09_12:13:28 op=ADD_CLIENT_LOCK             client=manager                  count=0053 asset=c355c34e8ff9eaf611224742695fe06f5facabaa selector=UAF.Siri.DialogAssets|com.apple.siri.dialog.audio.audioflowdelegateplugin|30.20.109.13.102543,0
time=2026-03-09_12:13:28 op=ADD_CLIENT_LOCK             client=manager                  count=0054 asset=9cd11969efae7ddbd188e51db3d8a6ea6d2f4663 selector=UAF.Siri.DialogAssets|com.apple.siri.dialog.siricalendarintents|20.13.111.13.102543,0
time=2026-03-09_12:13:28 op=ADD_CLIENT_LOCK             client=manager                  count=0055 asset=c3590ab10077416001311613d6e7fcbc4c804ecb selector=UAF.Siri.DialogAssets|com.apple.siri.dialog.sirisuggestions|20.9.104.13.102543,0
time=2026-03-09_12:13:28 op=ADD_CLIENT_LOCK             client=manager                  count=0056 asset=af776a9149582787d4ff40fe5b1cb6d06d318e37 selector=UAF.Siri.DialogAssets|com.apple.siri.dialog.sirivideointents|30.9.105.13.102454,0
time=2026-03-09_12:13:28 op=ADD_CLIENT_LOCK             client=manager                  count=0057 asset=b790558baf818903fa066696324fb13ab496d0e0 selector=UAF.Siri.DialogAssets|com.apple.siri.dialog.dialogengine|3401.5.101.13.101921,0
time=2026-03-09_12:13:28 op=ADD_CLIENT_LOCK             client=manager                  count=0058 asset=bc5fa34871238d97e1df5bd1c1febe12f7385b9f selector=UAF.Siri.DialogAssets|com.apple.siri.dialog.siripaymentsintents|13.5.105.13.102505,0
time=2026-03-09_12:13:28 op=ADD_CLIENT_LOCK             client=manager                  count=0059 asset=8a727e1268c441f5738bd5bd07d43751e39b829a selector=UAF.Siri.DialogAssets|com.apple.siri.dialog.sirikitflow|30.6.105.13.102418,0
time=2026-03-09_12:13:28 op=ADD_CLIENT_LOCK             client=manager                  count=0060 asset=160354c0c3eb5195280ea7ac513991cad754cecb selector=UAF.Siri.DialogAssets|com.apple.siri.dialog.siriexpanseinternal|9.2.102.13.102340,0
time=2026-03-09_12:13:28 op=ADD_CLIENT_LOCK             client=manager                  count=0061 asset=bb11003d9b4148cdac2b90b28257d0bb9112ec6c selector=UAF.Siri.DialogAssets|com.apple.siri.dialog.generativeassistanttools.generativeassistantextension|5.16.103.13.102363,0
time=2026-03-09_12:13:28 op=ADD_CLIENT_LOCK             client=manager                  count=0062 asset=ceb7297db26b18f718a89600bcd83723516c4568 selector=UAF.Siri.DialogAssets|com.apple.siri.dialog.audiosuggestionsplugin|30.20.109.13.102543,0
time=2026-03-09_12:13:28 op=ADD_CLIENT_LOCK             client=manager                  count=0063 asset=f3dfa440510be62b0cd0457cc6207dbc1f470b09 selector=UAF.Siri.DialogAssets|com.apple.siri.dialog.camrootflowplugin|30.6.105.13.102418,0
time=2026-03-09_12:13:28 op=ADD_CLIENT_LOCK             client=manager                  count=0064 asset=c5468520e594e88a5a010f8835627d3218dde7be selector=UAF.Siri.DialogAssets|com.apple.siri.dialog.sirisystemcommands|20.4.103.13.102505,0
time=2026-03-09_12:13:28 op=ADD_CLIENT_LOCK             client=manager                  count=0065 asset=cf1b254fa9f9548bd1b5eb26b21d3eded6fbe5a1 selector=UAF.Siri.DialogAssets|com.apple.siri.dialog.siriplaybackcontrolintents|30.9.109.13.102543,0
time=2026-03-09_12:13:28 op=ADD_CLIENT_LOCK             client=manager                  count=0066 asset=57f56b36919bd10ecdfebe81709f04178cc3d05f selector=UAF.Siri.DialogAssets|com.apple.siri.dialog.siriinferenceflow|20.3.103.13.102428,0
time=2026-03-09_12:13:28 op=ADD_CLIENT_LOCK             client=manager                  count=0067 asset=3475c18f263306b79ed5794b610edf5894c8e302 selector=UAF.Siri.DialogAssets|com.apple.siri.dialog.clockflowplugin|30.18.112.13.102464,0
time=2026-03-09_12:13:28 op=ADD_CLIENT_LOCK             client=manager                  count=0068 asset=dc2c4fde6fa265a4ac40833fcc9526853c8fed93 selector=UAF.Siri.DialogAssets|com.apple.siri.dialog.siriapplaunchintents|31.4.108.13.102543,0
time=2026-03-09_12:13:28 op=ADD_CLIENT_LOCK             client=manager                  count=0069 asset=56142d3f7d933fe1765c2a879c179bd55fe6d26d selector=UAF.Siri.DialogAssets|com.apple.siri.dialog.sirireader|14.2.102.13.102418,0
time=2026-03-09_12:13:28 op=ADD_CLIENT_LOCK             client=manager                  count=0070 asset=57eff3e1f90aafa338c17fe89c35f4465c007f7a selector=UAF.Siri.DialogAssets|com.apple.siri.dialog.deviceexpert.deviceexpertintents|30.6.105.13.102543,0
time=2026-03-09_12:13:28 op=ADD_CLIENT_LOCK             client=manager                  count=0071 asset=fd3900640cc5fc7f48e8950028bd7b864b84b957 selector=UAF.Siri.DialogAssets|com.apple.siri.dialog.dailybriefingflowplugin|30.3.108.13.102464,0
time=2026-03-09_12:13:28 op=ADD_CLIENT_LOCK             client=manager                  count=0072 asset=c54bd85001c56817c43da82700b08375e307ee3f selector=UAF.Siri.DialogAssets|com.apple.siri.dialog.homeautomationinternal|30.17.108.13.102464,0
time=2026-03-09_12:13:28 op=ADD_CLIENT_LOCK             client=manager                  count=0073 asset=fd3101bff5e7d1cba9b914bbd3a0a043b6de719b selector=UAF.Siri.DialogAssets|com.apple.siri.dialog.siritranslationintents|18.5.101.13.102289,0
time=2026-03-09_12:13:28 op=ADD_CLIENT_LOCK             client=manager                  count=0074 asset=d3bb0e966102e5614a46a94262adbf9562a9c266 selector=UAF.Siri.DialogAssets|com.apple.siri.dialog.sirilinkflowplugin|24.2.103.13.102328,0
time=2026-03-09_12:13:28 op=ADD_CLIENT_LOCK             client=manager                  count=0075 asset=1fb2404fdc2db19da02f77d430c0fa6d1d0cbd32 selector=UAF.Siri.DialogAssets|com.apple.siri.dialog.socialconversationflowdelegateplugin|9.23.117.13.102543,0
time=2026-03-09_12:13:28 op=ADD_CLIENT_LOCK             client=manager                  count=0076 asset=68b7f961877952cfe69c3ba6b343ab0fdb55148f selector=UAF.Siri.DialogAssets|com.apple.siri.dialog.requestdispatcherbridges|24.2.102.13.102418,0
time=2026-03-09_12:13:28 op=ADD_CLIENT_LOCK             client=manager                  count=0077 asset=3dc63430deef33ffc58ac8e32393b9b2e3ae968d selector=UAF.Siri.DialogAssets|com.apple.siri.dialog.notebook.sirinotebook|30.8.107.13.102464,0
time=2026-03-09_12:13:28 op=ADD_CLIENT_LOCK             client=manager                  count=0078 asset=f0ed35e9fb8c01fb6721f2ee9b3f2b0cffdc0cc8 selector=UAF.Siri.DialogAssets|com.apple.siri.dialog.workoutannouncements|30.9.113.13.102543,0
time=2026-03-09_12:13:28 op=ADD_CLIENT_LOCK             client=manager                  count=0079 asset=fe3867472dc1110cc586943680a4530b2e54b287 selector=UAF.Siri.DialogAssets|com.apple.siri.dialog.messages.sirimessagesflow|31.17.116.13.102543,0
time=2026-03-09_12:13:28 op=ADD_CLIENT_LOCK             client=manager                  count=0080 asset=ccdb0736c15c08780095e6a3988c37584ae304a0 selector=UAF.Siri.DialogAssets|com.apple.siri.dialog.sirikitruntime|30.6.105.13.102418,0
time=2026-03-09_12:13:28 op=ADD_CLIENT_LOCK             client=manager                  count=0081 asset=415e91aa7793dbdf66310e78ee1927569f7c1786 selector=UAF.Siri.DialogAssets|com.apple.siri.dialog.sirinaturallanguagegeneration|14.2.101.13.102289,0
time=2026-03-09_12:13:28 op=ADD_CLIENT_LOCK             client=manager                  count=0082 asset=f7801c7422a8f840d8c2cc28d37d900faa27372b selector=UAF.Siri.DialogAssets|com.apple.siri.dialog.informationflowplugin|20.7.103.13.102505,0
time=2026-03-09_12:13:28 op=ADD_CLIENT_LOCK             client=manager                  count=0083 asset=584b8d9be1e63258a54c0fbe3e90ccf76e93497a selector=UAF.Siri.DialogAssets|com.apple.siri.dialog.sirinotificationsintents|24.2.104.13.102440,0
time=2026-03-09_12:13:28 op=ADD_CLIENT_LOCK             client=manager                  count=0084 asset=e7606f5aa51178a21667f3e3cad5a7dbeca1f689 selector=UAF.Siri.DialogAssets|com.apple.siri.dialog.ifflowplugin|24.2.102.13.102418,0
time=2026-03-09_12:13:28 op=ADD_CLIENT_LOCK             client=manager                  count=0085 asset=39610883fd416bd236b901644eee451754e75245 selector=UAF.Siri.DialogAssets|com.apple.siri.dialog.healthflowdelegateplugin|30.9.113.13.102543,0
time=2026-03-09_12:13:28 op=ADD_CLIENT_LOCK             client=manager                  count=0086 asset=5641b02efac1ee58e2bda67b2de86dae0ecc639a selector=UAF.Siri.DialogAssets|com.apple.siri.dialog.omnisearch.omnisearch|5.4.102.13.102363,0
time=2026-03-09_12:13:28 op=ADD_CLIENT_LOCK             client=manager                  count=0087 asset=f5da9a4356b59f7833210de855d5ab201f670531 selector=UAF.Siri.DialogAssets|com.apple.siri.dialog.emergencyflowplugin|30.9.113.13.102543,0
time=2026-03-09_12:13:28 op=ADD_CLIENT_LOCK             client=manager                  count=0088 asset=5d96cd8e3fb8fdf76f058a0a349960e80c6ddb06 selector=UAF.Siri.DialogAssets|com.apple.siri.dialog.sirisettingsintents|30.6.105.13.102543,0
time=2026-03-09_12:13:28 op=ADD_CLIENT_LOCK             client=manager                  count=0089 asset=131a5b369b37c1c2d4db4515bf5266936ad5fd92 selector=UAF.Siri.DialogAssets|com.apple.siri.dialog.timerflowdelegateplugin|30.18.112.13.102464,0
time=2026-03-09_12:13:28 op=ADD_CLIENT_LOCK             client=manager                  count=0090 asset=8b5034e5bede569d0c6cba2158d42246671ea8d3 selector=UAF.Siri.DialogAssets|com.apple.siri.dialog.alarmflowplugin|30.18.112.13.102464,0
time=2026-03-09_12:13:28 op=ADD_CLIENT_LOCK             client=manager                  count=0091 asset=3d2d3707885611d4cd2eb573e0ab15a319755269 selector=UAF.Siri.DialogAssets|com.apple.siri.dialog.sirisuggestionsflowplugin|20.9.104.13.102543,0
time=2026-03-09_12:13:28 op=ADD_CLIENT_LOCK             client=manager                  count=0092 asset=c656554bddcab064765a7906efe9e0ae22f93084 selector=UAF.Siri.DialogAssets|com.apple.siri.dialog.sirimailinternal|14.7.105.13.102543,0
time=2026-03-09_12:13:28 op=ADD_CLIENT_LOCK             client=manager                  count=0093 asset=238c758e432449d2c9f0d88941431f20421debca selector=UAF.Siri.DialogAssets|com.apple.siri.dialog.phonecallflowdelegateplugin|30.12.110.13.102543,0
time=2026-03-09_12:13:28 op=ADD_CLIENT_LOCK             client=manager                  count=0094 asset=32c052c596735ad66bb71f8c64dd076ea08b6f18 selector=UAF.Siri.DialogAssets|com.apple.siri.dialog.sirikit.messagesflowdelegateplugin|19.7.112.13.101921,0
time=2026-03-09_12:13:28 op=ADD_CLIENT_LOCK             client=manager                  count=0095 asset=bf7c5b6aed94ff5cf152befa8091e7efa465c7f7 selector=UAF.Siri.DialogAssets|com.apple.siri.dialog.siriautocomplete|20.9.104.13.102543,0
time=2026-03-09_12:13:28 op=ADD_CLIENT_LOCK             client=manager                  count=0096 asset=1b70fb4645fbad7d92445b164a427d62a490325e selector=UAF.Siri.DialogAssets|com.apple.siri.dialog.carcommandsflowdelegateplugin|21.4.109.13.102543,0
time=2026-03-09_12:13:28 op=ADD_CLIENT_LOCK             client=manager                  count=0097 asset=6cb7f653d8bd5b8b3d88873bd7762c33424c5625 selector=UAF.Siri.DialogAssets|com.apple.siri.dialog.wellnessflowplugin|30.9.113.13.102543,0
time=2026-03-09_12:13:28 op=ADD_CLIENT_LOCK             client=manager                  count=0098 selector=setAtomicInstance:A9EE000B-A1A8-4343-AA76-32AEFB33AFCB
time=2026-03-09_12:13:29 op=MOD_CLIENT_LOCK             client=manager                  count=0099 selector=UAF.Siri.DialogAssets|com.apple.siri.dialog.findmy.sirifindmy|30.11.114.13.102543,0
time=2026-03-09_12:13:29 op=MOD_CLIENT_LOCK             client=manager                  count=0100 selector=UAF.Siri.DialogAssets|com.apple.siri.dialog.sirisuggestionsbasemodel|20.9.104.13.102543,0
time=2026-03-09_12:13:29 op=MOD_CLIENT_LOCK             client=manager                  count=0101 selector=UAF.Siri.DialogAssets|com.apple.siri.dialog.homecommunicationflowdelegateplugin|30.6.101.13.102289,0
time=2026-03-09_12:13:29 op=MOD_CLIENT_LOCK             client=manager                  count=0102 selector=UAF.Siri.DialogAssets|com.apple.siri.dialog.geoflowdelegateplugin|30.6.102.13.102543,0
time=2026-03-09_12:13:29 op=MOD_CLIENT_LOCK             client=manager                  count=0103 selector=UAF.Siri.DialogAssets|com.apple.siri.dialog.siricontactsintents|30.6.106.13.102422,0
time=2026-03-09_12:13:29 op=MOD_CLIENT_LOCK             client=manager                  count=0104 selector=UAF.Siri.DialogAssets|com.apple.siri.dialog.siriidentityinternal|20.3.102.13.102328,0
time=2026-03-09_12:13:29 op=MOD_CLIENT_LOCK             client=manager                  count=0105 selector=UAF.Siri.DialogAssets|com.apple.siri.dialog.audio.audioflowdelegateplugin|30.20.109.13.102543,0
time=2026-03-09_12:13:29 op=MOD_CLIENT_LOCK             client=manager                  count=0106 selector=UAF.Siri.DialogAssets|com.apple.siri.dialog.siricalendarintents|20.13.111.13.102543,0
time=2026-03-09_12:13:29 op=MOD_CLIENT_LOCK             client=manager                  count=0107 selector=UAF.Siri.DialogAssets|com.apple.siri.dialog.sirisuggestions|20.9.104.13.102543,0
time=2026-03-09_12:13:29 op=MOD_CLIENT_LOCK             client=manager                  count=0108 selector=UAF.Siri.DialogAssets|com.apple.siri.dialog.sirivideointents|30.9.105.13.102454,0
time=2026-03-09_12:13:29 op=MOD_CLIENT_LOCK             client=manager                  count=0109 selector=UAF.Siri.DialogAssets|com.apple.siri.dialog.dialogengine|3401.5.101.13.101921,0
time=2026-03-09_12:13:29 op=MOD_CLIENT_LOCK             client=manager                  count=0110 selector=UAF.Siri.DialogAssets|com.apple.siri.dialog.siripaymentsintents|13.5.105.13.102505,0
time=2026-03-09_12:13:29 op=MOD_CLIENT_LOCK             client=manager                  count=0111 selector=UAF.Siri.DialogAssets|com.apple.siri.dialog.sirikitflow|30.6.105.13.102418,0
time=2026-03-09_12:13:29 op=MOD_CLIENT_LOCK             client=manager                  count=0112 selector=UAF.Siri.DialogAssets|com.apple.siri.dialog.siriexpanseinternal|9.2.102.13.102340,0
time=2026-03-09_12:13:29 op=MOD_CLIENT_LOCK             client=manager                  count=0113 selector=UAF.Siri.DialogAssets|com.apple.siri.dialog.generativeassistanttools.generativeassistantextension|5.16.103.13.102363,0
time=2026-03-09_12:13:29 op=MOD_CLIENT_LOCK             client=manager                  count=0114 selector=UAF.Siri.DialogAssets|com.apple.siri.dialog.audiosuggestionsplugin|30.20.109.13.102543,0
time=2026-03-09_12:13:29 op=MOD_CLIENT_LOCK             client=manager                  count=0115 selector=UAF.Siri.DialogAssets|com.apple.siri.dialog.camrootflowplugin|30.6.105.13.102418,0
time=2026-03-09_12:13:29 op=MOD_CLIENT_LOCK             client=manager                  count=0116 selector=UAF.Siri.DialogAssets|com.apple.siri.dialog.sirisystemcommands|20.4.103.13.102505,0
time=2026-03-09_12:13:29 op=MOD_CLIENT_LOCK             client=manager                  count=0117 selector=UAF.Siri.DialogAssets|com.apple.siri.dialog.siriplaybackcontrolintents|30.9.109.13.102543,0
time=2026-03-09_12:13:29 op=MOD_CLIENT_LOCK             client=manager                  count=0118 selector=UAF.Siri.DialogAssets|com.apple.siri.dialog.siriinferenceflow|20.3.103.13.102428,0
time=2026-03-09_12:13:29 op=MOD_CLIENT_LOCK             client=manager                  count=0119 selector=UAF.Siri.DialogAssets|com.apple.siri.dialog.clockflowplugin|30.18.112.13.102464,0
time=2026-03-09_12:13:29 op=MOD_CLIENT_LOCK             client=manager                  count=0120 selector=UAF.Siri.DialogAssets|com.apple.siri.dialog.siriapplaunchintents|31.4.108.13.102543,0
time=2026-03-09_12:13:29 op=MOD_CLIENT_LOCK             client=manager                  count=0121 selector=UAF.Siri.DialogAssets|com.apple.siri.dialog.sirireader|14.2.102.13.102418,0
time=2026-03-09_12:13:29 op=MOD_CLIENT_LOCK             client=manager                  count=0122 selector=UAF.Siri.DialogAssets|com.apple.siri.dialog.deviceexpert.deviceexpertintents|30.6.105.13.102543,0
time=2026-03-09_12:13:29 op=MOD_CLIENT_LOCK             client=manager                  count=0123 selector=UAF.Siri.DialogAssets|com.apple.siri.dialog.dailybriefingflowplugin|30.3.108.13.102464,0
time=2026-03-09_12:13:29 op=MOD_CLIENT_LOCK             client=manager                  count=0124 selector=UAF.Siri.DialogAssets|com.apple.siri.dialog.homeautomationinternal|30.17.108.13.102464,0
time=2026-03-09_12:13:29 op=MOD_CLIENT_LOCK             client=manager                  count=0125 selector=UAF.Siri.DialogAssets|com.apple.siri.dialog.siritranslationintents|18.5.101.13.102289,0
time=2026-03-09_12:13:29 op=MOD_CLIENT_LOCK             client=manager                  count=0126 selector=UAF.Siri.DialogAssets|com.apple.siri.dialog.sirilinkflowplugin|24.2.103.13.102328,0
time=2026-03-09_12:13:29 op=MOD_CLIENT_LOCK             client=manager                  count=0127 selector=UAF.Siri.DialogAssets|com.apple.siri.dialog.socialconversationflowdelegateplugin|9.23.117.13.102543,0
time=2026-03-09_12:13:29 op=MOD_CLIENT_LOCK             client=manager                  count=0128 selector=UAF.Siri.DialogAssets|com.apple.siri.dialog.requestdispatcherbridges|24.2.102.13.102418,0
time=2026-03-09_12:13:29 op=MOD_CLIENT_LOCK             client=manager                  count=0129 selector=UAF.Siri.DialogAssets|com.apple.siri.dialog.notebook.sirinotebook|30.8.107.13.102464,0
time=2026-03-09_12:13:29 op=MOD_CLIENT_LOCK             client=manager                  count=0130 selector=UAF.Siri.DialogAssets|com.apple.siri.dialog.workoutannouncements|30.9.113.13.102543,0
time=2026-03-09_12:13:29 op=MOD_CLIENT_LOCK             client=manager                  count=0131 selector=UAF.Siri.DialogAssets|com.apple.siri.dialog.messages.sirimessagesflow|31.17.116.13.102543,0
time=2026-03-09_12:13:29 op=MOD_CLIENT_LOCK             client=manager                  count=0132 selector=UAF.Siri.DialogAssets|com.apple.siri.dialog.sirikitruntime|30.6.105.13.102418,0
time=2026-03-09_12:13:29 op=MOD_CLIENT_LOCK             client=manager                  count=0133 selector=UAF.Siri.DialogAssets|com.apple.siri.dialog.sirinaturallanguagegeneration|14.2.101.13.102289,0
time=2026-03-09_12:13:29 op=MOD_CLIENT_LOCK             client=manager                  count=0134 selector=UAF.Siri.DialogAssets|com.apple.siri.dialog.informationflowplugin|20.7.103.13.102505,0
time=2026-03-09_12:13:29 op=MOD_CLIENT_LOCK             client=manager                  count=0135 selector=UAF.Siri.DialogAssets|com.apple.siri.dialog.sirinotificationsintents|24.2.104.13.102440,0
time=2026-03-09_12:13:29 op=MOD_CLIENT_LOCK             client=manager                  count=0136 selector=UAF.Siri.DialogAssets|com.apple.siri.dialog.ifflowplugin|24.2.102.13.102418,0
time=2026-03-09_12:13:29 op=MOD_CLIENT_LOCK             client=manager                  count=0137 selector=UAF.Siri.DialogAssets|com.apple.siri.dialog.healthflowdelegateplugin|30.9.113.13.102543,0
time=2026-03-09_12:13:29 op=MOD_CLIENT_LOCK             client=manager                  count=0138 selector=UAF.Siri.DialogAssets|com.apple.siri.dialog.omnisearch.omnisearch|5.4.102.13.102363,0
time=2026-03-09_12:13:29 op=MOD_CLIENT_LOCK             client=manager                  count=0139 selector=UAF.Siri.DialogAssets|com.apple.siri.dialog.emergencyflowplugin|30.9.113.13.102543,0
time=2026-03-09_12:13:29 op=MOD_CLIENT_LOCK             client=manager                  count=0140 selector=UAF.Siri.DialogAssets|com.apple.siri.dialog.sirisettingsintents|30.6.105.13.102543,0
time=2026-03-09_12:13:29 op=MOD_CLIENT_LOCK             client=manager                  count=0141 selector=UAF.Siri.DialogAssets|com.apple.siri.dialog.timerflowdelegateplugin|30.18.112.13.102464,0
time=2026-03-09_12:13:29 op=MOD_CLIENT_LOCK             client=manager                  count=0142 selector=UAF.Siri.DialogAssets|com.apple.siri.dialog.alarmflowplugin|30.18.112.13.102464,0
time=2026-03-09_12:13:29 op=MOD_CLIENT_LOCK             client=manager                  count=0143 selector=UAF.Siri.DialogAssets|com.apple.siri.dialog.sirisuggestionsflowplugin|20.9.104.13.102543,0
time=2026-03-09_12:13:29 op=MOD_CLIENT_LOCK             client=manager                  count=0144 selector=UAF.Siri.DialogAssets|com.apple.siri.dialog.sirimailinternal|14.7.105.13.102543,0
time=2026-03-09_12:13:29 op=MOD_CLIENT_LOCK             client=manager                  count=0145 selector=UAF.Siri.DialogAssets|com.apple.siri.dialog.phonecallflowdelegateplugin|30.12.110.13.102543,0
time=2026-03-09_12:13:29 op=MOD_CLIENT_LOCK             client=manager                  count=0146 selector=UAF.Siri.DialogAssets|com.apple.siri.dialog.sirikit.messagesflowdelegateplugin|19.7.112.13.101921,0
time=2026-03-09_12:13:29 op=MOD_CLIENT_LOCK             client=manager                  count=0147 selector=UAF.Siri.DialogAssets|com.apple.siri.dialog.siriautocomplete|20.9.104.13.102543,0
time=2026-03-09_12:13:29 op=MOD_CLIENT_LOCK             client=manager                  count=0148 selector=UAF.Siri.DialogAssets|com.apple.siri.dialog.carcommandsflowdelegateplugin|21.4.109.13.102543,0
time=2026-03-09_12:13:29 op=MOD_CLIENT_LOCK             client=manager                  count=0149 selector=UAF.Siri.DialogAssets|com.apple.siri.dialog.wellnessflowplugin|30.9.113.13.102543,0
time=2026-03-09_12:13:29 op=MOD_CLIENT_LOCK             client=manager                  count=0150 selector=setAtomicInstance:A9EE000B-A1A8-4343-AA76-32AEFB33AFCB
time=2026-03-09_12:13:29 op=MOD_CLIENT_LOCK             client=com.apple.UnifiedAssetFr count=0149 selector=UAF.Siri.DialogAssets|com.apple.siri.dialog.findmy.sirifindmy|30.11.114.13.102543,0
time=2026-03-09_12:13:29 op=MOD_CLIENT_LOCK             client=com.apple.UnifiedAssetFr count=0148 selector=UAF.Siri.DialogAssets|com.apple.siri.dialog.sirisuggestionsbasemodel|20.9.104.13.102543,0
time=2026-03-09_12:13:29 op=MOD_CLIENT_LOCK             client=com.apple.UnifiedAssetFr count=0147 selector=UAF.Siri.DialogAssets|com.apple.siri.dialog.homecommunicationflowdelegateplugin|30.6.101.13.102289,0
time=2026-03-09_12:13:29 op=MOD_CLIENT_LOCK             client=com.apple.UnifiedAssetFr count=0146 selector=UAF.Siri.DialogAssets|com.apple.siri.dialog.geoflowdelegateplugin|30.6.102.13.102543,0
