
APPLYING DEFAULT FILTERS:
/private/var/mobile/Library/Logs/CrashReporter/DiagnosticLogs/sysdiagnose/IN_PROGRESS_sysdiagnose_2026.03.09_12-56-54+0000_iPhone-OS_iPhone_23D8133.tmp/ManagedSettings_sysdiagnose_temp.jcSZ2A/ManagedSettings/User/DataVersion.plist, Added to Candidate logs
/private/var/mobile/Library/Logs/CrashReporter/DiagnosticLogs/sysdiagnose/IN_PROGRESS_sysdiagnose_2026.03.09_12-56-54+0000_iPhone-OS_iPhone_23D8133.tmp/ManagedSettings_sysdiagnose_temp.jcSZ2A/ManagedSettings/User/SettingRecords.plist, Added to Candidate logs
/private/var/mobile/Library/Logs/CrashReporter/DiagnosticLogs/sysdiagnose/IN_PROGRESS_sysdiagnose_2026.03.09_12-56-54+0000_iPhone-OS_iPhone_23D8133.tmp/ManagedSettings_sysdiagnose_temp.jcSZ2A/ManagedSettings/User/EffectiveSettings.plist, Added to Candidate logs
/private/var/mobile/Library/Logs/CrashReporter/DiagnosticLogs/sysdiagnose/IN_PROGRESS_sysdiagnose_2026.03.09_12-56-54+0000_iPhone-OS_iPhone_23D8133.tmp/ManagedSettings_sysdiagnose_temp.jcSZ2A/ManagedSettings/System/DataVersion.plist, Added to Candidate logs
/private/var/mobile/Library/Logs/CrashReporter/DiagnosticLogs/sysdiagnose/IN_PROGRESS_sysdiagnose_2026.03.09_12-56-54+0000_iPhone-OS_iPhone_23D8133.tmp/ManagedSettings_sysdiagnose_temp.jcSZ2A/ManagedSettings/System/SettingRecords.plist, Added to Candidate logs
/private/var/mobile/Library/Logs/CrashReporter/DiagnosticLogs/sysdiagnose/IN_PROGRESS_sysdiagnose_2026.03.09_12-56-54+0000_iPhone-OS_iPhone_23D8133.tmp/ManagedSettings_sysdiagnose_temp.jcSZ2A/ManagedSettings/User/com.apple.ScreenTime/clientEffectiveSettings.plist, Added to Candidate logs
/private/var/mobile/Library/Logs/CrashReporter/DiagnosticLogs/sysdiagnose/IN_PROGRESS_sysdiagnose_2026.03.09_12-56-54+0000_iPhone-OS_iPhone_23D8133.tmp/ManagedSettings_sysdiagnose_temp.jcSZ2A/ManagedSettings/User/com.apple.ScreenTime/1BE0521E-160B-423D-AA57-25FFBB4C5C2C.plist, Added to Candidate logs
/private/var/mobile/Library/Logs/CrashReporter/DiagnosticLogs/sysdiagnose/IN_PROGRESS_sysdiagnose_2026.03.09_12-56-54+0000_iPhone-OS_iPhone_23D8133.tmp/ManagedSettings_sysdiagnose_temp.jcSZ2A/ManagedSettings/User/com.apple.ScreenTime/AFE22B44-8F9B-44C4-89B4-A296F3BE3743.plist, Added to Candidate logs
/private/var/mobile/Library/Logs/CrashReporter/DiagnosticLogs/sysdiagnose/IN_PROGRESS_sysdiagnose_2026.03.09_12-56-54+0000_iPhone-OS_iPhone_23D8133.tmp/ManagedSettings_sysdiagnose_temp.jcSZ2A/ManagedSettings/User/com.apple.ScreenTime/BAE51B4F-4B41-410A-9F0D-7527BE06F61C.plist, Added to Candidate logs
/private/var/mobile/Library/Logs/CrashReporter/DiagnosticLogs/sysdiagnose/IN_PROGRESS_sysdiagnose_2026.03.09_12-56-54+0000_iPhone-OS_iPhone_23D8133.tmp/ManagedSettings_sysdiagnose_temp.jcSZ2A/ManagedSettings/User/com.apple.UserSafety/clientEffectiveSettings.plist, Added to Candidate logs
/private/var/mobile/Library/Logs/CrashReporter/DiagnosticLogs/sysdiagnose/IN_PROGRESS_sysdiagnose_2026.03.09_12-56-54+0000_iPhone-OS_iPhone_23D8133.tmp/ManagedSettings_sysdiagnose_temp.jcSZ2A/ManagedSettings/User/com.apple.UserSafety/3BCEA09C-DD9D-47EF-BE9E-1F03232AC407.plist, Added to Candidate logs
/private/var/mobile/Library/Logs/CrashReporter/DiagnosticLogs/sysdiagnose/IN_PROGRESS_sysdiagnose_2026.03.09_12-56-54+0000_iPhone-OS_iPhone_23D8133.tmp/ManagedSettings_sysdiagnose_temp.jcSZ2A/ManagedSettings/User/FamilyControlsAgent/clientEffectiveSettings.plist, Added to Candidate logs
/private/var/mobile/Library/Logs/CrashReporter/DiagnosticLogs/sysdiagnose/IN_PROGRESS_sysdiagnose_2026.03.09_12-56-54+0000_iPhone-OS_iPhone_23D8133.tmp/ManagedSettings_sysdiagnose_temp.jcSZ2A/ManagedSettings/User/FamilyControlsAgent/526F5BD4-BB35-43A0-B8E2-FC60A51FC70E.plist, Added to Candidate logs
/private/var/mobile/Library/Logs/CrashReporter/DiagnosticLogs/sysdiagnose/IN_PROGRESS_sysdiagnose_2026.03.09_12-56-54+0000_iPhone-OS_iPhone_23D8133.tmp/ManagedSettings_sysdiagnose_temp.jcSZ2A/ManagedSettings/User/com.apple.Preferences/C6AC9F11-21E5-4A36-BA01-F2083F487FB5.plist, Added to Candidate logs


ENFORCING SIZE LIMIT OF 5 MB ON FILTERED CANDIDATES:

/private/var/mobile/Library/Logs/CrashReporter/DiagnosticLogs/sysdiagnose/IN_PROGRESS_sysdiagnose_2026.03.09_12-56-54+0000_iPhone-OS_iPhone_23D8133.tmp/ManagedSettings_sysdiagnose_temp.jcSZ2A/ManagedSettings/System/DataVersion.plist, Added (56 bytes)
/private/var/mobile/Library/Logs/CrashReporter/DiagnosticLogs/sysdiagnose/IN_PROGRESS_sysdiagnose_2026.03.09_12-56-54+0000_iPhone-OS_iPhone_23D8133.tmp/ManagedSettings_sysdiagnose_temp.jcSZ2A/ManagedSettings/System/SettingRecords.plist, Added (42 bytes)
/private/var/mobile/Library/Logs/CrashReporter/DiagnosticLogs/sysdiagnose/IN_PROGRESS_sysdiagnose_2026.03.09_12-56-54+0000_iPhone-OS_iPhone_23D8133.tmp/ManagedSettings_sysdiagnose_temp.jcSZ2A/ManagedSettings/User/com.apple.Preferences/C6AC9F11-21E5-4A36-BA01-F2083F487FB5.plist, Added (293 bytes)
/private/var/mobile/Library/Logs/CrashReporter/DiagnosticLogs/sysdiagnose/IN_PROGRESS_sysdiagnose_2026.03.09_12-56-54+0000_iPhone-OS_iPhone_23D8133.tmp/ManagedSettings_sysdiagnose_temp.jcSZ2A/ManagedSettings/User/com.apple.ScreenTime/1BE0521E-160B-423D-AA57-25FFBB4C5C2C.plist, Added (166 bytes)
/private/var/mobile/Library/Logs/CrashReporter/DiagnosticLogs/sysdiagnose/IN_PROGRESS_sysdiagnose_2026.03.09_12-56-54+0000_iPhone-OS_iPhone_23D8133.tmp/ManagedSettings_sysdiagnose_temp.jcSZ2A/ManagedSettings/User/com.apple.ScreenTime/AFE22B44-8F9B-44C4-89B4-A296F3BE3743.plist, Added (195 bytes)
/private/var/mobile/Library/Logs/CrashReporter/DiagnosticLogs/sysdiagnose/IN_PROGRESS_sysdiagnose_2026.03.09_12-56-54+0000_iPhone-OS_iPhone_23D8133.tmp/ManagedSettings_sysdiagnose_temp.jcSZ2A/ManagedSettings/User/com.apple.ScreenTime/BAE51B4F-4B41-410A-9F0D-7527BE06F61C.plist, Added (164 bytes)
/private/var/mobile/Library/Logs/CrashReporter/DiagnosticLogs/sysdiagnose/IN_PROGRESS_sysdiagnose_2026.03.09_12-56-54+0000_iPhone-OS_iPhone_23D8133.tmp/ManagedSettings_sysdiagnose_temp.jcSZ2A/ManagedSettings/User/com.apple.ScreenTime/clientEffectiveSettings.plist, Added (198 bytes)
/private/var/mobile/Library/Logs/CrashReporter/DiagnosticLogs/sysdiagnose/IN_PROGRESS_sysdiagnose_2026.03.09_12-56-54+0000_iPhone-OS_iPhone_23D8133.tmp/ManagedSettings_sysdiagnose_temp.jcSZ2A/ManagedSettings/User/com.apple.UserSafety/3BCEA09C-DD9D-47EF-BE9E-1F03232AC407.plist, Added (338 bytes)
/private/var/mobile/Library/Logs/CrashReporter/DiagnosticLogs/sysdiagnose/IN_PROGRESS_sysdiagnose_2026.03.09_12-56-54+0000_iPhone-OS_iPhone_23D8133.tmp/ManagedSettings_sysdiagnose_temp.jcSZ2A/ManagedSettings/User/com.apple.UserSafety/clientEffectiveSettings.plist, Added (246 bytes)
/private/var/mobile/Library/Logs/CrashReporter/DiagnosticLogs/sysdiagnose/IN_PROGRESS_sysdiagnose_2026.03.09_12-56-54+0000_iPhone-OS_iPhone_23D8133.tmp/ManagedSettings_sysdiagnose_temp.jcSZ2A/ManagedSettings/User/FamilyControlsAgent/526F5BD4-BB35-43A0-B8E2-FC60A51FC70E.plist, Added (382 bytes)
/private/var/mobile/Library/Logs/CrashReporter/DiagnosticLogs/sysdiagnose/IN_PROGRESS_sysdiagnose_2026.03.09_12-56-54+0000_iPhone-OS_iPhone_23D8133.tmp/ManagedSettings_sysdiagnose_temp.jcSZ2A/ManagedSettings/User/FamilyControlsAgent/clientEffectiveSettings.plist, Added (294 bytes)
/private/var/mobile/Library/Logs/CrashReporter/DiagnosticLogs/sysdiagnose/IN_PROGRESS_sysdiagnose_2026.03.09_12-56-54+0000_iPhone-OS_iPhone_23D8133.tmp/ManagedSettings_sysdiagnose_temp.jcSZ2A/ManagedSettings/User/DataVersion.plist, Added (56 bytes)
/private/var/mobile/Library/Logs/CrashReporter/DiagnosticLogs/sysdiagnose/IN_PROGRESS_sysdiagnose_2026.03.09_12-56-54+0000_iPhone-OS_iPhone_23D8133.tmp/ManagedSettings_sysdiagnose_temp.jcSZ2A/ManagedSettings/User/SettingRecords.plist, Added (1416 bytes)
/private/var/mobile/Library/Logs/CrashReporter/DiagnosticLogs/sysdiagnose/IN_PROGRESS_sysdiagnose_2026.03.09_12-56-54+0000_iPhone-OS_iPhone_23D8133.tmp/ManagedSettings_sysdiagnose_temp.jcSZ2A/ManagedSettings/User/EffectiveSettings.plist, Added (637 bytes)

** DONE Enforcing size limit **
