
APPLYING DEFAULT FILTERS:
/private/var/mobile/Library/Logs/CrashReporter/DiagnosticLogs/sysdiagnose/IN_PROGRESS_sysdiagnose_2026.03.09_12-56-54+0000_iPhone-OS_iPhone_23D8133.tmp/Preferences_sysdiagnose_temp.hAL0bX/Preferences/Keyboard_Preferences.txt, Added to Candidate logs


ENFORCING SIZE LIMIT OF 5 MB ON FILTERED CANDIDATES:

/private/var/mobile/Library/Logs/CrashReporter/DiagnosticLogs/sysdiagnose/IN_PROGRESS_sysdiagnose_2026.03.09_12-56-54+0000_iPhone-OS_iPhone_23D8133.tmp/Preferences_sysdiagnose_temp.hAL0bX/Preferences/Keyboard_Preferences.txt, Added (404 bytes)

** DONE Enforcing size limit **

APPLYING DEFAULT FILTERS:
/private/var/mobile/Library/Logs/CrashReporter/DiagnosticLogs/sysdiagnose/IN_PROGRESS_sysdiagnose_2026.03.09_12-56-54+0000_iPhone-OS_iPhone_23D8133.tmp/Preferences_sysdiagnose_temp.a0gfvL/Preferences/Accessibility_Preferences.txt, Added to Candidate logs


ENFORCING SIZE LIMIT OF 5 MB ON FILTERED CANDIDATES:

/private/var/mobile/Library/Logs/CrashReporter/DiagnosticLogs/sysdiagnose/IN_PROGRESS_sysdiagnose_2026.03.09_12-56-54+0000_iPhone-OS_iPhone_23D8133.tmp/Preferences_sysdiagnose_temp.a0gfvL/Preferences/Accessibility_Preferences.txt, Added (180 bytes)

** DONE Enforcing size limit **

APPLYING DEFAULT FILTERS:
/private/var/mobile/Library/Logs/CrashReporter/DiagnosticLogs/sysdiagnose/IN_PROGRESS_sysdiagnose_2026.03.09_12-56-54+0000_iPhone-OS_iPhone_23D8133.tmp/Preferences_sysdiagnose_temp.84CU1f/Preferences/AppleLanguages_CurrentUser.txt, Added to Candidate logs
/private/var/mobile/Library/Logs/CrashReporter/DiagnosticLogs/sysdiagnose/IN_PROGRESS_sysdiagnose_2026.03.09_12-56-54+0000_iPhone-OS_iPhone_23D8133.tmp/Preferences_sysdiagnose_temp.84CU1f/Preferences/com.apple.MobileAsset_Global.txt, Added to Candidate logs
/private/var/mobile/Library/Logs/CrashReporter/DiagnosticLogs/sysdiagnose/IN_PROGRESS_sysdiagnose_2026.03.09_12-56-54+0000_iPhone-OS_iPhone_23D8133.tmp/Preferences_sysdiagnose_temp.84CU1f/Preferences/AppleLocale_Global.txt, Added to Candidate logs
/private/var/mobile/Library/Logs/CrashReporter/DiagnosticLogs/sysdiagnose/IN_PROGRESS_sysdiagnose_2026.03.09_12-56-54+0000_iPhone-OS_iPhone_23D8133.tmp/Preferences_sysdiagnose_temp.84CU1f/Preferences/com.apple.coreaudio_CurrentUser.txt, Added to Candidate logs
/private/var/mobile/Library/Logs/CrashReporter/DiagnosticLogs/sysdiagnose/IN_PROGRESS_sysdiagnose_2026.03.09_12-56-54+0000_iPhone-OS_iPhone_23D8133.tmp/Preferences_sysdiagnose_temp.84CU1f/Preferences/com.apple.avfoundation_CurrentUser.txt, Added to Candidate logs
/private/var/mobile/Library/Logs/CrashReporter/DiagnosticLogs/sysdiagnose/IN_PROGRESS_sysdiagnose_2026.03.09_12-56-54+0000_iPhone-OS_iPhone_23D8133.tmp/Preferences_sysdiagnose_temp.84CU1f/Preferences/ScreenTimeEnabled_CurrentUser.txt, Added to Candidate logs
/private/var/mobile/Library/Logs/CrashReporter/DiagnosticLogs/sysdiagnose/IN_PROGRESS_sysdiagnose_2026.03.09_12-56-54+0000_iPhone-OS_iPhone_23D8133.tmp/Preferences_sysdiagnose_temp.84CU1f/Preferences/CaptureSourceInfo_CurrentUser.txt, Added to Candidate logs
/private/var/mobile/Library/Logs/CrashReporter/DiagnosticLogs/sysdiagnose/IN_PROGRESS_sysdiagnose_2026.03.09_12-56-54+0000_iPhone-OS_iPhone_23D8133.tmp/Preferences_sysdiagnose_temp.84CU1f/Preferences/AppleLocale_CurrentUser.txt, Added to Candidate logs
/private/var/mobile/Library/Logs/CrashReporter/DiagnosticLogs/sysdiagnose/IN_PROGRESS_sysdiagnose_2026.03.09_12-56-54+0000_iPhone-OS_iPhone_23D8133.tmp/Preferences_sysdiagnose_temp.84CU1f/Preferences/com.apple.camera_CurrentUser.txt, Added to Candidate logs
/private/var/mobile/Library/Logs/CrashReporter/DiagnosticLogs/sysdiagnose/IN_PROGRESS_sysdiagnose_2026.03.09_12-56-54+0000_iPhone-OS_iPhone_23D8133.tmp/Preferences_sysdiagnose_temp.84CU1f/Preferences/com.apple.coremedia_CurrentUser.txt, Added to Candidate logs
/private/var/mobile/Library/Logs/CrashReporter/DiagnosticLogs/sysdiagnose/IN_PROGRESS_sysdiagnose_2026.03.09_12-56-54+0000_iPhone-OS_iPhone_23D8133.tmp/Preferences_sysdiagnose_temp.84CU1f/Preferences/subscribedAssets_CurrentUser.txt, Added to Candidate logs
/private/var/mobile/Library/Logs/CrashReporter/DiagnosticLogs/sysdiagnose/IN_PROGRESS_sysdiagnose_2026.03.09_12-56-54+0000_iPhone-OS_iPhone_23D8133.tmp/Preferences_sysdiagnose_temp.84CU1f/Preferences/AppleLanguages_Global.txt, Added to Candidate logs
/private/var/mobile/Library/Logs/CrashReporter/DiagnosticLogs/sysdiagnose/IN_PROGRESS_sysdiagnose_2026.03.09_12-56-54+0000_iPhone-OS_iPhone_23D8133.tmp/Preferences_sysdiagnose_temp.84CU1f/Preferences/UIPreferredContentSizeCategoryName_CurrentUser.txt, Added to Candidate logs

APPLYING DEFAULT FILTERS:
/private/var/log/CDIS.custom, File not found


ENFORCING SIZE LIMIT OF 5 MB ON FILTERED CANDIDATES:

/private/var/mobile/Library/Logs/CrashReporter/DiagnosticLogs/sysdiagnose/IN_PROGRESS_sysdiagnose_2026.03.09_12-56-54+0000_iPhone-OS_iPhone_23D8133.tmp/Preferences_sysdiagnose_temp.84CU1f/Preferences/com.apple.coreaudio_CurrentUser.txt, Added (1266 bytes)
/private/var/mobile/Library/Logs/CrashReporter/DiagnosticLogs/sysdiagnose/IN_PROGRESS_sysdiagnose_2026.03.09_12-56-54+0000_iPhone-OS_iPhone_23D8133.tmp/Preferences_sysdiagnose_temp.84CU1f/Preferences/com.apple.camera_CurrentUser.txt, Added (4038 bytes)
/private/var/mobile/Library/Logs/CrashReporter/DiagnosticLogs/sysdiagnose/IN_PROGRESS_sysdiagnose_2026.03.09_12-56-54+0000_iPhone-OS_iPhone_23D8133.tmp/Preferences_sysdiagnose_temp.84CU1f/Preferences/com.apple.avfoundation_CurrentUser.txt, Added (4 bytes)
/private/var/mobile/Library/Logs/CrashReporter/DiagnosticLogs/sysdiagnose/IN_PROGRESS_sysdiagnose_2026.03.09_12-56-54+0000_iPhone-OS_iPhone_23D8133.tmp/Preferences_sysdiagnose_temp.84CU1f/Preferences/com.apple.coremedia_CurrentUser.txt, Added (62 bytes)
/private/var/mobile/Library/Logs/CrashReporter/DiagnosticLogs/sysdiagnose/IN_PROGRESS_sysdiagnose_2026.03.09_12-56-54+0000_iPhone-OS_iPhone_23D8133.tmp/Preferences_sysdiagnose_temp.84CU1f/Preferences/CaptureSourceInfo_CurrentUser.txt, Added (1620163 bytes)
/private/var/mobile/Library/Logs/CrashReporter/DiagnosticLogs/sysdiagnose/IN_PROGRESS_sysdiagnose_2026.03.09_12-56-54+0000_iPhone-OS_iPhone_23D8133.tmp/Preferences_sysdiagnose_temp.84CU1f/Preferences/ScreenTimeEnabled_CurrentUser.txt, Added (31 bytes)
/private/var/mobile/Library/Logs/CrashReporter/DiagnosticLogs/sysdiagnose/IN_PROGRESS_sysdiagnose_2026.03.09_12-56-54+0000_iPhone-OS_iPhone_23D8133.tmp/Preferences_sysdiagnose_temp.84CU1f/Preferences/UIPreferredContentSizeCategoryName_CurrentUser.txt, Added (71 bytes)
/private/var/mobile/Library/Logs/CrashReporter/DiagnosticLogs/sysdiagnose/IN_PROGRESS_sysdiagnose_2026.03.09_12-56-54+0000_iPhone-OS_iPhone_23D8133.tmp/Preferences_sysdiagnose_temp.84CU1f/Preferences/subscribedAssets_CurrentUser.txt, Added (613 bytes)
/private/var/mobile/Library/Logs/CrashReporter/DiagnosticLogs/sysdiagnose/IN_PROGRESS_sysdiagnose_2026.03.09_12-56-54+0000_iPhone-OS_iPhone_23D8133.tmp/Preferences_sysdiagnose_temp.84CU1f/Preferences/com.apple.MobileAsset_Global.txt, Added (249 bytes)
/private/var/mobile/Library/Logs/CrashReporter/DiagnosticLogs/sysdiagnose/IN_PROGRESS_sysdiagnose_2026.03.09_12-56-54+0000_iPhone-OS_iPhone_23D8133.tmp/Preferences_sysdiagnose_temp.84CU1f/Preferences/AppleLocale_Global.txt, Added (4 bytes)
/private/var/mobile/Library/Logs/CrashReporter/DiagnosticLogs/sysdiagnose/IN_PROGRESS_sysdiagnose_2026.03.09_12-56-54+0000_iPhone-OS_iPhone_23D8133.tmp/Preferences_sysdiagnose_temp.84CU1f/Preferences/AppleLanguages_Global.txt, Added (4 bytes)
/private/var/mobile/Library/Logs/CrashReporter/DiagnosticLogs/sysdiagnose/IN_PROGRESS_sysdiagnose_2026.03.09_12-56-54+0000_iPhone-OS_iPhone_23D8133.tmp/Preferences_sysdiagnose_temp.84CU1f/Preferences/AppleLocale_CurrentUser.txt, Added (31 bytes)
/private/var/mobile/Library/Logs/CrashReporter/DiagnosticLogs/sysdiagnose/IN_PROGRESS_sysdiagnose_2026.03.09_12-56-54+0000_iPhone-OS_iPhone_23D8133.tmp/Preferences_sysdiagnose_temp.84CU1f/Preferences/AppleLanguages_CurrentUser.txt, Added (54 bytes)

** DONE Enforcing size limit **
