Report date: 2026-03-09 12:57:09
numer 125.000000 / denom 3.000000
IOSADIAGNOSESTREAM = { 
    { 0x2, 11, 64, 256, },
    { 
        { 0x1, 0, 0x0000005d7d07, 0x0001, 0066, 262, 0x00000000, 0x0000000000000000, 0x0, 0x0, 0x0, 0x0000000000000000, 0x0000000000000000, 0x0000000000000000, 0x0000000000000000, 0x0000000000000000, 0x0000000000000000, 0x0000000000000000, 0, },
        { 0x1, 0, 0x0000005d7d18, 0x0005, 0425, 262, 0x0000000f, 0x0000000000000000, 0x0, 0x0, 0x0, 0x0000000000000000, 0x0000000000000000, 0x0000000000000000, 0x0000000000000000, 0x0000000000000000, 0x0000000000000000, 0x0000000000000000, 0, },
        { 0x1, 0, 0x0000005d7f1d, 0x0005, 0456, 262, 0x48420000, 0x0000000000000000, 0x0, 0x0, 0x0, 0x0000000000000000, 0x0000000000000000, 0x0000000000000000, 0x0000000000000000, 0x0000000000000000, 0x0000000000000000, 0x0000000000000000, 0, },
        { 0x1, 0, 0x0000005d7f21, 0x0004, 0797, 262, 0x00000010, 0x0000000000000000, 0x0, 0x0, 0x0, 0x0000000000000000, 0x0000000000000000, 0x0000000000000000, 0x0000000000000000, 0x0000000000000000, 0x0000000000000000, 0x0000000000000000, 0, },
        { 0x1, 0, 0x0000005dadac, 0x0000, 1311, 262, 0x00000000, 0x0000000000000000, 0x0, 0x0, 0x0, 0x0000000000000000, 0x0000000000000000, 0x0000000000000000, 0x0000000000000000, 0x0000000000000000, 0x0000000000000000, 0x0000000000000000, 0, },
        { 0x1, 0, 0x0000005daeee, 0x0003, 1347, 262, 0x00000000, 0x0000000000000000, 0x0, 0x0, 0x0, 0x0000000000000000, 0x0000000000000000, 0x0000000000000000, 0x0000000000000000, 0x0000000000000000, 0x0000000000000000, 0x0000000000000000, 0, },
        { 0x1, 0, 0x0000005dbea3, 0x0002, 1437, 262, 0x00000000, 0x0000000000000000, 0x0, 0x0, 0x0, 0x0000000000000000, 0x0000000000000000, 0x0000000000000000, 0x0000000000000000, 0x0000000000000000, 0x0000000000000000, 0x0000000000000000, 0, },
        { 0x0, 0, 0x000000000000, 0x0000, 0000, 0, 0x00000000, 0x0000000000000000, 0x0, 0x0, 0x0, 0x0000000000000000, 0x0000000000000000, 0x0000000000000000, 0x0000000000000000, 0x0000000000000000, 0x0000000000000000, 0x0000000000000000, 0, },
        { 0x0, 0, 0x000000000000, 0x0000, 0000, 0, 0x00000000, 0x0000000000000000, 0x0, 0x0, 0x0, 0x0000000000000000, 0x0000000000000000, 0x0000000000000000, 0x0000000000000000, 0x0000000000000000, 0x0000000000000000, 0x0000000000000000, 0, },
        { 0x0, 0, 0x000000000000, 0x0000, 0000, 0, 0x00000000, 0x0000000000000000, 0x0, 0x0, 0x0, 0x0000000000000000, 0x0000000000000000, 0x0000000000000000, 0x0000000000000000, 0x0000000000000000, 0x0000000000000000, 0x0000000000000000, 0, },
        { 0x0, 0, 0x000000000000, 0x0000, 0000, 0, 0x00000000, 0x0000000000000000, 0x0, 0x0, 0x0, 0x0000000000000000, 0x0000000000000000, 0x0000000000000000, 0x0000000000000000, 0x0000000000000000, 0x0000000000000000, 0x0000000000000000, 0, },
        { 0x0, 0, 0x000000000000, 0x0000, 0000, 0, 0x00000000, 0x0000000000000000, 0x0, 0x0, 0x0, 0x0000000000000000, 0x0000000000000000, 0x0000000000000000, 0x0000000000000000, 0x0000000000000000, 0x0000000000000000, 0x0000000000000000, 0, },
        { 0x0, 0, 0x000000000000, 0x0000, 0000, 0, 0x00000000, 0x0000000000000000, 0x0, 0x0, 0x0, 0x0000000000000000, 0x0000000000000000, 0x0000000000000000, 0x0000000000000000, 0x0000000000000000, 0x0000000000000000, 0x0000000000000000, 0, },
        { 0x0, 0, 0x000000000000, 0x0000, 0000, 0, 0x00000000, 0x0000000000000000, 0x0, 0x0, 0x0, 0x0000000000000000, 0x0000000000000000, 0x0000000000000000, 0x0000000000000000, 0x0000000000000000, 0x0000000000000000, 0x0000000000000000, 0, },
        { 0x0, 0, 0x000000000000, 0x0000, 0000, 0, 0x00000000, 0x0000000000000000, 0x0, 0x0, 0x0, 0x0000000000000000, 0x0000000000000000, 0x0000000000000000, 0x0000000000000000, 0x0000000000000000, 0x0000000000000000, 0x0000000000000000, 0, },
        { 0x0, 0, 0x000000000000, 0x0000, 0000, 0, 0x00000000, 0x0000000000000000, 0x0, 0x0, 0x0, 0x0000000000000000, 0x0000000000000000, 0x0000000000000000, 0x0000000000000000, 0x0000000000000000, 0x0000000000000000, 0x0000000000000000, 0, },
        { 0x0, 0, 0x000000000000, 0x0000, 0000, 0, 0x00000000, 0x0000000000000000, 0x0, 0x0, 0x0, 0x0000000000000000, 0x0000000000000000, 0x0000000000000000, 0x0000000000000000, 0x0000000000000000, 0x0000000000000000, 0x0000000000000000, 0, },
        { 0x0, 0, 0x000000000000, 0x0000, 0000, 0, 0x00000000, 0x0000000000000000, 0x0, 0x0, 0x0, 0x0000000000000000, 0x0000000000000000, 0x0000000000000000, 0x0000000000000000, 0x0000000000000000, 0x0000000000000000, 0x0000000000000000, 0, },
        { 0x0, 0, 0x000000000000, 0x0000, 0000, 0, 0x00000000, 0x0000000000000000, 0x0, 0x0, 0x0, 0x0000000000000000, 0x0000000000000000, 0x0000000000000000, 0x0000000000000000, 0x0000000000000000, 0x0000000000000000, 0x0000000000000000, 0, },
        { 0x0, 0, 0x000000000000, 0x0000, 0000, 0, 0x00000000, 0x0000000000000000, 0x0, 0x0, 0x0, 0x0000000000000000, 0x0000000000000000, 0x0000000000000000, 0x0000000000000000, 0x0000000000000000, 0x0000000000000000, 0x0000000000000000, 0, },
        { 0x0, 0, 0x000000000000, 0x0000, 0000, 0, 0x00000000, 0x0000000000000000, 0x0, 0x0, 0x0, 0x0000000000000000, 0x0000000000000000, 0x0000000000000000, 0x0000000000000000, 0x0000000000000000, 0x0000000000000000, 0x0000000000000000, 0, },
        { 0x0, 0, 0x000000000000, 0x0000, 0000, 0, 0x00000000, 0x0000000000000000, 0x0, 0x0, 0x0, 0x0000000000000000, 0x0000000000000000, 0x0000000000000000, 0x0000000000000000, 0x0000000000000000, 0x0000000000000000, 0x0000000000000000, 0, },
        { 0x0, 0, 0x000000000000, 0x0000, 0000, 0, 0x00000000, 0x0000000000000000, 0x0, 0x0, 0x0, 0x0000000000000000, 0x0000000000000000, 0x0000000000000000, 0x0000000000000000, 0x0000000000000000, 0x0000000000000000, 0x0000000000000000, 0, },
        { 0x0, 0, 0x000000000000, 0x0000, 0000, 0, 0x00000000, 0x0000000000000000, 0x0, 0x0, 0x0, 0x0000000000000000, 0x0000000000000000, 0x0000000000000000, 0x0000000000000000, 0x0000000000000000, 0x0000000000000000, 0x0000000000000000, 0, },
        { 0x0, 0, 0x000000000000, 0x0000, 0000, 0, 0x00000000, 0x0000000000000000, 0x0, 0x0, 0x0, 0x0000000000000000, 0x0000000000000000, 0x0000000000000000, 0x0000000000000000, 0x0000000000000000, 0x0000000000000000, 0x0000000000000000, 0, },
        { 0x0, 0, 0x000000000000, 0x0000, 0000, 0, 0x00000000, 0x0000000000000000, 0x0, 0x0, 0x0, 0x0000000000000000, 0x0000000000000000, 0x0000000000000000, 0x0000000000000000, 0x0000000000000000, 0x0000000000000000, 0x0000000000000000, 0, },
        { 0x0, 0, 0x000000000000, 0x0000, 0000, 0, 0x00000000, 0x0000000000000000, 0x0, 0x0, 0x0, 0x0000000000000000, 0x0000000000000000, 0x0000000000000000, 0x0000000000000000, 0x0000000000000000, 0x0000000000000000, 0x0000000000000000, 0, },
        { 0x0, 0, 0x000000000000, 0x0000, 0000, 0, 0x00000000, 0x0000000000000000, 0x0, 0x0, 0x0, 0x0000000000000000, 0x0000000000000000, 0x0000000000000000, 0x0000000000000000, 0x0000000000000000, 0x0000000000000000, 0x0000000000000000, 0, },
        { 0x0, 0, 0x000000000000, 0x0000, 0000, 0, 0x00000000, 0x0000000000000000, 0x0, 0x0, 0x0, 0x0000000000000000, 0x0000000000000000, 0x0000000000000000, 0x0000000000000000, 0x0000000000000000, 0x0000000000000000, 0x0000000000000000, 0, },
        { 0x0, 0, 0x000000000000, 0x0000, 0000, 0, 0x00000000, 0x0000000000000000, 0x0, 0x0, 0x0, 0x0000000000000000, 0x0000000000000000, 0x0000000000000000, 0x0000000000000000, 0x0000000000000000, 0x0000000000000000, 0x0000000000000000, 0, },
        { 0x0, 0, 0x000000000000, 0x0000, 0000, 0, 0x00000000, 0x0000000000000000, 0x0, 0x0, 0x0, 0x0000000000000000, 0x0000000000000000, 0x0000000000000000, 0x0000000000000000, 0x0000000000000000, 0x0000000000000000, 0x0000000000000000, 0, },
        { 0x0, 0, 0x000000000000, 0x0000, 0000, 0, 0x00000000, 0x0000000000000000, 0x0, 0x0, 0x0, 0x0000000000000000, 0x0000000000000000, 0x0000000000000000, 0x0000000000000000, 0x0000000000000000, 0x0000000000000000, 0x0000000000000000, 0, },
        { 0x0, 0, 0x000000000000, 0x0000, 0000, 0, 0x00000000, 0x0000000000000000, 0x0, 0x0, 0x0, 0x0000000000000000, 0x0000000000000000, 0x0000000000000000, 0x0000000000000000, 0x0000000000000000, 0x0000000000000000, 0x0000000000000000, 0, },
        { 0x0, 0, 0x000000000000, 0x0000, 0000, 0, 0x00000000, 0x0000000000000000, 0x0, 0x0, 0x0, 0x0000000000000000, 0x0000000000000000, 0x0000000000000000, 0x0000000000000000, 0x0000000000000000, 0x0000000000000000, 0x0000000000000000, 0, },
        { 0x0, 0, 0x000000000000, 0x0000, 0000, 0, 0x00000000, 0x0000000000000000, 0x0, 0x0, 0x0, 0x0000000000000000, 0x0000000000000000, 0x0000000000000000, 0x0000000000000000, 0x0000000000000000, 0x0000000000000000, 0x0000000000000000, 0, },
        { 0x0, 0, 0x000000000000, 0x0000, 0000, 0, 0x00000000, 0x0000000000000000, 0x0, 0x0, 0x0, 0x0000000000000000, 0x0000000000000000, 0x0000000000000000, 0x0000000000000000, 0x0000000000000000, 0x0000000000000000, 0x0000000000000000, 0, },
        { 0x0, 0, 0x000000000000, 0x0000, 0000, 0, 0x00000000, 0x0000000000000000, 0x0, 0x0, 0x0, 0x0000000000000000, 0x0000000000000000, 0x0000000000000000, 0x0000000000000000, 0x0000000000000000, 0x0000000000000000, 0x0000000000000000, 0, },
        { 0x0, 0, 0x000000000000, 0x0000, 0000, 0, 0x00000000, 0x0000000000000000, 0x0, 0x0, 0x0, 0x0000000000000000, 0x0000000000000000, 0x0000000000000000, 0x0000000000000000, 0x0000000000000000, 0x0000000000000000, 0x0000000000000000, 0, },
        { 0x0, 0, 0x000000000000, 0x0000, 0000, 0, 0x00000000, 0x0000000000000000, 0x0, 0x0, 0x0, 0x0000000000000000, 0x0000000000000000, 0x0000000000000000, 0x0000000000000000, 0x0000000000000000, 0x0000000000000000, 0x0000000000000000, 0, },
        { 0x0, 0, 0x000000000000, 0x0000, 0000, 0, 0x00000000, 0x0000000000000000, 0x0, 0x0, 0x0, 0x0000000000000000, 0x0000000000000000, 0x0000000000000000, 0x0000000000000000, 0x0000000000000000, 0x0000000000000000, 0x0000000000000000, 0, },
        { 0x0, 0, 0x000000000000, 0x0000, 0000, 0, 0x00000000, 0x0000000000000000, 0x0, 0x0, 0x0, 0x0000000000000000, 0x0000000000000000, 0x0000000000000000, 0x0000000000000000, 0x0000000000000000, 0x0000000000000000, 0x0000000000000000, 0, },
        { 0x0, 0, 0x000000000000, 0x0000, 0000, 0, 0x00000000, 0x0000000000000000, 0x0, 0x0, 0x0, 0x0000000000000000, 0x0000000000000000, 0x0000000000000000, 0x0000000000000000, 0x0000000000000000, 0x0000000000000000, 0x0000000000000000, 0, },
        { 0x0, 0, 0x000000000000, 0x0000, 0000, 0, 0x00000000, 0x0000000000000000, 0x0, 0x0, 0x0, 0x0000000000000000, 0x0000000000000000, 0x0000000000000000, 0x0000000000000000, 0x0000000000000000, 0x0000000000000000, 0x0000000000000000, 0, },
        { 0x0, 0, 0x000000000000, 0x0000, 0000, 0, 0x00000000, 0x0000000000000000, 0x0, 0x0, 0x0, 0x0000000000000000, 0x0000000000000000, 0x0000000000000000, 0x0000000000000000, 0x0000000000000000, 0x0000000000000000, 0x0000000000000000, 0, },
        { 0x0, 0, 0x000000000000, 0x0000, 0000, 0, 0x00000000, 0x0000000000000000, 0x0, 0x0, 0x0, 0x0000000000000000, 0x0000000000000000, 0x0000000000000000, 0x0000000000000000, 0x0000000000000000, 0x0000000000000000, 0x0000000000000000, 0, },
        { 0x0, 0, 0x000000000000, 0x0000, 0000, 0, 0x00000000, 0x0000000000000000, 0x0, 0x0, 0x0, 0x0000000000000000, 0x0000000000000000, 0x0000000000000000, 0x0000000000000000, 0x0000000000000000, 0x0000000000000000, 0x0000000000000000, 0, },
        { 0x0, 0, 0x000000000000, 0x0000, 0000, 0, 0x00000000, 0x0000000000000000, 0x0, 0x0, 0x0, 0x0000000000000000, 0x0000000000000000, 0x0000000000000000, 0x0000000000000000, 0x0000000000000000, 0x0000000000000000, 0x0000000000000000, 0, },
        { 0x0, 0, 0x000000000000, 0x0000, 0000, 0, 0x00000000, 0x0000000000000000, 0x0, 0x0, 0x0, 0x0000000000000000, 0x0000000000000000, 0x0000000000000000, 0x0000000000000000, 0x0000000000000000, 0x0000000000000000, 0x0000000000000000, 0, },
        { 0x0, 0, 0x000000000000, 0x0000, 0000, 0, 0x00000000, 0x0000000000000000, 0x0, 0x0, 0x0, 0x0000000000000000, 0x0000000000000000, 0x0000000000000000, 0x0000000000000000, 0x0000000000000000, 0x0000000000000000, 0x0000000000000000, 0, },
        { 0x0, 0, 0x000000000000, 0x0000, 0000, 0, 0x00000000, 0x0000000000000000, 0x0, 0x0, 0x0, 0x0000000000000000, 0x0000000000000000, 0x0000000000000000, 0x0000000000000000, 0x0000000000000000, 0x0000000000000000, 0x0000000000000000, 0, },
        { 0x0, 0, 0x000000000000, 0x0000, 0000, 0, 0x00000000, 0x0000000000000000, 0x0, 0x0, 0x0, 0x0000000000000000, 0x0000000000000000, 0x0000000000000000, 0x0000000000000000, 0x0000000000000000, 0x0000000000000000, 0x0000000000000000, 0, },
        { 0x0, 0, 0x000000000000, 0x0000, 0000, 0, 0x00000000, 0x0000000000000000, 0x0, 0x0, 0x0, 0x0000000000000000, 0x0000000000000000, 0x0000000000000000, 0x0000000000000000, 0x0000000000000000, 0x0000000000000000, 0x0000000000000000, 0, },
        { 0x0, 0, 0x000000000000, 0x0000, 0000, 0, 0x00000000, 0x0000000000000000, 0x0, 0x0, 0x0, 0x0000000000000000, 0x0000000000000000, 0x0000000000000000, 0x0000000000000000, 0x0000000000000000, 0x0000000000000000, 0x0000000000000000, 0, },
        { 0x0, 0, 0x000000000000, 0x0000, 0000, 0, 0x00000000, 0x0000000000000000, 0x0, 0x0, 0x0, 0x0000000000000000, 0x0000000000000000, 0x0000000000000000, 0x0000000000000000, 0x0000000000000000, 0x0000000000000000, 0x0000000000000000, 0, },
        { 0x0, 0, 0x000000000000, 0x0000, 0000, 0, 0x00000000, 0x0000000000000000, 0x0, 0x0, 0x0, 0x0000000000000000, 0x0000000000000000, 0x0000000000000000, 0x0000000000000000, 0x0000000000000000, 0x0000000000000000, 0x0000000000000000, 0, },
        { 0x0, 0, 0x000000000000, 0x0000, 0000, 0, 0x00000000, 0x0000000000000000, 0x0, 0x0, 0x0, 0x0000000000000000, 0x0000000000000000, 0x0000000000000000, 0x0000000000000000, 0x0000000000000000, 0x0000000000000000, 0x0000000000000000, 0, },
        { 0x0, 0, 0x000000000000, 0x0000, 0000, 0, 0x00000000, 0x0000000000000000, 0x0, 0x0, 0x0, 0x0000000000000000, 0x0000000000000000, 0x0000000000000000, 0x0000000000000000, 0x0000000000000000, 0x0000000000000000, 0x0000000000000000, 0, },
        { 0x0, 0, 0x000000000000, 0x0000, 0000, 0, 0x00000000, 0x0000000000000000, 0x0, 0x0, 0x0, 0x0000000000000000, 0x0000000000000000, 0x0000000000000000, 0x0000000000000000, 0x0000000000000000, 0x0000000000000000, 0x0000000000000000, 0, },
        { 0x0, 0, 0x000000000000, 0x0000, 0000, 0, 0x00000000, 0x0000000000000000, 0x0, 0x0, 0x0, 0x0000000000000000, 0x0000000000000000, 0x0000000000000000, 0x0000000000000000, 0x0000000000000000, 0x0000000000000000, 0x0000000000000000, 0, },
        { 0x0, 0, 0x000000000000, 0x0000, 0000, 0, 0x00000000, 0x0000000000000000, 0x0, 0x0, 0x0, 0x0000000000000000, 0x0000000000000000, 0x0000000000000000, 0x0000000000000000, 0x0000000000000000, 0x0000000000000000, 0x0000000000000000, 0, },
        { 0x0, 0, 0x000000000000, 0x0000, 0000, 0, 0x00000000, 0x0000000000000000, 0x0, 0x0, 0x0, 0x0000000000000000, 0x0000000000000000, 0x0000000000000000, 0x0000000000000000, 0x0000000000000000, 0x0000000000000000, 0x0000000000000000, 0, },
        { 0x0, 0, 0x000000000000, 0x0000, 0000, 0, 0x00000000, 0x0000000000000000, 0x0, 0x0, 0x0, 0x0000000000000000, 0x0000000000000000, 0x0000000000000000, 0x0000000000000000, 0x0000000000000000, 0x0000000000000000, 0x0000000000000000, 0, },
        { 0x0, 0, 0x000000000000, 0x0000, 0000, 0, 0x00000000, 0x0000000000000000, 0x0, 0x0, 0x0, 0x0000000000000000, 0x0000000000000000, 0x0000000000000000, 0x0000000000000000, 0x0000000000000000, 0x0000000000000000, 0x0000000000000000, 0, },
        { 0x0, 0, 0x000000000000, 0x0000, 0000, 0, 0x00000000, 0x0000000000000000, 0x0, 0x0, 0x0, 0x0000000000000000, 0x0000000000000000, 0x0000000000000000, 0x0000000000000000, 0x0000000000000000, 0x0000000000000000, 0x0000000000000000, 0, },
        { 0x1, 0, 0x00000acbdde6, 0x0117, 1618, 399, 0x00000001, 0x0000000000000000, 0x0, 0x0, 0x0, 0x0000000000000000, 0x0000000000000000, 0x0000000000000000, 0x0000000000000000, 0x0000000000000000, 0x0000000000000000, 0x0000000000000000, 0, },
        { 0x1, 0, 0x00000acbde3b, 0x0176, 2014, 7913, 0x4600000000, 0x0000000000000000, 0x0, 0x0, 0x0, 0x0000000000000000, 0x0000000000000000, 0x0000000000000000, 0x0000000000000000, 0x0000000000000000, 0x0000000000000000, 0x0000000000000000, 0, },
        { 0x1, 0, 0x00000acc8136, 0x0175, 1981, 8421, 0x4700010001, 0x0000000000000000, 0x0, 0x0, 0x0, 0x0000000000000000, 0x0000000000000000, 0x0000000000000000, 0x0000000000000000, 0x0000000000000000, 0x0000000000000000, 0x0000000000000000, 0, },
        { 0x1, 0, 0x00000acc8163, 0x011f, 2498, 8421, 0x200000017, 0xfba3ec8bfdddb20f, 0x8, 0x0, 0x0, 0x5f6ecfe276c83291, 0x0000000000000000, 0x0000000000000000, 0x0000000000000000, 0x0000000000000000, 0x0000000000000000, 0x0000000000000000, 1, },
        { 0x1, 0, 0x00000acc8164, 0x0149, 6431, 8421, 0x002dfb94, 0xfba3ec8bfdddb20f, 0x8, 0xc1f39e10bf83691d, 0xe276f6ab132ba157, 0x5f6ecfe276c83291, 0x0000000000000000, 0x0000000000000000, 0x0000000000000000, 0x0000000000000000, 0x0000000000000000, 0x0000000000000000, 1, },
        { 0x1, 0, 0x00000acc8164, 0x017f, 6692, 8421, 0x102dfb9402dfb940, 0x0000000000000000, 0x0, 0x0, 0x0, 0x0000000000000000, 0x0000000000000000, 0x0000000000000000, 0x0000000000000000, 0x0000000000000000, 0x0000000000000000, 0x0000000000000000, 0, },
        { 0x1, 0, 0x00000acc8164, 0x0148, 6461, 8421, 0x00000000, 0xfba3ec8bfdddb20f, 0x0, 0xc1f39e10bf83691d, 0xe276f6ab132ba157, 0x5f6ecfe276c83291, 0x0000000000000000, 0x0000000000000000, 0x0000000000000000, 0x0000000000000000, 0x0000000000000000, 0x0000000000000000, 1, },
        { 0x1, 0, 0x00000acc8164, 0x0125, 2945, 8421, 0x00000017, 0xfba3ec8bfdddb20f, 0x0, 0xc1f39e10bf83691d, 0xe276f6ab132ba157, 0x5f6ecfe276c83291, 0x0000000000000000, 0x0000000000000000, 0x0000000000000000, 0x0000000000000000, 0x0000000000000000, 0x0000000000000000, 1, },
        { 0x1, 0, 0x00000acc817e, 0x010a, 5185, 8421, 0xffffffe0181666a0, 0xfba3ec8bfdddb20f, 0x0, 0xc1f39e10bf83691d, 0xe276f6ab132ba157, 0x5f6ecfe276c83291, 0x0000000000000000, 0x0000000000000000, 0x0000000000000000, 0x0000000000000000, 0x0000000000000000, 0x0000000000000000, 1, },
        { 0x1, 0, 0x00000acc817e, 0x010c, 5194, 8421, 0xffffffe016f752a0, 0xfba3ec8bfdddb20f, 0x0, 0xc1f39e10bf83691d, 0xe276f6ab132ba157, 0x5f6ecfe276c83291, 0x0000000000000000, 0x0000000000000000, 0x0000000000000000, 0x0000000000000000, 0x0000000000000000, 0x0000000000000000, 1, },
        { 0x1, 0, 0x00000acc8249, 0x010a, 5185, 8421, 0xffffffe018165bc0, 0xfba3ec8bfdddb20f, 0x0, 0xc1f39e10bf83691d, 0xe276f6ab132ba157, 0x5f6ecfe276c83291, 0x0000000000000000, 0x0000000000000000, 0x0000000000000000, 0x0000000000000000, 0x0000000000000000, 0x0000000000000000, 1, },
        { 0x1, 0, 0x00000acc824a, 0x010c, 5194, 8421, 0xffffffe017141a30, 0xfba3ec8bfdddb20f, 0x0, 0xc1f39e10bf83691d, 0xe276f6ab132ba157, 0x5f6ecfe276c83291, 0x0000000000000000, 0x0000000000000000, 0x0000000000000000, 0x0000000000000000, 0x0000000000000000, 0x0000000000000000, 1, },
        { 0x1, 0, 0x00000acc824b, 0x0135, 5397, 8421, 0x00001001, 0xfba3ec8bfdddb20f, 0x0, 0xc1f39e10bf83691d, 0xe276f6ab132ba157, 0x5f6ecfe276c83291, 0x0000000000000000, 0x0000000000000000, 0x0000000000000000, 0x0000000000000000, 0x0000000000000000, 0x0000000000000000, 1, },
        { 0x1, 0, 0x00000acc824b, 0x0142, 0169, 8421, 0x00000100, 0xfba3ec8bfdddb20f, 0x0, 0xc1f39e10bf83691d, 0xe276f6ab132ba157, 0x5f6ecfe276c83291, 0x0000000000000000, 0x0000000000000000, 0x0000000000000000, 0x0000000000000000, 0x0000000000000000, 0x0000000000000000, 1, },
        { 0x1, 0, 0x00000acc824c, 0x0141, 0181, 8421, 0x00000001, 0x0000000000000000, 0x0, 0x0, 0x0, 0x0000000000000000, 0x0000000000000000, 0x0000000000000000, 0x0000000000000000, 0x0000000000000000, 0x0000000000000000, 0x0000000000000000, 0, },
        { 0x1, 0, 0x00000acc8286, 0x017e, 0113, 8421, 0x00dd0100, 0x0000000000000000, 0x0, 0x0, 0x0, 0x0000000000000000, 0x0000000000000000, 0x0000000000000000, 0x0000000000000000, 0x0000000000000000, 0x0000000000000000, 0x0000000000000000, 0, },
        { 0x1, 0, 0x00000acc8286, 0x011d, 0563, 8421, 0x00001001, 0x0000000000000000, 0x0, 0x0, 0x0, 0x0000000000000000, 0x0000000000000000, 0x0000000000000000, 0x0000000000000000, 0x0000000000000000, 0x0000000000000000, 0x0000000000000000, 0, },
        { 0x1, 0, 0x00000acc829c, 0x014a, 0249, 8421, 0x00000010, 0x0000000000000000, 0x0, 0x0, 0x0, 0x0000000000000000, 0x0000000000000000, 0x0000000000000000, 0x0000000000000000, 0x0000000000000000, 0x0000000000000000, 0x0000000000000000, 0, },
        { 0x1, 0, 0x00000acc829c, 0x0127, 0941, 8421, 0x00000001, 0x0000000000000000, 0x0, 0x0, 0x0, 0x0000000000000000, 0x0000000000000000, 0x0000000000000000, 0x0000000000000000, 0x0000000000000000, 0x0000000000000000, 0x0000000000000000, 0, },
        { 0x1, 0, 0x00000acc82a1, 0x0224, 0160, 8421, 0x00000011, 0x0000000000000000, 0x0, 0x0, 0x0, 0x0000000000000000, 0x0000000000000000, 0x0000000000000000, 0x0000000000000000, 0x0000000000000000, 0x0000000000000000, 0x0000000000000000, 0, },
        { 0x1, 0, 0x00000acc82b0, 0x014c, 6514, 8421, 0x00000001, 0x0000000000000000, 0x0, 0x0, 0x0, 0x0000000000000000, 0x0000000000000000, 0x0000000000000000, 0x0000000000000000, 0x0000000000000000, 0x0000000000000000, 0x0000000000000000, 0, },
        { 0x1, 0, 0x00000acc82b0, 0x0142, 0226, 8421, 0x1000000010000, 0xfba3ec8bfdddb20f, 0x0, 0xc1f39e10bf83691d, 0xe276f6ab132ba157, 0x5f6ecfe276c83291, 0x0000000000000000, 0x0000000000000000, 0x0000000000000000, 0x0000000000000000, 0x0000000000000000, 0x0000000000000000, 1, },
        { 0x1, 0, 0x00000acc82b0, 0x0135, 5406, 8421, 0x00000110, 0xfba3ec8bfdddb20f, 0x0, 0xc1f39e10bf83691d, 0xe276f6ab132ba157, 0x5f6ecfe276c83291, 0x0000000000000000, 0x0000000000000000, 0x0000000000000000, 0x0000000000000000, 0x0000000000000000, 0x0000000000000000, 1, },
        { 0x1, 0, 0x00000acc82b0, 0x010b, 7065, 8421, 0xffffffe0181666a0, 0x0000000000000000, 0x0, 0x0, 0x0, 0x0000000000000000, 0x0000000000000000, 0x0000000000000000, 0x0000000000000000, 0x0000000000000000, 0x0000000000000000, 0x0000000000000000, 0, },
        { 0x1, 0, 0x00000acc82ec, 0x0119, 7100, 8421, 0x100000000000000, 0x0000000000000000, 0x0, 0x0, 0x0, 0x0000000000000000, 0x0000000000000000, 0x0000000000000000, 0x0000000000000000, 0x0000000000000000, 0x0000000000000000, 0x0000000000000000, 0, },
        { 0x1, 0, 0x00000acc82ed, 0x010b, 7065, 8421, 0xffffffe018165bc0, 0x0000000000000000, 0x0, 0x0, 0x0, 0x0000000000000000, 0x0000000000000000, 0x0000000000000000, 0x0000000000000000, 0x0000000000000000, 0x0000000000000000, 0x0000000000000000, 0, },
        { 0x1, 0, 0x00000acc836e, 0x0119, 7100, 8421, 0x100005b80000000, 0x0000000000000000, 0x0, 0x0, 0x0, 0x0000000000000000, 0x0000000000000000, 0x0000000000000000, 0x0000000000000000, 0x0000000000000000, 0x0000000000000000, 0x0000000000000000, 0, },
        { 0x1, 0, 0x00000acc8372, 0x0135, 5397, 8421, 0x00010101, 0xfba3ec8bfdddb20f, 0x0, 0xc1f39e10bf83691d, 0xe276f6ab132ba157, 0x5f6ecfe276c83291, 0x0000000000000000, 0x0000000000000000, 0x0000000000000000, 0x0000000000000000, 0x0000000000000000, 0x0000000000000000, 1, },
        { 0x1, 0, 0x00000acc8372, 0x0142, 0169, 8421, 0x00000010, 0xfba3ec8bfdddb20f, 0x0, 0xc1f39e10bf83691d, 0xe276f6ab132ba157, 0x5f6ecfe276c83291, 0x0000000000000000, 0x0000000000000000, 0x0000000000000000, 0x0000000000000000, 0x0000000000000000, 0x0000000000000000, 1, },
        { 0x1, 0, 0x00000acc8372, 0x0142, 0248, 8421, 0xffff000000000000, 0xfba3ec8bfdddb20f, 0x0, 0xc1f39e10bf83691d, 0xe276f6ab132ba157, 0x5f6ecfe276c83291, 0x0000000000000000, 0x0000000000000000, 0x0000000000000000, 0x0000000000000000, 0x0000000000000000, 0x0000000000000000, 1, },
        { 0x1, 0, 0x00000acc8376, 0x0135, 5406, 8421, 0x00000000, 0xfba3ec8bfdddb20f, 0x0, 0xc1f39e10bf83691d, 0xe276f6ab132ba157, 0x5f6ecfe276c83291, 0x0000000000000000, 0x0000000000000000, 0x0000000000000000, 0x0000000000000000, 0x0000000000000000, 0x0000000000000000, 1, },
        { 0x1, 0, 0x00000acc8376, 0x0101, 4072, 8421, 0x00000000, 0xfba3ec8bfdddb20f, 0x0, 0xc1f39e10bf83691d, 0xe276f6ab132ba157, 0x5f6ecfe276c83291, 0x0000000000000000, 0x0000000000000000, 0x0000000000000000, 0x0000000000000000, 0x0000000000000000, 0x0000000000000000, 1, },
        { 0x1, 0, 0x00000acc8376, 0x010e, 4104, 8421, 0xffffffe017141a30, 0xfba3ec8bfdddb20f, 0x0, 0xc1f39e10bf83691d, 0xe276f6ab132ba157, 0x5f6ecfe276c83291, 0x0000000000000000, 0x0000000000000000, 0x0000000000000000, 0x0000000000000000, 0x0000000000000000, 0x0000000000000000, 1, },
        { 0x1, 0, 0x00000acc8377, 0x010e, 4135, 8421, 0xffffffe016f752a0, 0xfba3ec8bfdddb20f, 0x0, 0xc1f39e10bf83691d, 0xe276f6ab132ba157, 0x5f6ecfe276c83291, 0x2242c2525a31e297, 0x0000000000000000, 0x0000000000000000, 0x0000000000000000, 0x0000000000000000, 0x0000000000000000, 1, },
        { 0x1, 0, 0x00000acc837a, 0x0102, 3944, 8421, 0x00020001, 0xfba3ec8bfdddb20f, 0x0, 0xc1f39e10bf83691d, 0xe276f6ab132ba157, 0x5f6ecfe276c83291, 0x2242c2525a31e297, 0x26b4f171394d261f, 0x0000000000000000, 0x0000000000000000, 0x0000000000000000, 0x0000000000000000, 1, },
        { 0x1, 0, 0x00000acc837b, 0x0147, 4235, 8421, 0x00001001, 0xfba3ec8bfdddb20f, 0x0, 0xc1f39e10bf83691d, 0xe276f6ab132ba157, 0x5f6ecfe276c83291, 0x2242c2525a31e297, 0x26b4f171394d261f, 0x0000000000000000, 0x0000000000000000, 0x0000000000000000, 0x0000000000000000, 1, },
        { 0x1, 0, 0x00000acc837b, 0x0103, 4384, 8421, 0x00001011, 0xfba3ec8bfdddb20f, 0x0, 0xc1f39e10bf83691d, 0xe276f6ab132ba157, 0x5f6ecfe276c83291, 0x2242c2525a31e297, 0x26b4f171394d261f, 0x0000000000000000, 0x0000000000000000, 0x0000000000000000, 0x0000000000000000, 1, },
        { 0x1, 0, 0x00000acc837b, 0x015c, 6569, 8421, 0x00000102, 0xfba3ec8bfdddb20f, 0x0, 0xc1f39e10bf83691d, 0xe276f6ab132ba157, 0x5f6ecfe276c83291, 0x2242c2525a31e297, 0x26b4f171394d261f, 0x0000000000000000, 0x0000000000000000, 0x0000000000000000, 0x0000000000000000, 1, },
        { 0x1, 0, 0x00000acc837b, 0x013a, 4287, 8421, 0x1700000010, 0xfba3ec8bfdddb20f, 0x0, 0xc1f39e10bf83691d, 0xe276f6ab132ba157, 0x5f6ecfe276c83291, 0x2242c2525a31e297, 0x26b4f171394d261f, 0x0000000000000000, 0x0000000000000000, 0x0000000000000000, 0x0000000000000000, 1, },
        { 0x1, 0, 0x00000acc837b, 0x0142, 0169, 8421, 0x00000100, 0xfba3ec8bfdddb20f, 0x0, 0xc1f39e10bf83691d, 0xe276f6ab132ba157, 0x5f6ecfe276c83291, 0x2242c2525a31e297, 0x26b4f171394d261f, 0x0000000000000000, 0x0000000000000000, 0x0000000000000000, 0x0000000000000000, 1, },
        { 0x1, 0, 0x00000acc837b, 0x0142, 0183, 8421, 0x1000000010000, 0xfba3ec8bfdddb20f, 0x0, 0xc1f39e10bf83691d, 0xe276f6ab132ba157, 0x5f6ecfe276c83291, 0x2242c2525a31e297, 0x26b4f171394d261f, 0x0000000000000000, 0x0000000000000000, 0x0000000000000000, 0x0000000000000000, 1, },
        { 0x1, 0, 0x00000acc837c, 0x0130, 5923, 8421, 0x2dfb9400000200, 0x0000000000000000, 0x0, 0x0, 0x0, 0x0000000000000000, 0x0000000000000000, 0x0000000000000000, 0x0000000000000000, 0x0000000000000000, 0x0000000000000000, 0x0000000000000000, 0, },
        { 0x1, 0, 0x00000acc837c, 0x012f, 0422, 8421, 0x00510110, 0xfba3ec8bfdddb20f, 0x0, 0xc1f39e10bf83691d, 0xe276f6ab132ba157, 0x5f6ecfe276c83291, 0x2242c2525a31e297, 0x26b4f171394d261f, 0x0000000000000000, 0x0000000000000000, 0x0000000000000000, 0x0000000000000000, 1, },
        { 0x1, 0, 0x00000acc837e, 0x020c, 0396, 8421, 0x100000000, 0xfba3ec8bfdddb20f, 0x0, 0xc1f39e10bf83691d, 0xe276f6ab132ba157, 0x5f6ecfe276c83291, 0x2242c2525a31e297, 0x26b4f171394d261f, 0x0000000000000000, 0x0000000000000000, 0x0000000000000000, 0x0000000000000000, 1, },
        { 0x1, 0, 0x00000acc83f8, 0x020c, 0396, 8421, 0x200000001, 0xfba3ec8bfdddb20f, 0x0, 0xc1f39e10bf83691d, 0xe276f6ab132ba157, 0x5f6ecfe276c83291, 0x2242c2525a31e297, 0x26b4f171394d261f, 0x0000000000000000, 0x0000000000000000, 0x0000000000000000, 0x0000000000000000, 1, },
        { 0x1, 0, 0x00000acc8418, 0x014d, 0123, 8421, 0x00000000, 0xfba3ec8bfdddb20f, 0x0, 0xc1f39e10bf83691d, 0xe276f6ab132ba157, 0x5f6ecfe276c83291, 0x2242c2525a31e297, 0x26b4f171394d261f, 0x0000000000000000, 0x0000000000000000, 0x0000000000000000, 0x0000000000000000, 1, },
        { 0x1, 0, 0x00000acc8419, 0x014d, 0676, 8421, 0x00000000, 0xfba3ec8bfdddb20f, 0x0, 0xc1f39e10bf83691d, 0xe276f6ab132ba157, 0x5f6ecfe276c83291, 0x2242c2525a31e297, 0x26b4f171394d261f, 0x0000000000000000, 0x0000000000000000, 0x0000000000000000, 0x0000000000000000, 1, },
        { 0x1, 0, 0x00000acc841a, 0x0107, 5023, 8421, 0x1700000000, 0xfba3ec8bfdddb20f, 0x0, 0xc1f39e10bf83691d, 0xe276f6ab132ba157, 0x5f6ecfe276c83291, 0x2242c2525a31e297, 0x26b4f171394d261f, 0x0000000000000000, 0x0000000000000000, 0x0000000000000000, 0x0000000000000000, 1, },
        { 0x1, 0, 0x00000acc841a, 0x0129, 4692, 8421, 0x00001000, 0xfba3ec8bfdddb20f, 0x0, 0xc1f39e10bf83691d, 0xe276f6ab132ba157, 0x5f6ecfe276c83291, 0x2242c2525a31e297, 0x26b4f171394d261f, 0x0000000000000000, 0x0000000000000000, 0x0000000000000000, 0x0000000000000000, 1, },
        { 0x1, 0, 0x00000acc841a, 0x0154, 0066, 8421, 0xfffffffe00000001, 0xfba3ec8bfdddb20f, 0x0, 0xc1f39e10bf83691d, 0xe276f6ab132ba157, 0x5f6ecfe276c83291, 0x2242c2525a31e297, 0x26b4f171394d261f, 0x0000000000000000, 0x0000000000000000, 0x0000000000000000, 0x0000000000000000, 1, },
        { 0x1, 0, 0x00000acc841b, 0x0142, 0169, 8421, 0x00000110, 0x0000000000000000, 0x0, 0x0, 0x0, 0x0000000000000000, 0x0000000000000000, 0x0000000000000000, 0x0000000000000000, 0x0000000000000000, 0x0000000000000000, 0x0000000000000000, 0, },
        { 0x1, 0, 0x00000acc841b, 0x0142, 0183, 8421, 0x1000000020000, 0x0000000000000000, 0x0, 0x0, 0x0, 0x0000000000000000, 0x0000000000000000, 0x0000000000000000, 0x0000000000000000, 0x0000000000000000, 0x0000000000000000, 0x0000000000000000, 0, },
        { 0x1, 0, 0x00000acc841b, 0x0214, 0480, 8421, 0x200000000, 0xfba3ec8bfdddb20f, 0x0, 0xc1f39e10bf83691d, 0xe276f6ab132ba157, 0x5f6ecfe276c83291, 0x2242c2525a31e297, 0x26b4f171394d261f, 0x0000000000000000, 0x0000000000000000, 0x0000000000000000, 0x0000000000000000, 1, },
        { 0x1, 0, 0x00000acc841e, 0x0200, 0330, 8421, 0x01000100, 0xfba3ec8bfdddb20f, 0x0, 0xc1f39e10bf83691d, 0xe276f6ab132ba157, 0x5f6ecfe276c83291, 0x2242c2525a31e297, 0x26b4f171394d261f, 0x0000000000000000, 0x0000000000000000, 0x0000000000000000, 0x0000000000000000, 1, },
        { 0x1, 0, 0x00000acc841e, 0x014c, 6514, 8421, 0x00000000, 0x0000000000000000, 0x0, 0x0, 0x0, 0x0000000000000000, 0x0000000000000000, 0x0000000000000000, 0x0000000000000000, 0x0000000000000000, 0x0000000000000000, 0x0000000000000000, 0, },
        { 0x1, 0, 0x00000acc841e, 0x0104, 4449, 8421, 0x100010100, 0x0000000000000000, 0x0, 0x0, 0x0, 0x0000000000000000, 0x0000000000000000, 0x0000000000000000, 0x0000000000000000, 0x0000000000000000, 0x0000000000000000, 0x0000000000000000, 0, },
        { 0x1, 0, 0x00000acc841f, 0x0117, 1618, 8421, 0x00000001, 0x0000000000000000, 0x0, 0x0, 0x0, 0x0000000000000000, 0x0000000000000000, 0x0000000000000000, 0x0000000000000000, 0x0000000000000000, 0x0000000000000000, 0x0000000000000000, 0, },
        { 0x1, 0, 0x00000acc841f, 0x0126, 3260, 8421, 0xffffffe3ac211000, 0x0000000000000000, 0x0, 0x0, 0x0, 0x0000000000000000, 0x0000000000000000, 0x0000000000000000, 0x0000000000000000, 0x0000000000000000, 0x0000000000000000, 0x0000000000000000, 0, },
        { 0x1, 0, 0x00000acc84e7, 0x021c, 0440, 399, 0x4100010000, 0x0000000000000000, 0x0, 0x0, 0x0, 0x0000000000000000, 0x0000000000000000, 0x0000000000000000, 0x0000000000000000, 0x0000000000000000, 0x0000000000000000, 0x0000000000000000, 0, },
        { 0x1, 0, 0x00000acc84e7, 0x0142, 0169, 399, 0x00000120, 0x0000000000000000, 0x0, 0x0, 0x0, 0x0000000000000000, 0x0000000000000000, 0x0000000000000000, 0x0000000000000000, 0x0000000000000000, 0x0000000000000000, 0x0000000000000000, 0, },
        { 0x1, 0, 0x00000acc84e8, 0x0142, 0183, 399, 0x1000000030000, 0x0000000000000000, 0x0, 0x0, 0x0, 0x0000000000000000, 0x0000000000000000, 0x0000000000000000, 0x0000000000000000, 0x0000000000000000, 0x0000000000000000, 0x0000000000000000, 0, },
        { 0x1, 0, 0x00000acc84e9, 0x0218, 0566, 399, 0x00010100, 0xfba3ec8bfdddb20f, 0x0, 0xc1f39e10bf83691d, 0xe276f6ab132ba157, 0x5f6ecfe276c83291, 0x2242c2525a31e297, 0x26b4f171394d261f, 0x0000000000000000, 0x0000000000000000, 0x0000000000000000, 0x0000000000000000, 1, },
        { 0x1, 0, 0x00000acc84e9, 0x0142, 0169, 399, 0x00000030, 0x0000000000000000, 0x0, 0x0, 0x0, 0x0000000000000000, 0x0000000000000000, 0x0000000000000000, 0x0000000000000000, 0x0000000000000000, 0x0000000000000000, 0x0000000000000000, 0, },
        { 0x1, 0, 0x00000acc84e9, 0x0142, 0248, 399, 0xffff000000020000, 0x0000000000000000, 0x0, 0x0, 0x0, 0x0000000000000000, 0x0000000000000000, 0x0000000000000000, 0x0000000000000000, 0x0000000000000000, 0x0000000000000000, 0x0000000000000000, 0, },
        { 0x1, 0, 0x00000acc84e9, 0x0204, 0353, 399, 0x01010100, 0xfba3ec8bfdddb20f, 0x0, 0xc1f39e10bf83691d, 0xe276f6ab132ba157, 0x5f6ecfe276c83291, 0x2242c2525a31e297, 0x26b4f171394d261f, 0x0000000000000000, 0x0000000000000000, 0x0000000000000000, 0x0000000000000000, 1, },
        { 0x1, 0, 0x00000acc84e9, 0x0210, 0425, 399, 0x200000001, 0xfba3ec8bfdddb20f, 0x0, 0xc1f39e10bf83691d, 0xe276f6ab132ba157, 0x5f6ecfe276c83291, 0x2242c2525a31e297, 0x26b4f171394d261f, 0x0000000000000000, 0x0000000000000000, 0x0000000000000000, 0x0000000000000000, 1, },
        { 0x1, 0, 0x00000acc84ea, 0x0142, 0169, 399, 0x00000020, 0x0000000000000000, 0x0, 0x0, 0x0, 0x0000000000000000, 0x0000000000000000, 0x0000000000000000, 0x0000000000000000, 0x0000000000000000, 0x0000000000000000, 0x0000000000000000, 0, },
        { 0x1, 0, 0x00000acc84ea, 0x0142, 0248, 399, 0xffff000000010000, 0x0000000000000000, 0x0, 0x0, 0x0, 0x0000000000000000, 0x0000000000000000, 0x0000000000000000, 0x0000000000000000, 0x0000000000000000, 0x0000000000000000, 0x0000000000000000, 0, },
        { 0x1, 0, 0x00000acc88de, 0x0108, 4102, 399, 0x100000000, 0x0000000000000000, 0x0, 0x0, 0x0, 0x0000000000000000, 0x0000000000000000, 0x0000000000000000, 0x0000000000000000, 0x0000000000000000, 0x0000000000000000, 0x0000000000000000, 0, },
        { 0x1, 0, 0x00000acc88df, 0x0109, 4160, 399, 0x00000000, 0x0000000000000000, 0x0, 0x0, 0x0, 0x0000000000000000, 0x0000000000000000, 0x0000000000000000, 0x0000000000000000, 0x0000000000000000, 0x0000000000000000, 0x0000000000000000, 0, },
        { 0x1, 0, 0x00000acc88e4, 0x014c, 6514, 399, 0x00000001, 0x0000000000000000, 0x0, 0x0, 0x0, 0x0000000000000000, 0x0000000000000000, 0x0000000000000000, 0x0000000000000000, 0x0000000000000000, 0x0000000000000000, 0x0000000000000000, 0, },
        { 0x1, 0, 0x00000acc88e4, 0x0121, 4390, 399, 0x00010001, 0x0000000000000000, 0x0, 0x0, 0x0, 0x0000000000000000, 0x0000000000000000, 0x0000000000000000, 0x0000000000000000, 0x0000000000000000, 0x0000000000000000, 0x0000000000000000, 0, },
        { 0x1, 0, 0x00000acc88e5, 0x0122, 4502, 399, 0x1700170000, 0xfba3ec8bfdddb20f, 0x0, 0xc1f39e10bf83691d, 0xe276f6ab132ba157, 0x5f6ecfe276c83291, 0x2242c2525a31e297, 0x26b4f171394d261f, 0x0000000000000000, 0x0000000000000000, 0x0000000000000000, 0x0000000000000000, 1, },
        { 0x1, 0, 0x00000acc88e6, 0x012a, 4704, 399, 0x00000100, 0xfba3ec8bfdddb20f, 0x0, 0xc1f39e10bf83691d, 0xe276f6ab132ba157, 0x5f6ecfe276c83291, 0x2242c2525a31e297, 0x26b4f171394d261f, 0x0000000000000000, 0x0000000000000000, 0x0000000000000000, 0x0000000000000000, 1, },
        { 0x1, 0, 0x00000acc88e6, 0x0106, 4546, 399, 0x00000101, 0xfba3ec8bfdddb20f, 0x0, 0xc1f39e10bf83691d, 0xe276f6ab132ba157, 0x5f6ecfe276c83291, 0x2242c2525a31e297, 0x26b4f171394d261f, 0x0000000000000000, 0x0000000000000000, 0x0000000000000000, 0x0000000000000000, 1, },
        { 0x1, 0, 0x00000acc88e7, 0x0106, 4283, 399, 0x00000010, 0xfba3ec8bfdddb20f, 0x0, 0xc1f39e10bf83691d, 0xe276f6ab132ba157, 0x5f6ecfe276c83291, 0x2242c2525a31e297, 0x26b4f171394d261f, 0x0000000000000000, 0x0000000000000000, 0x0000000000000000, 0x0000000000000000, 1, },
        { 0x1, 0, 0x00000acc88eb, 0x0105, 1777, 399, 0x00011010, 0xfba3ec8bfdddb20f, 0x0, 0xc1f39e10bf83691d, 0xe276f6ab132ba157, 0x5f6ecfe276c83291, 0x2242c2525a31e297, 0x26b4f171394d261f, 0x0000000000000000, 0x0000000000000000, 0x0000000000000000, 0x0000000000000000, 1, },
        { 0x1, 0, 0x00000acc88ed, 0x0142, 0169, 399, 0x00000010, 0xfba3ec8bfdddb20f, 0x0, 0xc1f39e10bf83691d, 0xe276f6ab132ba157, 0x5f6ecfe276c83291, 0x2242c2525a31e297, 0x26b4f171394d261f, 0x0000000000000000, 0x0000000000000000, 0x0000000000000000, 0x0000000000000000, 1, },
        { 0x1, 0, 0x00000acc88ed, 0x0142, 0248, 399, 0xffff000000000000, 0xfba3ec8bfdddb20f, 0x0, 0xc1f39e10bf83691d, 0xe276f6ab132ba157, 0x5f6ecfe276c83291, 0x2242c2525a31e297, 0x26b4f171394d261f, 0x0000000000000000, 0x0000000000000000, 0x0000000000000000, 0x0000000000000000, 1, },
        { 0x1, 0, 0x00000acc88f4, 0x0132, 0128, 399, 0x00000001, 0x0000000000000000, 0x0, 0x0, 0x0, 0x0000000000000000, 0x0000000000000000, 0x0000000000000000, 0x0000000000000000, 0x0000000000000000, 0x0000000000000000, 0x0000000000000000, 0, },
        { 0x1, 0, 0x00000acc88f5, 0x0132, 0160, 399, 0x00000001, 0x0000000000000000, 0x0, 0x0, 0x0, 0x0000000000000000, 0x0000000000000000, 0x0000000000000000, 0x0000000000000000, 0x0000000000000000, 0x0000000000000000, 0x0000000000000000, 0, },
        { 0x1, 0, 0x00000acc88f5, 0x0141, 0181, 399, 0x00000000, 0x0000000000000000, 0x0, 0x0, 0x0, 0x0000000000000000, 0x0000000000000000, 0x0000000000000000, 0x0000000000000000, 0x0000000000000000, 0x0000000000000000, 0x0000000000000000, 0, },
        { 0x1, 0, 0x00000acc88f5, 0x011d, 0563, 399, 0x00001010, 0x0000000000000000, 0x0, 0x0, 0x0, 0x0000000000000000, 0x0000000000000000, 0x0000000000000000, 0x0000000000000000, 0x0000000000000000, 0x0000000000000000, 0x0000000000000000, 0, },
        { 0x1, 0, 0x00000acc890c, 0x017e, 0113, 399, 0x00dd0000, 0x0000000000000000, 0x0, 0x0, 0x0, 0x0000000000000000, 0x0000000000000000, 0x0000000000000000, 0x0000000000000000, 0x0000000000000000, 0x0000000000000000, 0x0000000000000000, 0, },
        { 0x1, 0, 0x00000acc892b, 0x014a, 0249, 399, 0x00000000, 0x0000000000000000, 0x0, 0x0, 0x0, 0x0000000000000000, 0x0000000000000000, 0x0000000000000000, 0x0000000000000000, 0x0000000000000000, 0x0000000000000000, 0x0000000000000000, 0, },
        { 0x1, 0, 0x00000acc892b, 0x014c, 6514, 399, 0x00000001, 0x0000000000000000, 0x0, 0x0, 0x0, 0x0000000000000000, 0x0000000000000000, 0x0000000000000000, 0x0000000000000000, 0x0000000000000000, 0x0000000000000000, 0x0000000000000000, 0, },
        { 0x1, 0, 0x00000acc893b, 0x0111, 4531, 399, 0xffffffe3ac211490, 0xfba3ec8bfdddb20f, 0x0, 0xc1f39e10bf83691d, 0xe276f6ab132ba157, 0x5f6ecfe276c83291, 0x2242c2525a31e297, 0x26b4f171394d261f, 0x0000000000000000, 0x0000000000000000, 0x0000000000000000, 0x0000000000000000, 1, },
        { 0x1, 0, 0x00000acc893d, 0x0112, 4535, 399, 0xffffffe3ac211490, 0xfba3ec8bfdddb20f, 0x0, 0xc1f39e10bf83691d, 0xe276f6ab132ba157, 0x5f6ecfe276c83291, 0x2242c2525a31e297, 0x26b4f171394d261f, 0x0000000000000000, 0x0000000000000000, 0x0000000000000000, 0x0000000000000000, 1, },
        { 0x1, 0, 0x00000acc893d, 0x0111, 4553, 399, 0xffffffe3ac211750, 0xfba3ec8bfdddb20f, 0x0, 0xc1f39e10bf83691d, 0xe276f6ab132ba157, 0x5f6ecfe276c83291, 0x0000000000000000, 0x26b4f171394d261f, 0x0000000000000000, 0x0000000000000000, 0x0000000000000000, 0x0000000000000000, 1, },
        { 0x1, 0, 0x00000acc893e, 0x0112, 4557, 399, 0xffffffe3ac211750, 0xfba3ec8bfdddb20f, 0x0, 0xc1f39e10bf83691d, 0xe276f6ab132ba157, 0x5f6ecfe276c83291, 0x0000000000000000, 0x26b4f171394d261f, 0x0000000000000000, 0x0000000000000000, 0x0000000000000000, 0x0000000000000000, 1, },
        { 0x1, 0, 0x00000acc893e, 0x0113, 4585, 399, 0x1700000000, 0xfba3ec8bfdddb20f, 0x0, 0xc1f39e10bf83691d, 0xe276f6ab132ba157, 0x5f6ecfe276c83291, 0x0000000000000000, 0x0000000000000000, 0x0000000000000000, 0x0000000000000000, 0x0000000000000000, 0x0000000000000000, 1, },
        { 0x1, 0, 0x00000acc8945, 0x011a, 7131, 399, 0x100000000000000, 0x0000000000000000, 0x0, 0x0, 0x0, 0x0000000000000000, 0x0000000000000000, 0x0000000000000000, 0x0000000000000000, 0x0000000000000000, 0x0000000000000000, 0x0000000000000000, 0, },
        { 0x1, 0, 0x00000acc8995, 0x0115, 0563, 8421, 0xffffffe2c8ca6120, 0x0000000000000000, 0x0, 0x0, 0x0, 0x0000000000000000, 0x0000000000000000, 0x0000000000000000, 0x0000000000000000, 0x0000000000000000, 0x0000000000000000, 0x0000000000000000, 0, },
        { 0x1, 0, 0x00000acc89ae, 0x011a, 7131, 399, 0x100005b80000000, 0x0000000000000000, 0x0, 0x0, 0x0, 0x0000000000000000, 0x0000000000000000, 0x0000000000000000, 0x0000000000000000, 0x0000000000000000, 0x0000000000000000, 0x0000000000000000, 0, },
        { 0x1, 0, 0x00000acc89ae, 0x010d, 4599, 399, 0x00000013, 0xfba3ec8bfdddb20f, 0x0, 0xc1f39e10bf83691d, 0xe276f6ab132ba157, 0x5f6ecfe276c83291, 0x0000000000000000, 0x0000000000000000, 0x0000000000000000, 0x0000000000000000, 0x0000000000000000, 0x0000000000000000, 1, },
        { 0x1, 0, 0x00000acc89af, 0x010d, 4605, 399, 0x00000014, 0xfba3ec8bfdddb20f, 0x0, 0xc1f39e10bf83691d, 0xe276f6ab132ba157, 0x5f6ecfe276c83291, 0x0000000000000000, 0x0000000000000000, 0x0000000000000000, 0x0000000000000000, 0x0000000000000000, 0x0000000000000000, 1, },
        { 0x1, 0, 0x00000acc89af, 0x0180, 6685, 399, 0xf02dfb9400000000, 0x0000000000000000, 0x0, 0x0, 0x0, 0x0000000000000000, 0x0000000000000000, 0x0000000000000000, 0x0000000000000000, 0x0000000000000000, 0x0000000000000000, 0x0000000000000000, 0, },
        { 0x1, 0, 0x00000acc89af, 0x0120, 4648, 399, 0x00000001, 0xfba3ec8bfdddb20f, 0x0, 0xc1f39e10bf83691d, 0xe276f6ab132ba157, 0x5f6ecfe276c83291, 0x0000000000000000, 0x0000000000000000, 0x0000000000000000, 0x0000000000000000, 0x0000000000000000, 0x0000000000000000, 1, },
        { 0x1, 0, 0x00000acc89c1, 0x0123, 4583, 399, 0x00000110, 0x0000000000000000, 0x0, 0x0, 0x0, 0x0000000000000000, 0x0000000000000000, 0x0000000000000000, 0x0000000000000000, 0x0000000000000000, 0x0000000000000000, 0x0000000000000000, 0, },
        { 0x1, 0, 0x00000acc89c1, 0x014c, 6514, 399, 0x00000001, 0x0000000000000000, 0x0, 0x0, 0x0, 0x0000000000000000, 0x0000000000000000, 0x0000000000000000, 0x0000000000000000, 0x0000000000000000, 0x0000000000000000, 0x0000000000000000, 0, },
        { 0x1, 0, 0x00000acc89c1, 0x0117, 1618, 399, 0x00000001, 0x0000000000000000, 0x0, 0x0, 0x0, 0x0000000000000000, 0x0000000000000000, 0x0000000000000000, 0x0000000000000000, 0x0000000000000000, 0x0000000000000000, 0x0000000000000000, 0, },
        { 0x1, 0, 0x00000acc8a0f, 0x0176, 2014, 8421, 0x4700000000, 0x0000000000000000, 0x0, 0x0, 0x0, 0x0000000000000000, 0x0000000000000000, 0x0000000000000000, 0x0000000000000000, 0x0000000000000000, 0x0000000000000000, 0x0000000000000000, 0, },
        { 0x1, 0, 0x00000acc8ac9, 0x0175, 1981, 8421, 0x4800010001, 0x0000000000000000, 0x0, 0x0, 0x0, 0x0000000000000000, 0x0000000000000000, 0x0000000000000000, 0x0000000000000000, 0x0000000000000000, 0x0000000000000000, 0x0000000000000000, 0, },
        { 0x1, 0, 0x00000acc8c00, 0x011f, 2498, 8421, 0x200000018, 0xfba3ec8bfdddb20f, 0x8, 0x0, 0x0, 0x4e3b89c6cdea6453, 0x0000000000000000, 0x0000000000000000, 0x0000000000000000, 0x0000000000000000, 0x0000000000000000, 0x0000000000000000, 1, },
        { 0x1, 0, 0x00000acc8c01, 0x0149, 6431, 8421, 0x00168555, 0xfba3ec8bfdddb20f, 0x8, 0xe276f6ab132ba157, 0x9ee3d8ce65b408f, 0x4e3b89c6cdea6453, 0x0000000000000000, 0x0000000000000000, 0x0000000000000000, 0x0000000000000000, 0x0000000000000000, 0x0000000000000000, 1, },
        { 0x1, 0, 0x00000acc8c01, 0x017f, 6692, 8421, 0x1016855501685550, 0x0000000000000000, 0x0, 0x0, 0x0, 0x0000000000000000, 0x0000000000000000, 0x0000000000000000, 0x0000000000000000, 0x0000000000000000, 0x0000000000000000, 0x0000000000000000, 0, },
        { 0x1, 0, 0x00000acc8c01, 0x0148, 6461, 8421, 0x00000000, 0xfba3ec8bfdddb20f, 0x0, 0xe276f6ab132ba157, 0x9ee3d8ce65b408f, 0x4e3b89c6cdea6453, 0x0000000000000000, 0x0000000000000000, 0x0000000000000000, 0x0000000000000000, 0x0000000000000000, 0x0000000000000000, 1, },
        { 0x1, 0, 0x00000acc8c01, 0x0125, 2945, 8421, 0x00000018, 0xfba3ec8bfdddb20f, 0x0, 0xe276f6ab132ba157, 0x9ee3d8ce65b408f, 0x4e3b89c6cdea6453, 0x0000000000000000, 0x0000000000000000, 0x0000000000000000, 0x0000000000000000, 0x0000000000000000, 0x0000000000000000, 1, },
        { 0x1, 0, 0x00000acc8c12, 0x010a, 5185, 8421, 0xffffffe1e0f03be0, 0xfba3ec8bfdddb20f, 0x0, 0xe276f6ab132ba157, 0x9ee3d8ce65b408f, 0x4e3b89c6cdea6453, 0x0000000000000000, 0x0000000000000000, 0x0000000000000000, 0x0000000000000000, 0x0000000000000000, 0x0000000000000000, 1, },
        { 0x1, 0, 0x00000acc8c12, 0x010c, 5194, 8421, 0xffffffe017141668, 0xfba3ec8bfdddb20f, 0x0, 0xe276f6ab132ba157, 0x9ee3d8ce65b408f, 0x4e3b89c6cdea6453, 0x0000000000000000, 0x0000000000000000, 0x0000000000000000, 0x0000000000000000, 0x0000000000000000, 0x0000000000000000, 1, },
        { 0x1, 0, 0x00000acc8c1e, 0x010a, 5185, 8421, 0xffffffe0181666a0, 0xfba3ec8bfdddb20f, 0x0, 0xe276f6ab132ba157, 0x9ee3d8ce65b408f, 0x4e3b89c6cdea6453, 0x0000000000000000, 0x0000000000000000, 0x0000000000000000, 0x0000000000000000, 0x0000000000000000, 0x0000000000000000, 1, },
        { 0x1, 0, 0x00000acc8c1e, 0x010c, 5194, 8421, 0xffffffe016f752a0, 0xfba3ec8bfdddb20f, 0x0, 0xe276f6ab132ba157, 0x9ee3d8ce65b408f, 0x4e3b89c6cdea6453, 0x0000000000000000, 0x0000000000000000, 0x0000000000000000, 0x0000000000000000, 0x0000000000000000, 0x0000000000000000, 1, },
        { 0x1, 0, 0x00000acc8c1f, 0x0135, 5397, 8421, 0x00001001, 0xfba3ec8bfdddb20f, 0x0, 0xe276f6ab132ba157, 0x9ee3d8ce65b408f, 0x4e3b89c6cdea6453, 0x0000000000000000, 0x0000000000000000, 0x0000000000000000, 0x0000000000000000, 0x0000000000000000, 0x0000000000000000, 1, },
        { 0x1, 0, 0x00000acc8c1f, 0x0142, 0169, 8421, 0x00000100, 0xfba3ec8bfdddb20f, 0x0, 0xe276f6ab132ba157, 0x9ee3d8ce65b408f, 0x4e3b89c6cdea6453, 0x0000000000000000, 0x0000000000000000, 0x0000000000000000, 0x0000000000000000, 0x0000000000000000, 0x0000000000000000, 1, },
        { 0x1, 0, 0x00000acc8c1f, 0x0141, 0181, 8421, 0x00000001, 0x0000000000000000, 0x0, 0x0, 0x0, 0x0000000000000000, 0x0000000000000000, 0x0000000000000000, 0x0000000000000000, 0x0000000000000000, 0x0000000000000000, 0x0000000000000000, 0, },
        { 0x1, 0, 0x00000acc8c53, 0x017e, 0113, 8421, 0x00dd0100, 0x0000000000000000, 0x0, 0x0, 0x0, 0x0000000000000000, 0x0000000000000000, 0x0000000000000000, 0x0000000000000000, 0x0000000000000000, 0x0000000000000000, 0x0000000000000000, 0, },
        { 0x1, 0, 0x00000acc8c53, 0x011d, 0563, 8421, 0x00001001, 0x0000000000000000, 0x0, 0x0, 0x0, 0x0000000000000000, 0x0000000000000000, 0x0000000000000000, 0x0000000000000000, 0x0000000000000000, 0x0000000000000000, 0x0000000000000000, 0, },
        { 0x1, 0, 0x00000acc8c66, 0x014a, 0249, 8421, 0x00000010, 0x0000000000000000, 0x0, 0x0, 0x0, 0x0000000000000000, 0x0000000000000000, 0x0000000000000000, 0x0000000000000000, 0x0000000000000000, 0x0000000000000000, 0x0000000000000000, 0, },
        { 0x1, 0, 0x00000acc8c66, 0x0127, 0941, 8421, 0x00000001, 0x0000000000000000, 0x0, 0x0, 0x0, 0x0000000000000000, 0x0000000000000000, 0x0000000000000000, 0x0000000000000000, 0x0000000000000000, 0x0000000000000000, 0x0000000000000000, 0, },
        { 0x1, 0, 0x00000acc8c6a, 0x0224, 0160, 8421, 0x00000011, 0x0000000000000000, 0x0, 0x0, 0x0, 0x0000000000000000, 0x0000000000000000, 0x0000000000000000, 0x0000000000000000, 0x0000000000000000, 0x0000000000000000, 0x0000000000000000, 0, },
        { 0x1, 0, 0x00000acc8c7b, 0x014c, 6514, 8421, 0x00000001, 0x0000000000000000, 0x0, 0x0, 0x0, 0x0000000000000000, 0x0000000000000000, 0x0000000000000000, 0x0000000000000000, 0x0000000000000000, 0x0000000000000000, 0x0000000000000000, 0, },
        { 0x1, 0, 0x00000acc8c7b, 0x0142, 0226, 8421, 0x1000000010000, 0xfba3ec8bfdddb20f, 0x0, 0xe276f6ab132ba157, 0x9ee3d8ce65b408f, 0x4e3b89c6cdea6453, 0x0000000000000000, 0x0000000000000000, 0x0000000000000000, 0x0000000000000000, 0x0000000000000000, 0x0000000000000000, 1, },
        { 0x1, 0, 0x00000acc8c7b, 0x0135, 5406, 8421, 0x00000110, 0xfba3ec8bfdddb20f, 0x0, 0xe276f6ab132ba157, 0x9ee3d8ce65b408f, 0x4e3b89c6cdea6453, 0x0000000000000000, 0x0000000000000000, 0x0000000000000000, 0x0000000000000000, 0x0000000000000000, 0x0000000000000000, 1, },
        { 0x1, 0, 0x00000acc8c7b, 0x010b, 7065, 8421, 0xffffffe1e0f03be0, 0x0000000000000000, 0x0, 0x0, 0x0, 0x0000000000000000, 0x0000000000000000, 0x0000000000000000, 0x0000000000000000, 0x0000000000000000, 0x0000000000000000, 0x0000000000000000, 0, },
        { 0x1, 0, 0x00000acc8cb2, 0x0119, 7100, 8421, 0x100005b80000000, 0x0000000000000000, 0x0, 0x0, 0x0, 0x0000000000000000, 0x0000000000000000, 0x0000000000000000, 0x0000000000000000, 0x0000000000000000, 0x0000000000000000, 0x0000000000000000, 0, },
        { 0x1, 0, 0x00000acc8cb3, 0x010b, 7065, 8421, 0xffffffe0181666a0, 0x0000000000000000, 0x0, 0x0, 0x0, 0x0000000000000000, 0x0000000000000000, 0x0000000000000000, 0x0000000000000000, 0x0000000000000000, 0x0000000000000000, 0x0000000000000000, 0, },
        { 0x1, 0, 0x00000acc8cb6, 0x0119, 7100, 8421, 0x100000000000000, 0x0000000000000000, 0x0, 0x0, 0x0, 0x0000000000000000, 0x0000000000000000, 0x0000000000000000, 0x0000000000000000, 0x0000000000000000, 0x0000000000000000, 0x0000000000000000, 0, },
        { 0x1, 0, 0x00000acc8cb8, 0x0135, 5397, 8421, 0x00010101, 0xfba3ec8bfdddb20f, 0x0, 0xe276f6ab132ba157, 0x9ee3d8ce65b408f, 0x4e3b89c6cdea6453, 0x0000000000000000, 0x0000000000000000, 0x0000000000000000, 0x0000000000000000, 0x0000000000000000, 0x0000000000000000, 1, },
        { 0x1, 0, 0x00000acc8cb8, 0x0142, 0169, 8421, 0x00000010, 0xfba3ec8bfdddb20f, 0x0, 0xe276f6ab132ba157, 0x9ee3d8ce65b408f, 0x4e3b89c6cdea6453, 0x0000000000000000, 0x0000000000000000, 0x0000000000000000, 0x0000000000000000, 0x0000000000000000, 0x0000000000000000, 1, },
        { 0x1, 0, 0x00000acc8cb8, 0x0142, 0248, 8421, 0xffff000000000000, 0xfba3ec8bfdddb20f, 0x0, 0xe276f6ab132ba157, 0x9ee3d8ce65b408f, 0x4e3b89c6cdea6453, 0x0000000000000000, 0x0000000000000000, 0x0000000000000000, 0x0000000000000000, 0x0000000000000000, 0x0000000000000000, 1, },
        { 0x1, 0, 0x00000acc8cbc, 0x0135, 5406, 8421, 0x00000000, 0xfba3ec8bfdddb20f, 0x0, 0xe276f6ab132ba157, 0x9ee3d8ce65b408f, 0x4e3b89c6cdea6453, 0x0000000000000000, 0x0000000000000000, 0x0000000000000000, 0x0000000000000000, 0x0000000000000000, 0x0000000000000000, 1, },
        { 0x1, 0, 0x00000acc8cbc, 0x0101, 4072, 8421, 0x00000000, 0xfba3ec8bfdddb20f, 0x0, 0xe276f6ab132ba157, 0x9ee3d8ce65b408f, 0x4e3b89c6cdea6453, 0x0000000000000000, 0x0000000000000000, 0x0000000000000000, 0x0000000000000000, 0x0000000000000000, 0x0000000000000000, 1, },
        { 0x1, 0, 0x00000acc8cbc, 0x010e, 4104, 8421, 0xffffffe016f752a0, 0xfba3ec8bfdddb20f, 0x0, 0xe276f6ab132ba157, 0x9ee3d8ce65b408f, 0x4e3b89c6cdea6453, 0x0000000000000000, 0x0000000000000000, 0x0000000000000000, 0x0000000000000000, 0x0000000000000000, 0x0000000000000000, 1, },
        { 0x1, 0, 0x00000acc8cbe, 0x010e, 4135, 8421, 0xffffffe017141668, 0xfba3ec8bfdddb20f, 0x0, 0xe276f6ab132ba157, 0x9ee3d8ce65b408f, 0x4e3b89c6cdea6453, 0x5b1466c3805deaf7, 0x0000000000000000, 0x0000000000000000, 0x0000000000000000, 0x0000000000000000, 0x0000000000000000, 1, },
        { 0x1, 0, 0x00000acc8cbf, 0x0102, 3944, 8421, 0x00020001, 0xfba3ec8bfdddb20f, 0x0, 0xe276f6ab132ba157, 0x9ee3d8ce65b408f, 0x4e3b89c6cdea6453, 0x5b1466c3805deaf7, 0x89f89ad54540f77f, 0x0000000000000000, 0x0000000000000000, 0x0000000000000000, 0x0000000000000000, 1, },
        { 0x1, 0, 0x00000acc8cc0, 0x0147, 4235, 8421, 0x00001001, 0xfba3ec8bfdddb20f, 0x0, 0xe276f6ab132ba157, 0x9ee3d8ce65b408f, 0x4e3b89c6cdea6453, 0x5b1466c3805deaf7, 0x89f89ad54540f77f, 0x0000000000000000, 0x0000000000000000, 0x0000000000000000, 0x0000000000000000, 1, },
        { 0x1, 0, 0x00000acc8cc0, 0x0103, 4384, 8421, 0x00001011, 0xfba3ec8bfdddb20f, 0x0, 0xe276f6ab132ba157, 0x9ee3d8ce65b408f, 0x4e3b89c6cdea6453, 0x5b1466c3805deaf7, 0x89f89ad54540f77f, 0x0000000000000000, 0x0000000000000000, 0x0000000000000000, 0x0000000000000000, 1, },
        { 0x1, 0, 0x00000acc8cc0, 0x015c, 6569, 8421, 0x00000102, 0xfba3ec8bfdddb20f, 0x0, 0xe276f6ab132ba157, 0x9ee3d8ce65b408f, 0x4e3b89c6cdea6453, 0x5b1466c3805deaf7, 0x89f89ad54540f77f, 0x0000000000000000, 0x0000000000000000, 0x0000000000000000, 0x0000000000000000, 1, },
        { 0x1, 0, 0x00000acc8cc0, 0x013a, 4287, 8421, 0x1800000010, 0xfba3ec8bfdddb20f, 0x0, 0xe276f6ab132ba157, 0x9ee3d8ce65b408f, 0x4e3b89c6cdea6453, 0x5b1466c3805deaf7, 0x89f89ad54540f77f, 0x0000000000000000, 0x0000000000000000, 0x0000000000000000, 0x0000000000000000, 1, },
        { 0x1, 0, 0x00000acc8cc0, 0x0142, 0169, 8421, 0x00000100, 0xfba3ec8bfdddb20f, 0x0, 0xe276f6ab132ba157, 0x9ee3d8ce65b408f, 0x4e3b89c6cdea6453, 0x5b1466c3805deaf7, 0x89f89ad54540f77f, 0x0000000000000000, 0x0000000000000000, 0x0000000000000000, 0x0000000000000000, 1, },
        { 0x1, 0, 0x00000acc8cc0, 0x0142, 0183, 8421, 0x1000000010000, 0xfba3ec8bfdddb20f, 0x0, 0xe276f6ab132ba157, 0x9ee3d8ce65b408f, 0x4e3b89c6cdea6453, 0x5b1466c3805deaf7, 0x89f89ad54540f77f, 0x0000000000000000, 0x0000000000000000, 0x0000000000000000, 0x0000000000000000, 1, },
        { 0x1, 0, 0x00000acc8cc1, 0x0130, 5923, 8421, 0x16855500000200, 0x0000000000000000, 0x0, 0x0, 0x0, 0x0000000000000000, 0x0000000000000000, 0x0000000000000000, 0x0000000000000000, 0x0000000000000000, 0x0000000000000000, 0x0000000000000000, 0, },
        { 0x1, 0, 0x00000acc8cc1, 0x012f, 0422, 8421, 0x00510110, 0xfba3ec8bfdddb20f, 0x0, 0xe276f6ab132ba157, 0x9ee3d8ce65b408f, 0x4e3b89c6cdea6453, 0x5b1466c3805deaf7, 0x89f89ad54540f77f, 0x0000000000000000, 0x0000000000000000, 0x0000000000000000, 0x0000000000000000, 1, },
        { 0x1, 0, 0x00000acc8cc2, 0x020c, 0396, 8421, 0x100000000, 0xfba3ec8bfdddb20f, 0x0, 0xe276f6ab132ba157, 0x9ee3d8ce65b408f, 0x4e3b89c6cdea6453, 0x5b1466c3805deaf7, 0x89f89ad54540f77f, 0x0000000000000000, 0x0000000000000000, 0x0000000000000000, 0x0000000000000000, 1, },
        { 0x1, 0, 0x00000acc8d38, 0x020c, 0396, 8421, 0x200000001, 0xfba3ec8bfdddb20f, 0x0, 0xe276f6ab132ba157, 0x9ee3d8ce65b408f, 0x4e3b89c6cdea6453, 0x5b1466c3805deaf7, 0x89f89ad54540f77f, 0x0000000000000000, 0x0000000000000000, 0x0000000000000000, 0x0000000000000000, 1, },
        { 0x1, 0, 0x00000acc8d3b, 0x014d, 0123, 8421, 0x00000000, 0xfba3ec8bfdddb20f, 0x0, 0xe276f6ab132ba157, 0x9ee3d8ce65b408f, 0x4e3b89c6cdea6453, 0x5b1466c3805deaf7, 0x89f89ad54540f77f, 0x0000000000000000, 0x0000000000000000, 0x0000000000000000, 0x0000000000000000, 1, },
        { 0x1, 0, 0x00000acc8d3c, 0x014d, 0676, 8421, 0x00000000, 0xfba3ec8bfdddb20f, 0x0, 0xe276f6ab132ba157, 0x9ee3d8ce65b408f, 0x4e3b89c6cdea6453, 0x5b1466c3805deaf7, 0x89f89ad54540f77f, 0x0000000000000000, 0x0000000000000000, 0x0000000000000000, 0x0000000000000000, 1, },
        { 0x1, 0, 0x00000acc8d3c, 0x0107, 5023, 8421, 0x1800000000, 0xfba3ec8bfdddb20f, 0x0, 0xe276f6ab132ba157, 0x9ee3d8ce65b408f, 0x4e3b89c6cdea6453, 0x5b1466c3805deaf7, 0x89f89ad54540f77f, 0x0000000000000000, 0x0000000000000000, 0x0000000000000000, 0x0000000000000000, 1, },
        { 0x1, 0, 0x00000acc8d3c, 0x0129, 4692, 8421, 0x00001000, 0xfba3ec8bfdddb20f, 0x0, 0xe276f6ab132ba157, 0x9ee3d8ce65b408f, 0x4e3b89c6cdea6453, 0x5b1466c3805deaf7, 0x89f89ad54540f77f, 0x0000000000000000, 0x0000000000000000, 0x0000000000000000, 0x0000000000000000, 1, },
        { 0x1, 0, 0x00000acc8d3d, 0x0154, 0066, 8421, 0xfffffffe00000001, 0xfba3ec8bfdddb20f, 0x0, 0xe276f6ab132ba157, 0x9ee3d8ce65b408f, 0x4e3b89c6cdea6453, 0x5b1466c3805deaf7, 0x89f89ad54540f77f, 0x0000000000000000, 0x0000000000000000, 0x0000000000000000, 0x0000000000000000, 1, },
        { 0x1, 0, 0x00000acc8d3d, 0x0142, 0169, 8421, 0x00000110, 0x0000000000000000, 0x0, 0x0, 0x0, 0x0000000000000000, 0x0000000000000000, 0x0000000000000000, 0x0000000000000000, 0x0000000000000000, 0x0000000000000000, 0x0000000000000000, 0, },
        { 0x1, 0, 0x00000acc8d3d, 0x0142, 0183, 8421, 0x1000000020000, 0x0000000000000000, 0x0, 0x0, 0x0, 0x0000000000000000, 0x0000000000000000, 0x0000000000000000, 0x0000000000000000, 0x0000000000000000, 0x0000000000000000, 0x0000000000000000, 0, },
        { 0x1, 0, 0x00000acc8d3d, 0x0214, 0480, 8421, 0x200000000, 0xfba3ec8bfdddb20f, 0x0, 0xe276f6ab132ba157, 0x9ee3d8ce65b408f, 0x4e3b89c6cdea6453, 0x5b1466c3805deaf7, 0x89f89ad54540f77f, 0x0000000000000000, 0x0000000000000000, 0x0000000000000000, 0x0000000000000000, 1, },
        { 0x1, 0, 0x00000acc8d40, 0x0200, 0330, 8421, 0x01000100, 0xfba3ec8bfdddb20f, 0x0, 0xe276f6ab132ba157, 0x9ee3d8ce65b408f, 0x4e3b89c6cdea6453, 0x5b1466c3805deaf7, 0x89f89ad54540f77f, 0x0000000000000000, 0x0000000000000000, 0x0000000000000000, 0x0000000000000000, 1, },
        { 0x1, 0, 0x00000acc8d40, 0x014c, 6514, 8421, 0x00000000, 0x0000000000000000, 0x0, 0x0, 0x0, 0x0000000000000000, 0x0000000000000000, 0x0000000000000000, 0x0000000000000000, 0x0000000000000000, 0x0000000000000000, 0x0000000000000000, 0, },
        { 0x1, 0, 0x00000acc8d40, 0x0104, 4449, 8421, 0x100010100, 0x0000000000000000, 0x0, 0x0, 0x0, 0x0000000000000000, 0x0000000000000000, 0x0000000000000000, 0x0000000000000000, 0x0000000000000000, 0x0000000000000000, 0x0000000000000000, 0, },
        { 0x1, 0, 0x00000acc8d41, 0x0117, 1618, 8421, 0x00000001, 0x0000000000000000, 0x0, 0x0, 0x0, 0x0000000000000000, 0x0000000000000000, 0x0000000000000000, 0x0000000000000000, 0x0000000000000000, 0x0000000000000000, 0x0000000000000000, 0, },
        { 0x1, 0, 0x00000acc8d41, 0x0126, 3260, 8421, 0xffffffe3ac211000, 0x0000000000000000, 0x0, 0x0, 0x0, 0x0000000000000000, 0x0000000000000000, 0x0000000000000000, 0x0000000000000000, 0x0000000000000000, 0x0000000000000000, 0x0000000000000000, 0, },
        { 0x1, 0, 0x00000acc8dfb, 0x021c, 0440, 399, 0x4100010000, 0x0000000000000000, 0x0, 0x0, 0x0, 0x0000000000000000, 0x0000000000000000, 0x0000000000000000, 0x0000000000000000, 0x0000000000000000, 0x0000000000000000, 0x0000000000000000, 0, },
        { 0x1, 0, 0x00000acc8dfb, 0x0142, 0169, 399, 0x00000120, 0x0000000000000000, 0x0, 0x0, 0x0, 0x0000000000000000, 0x0000000000000000, 0x0000000000000000, 0x0000000000000000, 0x0000000000000000, 0x0000000000000000, 0x0000000000000000, 0, },
        { 0x1, 0, 0x00000acc8dfb, 0x0142, 0183, 399, 0x1000000030000, 0x0000000000000000, 0x0, 0x0, 0x0, 0x0000000000000000, 0x0000000000000000, 0x0000000000000000, 0x0000000000000000, 0x0000000000000000, 0x0000000000000000, 0x0000000000000000, 0, },
        { 0x1, 0, 0x00000acc8dfc, 0x0218, 0566, 399, 0x00010100, 0xfba3ec8bfdddb20f, 0x0, 0xe276f6ab132ba157, 0x9ee3d8ce65b408f, 0x4e3b89c6cdea6453, 0x5b1466c3805deaf7, 0x89f89ad54540f77f, 0x0000000000000000, 0x0000000000000000, 0x0000000000000000, 0x0000000000000000, 1, },
        { 0x1, 0, 0x00000acc8dfc, 0x0142, 0169, 399, 0x00000030, 0x0000000000000000, 0x0, 0x0, 0x0, 0x0000000000000000, 0x0000000000000000, 0x0000000000000000, 0x0000000000000000, 0x0000000000000000, 0x0000000000000000, 0x0000000000000000, 0, },
        { 0x1, 0, 0x00000acc8dfc, 0x0142, 0248, 399, 0xffff000000020000, 0x0000000000000000, 0x0, 0x0, 0x0, 0x0000000000000000, 0x0000000000000000, 0x0000000000000000, 0x0000000000000000, 0x0000000000000000, 0x0000000000000000, 0x0000000000000000, 0, },
        { 0x1, 0, 0x00000acc8dfc, 0x0204, 0353, 399, 0x01010100, 0xfba3ec8bfdddb20f, 0x0, 0xe276f6ab132ba157, 0x9ee3d8ce65b408f, 0x4e3b89c6cdea6453, 0x5b1466c3805deaf7, 0x89f89ad54540f77f, 0x0000000000000000, 0x0000000000000000, 0x0000000000000000, 0x0000000000000000, 1, },
        { 0x1, 0, 0x00000acc8dfc, 0x0210, 0425, 399, 0x200000001, 0xfba3ec8bfdddb20f, 0x0, 0xe276f6ab132ba157, 0x9ee3d8ce65b408f, 0x4e3b89c6cdea6453, 0x5b1466c3805deaf7, 0x89f89ad54540f77f, 0x0000000000000000, 0x0000000000000000, 0x0000000000000000, 0x0000000000000000, 1, },
        { 0x1, 0, 0x00000acc8dfd, 0x0142, 0169, 399, 0x00000020, 0x0000000000000000, 0x0, 0x0, 0x0, 0x0000000000000000, 0x0000000000000000, 0x0000000000000000, 0x0000000000000000, 0x0000000000000000, 0x0000000000000000, 0x0000000000000000, 0, },
        { 0x1, 0, 0x00000acc8dfd, 0x0142, 0248, 399, 0xffff000000010000, 0x0000000000000000, 0x0, 0x0, 0x0, 0x0000000000000000, 0x0000000000000000, 0x0000000000000000, 0x0000000000000000, 0x0000000000000000, 0x0000000000000000, 0x0000000000000000, 0, },
        { 0x1, 0, 0x00000acc9095, 0x0108, 4102, 399, 0x100000000, 0x0000000000000000, 0x0, 0x0, 0x0, 0x0000000000000000, 0x0000000000000000, 0x0000000000000000, 0x0000000000000000, 0x0000000000000000, 0x0000000000000000, 0x0000000000000000, 0, },
        { 0x1, 0, 0x00000acc9096, 0x0109, 4160, 399, 0x00000000, 0x0000000000000000, 0x0, 0x0, 0x0, 0x0000000000000000, 0x0000000000000000, 0x0000000000000000, 0x0000000000000000, 0x0000000000000000, 0x0000000000000000, 0x0000000000000000, 0, },
        { 0x1, 0, 0x00000acc9098, 0x014c, 6514, 399, 0x00000001, 0x0000000000000000, 0x0, 0x0, 0x0, 0x0000000000000000, 0x0000000000000000, 0x0000000000000000, 0x0000000000000000, 0x0000000000000000, 0x0000000000000000, 0x0000000000000000, 0, },
        { 0x1, 0, 0x00000acc9099, 0x0121, 4390, 399, 0x00010001, 0x0000000000000000, 0x0, 0x0, 0x0, 0x0000000000000000, 0x0000000000000000, 0x0000000000000000, 0x0000000000000000, 0x0000000000000000, 0x0000000000000000, 0x0000000000000000, 0, },
        { 0x1, 0, 0x00000acc9099, 0x0122, 4502, 399, 0x1800180000, 0xfba3ec8bfdddb20f, 0x0, 0xe276f6ab132ba157, 0x9ee3d8ce65b408f, 0x4e3b89c6cdea6453, 0x5b1466c3805deaf7, 0x89f89ad54540f77f, 0x0000000000000000, 0x0000000000000000, 0x0000000000000000, 0x0000000000000000, 1, },
        { 0x1, 0, 0x00000acc909a, 0x012a, 4704, 399, 0x00000100, 0xfba3ec8bfdddb20f, 0x0, 0xe276f6ab132ba157, 0x9ee3d8ce65b408f, 0x4e3b89c6cdea6453, 0x5b1466c3805deaf7, 0x89f89ad54540f77f, 0x0000000000000000, 0x0000000000000000, 0x0000000000000000, 0x0000000000000000, 1, },
        { 0x1, 0, 0x00000acc909a, 0x0106, 4546, 399, 0x00000101, 0xfba3ec8bfdddb20f, 0x0, 0xe276f6ab132ba157, 0x9ee3d8ce65b408f, 0x4e3b89c6cdea6453, 0x5b1466c3805deaf7, 0x89f89ad54540f77f, 0x0000000000000000, 0x0000000000000000, 0x0000000000000000, 0x0000000000000000, 1, },
        { 0x1, 0, 0x00000acc909a, 0x0106, 4283, 399, 0x00000010, 0xfba3ec8bfdddb20f, 0x0, 0xe276f6ab132ba157, 0x9ee3d8ce65b408f, 0x4e3b89c6cdea6453, 0x5b1466c3805deaf7, 0x89f89ad54540f77f, 0x0000000000000000, 0x0000000000000000, 0x0000000000000000, 0x0000000000000000, 1, },
        { 0x1, 0, 0x00000acc909e, 0x0105, 1777, 399, 0x00011010, 0xfba3ec8bfdddb20f, 0x0, 0xe276f6ab132ba157, 0x9ee3d8ce65b408f, 0x4e3b89c6cdea6453, 0x5b1466c3805deaf7, 0x89f89ad54540f77f, 0x0000000000000000, 0x0000000000000000, 0x0000000000000000, 0x0000000000000000, 1, },
        { 0x1, 0, 0x00000acc909f, 0x0142, 0169, 399, 0x00000010, 0xfba3ec8bfdddb20f, 0x0, 0xe276f6ab132ba157, 0x9ee3d8ce65b408f, 0x4e3b89c6cdea6453, 0x5b1466c3805deaf7, 0x89f89ad54540f77f, 0x0000000000000000, 0x0000000000000000, 0x0000000000000000, 0x0000000000000000, 1, },
        { 0x1, 0, 0x00000acc90a0, 0x0142, 0248, 399, 0xffff000000000000, 0xfba3ec8bfdddb20f, 0x0, 0xe276f6ab132ba157, 0x9ee3d8ce65b408f, 0x4e3b89c6cdea6453, 0x5b1466c3805deaf7, 0x89f89ad54540f77f, 0x0000000000000000, 0x0000000000000000, 0x0000000000000000, 0x0000000000000000, 1, },
        { 0x1, 0, 0x00000acc90a5, 0x0132, 0128, 399, 0x00000001, 0x0000000000000000, 0x0, 0x0, 0x0, 0x0000000000000000, 0x0000000000000000, 0x0000000000000000, 0x0000000000000000, 0x0000000000000000, 0x0000000000000000, 0x0000000000000000, 0, },
        { 0x1, 0, 0x00000acc90a6, 0x0132, 0160, 399, 0x00000001, 0x0000000000000000, 0x0, 0x0, 0x0, 0x0000000000000000, 0x0000000000000000, 0x0000000000000000, 0x0000000000000000, 0x0000000000000000, 0x0000000000000000, 0x0000000000000000, 0, },
        { 0x1, 0, 0x00000acc90a6, 0x0141, 0181, 399, 0x00000000, 0x0000000000000000, 0x0, 0x0, 0x0, 0x0000000000000000, 0x0000000000000000, 0x0000000000000000, 0x0000000000000000, 0x0000000000000000, 0x0000000000000000, 0x0000000000000000, 0, },
        { 0x1, 0, 0x00000acc90a6, 0x011d, 0563, 399, 0x00001010, 0x0000000000000000, 0x0, 0x0, 0x0, 0x0000000000000000, 0x0000000000000000, 0x0000000000000000, 0x0000000000000000, 0x0000000000000000, 0x0000000000000000, 0x0000000000000000, 0, },
        { 0x1, 0, 0x00000acc90b7, 0x017e, 0113, 399, 0x00dd0000, 0x0000000000000000, 0x0, 0x0, 0x0, 0x0000000000000000, 0x0000000000000000, 0x0000000000000000, 0x0000000000000000, 0x0000000000000000, 0x0000000000000000, 0x0000000000000000, 0, },
        { 0x1, 0, 0x00000acc90d0, 0x014a, 0249, 399, 0x00000000, 0x0000000000000000, 0x0, 0x0, 0x0, 0x0000000000000000, 0x0000000000000000, 0x0000000000000000, 0x0000000000000000, 0x0000000000000000, 0x0000000000000000, 0x0000000000000000, 0, },
        { 0x1, 0, 0x00000acc90d1, 0x014c, 6514, 399, 0x00000001, 0x0000000000000000, 0x0, 0x0, 0x0, 0x0000000000000000, 0x0000000000000000, 0x0000000000000000, 0x0000000000000000, 0x0000000000000000, 0x0000000000000000, 0x0000000000000000, 0, },
        { 0x1, 0, 0x00000acc90da, 0x0111, 4531, 399, 0xffffffe3ac211490, 0xfba3ec8bfdddb20f, 0x0, 0xe276f6ab132ba157, 0x9ee3d8ce65b408f, 0x4e3b89c6cdea6453, 0x5b1466c3805deaf7, 0x89f89ad54540f77f, 0x0000000000000000, 0x0000000000000000, 0x0000000000000000, 0x0000000000000000, 1, },
        { 0x1, 0, 0x00000acc90dc, 0x0112, 4535, 399, 0xffffffe3ac211490, 0xfba3ec8bfdddb20f, 0x0, 0xe276f6ab132ba157, 0x9ee3d8ce65b408f, 0x4e3b89c6cdea6453, 0x5b1466c3805deaf7, 0x89f89ad54540f77f, 0x0000000000000000, 0x0000000000000000, 0x0000000000000000, 0x0000000000000000, 1, },
        { 0x1, 0, 0x00000acc90dc, 0x0111, 4553, 399, 0xffffffe3ac211750, 0xfba3ec8bfdddb20f, 0x0, 0xe276f6ab132ba157, 0x9ee3d8ce65b408f, 0x4e3b89c6cdea6453, 0x0000000000000000, 0x89f89ad54540f77f, 0x0000000000000000, 0x0000000000000000, 0x0000000000000000, 0x0000000000000000, 1, },
        { 0x1, 0, 0x00000acc90e2, 0x0112, 4557, 399, 0xffffffe3ac211750, 0xfba3ec8bfdddb20f, 0x0, 0xe276f6ab132ba157, 0x9ee3d8ce65b408f, 0x4e3b89c6cdea6453, 0x0000000000000000, 0x89f89ad54540f77f, 0x0000000000000000, 0x0000000000000000, 0x0000000000000000, 0x0000000000000000, 1, },
        { 0x1, 0, 0x00000acc90e3, 0x0113, 4585, 399, 0x1800000000, 0xfba3ec8bfdddb20f, 0x0, 0xe276f6ab132ba157, 0x9ee3d8ce65b408f, 0x4e3b89c6cdea6453, 0x0000000000000000, 0x0000000000000000, 0x0000000000000000, 0x0000000000000000, 0x0000000000000000, 0x0000000000000000, 1, },
        { 0x1, 0, 0x00000acc90f2, 0x0115, 0563, 8421, 0xffffffe2c8ca5cd0, 0x0000000000000000, 0x0, 0x0, 0x0, 0x0000000000000000, 0x0000000000000000, 0x0000000000000000, 0x0000000000000000, 0x0000000000000000, 0x0000000000000000, 0x0000000000000000, 0, },
        { 0x1, 0, 0x00000acc9116, 0x011a, 7131, 399, 0x100005b80000000, 0x0000000000000000, 0x0, 0x0, 0x0, 0x0000000000000000, 0x0000000000000000, 0x0000000000000000, 0x0000000000000000, 0x0000000000000000, 0x0000000000000000, 0x0000000000000000, 0, },
        { 0x1, 0, 0x00000acc9139, 0x011a, 7131, 399, 0x100000000000000, 0x0000000000000000, 0x0, 0x0, 0x0, 0x0000000000000000, 0x0000000000000000, 0x0000000000000000, 0x0000000000000000, 0x0000000000000000, 0x0000000000000000, 0x0000000000000000, 0, },
        { 0x1, 0, 0x00000acc913a, 0x010d, 4599, 399, 0x00000014, 0xfba3ec8bfdddb20f, 0x0, 0xe276f6ab132ba157, 0x9ee3d8ce65b408f, 0x4e3b89c6cdea6453, 0x0000000000000000, 0x0000000000000000, 0x0000000000000000, 0x0000000000000000, 0x0000000000000000, 0x0000000000000000, 1, },
        { 0x1, 0, 0x00000acc913a, 0x010d, 4605, 399, 0x00000010, 0xfba3ec8bfdddb20f, 0x0, 0xe276f6ab132ba157, 0x9ee3d8ce65b408f, 0x4e3b89c6cdea6453, 0x0000000000000000, 0x0000000000000000, 0x0000000000000000, 0x0000000000000000, 0x0000000000000000, 0x0000000000000000, 1, },
        { 0x1, 0, 0x00000acc914c, 0x0180, 6685, 399, 0xf016855500000000, 0x0000000000000000, 0x0, 0x0, 0x0, 0x0000000000000000, 0x0000000000000000, 0x0000000000000000, 0x0000000000000000, 0x0000000000000000, 0x0000000000000000, 0x0000000000000000, 0, },
        { 0x1, 0, 0x00000acc914c, 0x0120, 4648, 399, 0x00000001, 0xfba3ec8bfdddb20f, 0x0, 0xe276f6ab132ba157, 0x9ee3d8ce65b408f, 0x4e3b89c6cdea6453, 0x0000000000000000, 0x0000000000000000, 0x0000000000000000, 0x0000000000000000, 0x0000000000000000, 0x0000000000000000, 1, },
        { 0x1, 0, 0x00000acc9159, 0x0123, 4583, 399, 0x00000110, 0x0000000000000000, 0x0, 0x0, 0x0, 0x0000000000000000, 0x0000000000000000, 0x0000000000000000, 0x0000000000000000, 0x0000000000000000, 0x0000000000000000, 0x0000000000000000, 0, },
        { 0x1, 0, 0x00000acc9159, 0x014c, 6514, 399, 0x00000001, 0x0000000000000000, 0x0, 0x0, 0x0, 0x0000000000000000, 0x0000000000000000, 0x0000000000000000, 0x0000000000000000, 0x0000000000000000, 0x0000000000000000, 0x0000000000000000, 0, },
        { 0x1, 0, 0x00000acc9159, 0x0117, 1618, 399, 0x00000001, 0x0000000000000000, 0x0, 0x0, 0x0, 0x0000000000000000, 0x0000000000000000, 0x0000000000000000, 0x0000000000000000, 0x0000000000000000, 0x0000000000000000, 0x0000000000000000, 0, },
        { 0x1, 0, 0x00000acc917d, 0x0176, 2014, 8421, 0x4800000000, 0x0000000000000000, 0x0, 0x0, 0x0, 0x0000000000000000, 0x0000000000000000, 0x0000000000000000, 0x0000000000000000, 0x0000000000000000, 0x0000000000000000, 0x0000000000000000, 0, },
        { 0x1, 0, 0x00000c73e2c0, 0x0175, 1981, 9078, 0x4900010001, 0x0000000000000000, 0x0, 0x0, 0x0, 0x0000000000000000, 0x0000000000000000, 0x0000000000000000, 0x0000000000000000, 0x0000000000000000, 0x0000000000000000, 0x0000000000000000, 0, },
        { 0x1, 0, 0x00000acbd6c5, 0x0107, 5023, 7913, 0x1600000000, 0xd751f8ef227a0bc3, 0x0, 0xc1f39e10bf83691d, 0x1d9b1d7d0278bbcf, 0xa20d54919cf4ea29, 0xf6c571909d39f0bf, 0x28bd4b84cc550003, 0x0000000000000000, 0x0000000000000000, 0x0000000000000000, 0x0000000000000000, 1, },
        { 0x1, 0, 0x00000acbd6c6, 0x0129, 4692, 7913, 0x00001000, 0xd751f8ef227a0bc3, 0x0, 0xc1f39e10bf83691d, 0x1d9b1d7d0278bbcf, 0xa20d54919cf4ea29, 0xf6c571909d39f0bf, 0x28bd4b84cc550003, 0x0000000000000000, 0x0000000000000000, 0x0000000000000000, 0x0000000000000000, 1, },
        { 0x1, 0, 0x00000acbd6c6, 0x0154, 0066, 7913, 0xfffffffe00000001, 0xd751f8ef227a0bc3, 0x0, 0xc1f39e10bf83691d, 0x1d9b1d7d0278bbcf, 0xa20d54919cf4ea29, 0xf6c571909d39f0bf, 0x28bd4b84cc550003, 0x0000000000000000, 0x0000000000000000, 0x0000000000000000, 0x0000000000000000, 1, },
        { 0x1, 0, 0x00000acbd6c7, 0x0142, 0169, 7913, 0x00000110, 0x0000000000000000, 0x0, 0x0, 0x0, 0x0000000000000000, 0x0000000000000000, 0x0000000000000000, 0x0000000000000000, 0x0000000000000000, 0x0000000000000000, 0x0000000000000000, 0, },
        { 0x1, 0, 0x00000acbd6c7, 0x0142, 0183, 7913, 0x1000000020000, 0x0000000000000000, 0x0, 0x0, 0x0, 0x0000000000000000, 0x0000000000000000, 0x0000000000000000, 0x0000000000000000, 0x0000000000000000, 0x0000000000000000, 0x0000000000000000, 0, },
        { 0x1, 0, 0x00000acbd6c7, 0x0214, 0480, 7913, 0x200000000, 0xd751f8ef227a0bc3, 0x0, 0xc1f39e10bf83691d, 0x1d9b1d7d0278bbcf, 0xa20d54919cf4ea29, 0xf6c571909d39f0bf, 0x28bd4b84cc550003, 0x0000000000000000, 0x0000000000000000, 0x0000000000000000, 0x0000000000000000, 1, },
        { 0x1, 0, 0x00000acbd6ca, 0x0200, 0330, 7913, 0x01000100, 0xd751f8ef227a0bc3, 0x0, 0xc1f39e10bf83691d, 0x1d9b1d7d0278bbcf, 0xa20d54919cf4ea29, 0xf6c571909d39f0bf, 0x28bd4b84cc550003, 0x0000000000000000, 0x0000000000000000, 0x0000000000000000, 0x0000000000000000, 1, },
        { 0x1, 0, 0x00000acbd6ca, 0x014c, 6514, 7913, 0x00000000, 0x0000000000000000, 0x0, 0x0, 0x0, 0x0000000000000000, 0x0000000000000000, 0x0000000000000000, 0x0000000000000000, 0x0000000000000000, 0x0000000000000000, 0x0000000000000000, 0, },
        { 0x1, 0, 0x00000acbd6cb, 0x0104, 4449, 7913, 0x100010100, 0x0000000000000000, 0x0, 0x0, 0x0, 0x0000000000000000, 0x0000000000000000, 0x0000000000000000, 0x0000000000000000, 0x0000000000000000, 0x0000000000000000, 0x0000000000000000, 0, },
        { 0x1, 0, 0x00000acbd6cc, 0x0117, 1618, 7913, 0x00000001, 0x0000000000000000, 0x0, 0x0, 0x0, 0x0000000000000000, 0x0000000000000000, 0x0000000000000000, 0x0000000000000000, 0x0000000000000000, 0x0000000000000000, 0x0000000000000000, 0, },
        { 0x1, 0, 0x00000acbd6cc, 0x0126, 3260, 7913, 0xffffffe3ac20e000, 0x0000000000000000, 0x0, 0x0, 0x0, 0x0000000000000000, 0x0000000000000000, 0x0000000000000000, 0x0000000000000000, 0x0000000000000000, 0x0000000000000000, 0x0000000000000000, 0, },
        { 0x1, 0, 0x00000acbd777, 0x021c, 0440, 399, 0x4100010000, 0x0000000000000000, 0x0, 0x0, 0x0, 0x0000000000000000, 0x0000000000000000, 0x0000000000000000, 0x0000000000000000, 0x0000000000000000, 0x0000000000000000, 0x0000000000000000, 0, },
        { 0x1, 0, 0x00000acbd777, 0x0142, 0169, 399, 0x00000120, 0x0000000000000000, 0x0, 0x0, 0x0, 0x0000000000000000, 0x0000000000000000, 0x0000000000000000, 0x0000000000000000, 0x0000000000000000, 0x0000000000000000, 0x0000000000000000, 0, },
        { 0x1, 0, 0x00000acbd777, 0x0142, 0183, 399, 0x1000000030000, 0x0000000000000000, 0x0, 0x0, 0x0, 0x0000000000000000, 0x0000000000000000, 0x0000000000000000, 0x0000000000000000, 0x0000000000000000, 0x0000000000000000, 0x0000000000000000, 0, },
        { 0x1, 0, 0x00000acbd778, 0x0218, 0566, 399, 0x00010100, 0xd751f8ef227a0bc3, 0x0, 0xc1f39e10bf83691d, 0x1d9b1d7d0278bbcf, 0xa20d54919cf4ea29, 0xf6c571909d39f0bf, 0x28bd4b84cc550003, 0x0000000000000000, 0x0000000000000000, 0x0000000000000000, 0x0000000000000000, 1, },
        { 0x1, 0, 0x00000acbd778, 0x0142, 0169, 399, 0x00000030, 0x0000000000000000, 0x0, 0x0, 0x0, 0x0000000000000000, 0x0000000000000000, 0x0000000000000000, 0x0000000000000000, 0x0000000000000000, 0x0000000000000000, 0x0000000000000000, 0, },
        { 0x1, 0, 0x00000acbd779, 0x0142, 0248, 399, 0xffff000000020000, 0x0000000000000000, 0x0, 0x0, 0x0, 0x0000000000000000, 0x0000000000000000, 0x0000000000000000, 0x0000000000000000, 0x0000000000000000, 0x0000000000000000, 0x0000000000000000, 0, },
        { 0x1, 0, 0x00000acbd779, 0x0204, 0353, 399, 0x01010100, 0xd751f8ef227a0bc3, 0x0, 0xc1f39e10bf83691d, 0x1d9b1d7d0278bbcf, 0xa20d54919cf4ea29, 0xf6c571909d39f0bf, 0x28bd4b84cc550003, 0x0000000000000000, 0x0000000000000000, 0x0000000000000000, 0x0000000000000000, 1, },
        { 0x1, 0, 0x00000acbd779, 0x0210, 0425, 399, 0x200000001, 0xd751f8ef227a0bc3, 0x0, 0xc1f39e10bf83691d, 0x1d9b1d7d0278bbcf, 0xa20d54919cf4ea29, 0xf6c571909d39f0bf, 0x28bd4b84cc550003, 0x0000000000000000, 0x0000000000000000, 0x0000000000000000, 0x0000000000000000, 1, },
        { 0x1, 0, 0x00000acbd77a, 0x0142, 0169, 399, 0x00000020, 0x0000000000000000, 0x0, 0x0, 0x0, 0x0000000000000000, 0x0000000000000000, 0x0000000000000000, 0x0000000000000000, 0x0000000000000000, 0x0000000000000000, 0x0000000000000000, 0, },
        { 0x1, 0, 0x00000acbd77a, 0x0142, 0248, 399, 0xffff000000010000, 0x0000000000000000, 0x0, 0x0, 0x0, 0x0000000000000000, 0x0000000000000000, 0x0000000000000000, 0x0000000000000000, 0x0000000000000000, 0x0000000000000000, 0x0000000000000000, 0, },
        { 0x1, 0, 0x00000acbdc90, 0x0108, 4102, 399, 0x100000000, 0x0000000000000000, 0x0, 0x0, 0x0, 0x0000000000000000, 0x0000000000000000, 0x0000000000000000, 0x0000000000000000, 0x0000000000000000, 0x0000000000000000, 0x0000000000000000, 0, },
        { 0x1, 0, 0x00000acbdc91, 0x0109, 4160, 399, 0x00000000, 0x0000000000000000, 0x0, 0x0, 0x0, 0x0000000000000000, 0x0000000000000000, 0x0000000000000000, 0x0000000000000000, 0x0000000000000000, 0x0000000000000000, 0x0000000000000000, 0, },
        { 0x1, 0, 0x00000acbdc92, 0x014c, 6514, 399, 0x00000001, 0x0000000000000000, 0x0, 0x0, 0x0, 0x0000000000000000, 0x0000000000000000, 0x0000000000000000, 0x0000000000000000, 0x0000000000000000, 0x0000000000000000, 0x0000000000000000, 0, },
        { 0x1, 0, 0x00000acbdc93, 0x0121, 4390, 399, 0x00010001, 0x0000000000000000, 0x0, 0x0, 0x0, 0x0000000000000000, 0x0000000000000000, 0x0000000000000000, 0x0000000000000000, 0x0000000000000000, 0x0000000000000000, 0x0000000000000000, 0, },
        { 0x1, 0, 0x00000acbdc93, 0x0122, 4502, 399, 0x1600160000, 0xd751f8ef227a0bc3, 0x0, 0xc1f39e10bf83691d, 0x1d9b1d7d0278bbcf, 0xa20d54919cf4ea29, 0xf6c571909d39f0bf, 0x28bd4b84cc550003, 0x0000000000000000, 0x0000000000000000, 0x0000000000000000, 0x0000000000000000, 1, },
        { 0x1, 0, 0x00000acbdc94, 0x012a, 4704, 399, 0x00000100, 0xd751f8ef227a0bc3, 0x0, 0xc1f39e10bf83691d, 0x1d9b1d7d0278bbcf, 0xa20d54919cf4ea29, 0xf6c571909d39f0bf, 0x28bd4b84cc550003, 0x0000000000000000, 0x0000000000000000, 0x0000000000000000, 0x0000000000000000, 1, },
        { 0x1, 0, 0x00000acbdc94, 0x0106, 4546, 399, 0x00000101, 0xd751f8ef227a0bc3, 0x0, 0xc1f39e10bf83691d, 0x1d9b1d7d0278bbcf, 0xa20d54919cf4ea29, 0xf6c571909d39f0bf, 0x28bd4b84cc550003, 0x0000000000000000, 0x0000000000000000, 0x0000000000000000, 0x0000000000000000, 1, },
        { 0x1, 0, 0x00000acbdc95, 0x0106, 4283, 399, 0x00000010, 0xd751f8ef227a0bc3, 0x0, 0xc1f39e10bf83691d, 0x1d9b1d7d0278bbcf, 0xa20d54919cf4ea29, 0xf6c571909d39f0bf, 0x28bd4b84cc550003, 0x0000000000000000, 0x0000000000000000, 0x0000000000000000, 0x0000000000000000, 1, },
        { 0x1, 0, 0x00000acbdc99, 0x0105, 1777, 399, 0x00011010, 0xd751f8ef227a0bc3, 0x0, 0xc1f39e10bf83691d, 0x1d9b1d7d0278bbcf, 0xa20d54919cf4ea29, 0xf6c571909d39f0bf, 0x28bd4b84cc550003, 0x0000000000000000, 0x0000000000000000, 0x0000000000000000, 0x0000000000000000, 1, },
        { 0x1, 0, 0x00000acbdc9b, 0x0142, 0169, 399, 0x00000010, 0xd751f8ef227a0bc3, 0x0, 0xc1f39e10bf83691d, 0x1d9b1d7d0278bbcf, 0xa20d54919cf4ea29, 0xf6c571909d39f0bf, 0x28bd4b84cc550003, 0x0000000000000000, 0x0000000000000000, 0x0000000000000000, 0x0000000000000000, 1, },
        { 0x1, 0, 0x00000acbdc9b, 0x0142, 0248, 399, 0xffff000000000000, 0xd751f8ef227a0bc3, 0x0, 0xc1f39e10bf83691d, 0x1d9b1d7d0278bbcf, 0xa20d54919cf4ea29, 0xf6c571909d39f0bf, 0x28bd4b84cc550003, 0x0000000000000000, 0x0000000000000000, 0x0000000000000000, 0x0000000000000000, 1, },
        { 0x1, 0, 0x00000acbdca1, 0x0132, 0128, 399, 0x00000001, 0x0000000000000000, 0x0, 0x0, 0x0, 0x0000000000000000, 0x0000000000000000, 0x0000000000000000, 0x0000000000000000, 0x0000000000000000, 0x0000000000000000, 0x0000000000000000, 0, },
        { 0x1, 0, 0x00000acbdca2, 0x0132, 0160, 399, 0x00000001, 0x0000000000000000, 0x0, 0x0, 0x0, 0x0000000000000000, 0x0000000000000000, 0x0000000000000000, 0x0000000000000000, 0x0000000000000000, 0x0000000000000000, 0x0000000000000000, 0, },
        { 0x1, 0, 0x00000acbdca2, 0x0141, 0181, 399, 0x00000000, 0x0000000000000000, 0x0, 0x0, 0x0, 0x0000000000000000, 0x0000000000000000, 0x0000000000000000, 0x0000000000000000, 0x0000000000000000, 0x0000000000000000, 0x0000000000000000, 0, },
        { 0x1, 0, 0x00000acbdca2, 0x011d, 0563, 399, 0x00001010, 0x0000000000000000, 0x0, 0x0, 0x0, 0x0000000000000000, 0x0000000000000000, 0x0000000000000000, 0x0000000000000000, 0x0000000000000000, 0x0000000000000000, 0x0000000000000000, 0, },
        { 0x1, 0, 0x00000acbdcb7, 0x017e, 0113, 399, 0x00dd0000, 0x0000000000000000, 0x0, 0x0, 0x0, 0x0000000000000000, 0x0000000000000000, 0x0000000000000000, 0x0000000000000000, 0x0000000000000000, 0x0000000000000000, 0x0000000000000000, 0, },
        { 0x1, 0, 0x00000acbdcd2, 0x014a, 0249, 399, 0x00000000, 0x0000000000000000, 0x0, 0x0, 0x0, 0x0000000000000000, 0x0000000000000000, 0x0000000000000000, 0x0000000000000000, 0x0000000000000000, 0x0000000000000000, 0x0000000000000000, 0, },
        { 0x1, 0, 0x00000acbdcd3, 0x014c, 6514, 399, 0x00000001, 0x0000000000000000, 0x0, 0x0, 0x0, 0x0000000000000000, 0x0000000000000000, 0x0000000000000000, 0x0000000000000000, 0x0000000000000000, 0x0000000000000000, 0x0000000000000000, 0, },
        { 0x1, 0, 0x00000acbdcde, 0x0111, 4531, 399, 0xffffffe3ac20e490, 0xd751f8ef227a0bc3, 0x0, 0xc1f39e10bf83691d, 0x1d9b1d7d0278bbcf, 0xa20d54919cf4ea29, 0xf6c571909d39f0bf, 0x28bd4b84cc550003, 0x0000000000000000, 0x0000000000000000, 0x0000000000000000, 0x0000000000000000, 1, },
        { 0x1, 0, 0x00000acbdce0, 0x0112, 4535, 399, 0xffffffe3ac20e490, 0xd751f8ef227a0bc3, 0x0, 0xc1f39e10bf83691d, 0x1d9b1d7d0278bbcf, 0xa20d54919cf4ea29, 0xf6c571909d39f0bf, 0x28bd4b84cc550003, 0x0000000000000000, 0x0000000000000000, 0x0000000000000000, 0x0000000000000000, 1, },
        { 0x1, 0, 0x00000acbdce0, 0x0111, 4553, 399, 0xffffffe3ac20e750, 0xd751f8ef227a0bc3, 0x0, 0xc1f39e10bf83691d, 0x1d9b1d7d0278bbcf, 0xa20d54919cf4ea29, 0x0000000000000000, 0x28bd4b84cc550003, 0x0000000000000000, 0x0000000000000000, 0x0000000000000000, 0x0000000000000000, 1, },
        { 0x1, 0, 0x00000acbdce6, 0x0112, 4557, 399, 0xffffffe3ac20e750, 0xd751f8ef227a0bc3, 0x0, 0xc1f39e10bf83691d, 0x1d9b1d7d0278bbcf, 0xa20d54919cf4ea29, 0x0000000000000000, 0x28bd4b84cc550003, 0x0000000000000000, 0x0000000000000000, 0x0000000000000000, 0x0000000000000000, 1, },
        { 0x1, 0, 0x00000acbdce6, 0x0113, 4585, 399, 0x1600000000, 0xd751f8ef227a0bc3, 0x0, 0xc1f39e10bf83691d, 0x1d9b1d7d0278bbcf, 0xa20d54919cf4ea29, 0x0000000000000000, 0x0000000000000000, 0x0000000000000000, 0x0000000000000000, 0x0000000000000000, 0x0000000000000000, 1, },
        { 0x1, 0, 0x00000acbdcf6, 0x0115, 0563, 7913, 0xffffffe2c8ca5fb0, 0x0000000000000000, 0x0, 0x0, 0x0, 0x0000000000000000, 0x0000000000000000, 0x0000000000000000, 0x0000000000000000, 0x0000000000000000, 0x0000000000000000, 0x0000000000000000, 0, },
        { 0x1, 0, 0x00000acbdd38, 0x011a, 7131, 399, 0x100000000000000, 0x0000000000000000, 0x0, 0x0, 0x0, 0x0000000000000000, 0x0000000000000000, 0x0000000000000000, 0x0000000000000000, 0x0000000000000000, 0x0000000000000000, 0x0000000000000000, 0, },
        { 0x1, 0, 0x00000acbddc4, 0x011a, 7131, 399, 0x10000b880000000, 0x0000000000000000, 0x0, 0x0, 0x0, 0x0000000000000000, 0x0000000000000000, 0x0000000000000000, 0x0000000000000000, 0x0000000000000000, 0x0000000000000000, 0x0000000000000000, 0, },
        { 0x1, 0, 0x00000acbddc4, 0x010d, 4599, 399, 0x00000013, 0xd751f8ef227a0bc3, 0x0, 0xc1f39e10bf83691d, 0x1d9b1d7d0278bbcf, 0xa20d54919cf4ea29, 0x0000000000000000, 0x0000000000000000, 0x0000000000000000, 0x0000000000000000, 0x0000000000000000, 0x0000000000000000, 1, },
        { 0x1, 0, 0x00000acbddc4, 0x010d, 4605, 399, 0x00000014, 0xd751f8ef227a0bc3, 0x0, 0xc1f39e10bf83691d, 0x1d9b1d7d0278bbcf, 0xa20d54919cf4ea29, 0x0000000000000000, 0x0000000000000000, 0x0000000000000000, 0x0000000000000000, 0x0000000000000000, 0x0000000000000000, 1, },
        { 0x1, 0, 0x00000acbddd8, 0x0180, 6685, 399, 0xf02dfb9400000000, 0x0000000000000000, 0x0, 0x0, 0x0, 0x0000000000000000, 0x0000000000000000, 0x0000000000000000, 0x0000000000000000, 0x0000000000000000, 0x0000000000000000, 0x0000000000000000, 0, },
        { 0x1, 0, 0x00000acbddd8, 0x0120, 4648, 399, 0x00000001, 0xd751f8ef227a0bc3, 0x0, 0xc1f39e10bf83691d, 0x1d9b1d7d0278bbcf, 0xa20d54919cf4ea29, 0x0000000000000000, 0x0000000000000000, 0x0000000000000000, 0x0000000000000000, 0x0000000000000000, 0x0000000000000000, 1, },
        { 0x1, 0, 0x00000acbdde5, 0x0123, 4583, 399, 0x00000110, 0x0000000000000000, 0x0, 0x0, 0x0, 0x0000000000000000, 0x0000000000000000, 0x0000000000000000, 0x0000000000000000, 0x0000000000000000, 0x0000000000000000, 0x0000000000000000, 0, },
        { 0x1, 0, 0x00000acbdde6, 0x014c, 6514, 399, 0x00000001, 0x0000000000000000, 0x0, 0x0, 0x0, 0x0000000000000000, 0x0000000000000000, 0x0000000000000000, 0x0000000000000000, 0x0000000000000000, 0x0000000000000000, 0x0000000000000000, 0, },
    }
};
