
APPLYING DEFAULT FILTERS:
/private/var/root/Library/Preferences/com.apple.powerd.bdc.plist, Added to Candidate logs

APPLYING DEFAULT FILTERS:
/private/var/db/Battery/BDC/BDC_OBC_version3.0_2026-03-08_13:24:15.csv, Added to Candidate logs
/private/var/db/Battery/BDC/BDC_SmartCharging_version3.0_2026-03-08_14:16:01.csv, Added to Candidate logs
/private/var/db/Battery/BDC/BDC_Daily_version3.0_2026-03-08_13:24:15.csv, Added to Candidate logs
/private/var/db/Battery/BDC/BDC_SBC_version3.0_2026-03-08_13:24:15.csv, Added to Candidate logs
/private/var/db/Battery/BDC/BDC_Weekly_version3.0_2026-03-08_13:24:15.csv, Added to Candidate logs
/private/var/db/Battery/BDC/BDC_Once_version3.0_2026-03-08_13:24:15.csv, Added to Candidate logs
/private/var/db/Battery/BDC/BDC_SBC_version3.0_2026-03-09_10:02:30.csv, Added to Candidate logs
/private/var/db/Battery/BDC/BDC_SBC_version3.0_2026-03-08_14:55:23.csv, Added to Candidate logs


ENFORCING SIZE LIMIT OF 13 MB ON FILTERED CANDIDATES:

/private/var/root/Library/Preferences/com.apple.powerd.bdc.plist, Added (1272 bytes)
/private/var/db/Battery/BDC/BDC_SBC_version3.0_2026-03-09_10:02:30.csv, Added (2865 bytes)
/private/var/db/Battery/BDC/BDC_SBC_version3.0_2026-03-08_14:55:23.csv, Added (13311 bytes)
/private/var/db/Battery/BDC/BDC_SmartCharging_version3.0_2026-03-08_14:16:01.csv, Added (404 bytes)
/private/var/db/Battery/BDC/BDC_Weekly_version3.0_2026-03-08_13:24:15.csv, Added (426 bytes)
/private/var/db/Battery/BDC/BDC_Once_version3.0_2026-03-08_13:24:15.csv, Added (142 bytes)
/private/var/db/Battery/BDC/BDC_OBC_version3.0_2026-03-08_13:24:15.csv, Added (648 bytes)
/private/var/db/Battery/BDC/BDC_SBC_version3.0_2026-03-08_13:24:15.csv, Added (1513 bytes)
/private/var/db/Battery/BDC/BDC_Daily_version3.0_2026-03-08_13:24:15.csv, Added (418 bytes)

** DONE Enforcing size limit **
